[main] INFO org.apache.mahout.cf.taste.impl.model.file.FileDataModel - Creating FileDataModel for file /tmp/tempfile1284149126080320292.tmp
[main] INFO org.apache.mahout.cf.taste.impl.model.file.FileDataModel - Reading file info...
[main] INFO org.apache.mahout.cf.taste.impl.model.file.FileDataModel - Processed 1000000 lines
[main] INFO org.apache.mahout.cf.taste.impl.model.file.FileDataModel - Read lines: 1223623
[main] INFO org.apache.mahout.cf.taste.impl.model.GenericDataModel - Processed 2238 users
DEBUG: JavaMail version 1.5.0-b01
DEBUG: successfully loaded resource: /META-INF/javamail.default.providers
DEBUG: Tables of loaded providers
DEBUG: Providers Listed By Class Name: {com.sun.mail.smtp.SMTPSSLTransport=javax.mail.Provider[TRANSPORT,smtps,com.sun.mail.smtp.SMTPSSLTransport,Oracle], com.sun.mail.smtp.SMTPTransport=javax.mail.Provider[TRANSPORT,smtp,com.sun.mail.smtp.SMTPTransport,Oracle], com.sun.mail.imap.IMAPSSLStore=javax.mail.Provider[STORE,imaps,com.sun.mail.imap.IMAPSSLStore,Oracle], com.sun.mail.pop3.POP3SSLStore=javax.mail.Provider[STORE,pop3s,com.sun.mail.pop3.POP3SSLStore,Oracle], com.sun.mail.imap.IMAPStore=javax.mail.Provider[STORE,imap,com.sun.mail.imap.IMAPStore,Oracle], com.sun.mail.pop3.POP3Store=javax.mail.Provider[STORE,pop3,com.sun.mail.pop3.POP3Store,Oracle]}
DEBUG: Providers Listed By Protocol: {imaps=javax.mail.Provider[STORE,imaps,com.sun.mail.imap.IMAPSSLStore,Oracle], imap=javax.mail.Provider[STORE,imap,com.sun.mail.imap.IMAPStore,Oracle], smtps=javax.mail.Provider[TRANSPORT,smtps,com.sun.mail.smtp.SMTPSSLTransport,Oracle], pop3=javax.mail.Provider[STORE,pop3,com.sun.mail.pop3.POP3Store,Oracle], pop3s=javax.mail.Provider[STORE,pop3s,com.sun.mail.pop3.POP3SSLStore,Oracle], smtp=javax.mail.Provider[TRANSPORT,smtp,com.sun.mail.smtp.SMTPTransport,Oracle]}
DEBUG: successfully loaded resource: /META-INF/javamail.default.address.map
[main] INFO org.apache.mahout.cf.taste.impl.eval.AbstractDifferenceRecommenderEvaluator - Beginning evaluation using 0.8 of FileDataModel[dataFile:/tmp/tempfile1284149126080320292.tmp]
[main] INFO org.apache.mahout.cf.taste.impl.model.GenericDataModel - Processed 2238 users
[main] INFO org.apache.mahout.cf.taste.impl.eval.AbstractDifferenceRecommenderEvaluator - Beginning evaluation of 2238 users
[main] INFO org.apache.mahout.cf.taste.impl.eval.AbstractDifferenceRecommenderEvaluator - Starting timing of 2238 tasks in 64 threads
[pool-1-thread-1] INFO org.apache.mahout.cf.taste.impl.eval.StatsCallable - Average time per recommendation: 5709ms
[pool-1-thread-1] INFO org.apache.mahout.cf.taste.impl.eval.StatsCallable - Approximate memory used: 5293MB / 106032MB
[pool-1-thread-1] INFO org.apache.mahout.cf.taste.impl.eval.StatsCallable - Unable to recommend in 51986 cases
[pool-1-thread-24] INFO org.apache.mahout.cf.taste.impl.eval.StatsCallable - Average time per recommendation: 5618ms
[pool-1-thread-24] INFO org.apache.mahout.cf.taste.impl.eval.StatsCallable - Approximate memory used: 3218MB / 106032MB
[pool-1-thread-24] INFO org.apache.mahout.cf.taste.impl.eval.StatsCallable - Unable to recommend in 139914 cases
[pool-1-thread-26] INFO org.apache.mahout.cf.taste.impl.eval.StatsCallable - Average time per recommendation: 3982ms
[pool-1-thread-26] INFO org.apache.mahout.cf.taste.impl.eval.StatsCallable - Approximate memory used: 1927MB / 106032MB
[pool-1-thread-26] INFO org.apache.mahout.cf.taste.impl.eval.StatsCallable - Unable to recommend in 242366 cases
[main] INFO org.apache.mahout.cf.taste.impl.eval.AbstractDifferenceRecommenderEvaluator - Evaluation result: 0.0
0.0 00h 02m 38s
DEBUG: getProvider() returning javax.mail.Provider[TRANSPORT,smtp,com.sun.mail.smtp.SMTPTransport,Oracle]
DEBUG SMTP: useEhlo true, useAuth true
DEBUG SMTP: useEhlo true, useAuth true
DEBUG SMTP: trying to connect to host "smtp.live.com", port 587, isSSL false
220 BLU436-SMTP83.smtp.hotmail.com Microsoft ESMTP MAIL Service, Version: 8.0.9200.16384 ready at  Fri, 3 Apr 2015 11:50:21 -0700 
DEBUG SMTP: connected to host "smtp.live.com", port: 587

EHLO mandos6.ics.muni.cz
250-BLU436-SMTP83.smtp.hotmail.com Hello [147.251.9.209]
250-TURN
250-SIZE 41943040
250-ETRN
250-PIPELINING
250-DSN
250-ENHANCEDSTATUSCODES
250-8bitmime
250-BINARYMIME
250-CHUNKING
250-VRFY
250-TLS
250-STARTTLS
250 OK
DEBUG SMTP: Found extension "TURN", arg ""
DEBUG SMTP: Found extension "SIZE", arg "41943040"
DEBUG SMTP: Found extension "ETRN", arg ""
DEBUG SMTP: Found extension "PIPELINING", arg ""
DEBUG SMTP: Found extension "DSN", arg ""
DEBUG SMTP: Found extension "ENHANCEDSTATUSCODES", arg ""
DEBUG SMTP: Found extension "8bitmime", arg ""
DEBUG SMTP: Found extension "BINARYMIME", arg ""
DEBUG SMTP: Found extension "CHUNKING", arg ""
DEBUG SMTP: Found extension "VRFY", arg ""
DEBUG SMTP: Found extension "TLS", arg ""
DEBUG SMTP: Found extension "STARTTLS", arg ""
DEBUG SMTP: Found extension "OK", arg ""
STARTTLS
220 2.0.0 SMTP server ready
EHLO mandos6.ics.muni.cz
250-BLU436-SMTP83.smtp.hotmail.com Hello [147.251.9.209]
250-TURN
250-SIZE 41943040
250-ETRN
250-PIPELINING
250-DSN
250-ENHANCEDSTATUSCODES
250-8bitmime
250-BINARYMIME
250-CHUNKING
250-VRFY
250-AUTH LOGIN PLAIN XOAUTH2
250 OK
DEBUG SMTP: Found extension "TURN", arg ""
DEBUG SMTP: Found extension "SIZE", arg "41943040"
DEBUG SMTP: Found extension "ETRN", arg ""
DEBUG SMTP: Found extension "PIPELINING", arg ""
DEBUG SMTP: Found extension "DSN", arg ""
DEBUG SMTP: Found extension "ENHANCEDSTATUSCODES", arg ""
DEBUG SMTP: Found extension "8bitmime", arg ""
DEBUG SMTP: Found extension "BINARYMIME", arg ""
DEBUG SMTP: Found extension "CHUNKING", arg ""
DEBUG SMTP: Found extension "VRFY", arg ""
DEBUG SMTP: Found extension "AUTH", arg "LOGIN PLAIN XOAUTH2"
DEBUG SMTP: Found extension "OK", arg ""
DEBUG SMTP: Attempt to authenticate using mechanisms: LOGIN PLAIN DIGEST-MD5 NTLM 
DEBUG SMTP: AUTH LOGIN command trace suppressed
DEBUG SMTP: AUTH LOGIN succeeded
DEBUG SMTP: use8bit false
MAIL FROM:<matej.lochman@hotmail.com>
250 2.1.0 matej.lochman@hotmail.com....Sender OK
RCPT TO:<matej.lochman@gmail.com>
250 2.1.5 matej.lochman@gmail.com 
DEBUG SMTP: Verified Addresses
DEBUG SMTP:   matej.lochman@gmail.com
DATA
354 Start mail input; end with <CRLF>.<CRLF>
Date: Fri, 3 Apr 2015 20:50:21 +0200 (CEST)
From: matej.lochman@hotmail.com
To: matej.lochman@gmail.com
Message-ID: <583568501.1.1428087022020.JavaMail.lachtan@mandos6.ics.muni.cz>
Subject: Test Fri Apr 03 20:47:43 CEST 2015 euclidean
MIME-Version: 1.0
Content-Type: multipart/mixed; 
	boundary="----=_Part_0_959871532.1428087021989"

------=_Part_0_959871532.1428087021989
Content-Type: text/plain; charset=us-ascii
Content-Transfer-Encoding: 7bit

Test Fri Apr 03 20:47:43 CEST 2015 euclidean
------=_Part_0_959871532.1428087021989
Content-Type: text/plain; charset=us-ascii; name="res/200/euclidean.txt"
Content-Transfer-Encoding: 7bit
Content-Disposition: attachment; filename="res/200/euclidean.txt"

Threshold: 0.9	Score: 0.0		Time: 00h 02m 38s

------=_Part_0_959871532.1428087021989--
.
250 2.6.0  <583568501.1.1428087022020.JavaMail.lachtan@mandos6.ics.muni.cz> Queued mail for delivery
QUIT
221 2.0.0 BLU436-SMTP83.smtp.hotmail.com Service closing transmission channel
Email sent!
[main] INFO org.apache.mahout.cf.taste.impl.eval.AbstractDifferenceRecommenderEvaluator - Beginning evaluation using 0.8 of FileDataModel[dataFile:/tmp/tempfile1284149126080320292.tmp]
[main] INFO org.apache.mahout.cf.taste.impl.model.GenericDataModel - Processed 2238 users
[main] INFO org.apache.mahout.cf.taste.impl.eval.AbstractDifferenceRecommenderEvaluator - Beginning evaluation of 2238 users
[main] INFO org.apache.mahout.cf.taste.impl.eval.AbstractDifferenceRecommenderEvaluator - Starting timing of 2238 tasks in 64 threads
[pool-2-thread-1] INFO org.apache.mahout.cf.taste.impl.eval.StatsCallable - Average time per recommendation: 5634ms
[pool-2-thread-1] INFO org.apache.mahout.cf.taste.impl.eval.StatsCallable - Approximate memory used: 5019MB / 106032MB
[pool-2-thread-1] INFO org.apache.mahout.cf.taste.impl.eval.StatsCallable - Unable to recommend in 52121 cases
[pool-2-thread-29] INFO org.apache.mahout.cf.taste.impl.eval.StatsCallable - Average time per recommendation: 5573ms
[pool-2-thread-29] INFO org.apache.mahout.cf.taste.impl.eval.StatsCallable - Approximate memory used: 1579MB / 106032MB
[pool-2-thread-29] INFO org.apache.mahout.cf.taste.impl.eval.StatsCallable - Unable to recommend in 139940 cases
[pool-2-thread-6] INFO org.apache.mahout.cf.taste.impl.eval.StatsCallable - Average time per recommendation: 3936ms
[pool-2-thread-6] INFO org.apache.mahout.cf.taste.impl.eval.StatsCallable - Approximate memory used: 6873MB / 106032MB
[pool-2-thread-6] INFO org.apache.mahout.cf.taste.impl.eval.StatsCallable - Unable to recommend in 242206 cases
[main] INFO org.apache.mahout.cf.taste.impl.eval.AbstractDifferenceRecommenderEvaluator - Evaluation result: 6.113406552573187E-4
6.113406552573187E-4 00h 02m 36s
DEBUG: getProvider() returning javax.mail.Provider[TRANSPORT,smtp,com.sun.mail.smtp.SMTPTransport,Oracle]
DEBUG SMTP: useEhlo true, useAuth true
DEBUG SMTP: useEhlo true, useAuth true
DEBUG SMTP: trying to connect to host "smtp.live.com", port 587, isSSL false
220 BLU436-SMTP183.smtp.hotmail.com Microsoft ESMTP MAIL Service, Version: 8.0.9200.16384 ready at  Fri, 3 Apr 2015 11:53:02 -0700 
DEBUG SMTP: connected to host "smtp.live.com", port: 587

EHLO mandos6.ics.muni.cz
250-BLU436-SMTP183.smtp.hotmail.com Hello [147.251.9.209]
250-TURN
250-SIZE 41943040
250-ETRN
250-PIPELINING
250-DSN
250-ENHANCEDSTATUSCODES
250-8bitmime
250-BINARYMIME
250-CHUNKING
250-VRFY
250-TLS
250-STARTTLS
250 OK
DEBUG SMTP: Found extension "TURN", arg ""
DEBUG SMTP: Found extension "SIZE", arg "41943040"
DEBUG SMTP: Found extension "ETRN", arg ""
DEBUG SMTP: Found extension "PIPELINING", arg ""
DEBUG SMTP: Found extension "DSN", arg ""
DEBUG SMTP: Found extension "ENHANCEDSTATUSCODES", arg ""
DEBUG SMTP: Found extension "8bitmime", arg ""
DEBUG SMTP: Found extension "BINARYMIME", arg ""
DEBUG SMTP: Found extension "CHUNKING", arg ""
DEBUG SMTP: Found extension "VRFY", arg ""
DEBUG SMTP: Found extension "TLS", arg ""
DEBUG SMTP: Found extension "STARTTLS", arg ""
DEBUG SMTP: Found extension "OK", arg ""
STARTTLS
220 2.0.0 SMTP server ready
EHLO mandos6.ics.muni.cz
250-BLU436-SMTP183.smtp.hotmail.com Hello [147.251.9.209]
250-TURN
250-SIZE 41943040
250-ETRN
250-PIPELINING
250-DSN
250-ENHANCEDSTATUSCODES
250-8bitmime
250-BINARYMIME
250-CHUNKING
250-VRFY
250-AUTH LOGIN PLAIN XOAUTH2
250 OK
DEBUG SMTP: Found extension "TURN", arg ""
DEBUG SMTP: Found extension "SIZE", arg "41943040"
DEBUG SMTP: Found extension "ETRN", arg ""
DEBUG SMTP: Found extension "PIPELINING", arg ""
DEBUG SMTP: Found extension "DSN", arg ""
DEBUG SMTP: Found extension "ENHANCEDSTATUSCODES", arg ""
DEBUG SMTP: Found extension "8bitmime", arg ""
DEBUG SMTP: Found extension "BINARYMIME", arg ""
DEBUG SMTP: Found extension "CHUNKING", arg ""
DEBUG SMTP: Found extension "VRFY", arg ""
DEBUG SMTP: Found extension "AUTH", arg "LOGIN PLAIN XOAUTH2"
DEBUG SMTP: Found extension "OK", arg ""
DEBUG SMTP: Attempt to authenticate using mechanisms: LOGIN PLAIN DIGEST-MD5 NTLM 
DEBUG SMTP: AUTH LOGIN command trace suppressed
DEBUG SMTP: AUTH LOGIN succeeded
DEBUG SMTP: use8bit false
MAIL FROM:<matej.lochman@hotmail.com>
250 2.1.0 matej.lochman@hotmail.com....Sender OK
RCPT TO:<matej.lochman@gmail.com>
250 2.1.5 matej.lochman@gmail.com 
DEBUG SMTP: Verified Addresses
DEBUG SMTP:   matej.lochman@gmail.com
DATA
354 Start mail input; end with <CRLF>.<CRLF>
Date: Fri, 3 Apr 2015 20:53:02 +0200 (CEST)
From: matej.lochman@hotmail.com
To: matej.lochman@gmail.com
Message-ID: <1996561940.3.1428087182260.JavaMail.lachtan@mandos6.ics.muni.cz>
Subject: Test Fri Apr 03 20:47:43 CEST 2015 euclidean
MIME-Version: 1.0
Content-Type: multipart/mixed; 
	boundary="----=_Part_2_1707296101.1428087182257"

------=_Part_2_1707296101.1428087182257
Content-Type: text/plain; charset=us-ascii
Content-Transfer-Encoding: 7bit

Test Fri Apr 03 20:47:43 CEST 2015 euclidean
------=_Part_2_1707296101.1428087182257
Content-Type: text/plain; charset=us-ascii; name="res/200/euclidean.txt"
Content-Transfer-Encoding: 7bit
Content-Disposition: attachment; filename="res/200/euclidean.txt"

Threshold: 0.9	Score: 0.0		Time: 00h 02m 38s
Threshold: 0.8	Score: 6.113406552573187E-4		Time: 00h 02m 36s

------=_Part_2_1707296101.1428087182257--
.
250 2.6.0  <1996561940.3.1428087182260.JavaMail.lachtan@mandos6.ics.muni.cz> Queued mail for delivery
QUIT
221 2.0.0 BLU436-SMTP183.smtp.hotmail.com Service closing transmission channel
Email sent!
[main] INFO org.apache.mahout.cf.taste.impl.eval.AbstractDifferenceRecommenderEvaluator - Beginning evaluation using 0.8 of FileDataModel[dataFile:/tmp/tempfile1284149126080320292.tmp]
[main] INFO org.apache.mahout.cf.taste.impl.model.GenericDataModel - Processed 2238 users
[main] INFO org.apache.mahout.cf.taste.impl.eval.AbstractDifferenceRecommenderEvaluator - Beginning evaluation of 2238 users
[main] INFO org.apache.mahout.cf.taste.impl.eval.AbstractDifferenceRecommenderEvaluator - Starting timing of 2238 tasks in 64 threads
[pool-3-thread-1] INFO org.apache.mahout.cf.taste.impl.eval.StatsCallable - Average time per recommendation: 5572ms
[pool-3-thread-1] INFO org.apache.mahout.cf.taste.impl.eval.StatsCallable - Approximate memory used: 2042MB / 106032MB
[pool-3-thread-1] INFO org.apache.mahout.cf.taste.impl.eval.StatsCallable - Unable to recommend in 52775 cases
[pool-3-thread-48] INFO org.apache.mahout.cf.taste.impl.eval.StatsCallable - Average time per recommendation: 5586ms
[pool-3-thread-48] INFO org.apache.mahout.cf.taste.impl.eval.StatsCallable - Approximate memory used: 6553MB / 106032MB
[pool-3-thread-48] INFO org.apache.mahout.cf.taste.impl.eval.StatsCallable - Unable to recommend in 139723 cases
[pool-3-thread-21] INFO org.apache.mahout.cf.taste.impl.eval.StatsCallable - Average time per recommendation: 4019ms
[pool-3-thread-21] INFO org.apache.mahout.cf.taste.impl.eval.StatsCallable - Approximate memory used: 3851MB / 107292MB
[pool-3-thread-21] INFO org.apache.mahout.cf.taste.impl.eval.StatsCallable - Unable to recommend in 240702 cases
[main] INFO org.apache.mahout.cf.taste.impl.eval.AbstractDifferenceRecommenderEvaluator - Evaluation result: 0.04550398686672547
0.04550398686672547 00h 02m 35s
DEBUG: getProvider() returning javax.mail.Provider[TRANSPORT,smtp,com.sun.mail.smtp.SMTPTransport,Oracle]
DEBUG SMTP: useEhlo true, useAuth true
DEBUG SMTP: useEhlo true, useAuth true
DEBUG SMTP: trying to connect to host "smtp.live.com", port 587, isSSL false
220 BLU436-SMTP34.smtp.hotmail.com Microsoft ESMTP MAIL Service, Version: 8.0.9200.16384 ready at  Fri, 3 Apr 2015 11:55:41 -0700 
DEBUG SMTP: connected to host "smtp.live.com", port: 587

EHLO mandos6.ics.muni.cz
250-BLU436-SMTP34.smtp.hotmail.com Hello [147.251.9.209]
250-TURN
250-SIZE 41943040
250-ETRN
250-PIPELINING
250-DSN
250-ENHANCEDSTATUSCODES
250-8bitmime
250-BINARYMIME
250-CHUNKING
250-VRFY
250-TLS
250-STARTTLS
250 OK
DEBUG SMTP: Found extension "TURN", arg ""
DEBUG SMTP: Found extension "SIZE", arg "41943040"
DEBUG SMTP: Found extension "ETRN", arg ""
DEBUG SMTP: Found extension "PIPELINING", arg ""
DEBUG SMTP: Found extension "DSN", arg ""
DEBUG SMTP: Found extension "ENHANCEDSTATUSCODES", arg ""
DEBUG SMTP: Found extension "8bitmime", arg ""
DEBUG SMTP: Found extension "BINARYMIME", arg ""
DEBUG SMTP: Found extension "CHUNKING", arg ""
DEBUG SMTP: Found extension "VRFY", arg ""
DEBUG SMTP: Found extension "TLS", arg ""
DEBUG SMTP: Found extension "STARTTLS", arg ""
DEBUG SMTP: Found extension "OK", arg ""
STARTTLS
220 2.0.0 SMTP server ready
EHLO mandos6.ics.muni.cz
250-BLU436-SMTP34.smtp.hotmail.com Hello [147.251.9.209]
250-TURN
250-SIZE 41943040
250-ETRN
250-PIPELINING
250-DSN
250-ENHANCEDSTATUSCODES
250-8bitmime
250-BINARYMIME
250-CHUNKING
250-VRFY
250-AUTH LOGIN PLAIN XOAUTH2
250 OK
DEBUG SMTP: Found extension "TURN", arg ""
DEBUG SMTP: Found extension "SIZE", arg "41943040"
DEBUG SMTP: Found extension "ETRN", arg ""
DEBUG SMTP: Found extension "PIPELINING", arg ""
DEBUG SMTP: Found extension "DSN", arg ""
DEBUG SMTP: Found extension "ENHANCEDSTATUSCODES", arg ""
DEBUG SMTP: Found extension "8bitmime", arg ""
DEBUG SMTP: Found extension "BINARYMIME", arg ""
DEBUG SMTP: Found extension "CHUNKING", arg ""
DEBUG SMTP: Found extension "VRFY", arg ""
DEBUG SMTP: Found extension "AUTH", arg "LOGIN PLAIN XOAUTH2"
DEBUG SMTP: Found extension "OK", arg ""
DEBUG SMTP: Attempt to authenticate using mechanisms: LOGIN PLAIN DIGEST-MD5 NTLM 
DEBUG SMTP: AUTH LOGIN command trace suppressed
DEBUG SMTP: AUTH LOGIN succeeded
DEBUG SMTP: use8bit false
MAIL FROM:<matej.lochman@hotmail.com>
250 2.1.0 matej.lochman@hotmail.com....Sender OK
RCPT TO:<matej.lochman@gmail.com>
250 2.1.5 matej.lochman@gmail.com 
DEBUG SMTP: Verified Addresses
DEBUG SMTP:   matej.lochman@gmail.com
DATA
354 Start mail input; end with <CRLF>.<CRLF>
Date: Fri, 3 Apr 2015 20:55:41 +0200 (CEST)
From: matej.lochman@hotmail.com
To: matej.lochman@gmail.com
Message-ID: <1595425728.5.1428087341298.JavaMail.lachtan@mandos6.ics.muni.cz>
Subject: Test Fri Apr 03 20:47:43 CEST 2015 euclidean
MIME-Version: 1.0
Content-Type: multipart/mixed; 
	boundary="----=_Part_4_764689568.1428087341295"

------=_Part_4_764689568.1428087341295
Content-Type: text/plain; charset=us-ascii
Content-Transfer-Encoding: 7bit

Test Fri Apr 03 20:47:43 CEST 2015 euclidean
------=_Part_4_764689568.1428087341295
Content-Type: text/plain; charset=us-ascii; name="res/200/euclidean.txt"
Content-Transfer-Encoding: 7bit
Content-Disposition: attachment; filename="res/200/euclidean.txt"

Threshold: 0.9	Score: 0.0		Time: 00h 02m 38s
Threshold: 0.8	Score: 6.113406552573187E-4		Time: 00h 02m 36s
Threshold: 0.7	Score: 0.04550398686672547		Time: 00h 02m 35s

------=_Part_4_764689568.1428087341295--
.
250 2.6.0  <1595425728.5.1428087341298.JavaMail.lachtan@mandos6.ics.muni.cz> Queued mail for delivery
QUIT
221 2.0.0 BLU436-SMTP34.smtp.hotmail.com Service closing transmission channel
Email sent!
[main] INFO org.apache.mahout.cf.taste.impl.eval.AbstractDifferenceRecommenderEvaluator - Beginning evaluation using 0.8 of FileDataModel[dataFile:/tmp/tempfile1284149126080320292.tmp]
[main] INFO org.apache.mahout.cf.taste.impl.model.GenericDataModel - Processed 2238 users
[main] INFO org.apache.mahout.cf.taste.impl.eval.AbstractDifferenceRecommenderEvaluator - Beginning evaluation of 2238 users
[main] INFO org.apache.mahout.cf.taste.impl.eval.AbstractDifferenceRecommenderEvaluator - Starting timing of 2238 tasks in 64 threads
[pool-4-thread-1] INFO org.apache.mahout.cf.taste.impl.eval.StatsCallable - Average time per recommendation: 5502ms
[pool-4-thread-1] INFO org.apache.mahout.cf.taste.impl.eval.StatsCallable - Approximate memory used: 7095MB / 107292MB
[pool-4-thread-1] INFO org.apache.mahout.cf.taste.impl.eval.StatsCallable - Unable to recommend in 51300 cases
[pool-4-thread-10] INFO org.apache.mahout.cf.taste.impl.eval.StatsCallable - Average time per recommendation: 5433ms
[pool-4-thread-10] INFO org.apache.mahout.cf.taste.impl.eval.StatsCallable - Approximate memory used: 1133MB / 107250MB
[pool-4-thread-10] INFO org.apache.mahout.cf.taste.impl.eval.StatsCallable - Unable to recommend in 133690 cases
[pool-4-thread-62] INFO org.apache.mahout.cf.taste.impl.eval.StatsCallable - Average time per recommendation: 3954ms
[pool-4-thread-62] INFO org.apache.mahout.cf.taste.impl.eval.StatsCallable - Approximate memory used: 6533MB / 107250MB
[pool-4-thread-62] INFO org.apache.mahout.cf.taste.impl.eval.StatsCallable - Unable to recommend in 226128 cases
[main] INFO org.apache.mahout.cf.taste.impl.eval.AbstractDifferenceRecommenderEvaluator - Evaluation result: 0.2904547507044928
0.2904547507044928 00h 02m 35s
DEBUG: getProvider() returning javax.mail.Provider[TRANSPORT,smtp,com.sun.mail.smtp.SMTPTransport,Oracle]
DEBUG SMTP: useEhlo true, useAuth true
DEBUG SMTP: useEhlo true, useAuth true
DEBUG SMTP: trying to connect to host "smtp.live.com", port 587, isSSL false
220 BLU437-SMTP91.smtp.hotmail.com Microsoft ESMTP MAIL Service, Version: 8.0.9200.16384 ready at  Fri, 3 Apr 2015 11:58:20 -0700 
DEBUG SMTP: connected to host "smtp.live.com", port: 587

EHLO mandos6.ics.muni.cz
250-BLU437-SMTP91.smtp.hotmail.com Hello [147.251.9.209]
250-TURN
250-SIZE 41943040
250-ETRN
250-PIPELINING
250-DSN
250-ENHANCEDSTATUSCODES
250-8bitmime
250-BINARYMIME
250-CHUNKING
250-VRFY
250-TLS
250-STARTTLS
250 OK
DEBUG SMTP: Found extension "TURN", arg ""
DEBUG SMTP: Found extension "SIZE", arg "41943040"
DEBUG SMTP: Found extension "ETRN", arg ""
DEBUG SMTP: Found extension "PIPELINING", arg ""
DEBUG SMTP: Found extension "DSN", arg ""
DEBUG SMTP: Found extension "ENHANCEDSTATUSCODES", arg ""
DEBUG SMTP: Found extension "8bitmime", arg ""
DEBUG SMTP: Found extension "BINARYMIME", arg ""
DEBUG SMTP: Found extension "CHUNKING", arg ""
DEBUG SMTP: Found extension "VRFY", arg ""
DEBUG SMTP: Found extension "TLS", arg ""
DEBUG SMTP: Found extension "STARTTLS", arg ""
DEBUG SMTP: Found extension "OK", arg ""
STARTTLS
220 2.0.0 SMTP server ready
EHLO mandos6.ics.muni.cz
250-BLU437-SMTP91.smtp.hotmail.com Hello [147.251.9.209]
250-TURN
250-SIZE 41943040
250-ETRN
250-PIPELINING
250-DSN
250-ENHANCEDSTATUSCODES
250-8bitmime
250-BINARYMIME
250-CHUNKING
250-VRFY
250-AUTH LOGIN PLAIN XOAUTH2
250 OK
DEBUG SMTP: Found extension "TURN", arg ""
DEBUG SMTP: Found extension "SIZE", arg "41943040"
DEBUG SMTP: Found extension "ETRN", arg ""
DEBUG SMTP: Found extension "PIPELINING", arg ""
DEBUG SMTP: Found extension "DSN", arg ""
DEBUG SMTP: Found extension "ENHANCEDSTATUSCODES", arg ""
DEBUG SMTP: Found extension "8bitmime", arg ""
DEBUG SMTP: Found extension "BINARYMIME", arg ""
DEBUG SMTP: Found extension "CHUNKING", arg ""
DEBUG SMTP: Found extension "VRFY", arg ""
DEBUG SMTP: Found extension "AUTH", arg "LOGIN PLAIN XOAUTH2"
DEBUG SMTP: Found extension "OK", arg ""
DEBUG SMTP: Attempt to authenticate using mechanisms: LOGIN PLAIN DIGEST-MD5 NTLM 
DEBUG SMTP: AUTH LOGIN command trace suppressed
DEBUG SMTP: AUTH LOGIN succeeded
DEBUG SMTP: use8bit false
MAIL FROM:<matej.lochman@hotmail.com>
250 2.1.0 matej.lochman@hotmail.com....Sender OK
RCPT TO:<matej.lochman@gmail.com>
250 2.1.5 matej.lochman@gmail.com 
DEBUG SMTP: Verified Addresses
DEBUG SMTP:   matej.lochman@gmail.com
DATA
354 Start mail input; end with <CRLF>.<CRLF>
Date: Fri, 3 Apr 2015 20:58:20 +0200 (CEST)
From: matej.lochman@hotmail.com
To: matej.lochman@gmail.com
Message-ID: <959410678.7.1428087500316.JavaMail.lachtan@mandos6.ics.muni.cz>
Subject: Test Fri Apr 03 20:47:43 CEST 2015 euclidean
MIME-Version: 1.0
Content-Type: multipart/mixed; 
	boundary="----=_Part_6_1921893315.1428087500313"

------=_Part_6_1921893315.1428087500313
Content-Type: text/plain; charset=us-ascii
Content-Transfer-Encoding: 7bit

Test Fri Apr 03 20:47:43 CEST 2015 euclidean
------=_Part_6_1921893315.1428087500313
Content-Type: text/plain; charset=us-ascii; name="res/200/euclidean.txt"
Content-Transfer-Encoding: 7bit
Content-Disposition: attachment; filename="res/200/euclidean.txt"

Threshold: 0.9	Score: 0.0		Time: 00h 02m 38s
Threshold: 0.8	Score: 6.113406552573187E-4		Time: 00h 02m 36s
Threshold: 0.7	Score: 0.04550398686672547		Time: 00h 02m 35s
Threshold: 0.6	Score: 0.2904547507044928		Time: 00h 02m 35s

------=_Part_6_1921893315.1428087500313--
.
250 2.6.0  <959410678.7.1428087500316.JavaMail.lachtan@mandos6.ics.muni.cz> Queued mail for delivery
QUIT
221 2.0.0 BLU437-SMTP91.smtp.hotmail.com Service closing transmission channel
Email sent!
[main] INFO org.apache.mahout.cf.taste.impl.eval.AbstractDifferenceRecommenderEvaluator - Beginning evaluation using 0.8 of FileDataModel[dataFile:/tmp/tempfile1284149126080320292.tmp]
[main] INFO org.apache.mahout.cf.taste.impl.model.GenericDataModel - Processed 2238 users
[main] INFO org.apache.mahout.cf.taste.impl.eval.AbstractDifferenceRecommenderEvaluator - Beginning evaluation of 2238 users
[main] INFO org.apache.mahout.cf.taste.impl.eval.AbstractDifferenceRecommenderEvaluator - Starting timing of 2238 tasks in 64 threads
[pool-5-thread-1] INFO org.apache.mahout.cf.taste.impl.eval.StatsCallable - Average time per recommendation: 6497ms
[pool-5-thread-1] INFO org.apache.mahout.cf.taste.impl.eval.StatsCallable - Approximate memory used: 3170MB / 107274MB
[pool-5-thread-1] INFO org.apache.mahout.cf.taste.impl.eval.StatsCallable - Unable to recommend in 4558 cases
[pool-5-thread-37] INFO org.apache.mahout.cf.taste.impl.eval.StatsCallable - Average time per recommendation: 6576ms
[pool-5-thread-37] INFO org.apache.mahout.cf.taste.impl.eval.StatsCallable - Approximate memory used: 4636MB / 107222MB
[pool-5-thread-37] INFO org.apache.mahout.cf.taste.impl.eval.StatsCallable - Unable to recommend in 13123 cases
[pool-5-thread-56] INFO org.apache.mahout.cf.taste.impl.eval.StatsCallable - Average time per recommendation: 4890ms
[pool-5-thread-56] INFO org.apache.mahout.cf.taste.impl.eval.StatsCallable - Approximate memory used: 7440MB / 107260MB
[pool-5-thread-56] INFO org.apache.mahout.cf.taste.impl.eval.StatsCallable - Unable to recommend in 19651 cases
[main] INFO org.apache.mahout.cf.taste.impl.eval.AbstractDifferenceRecommenderEvaluator - Evaluation result: 0.7235879854032276
0.7235879854032276 00h 03m 00s
DEBUG: getProvider() returning javax.mail.Provider[TRANSPORT,smtp,com.sun.mail.smtp.SMTPTransport,Oracle]
DEBUG SMTP: useEhlo true, useAuth true
DEBUG SMTP: useEhlo true, useAuth true
DEBUG SMTP: trying to connect to host "smtp.live.com", port 587, isSSL false
220 BLU437-SMTP105.smtp.hotmail.com Microsoft ESMTP MAIL Service, Version: 8.0.9200.16384 ready at  Fri, 3 Apr 2015 12:01:24 -0700 
DEBUG SMTP: connected to host "smtp.live.com", port: 587

EHLO mandos6.ics.muni.cz
250-BLU437-SMTP105.smtp.hotmail.com Hello [147.251.9.209]
250-TURN
250-SIZE 41943040
250-ETRN
250-PIPELINING
250-DSN
250-ENHANCEDSTATUSCODES
250-8bitmime
250-BINARYMIME
250-CHUNKING
250-VRFY
250-TLS
250-STARTTLS
250 OK
DEBUG SMTP: Found extension "TURN", arg ""
DEBUG SMTP: Found extension "SIZE", arg "41943040"
DEBUG SMTP: Found extension "ETRN", arg ""
DEBUG SMTP: Found extension "PIPELINING", arg ""
DEBUG SMTP: Found extension "DSN", arg ""
DEBUG SMTP: Found extension "ENHANCEDSTATUSCODES", arg ""
DEBUG SMTP: Found extension "8bitmime", arg ""
DEBUG SMTP: Found extension "BINARYMIME", arg ""
DEBUG SMTP: Found extension "CHUNKING", arg ""
DEBUG SMTP: Found extension "VRFY", arg ""
DEBUG SMTP: Found extension "TLS", arg ""
DEBUG SMTP: Found extension "STARTTLS", arg ""
DEBUG SMTP: Found extension "OK", arg ""
STARTTLS
220 2.0.0 SMTP server ready
EHLO mandos6.ics.muni.cz
250-BLU437-SMTP105.smtp.hotmail.com Hello [147.251.9.209]
250-TURN
250-SIZE 41943040
250-ETRN
250-PIPELINING
250-DSN
250-ENHANCEDSTATUSCODES
250-8bitmime
250-BINARYMIME
250-CHUNKING
250-VRFY
250-AUTH LOGIN PLAIN XOAUTH2
250 OK
DEBUG SMTP: Found extension "TURN", arg ""
DEBUG SMTP: Found extension "SIZE", arg "41943040"
DEBUG SMTP: Found extension "ETRN", arg ""
DEBUG SMTP: Found extension "PIPELINING", arg ""
DEBUG SMTP: Found extension "DSN", arg ""
DEBUG SMTP: Found extension "ENHANCEDSTATUSCODES", arg ""
DEBUG SMTP: Found extension "8bitmime", arg ""
DEBUG SMTP: Found extension "BINARYMIME", arg ""
DEBUG SMTP: Found extension "CHUNKING", arg ""
DEBUG SMTP: Found extension "VRFY", arg ""
DEBUG SMTP: Found extension "AUTH", arg "LOGIN PLAIN XOAUTH2"
DEBUG SMTP: Found extension "OK", arg ""
DEBUG SMTP: Attempt to authenticate using mechanisms: LOGIN PLAIN DIGEST-MD5 NTLM 
DEBUG SMTP: AUTH LOGIN command trace suppressed
DEBUG SMTP: AUTH LOGIN succeeded
DEBUG SMTP: use8bit false
MAIL FROM:<matej.lochman@hotmail.com>
250 2.1.0 matej.lochman@hotmail.com....Sender OK
RCPT TO:<matej.lochman@gmail.com>
250 2.1.5 matej.lochman@gmail.com 
DEBUG SMTP: Verified Addresses
DEBUG SMTP:   matej.lochman@gmail.com
DATA
354 Start mail input; end with <CRLF>.<CRLF>
Date: Fri, 3 Apr 2015 21:01:24 +0200 (CEST)
From: matej.lochman@hotmail.com
To: matej.lochman@gmail.com
Message-ID: <917034675.9.1428087684460.JavaMail.lachtan@mandos6.ics.muni.cz>
Subject: Test Fri Apr 03 20:47:43 CEST 2015 euclidean
MIME-Version: 1.0
Content-Type: multipart/mixed; 
	boundary="----=_Part_8_2003921168.1428087684457"

------=_Part_8_2003921168.1428087684457
Content-Type: text/plain; charset=us-ascii
Content-Transfer-Encoding: 7bit

Test Fri Apr 03 20:47:43 CEST 2015 euclidean
------=_Part_8_2003921168.1428087684457
Content-Type: text/plain; charset=us-ascii; name="res/200/euclidean.txt"
Content-Transfer-Encoding: 7bit
Content-Disposition: attachment; filename="res/200/euclidean.txt"

Threshold: 0.9	Score: 0.0		Time: 00h 02m 38s
Threshold: 0.8	Score: 6.113406552573187E-4		Time: 00h 02m 36s
Threshold: 0.7	Score: 0.04550398686672547		Time: 00h 02m 35s
Threshold: 0.6	Score: 0.2904547507044928		Time: 00h 02m 35s
Threshold: 0.4	Score: 0.7235879854032276		Time: 00h 03m 00s

------=_Part_8_2003921168.1428087684457--
.
250 2.6.0  <917034675.9.1428087684460.JavaMail.lachtan@mandos6.ics.muni.cz> Queued mail for delivery
QUIT
221 2.0.0 BLU437-SMTP105.smtp.hotmail.com Service closing transmission channel
Email sent!
[main] INFO org.apache.mahout.cf.taste.impl.eval.AbstractDifferenceRecommenderEvaluator - Beginning evaluation using 0.8 of FileDataModel[dataFile:/tmp/tempfile1284149126080320292.tmp]
[main] INFO org.apache.mahout.cf.taste.impl.model.GenericDataModel - Processed 2238 users
[main] INFO org.apache.mahout.cf.taste.impl.eval.AbstractDifferenceRecommenderEvaluator - Beginning evaluation of 2238 users
[main] INFO org.apache.mahout.cf.taste.impl.eval.AbstractDifferenceRecommenderEvaluator - Starting timing of 2238 tasks in 64 threads
[pool-6-thread-1] INFO org.apache.mahout.cf.taste.impl.eval.StatsCallable - Average time per recommendation: 6880ms
[pool-6-thread-1] INFO org.apache.mahout.cf.taste.impl.eval.StatsCallable - Approximate memory used: 5600MB / 107268MB
[pool-6-thread-1] INFO org.apache.mahout.cf.taste.impl.eval.StatsCallable - Unable to recommend in 2668 cases
[pool-6-thread-24] INFO org.apache.mahout.cf.taste.impl.eval.StatsCallable - Average time per recommendation: 6996ms
[pool-6-thread-24] INFO org.apache.mahout.cf.taste.impl.eval.StatsCallable - Approximate memory used: 10579MB / 107260MB
[pool-6-thread-24] INFO org.apache.mahout.cf.taste.impl.eval.StatsCallable - Unable to recommend in 6852 cases
[pool-6-thread-55] INFO org.apache.mahout.cf.taste.impl.eval.StatsCallable - Average time per recommendation: 5288ms
[pool-6-thread-55] INFO org.apache.mahout.cf.taste.impl.eval.StatsCallable - Approximate memory used: 6334MB / 107259MB
[pool-6-thread-55] INFO org.apache.mahout.cf.taste.impl.eval.StatsCallable - Unable to recommend in 9985 cases
[main] INFO org.apache.mahout.cf.taste.impl.eval.AbstractDifferenceRecommenderEvaluator - Evaluation result: 0.7894618216364954
0.7894618216364954 00h 03m 11s
DEBUG: getProvider() returning javax.mail.Provider[TRANSPORT,smtp,com.sun.mail.smtp.SMTPTransport,Oracle]
DEBUG SMTP: useEhlo true, useAuth true
DEBUG SMTP: useEhlo true, useAuth true
DEBUG SMTP: trying to connect to host "smtp.live.com", port 587, isSSL false
220 BLU436-SMTP5.smtp.hotmail.com Microsoft ESMTP MAIL Service, Version: 8.0.9200.16384 ready at  Fri, 3 Apr 2015 12:04:39 -0700 
DEBUG SMTP: connected to host "smtp.live.com", port: 587

EHLO mandos6.ics.muni.cz
250-BLU436-SMTP5.smtp.hotmail.com Hello [147.251.9.209]
250-TURN
250-SIZE 41943040
250-ETRN
250-PIPELINING
250-DSN
250-ENHANCEDSTATUSCODES
250-8bitmime
250-BINARYMIME
250-CHUNKING
250-VRFY
250-TLS
250-STARTTLS
250 OK
DEBUG SMTP: Found extension "TURN", arg ""
DEBUG SMTP: Found extension "SIZE", arg "41943040"
DEBUG SMTP: Found extension "ETRN", arg ""
DEBUG SMTP: Found extension "PIPELINING", arg ""
DEBUG SMTP: Found extension "DSN", arg ""
DEBUG SMTP: Found extension "ENHANCEDSTATUSCODES", arg ""
DEBUG SMTP: Found extension "8bitmime", arg ""
DEBUG SMTP: Found extension "BINARYMIME", arg ""
DEBUG SMTP: Found extension "CHUNKING", arg ""
DEBUG SMTP: Found extension "VRFY", arg ""
DEBUG SMTP: Found extension "TLS", arg ""
DEBUG SMTP: Found extension "STARTTLS", arg ""
DEBUG SMTP: Found extension "OK", arg ""
STARTTLS
220 2.0.0 SMTP server ready
EHLO mandos6.ics.muni.cz
250-BLU436-SMTP5.smtp.hotmail.com Hello [147.251.9.209]
250-TURN
250-SIZE 41943040
250-ETRN
250-PIPELINING
250-DSN
250-ENHANCEDSTATUSCODES
250-8bitmime
250-BINARYMIME
250-CHUNKING
250-VRFY
250-AUTH LOGIN PLAIN XOAUTH2
250 OK
DEBUG SMTP: Found extension "TURN", arg ""
DEBUG SMTP: Found extension "SIZE", arg "41943040"
DEBUG SMTP: Found extension "ETRN", arg ""
DEBUG SMTP: Found extension "PIPELINING", arg ""
DEBUG SMTP: Found extension "DSN", arg ""
DEBUG SMTP: Found extension "ENHANCEDSTATUSCODES", arg ""
DEBUG SMTP: Found extension "8bitmime", arg ""
DEBUG SMTP: Found extension "BINARYMIME", arg ""
DEBUG SMTP: Found extension "CHUNKING", arg ""
DEBUG SMTP: Found extension "VRFY", arg ""
DEBUG SMTP: Found extension "AUTH", arg "LOGIN PLAIN XOAUTH2"
DEBUG SMTP: Found extension "OK", arg ""
DEBUG SMTP: Attempt to authenticate using mechanisms: LOGIN PLAIN DIGEST-MD5 NTLM 
DEBUG SMTP: AUTH LOGIN command trace suppressed
DEBUG SMTP: AUTH LOGIN succeeded
DEBUG SMTP: use8bit false
MAIL FROM:<matej.lochman@hotmail.com>
250 2.1.0 matej.lochman@hotmail.com....Sender OK
RCPT TO:<matej.lochman@gmail.com>
250 2.1.5 matej.lochman@gmail.com 
DEBUG SMTP: Verified Addresses
DEBUG SMTP:   matej.lochman@gmail.com
DATA
354 Start mail input; end with <CRLF>.<CRLF>
Date: Fri, 3 Apr 2015 21:04:39 +0200 (CEST)
From: matej.lochman@hotmail.com
To: matej.lochman@gmail.com
Message-ID: <179715845.11.1428087879137.JavaMail.lachtan@mandos6.ics.muni.cz>
Subject: Test Fri Apr 03 20:47:43 CEST 2015 euclidean
MIME-Version: 1.0
Content-Type: multipart/mixed; 
	boundary="----=_Part_10_786071227.1428087879134"

------=_Part_10_786071227.1428087879134
Content-Type: text/plain; charset=us-ascii
Content-Transfer-Encoding: 7bit

Test Fri Apr 03 20:47:43 CEST 2015 euclidean
------=_Part_10_786071227.1428087879134
Content-Type: text/plain; charset=us-ascii; name="res/200/euclidean.txt"
Content-Transfer-Encoding: 7bit
Content-Disposition: attachment; filename="res/200/euclidean.txt"

Threshold: 0.9	Score: 0.0		Time: 00h 02m 38s
Threshold: 0.8	Score: 6.113406552573187E-4		Time: 00h 02m 36s
Threshold: 0.7	Score: 0.04550398686672547		Time: 00h 02m 35s
Threshold: 0.6	Score: 0.2904547507044928		Time: 00h 02m 35s
Threshold: 0.4	Score: 0.7235879854032276		Time: 00h 03m 00s
Threshold: 0.2	Score: 0.7894618216364954		Time: 00h 03m 11s

------=_Part_10_786071227.1428087879134--
.
250 2.6.0  <179715845.11.1428087879137.JavaMail.lachtan@mandos6.ics.muni.cz> Queued mail for delivery
QUIT
221 2.0.0 BLU436-SMTP5.smtp.hotmail.com Service closing transmission channel
Email sent!
[main] INFO org.apache.mahout.cf.taste.impl.eval.AbstractDifferenceRecommenderEvaluator - Beginning evaluation using 0.8 of FileDataModel[dataFile:/tmp/tempfile1284149126080320292.tmp]
[main] INFO org.apache.mahout.cf.taste.impl.model.GenericDataModel - Processed 2238 users
[main] INFO org.apache.mahout.cf.taste.impl.eval.AbstractDifferenceRecommenderEvaluator - Beginning evaluation of 2238 users
[main] INFO org.apache.mahout.cf.taste.impl.eval.AbstractDifferenceRecommenderEvaluator - Starting timing of 2238 tasks in 64 threads
[pool-7-thread-1] INFO org.apache.mahout.cf.taste.impl.eval.StatsCallable - Average time per recommendation: 6935ms
[pool-7-thread-1] INFO org.apache.mahout.cf.taste.impl.eval.StatsCallable - Approximate memory used: 4822MB / 107261MB
[pool-7-thread-1] INFO org.apache.mahout.cf.taste.impl.eval.StatsCallable - Unable to recommend in 2600 cases
[pool-7-thread-9] INFO org.apache.mahout.cf.taste.impl.eval.StatsCallable - Average time per recommendation: 7042ms
[pool-7-thread-9] INFO org.apache.mahout.cf.taste.impl.eval.StatsCallable - Approximate memory used: 9952MB / 107266MB
[pool-7-thread-9] INFO org.apache.mahout.cf.taste.impl.eval.StatsCallable - Unable to recommend in 6853 cases
[pool-7-thread-56] INFO org.apache.mahout.cf.taste.impl.eval.StatsCallable - Average time per recommendation: 5286ms
[pool-7-thread-56] INFO org.apache.mahout.cf.taste.impl.eval.StatsCallable - Approximate memory used: 6059MB / 107269MB
[pool-7-thread-56] INFO org.apache.mahout.cf.taste.impl.eval.StatsCallable - Unable to recommend in 10048 cases
[main] INFO org.apache.mahout.cf.taste.impl.eval.AbstractDifferenceRecommenderEvaluator - Evaluation result: 0.7894741264591546
0.7894741264591546 00h 03m 12s
DEBUG: getProvider() returning javax.mail.Provider[TRANSPORT,smtp,com.sun.mail.smtp.SMTPTransport,Oracle]
DEBUG SMTP: useEhlo true, useAuth true
DEBUG SMTP: useEhlo true, useAuth true
DEBUG SMTP: trying to connect to host "smtp.live.com", port 587, isSSL false
220 BLU436-SMTP93.smtp.hotmail.com Microsoft ESMTP MAIL Service, Version: 8.0.9200.16384 ready at  Fri, 3 Apr 2015 12:07:55 -0700 
DEBUG SMTP: connected to host "smtp.live.com", port: 587

EHLO mandos6.ics.muni.cz
250-BLU436-SMTP93.smtp.hotmail.com Hello [147.251.9.209]
250-TURN
250-SIZE 41943040
250-ETRN
250-PIPELINING
250-DSN
250-ENHANCEDSTATUSCODES
250-8bitmime
250-BINARYMIME
250-CHUNKING
250-VRFY
250-TLS
250-STARTTLS
250 OK
DEBUG SMTP: Found extension "TURN", arg ""
DEBUG SMTP: Found extension "SIZE", arg "41943040"
DEBUG SMTP: Found extension "ETRN", arg ""
DEBUG SMTP: Found extension "PIPELINING", arg ""
DEBUG SMTP: Found extension "DSN", arg ""
DEBUG SMTP: Found extension "ENHANCEDSTATUSCODES", arg ""
DEBUG SMTP: Found extension "8bitmime", arg ""
DEBUG SMTP: Found extension "BINARYMIME", arg ""
DEBUG SMTP: Found extension "CHUNKING", arg ""
DEBUG SMTP: Found extension "VRFY", arg ""
DEBUG SMTP: Found extension "TLS", arg ""
DEBUG SMTP: Found extension "STARTTLS", arg ""
DEBUG SMTP: Found extension "OK", arg ""
STARTTLS
220 2.0.0 SMTP server ready
EHLO mandos6.ics.muni.cz
250-BLU436-SMTP93.smtp.hotmail.com Hello [147.251.9.209]
250-TURN
250-SIZE 41943040
250-ETRN
250-PIPELINING
250-DSN
250-ENHANCEDSTATUSCODES
250-8bitmime
250-BINARYMIME
250-CHUNKING
250-VRFY
250-AUTH LOGIN PLAIN XOAUTH2
250 OK
DEBUG SMTP: Found extension "TURN", arg ""
DEBUG SMTP: Found extension "SIZE", arg "41943040"
DEBUG SMTP: Found extension "ETRN", arg ""
DEBUG SMTP: Found extension "PIPELINING", arg ""
DEBUG SMTP: Found extension "DSN", arg ""
DEBUG SMTP: Found extension "ENHANCEDSTATUSCODES", arg ""
DEBUG SMTP: Found extension "8bitmime", arg ""
DEBUG SMTP: Found extension "BINARYMIME", arg ""
DEBUG SMTP: Found extension "CHUNKING", arg ""
DEBUG SMTP: Found extension "VRFY", arg ""
DEBUG SMTP: Found extension "AUTH", arg "LOGIN PLAIN XOAUTH2"
DEBUG SMTP: Found extension "OK", arg ""
DEBUG SMTP: Attempt to authenticate using mechanisms: LOGIN PLAIN DIGEST-MD5 NTLM 
DEBUG SMTP: AUTH LOGIN command trace suppressed
DEBUG SMTP: AUTH LOGIN succeeded
DEBUG SMTP: use8bit false
MAIL FROM:<matej.lochman@hotmail.com>
250 2.1.0 matej.lochman@hotmail.com....Sender OK
RCPT TO:<matej.lochman@gmail.com>
250 2.1.5 matej.lochman@gmail.com 
DEBUG SMTP: Verified Addresses
DEBUG SMTP:   matej.lochman@gmail.com
DATA
354 Start mail input; end with <CRLF>.<CRLF>
Date: Fri, 3 Apr 2015 21:07:54 +0200 (CEST)
From: matej.lochman@hotmail.com
To: matej.lochman@gmail.com
Message-ID: <928812685.13.1428088074938.JavaMail.lachtan@mandos6.ics.muni.cz>
Subject: Test Fri Apr 03 20:47:43 CEST 2015 euclidean
MIME-Version: 1.0
Content-Type: multipart/mixed; 
	boundary="----=_Part_12_1174929550.1428088074935"

------=_Part_12_1174929550.1428088074935
Content-Type: text/plain; charset=us-ascii
Content-Transfer-Encoding: 7bit

Test Fri Apr 03 20:47:43 CEST 2015 euclidean
------=_Part_12_1174929550.1428088074935
Content-Type: text/plain; charset=us-ascii; name="res/200/euclidean.txt"
Content-Transfer-Encoding: 7bit
Content-Disposition: attachment; filename="res/200/euclidean.txt"

Threshold: 0.9	Score: 0.0		Time: 00h 02m 38s
Threshold: 0.8	Score: 6.113406552573187E-4		Time: 00h 02m 36s
Threshold: 0.7	Score: 0.04550398686672547		Time: 00h 02m 35s
Threshold: 0.6	Score: 0.2904547507044928		Time: 00h 02m 35s
Threshold: 0.4	Score: 0.7235879854032276		Time: 00h 03m 00s
Threshold: 0.2	Score: 0.7894618216364954		Time: 00h 03m 11s
Threshold: 0.0	Score: 0.7894741264591546		Time: 00h 03m 12s

------=_Part_12_1174929550.1428088074935--
.
250 2.6.0  <928812685.13.1428088074938.JavaMail.lachtan@mandos6.ics.muni.cz> Queued mail for delivery
QUIT
221 2.0.0 BLU436-SMTP93.smtp.hotmail.com Service closing transmission channel
Email sent!
[main] INFO org.apache.mahout.cf.taste.impl.eval.AbstractDifferenceRecommenderEvaluator - Beginning evaluation using 0.8 of FileDataModel[dataFile:/tmp/tempfile1284149126080320292.tmp]
[main] INFO org.apache.mahout.cf.taste.impl.model.GenericDataModel - Processed 2238 users
[main] INFO org.apache.mahout.cf.taste.impl.eval.AbstractDifferenceRecommenderEvaluator - Beginning evaluation of 2238 users
[main] INFO org.apache.mahout.cf.taste.impl.eval.AbstractDifferenceRecommenderEvaluator - Starting timing of 2238 tasks in 64 threads
[pool-8-thread-1] INFO org.apache.mahout.cf.taste.impl.eval.StatsCallable - Average time per recommendation: 5501ms
[pool-8-thread-1] INFO org.apache.mahout.cf.taste.impl.eval.StatsCallable - Approximate memory used: 1843MB / 107267MB
[pool-8-thread-1] INFO org.apache.mahout.cf.taste.impl.eval.StatsCallable - Unable to recommend in 53498 cases
[pool-8-thread-20] INFO org.apache.mahout.cf.taste.impl.eval.StatsCallable - Average time per recommendation: 5385ms
[pool-8-thread-20] INFO org.apache.mahout.cf.taste.impl.eval.StatsCallable - Approximate memory used: 364MB / 107276MB
[pool-8-thread-20] INFO org.apache.mahout.cf.taste.impl.eval.StatsCallable - Unable to recommend in 140164 cases
[pool-8-thread-35] INFO org.apache.mahout.cf.taste.impl.eval.StatsCallable - Average time per recommendation: 3920ms
[pool-8-thread-35] INFO org.apache.mahout.cf.taste.impl.eval.StatsCallable - Approximate memory used: 455MB / 107274MB
[pool-8-thread-35] INFO org.apache.mahout.cf.taste.impl.eval.StatsCallable - Unable to recommend in 242317 cases
[main] INFO org.apache.mahout.cf.taste.impl.eval.AbstractDifferenceRecommenderEvaluator - Evaluation result: 0.3163336638361216
0.3163336638361216 00h 02m 35s
DEBUG: getProvider() returning javax.mail.Provider[TRANSPORT,smtp,com.sun.mail.smtp.SMTPTransport,Oracle]
DEBUG SMTP: useEhlo true, useAuth true
DEBUG SMTP: useEhlo true, useAuth true
DEBUG SMTP: trying to connect to host "smtp.live.com", port 587, isSSL false
220 BLU437-SMTP84.smtp.hotmail.com Microsoft ESMTP MAIL Service, Version: 8.0.9200.16384 ready at  Fri, 3 Apr 2015 12:10:34 -0700 
DEBUG SMTP: connected to host "smtp.live.com", port: 587

EHLO mandos6.ics.muni.cz
250-BLU437-SMTP84.smtp.hotmail.com Hello [147.251.9.209]
250-TURN
250-SIZE 41943040
250-ETRN
250-PIPELINING
250-DSN
250-ENHANCEDSTATUSCODES
250-8bitmime
250-BINARYMIME
250-CHUNKING
250-VRFY
250-TLS
250-STARTTLS
250 OK
DEBUG SMTP: Found extension "TURN", arg ""
DEBUG SMTP: Found extension "SIZE", arg "41943040"
DEBUG SMTP: Found extension "ETRN", arg ""
DEBUG SMTP: Found extension "PIPELINING", arg ""
DEBUG SMTP: Found extension "DSN", arg ""
DEBUG SMTP: Found extension "ENHANCEDSTATUSCODES", arg ""
DEBUG SMTP: Found extension "8bitmime", arg ""
DEBUG SMTP: Found extension "BINARYMIME", arg ""
DEBUG SMTP: Found extension "CHUNKING", arg ""
DEBUG SMTP: Found extension "VRFY", arg ""
DEBUG SMTP: Found extension "TLS", arg ""
DEBUG SMTP: Found extension "STARTTLS", arg ""
DEBUG SMTP: Found extension "OK", arg ""
STARTTLS
220 2.0.0 SMTP server ready
EHLO mandos6.ics.muni.cz
250-BLU437-SMTP84.smtp.hotmail.com Hello [147.251.9.209]
250-TURN
250-SIZE 41943040
250-ETRN
250-PIPELINING
250-DSN
250-ENHANCEDSTATUSCODES
250-8bitmime
250-BINARYMIME
250-CHUNKING
250-VRFY
250-AUTH LOGIN PLAIN XOAUTH2
250 OK
DEBUG SMTP: Found extension "TURN", arg ""
DEBUG SMTP: Found extension "SIZE", arg "41943040"
DEBUG SMTP: Found extension "ETRN", arg ""
DEBUG SMTP: Found extension "PIPELINING", arg ""
DEBUG SMTP: Found extension "DSN", arg ""
DEBUG SMTP: Found extension "ENHANCEDSTATUSCODES", arg ""
DEBUG SMTP: Found extension "8bitmime", arg ""
DEBUG SMTP: Found extension "BINARYMIME", arg ""
DEBUG SMTP: Found extension "CHUNKING", arg ""
DEBUG SMTP: Found extension "VRFY", arg ""
DEBUG SMTP: Found extension "AUTH", arg "LOGIN PLAIN XOAUTH2"
DEBUG SMTP: Found extension "OK", arg ""
DEBUG SMTP: Attempt to authenticate using mechanisms: LOGIN PLAIN DIGEST-MD5 NTLM 
DEBUG SMTP: AUTH LOGIN command trace suppressed
DEBUG SMTP: AUTH LOGIN succeeded
DEBUG SMTP: use8bit false
MAIL FROM:<matej.lochman@hotmail.com>
250 2.1.0 matej.lochman@hotmail.com....Sender OK
RCPT TO:<matej.lochman@gmail.com>
250 2.1.5 matej.lochman@gmail.com 
DEBUG SMTP: Verified Addresses
DEBUG SMTP:   matej.lochman@gmail.com
DATA
354 Start mail input; end with <CRLF>.<CRLF>
Date: Fri, 3 Apr 2015 21:10:34 +0200 (CEST)
From: matej.lochman@hotmail.com
To: matej.lochman@gmail.com
Message-ID: <27540436.15.1428088234276.JavaMail.lachtan@mandos6.ics.muni.cz>
Subject: Test Fri Apr 03 20:47:43 CEST 2015 euclidean
MIME-Version: 1.0
Content-Type: multipart/mixed; 
	boundary="----=_Part_14_1379185222.1428088234274"

------=_Part_14_1379185222.1428088234274
Content-Type: text/plain; charset=us-ascii
Content-Transfer-Encoding: 7bit

Test Fri Apr 03 20:47:43 CEST 2015 euclidean
------=_Part_14_1379185222.1428088234274
Content-Type: text/plain; charset=us-ascii; name="res/200/euclidean.txt"
Content-Transfer-Encoding: 7bit
Content-Disposition: attachment; filename="res/200/euclidean.txt"

Threshold: 0.9	Score: 0.0		Time: 00h 02m 38s
Threshold: 0.8	Score: 6.113406552573187E-4		Time: 00h 02m 36s
Threshold: 0.7	Score: 0.04550398686672547		Time: 00h 02m 35s
Threshold: 0.6	Score: 0.2904547507044928		Time: 00h 02m 35s
Threshold: 0.4	Score: 0.7235879854032276		Time: 00h 03m 00s
Threshold: 0.2	Score: 0.7894618216364954		Time: 00h 03m 11s
Threshold: 0.0	Score: 0.7894741264591546		Time: 00h 03m 12s
Neighbourhood: 2	Score: 0.3163336638361216		Time: 00h 02m 35s

------=_Part_14_1379185222.1428088234274--
.
250 2.6.0  <27540436.15.1428088234276.JavaMail.lachtan@mandos6.ics.muni.cz> Queued mail for delivery
QUIT
221 2.0.0 BLU437-SMTP84.smtp.hotmail.com Service closing transmission channel
Email sent!
[main] INFO org.apache.mahout.cf.taste.impl.eval.AbstractDifferenceRecommenderEvaluator - Beginning evaluation using 0.8 of FileDataModel[dataFile:/tmp/tempfile1284149126080320292.tmp]
[main] INFO org.apache.mahout.cf.taste.impl.model.GenericDataModel - Processed 2238 users
[main] INFO org.apache.mahout.cf.taste.impl.eval.AbstractDifferenceRecommenderEvaluator - Beginning evaluation of 2238 users
[main] INFO org.apache.mahout.cf.taste.impl.eval.AbstractDifferenceRecommenderEvaluator - Starting timing of 2238 tasks in 64 threads
[pool-9-thread-1] INFO org.apache.mahout.cf.taste.impl.eval.StatsCallable - Average time per recommendation: 5469ms
[pool-9-thread-1] INFO org.apache.mahout.cf.taste.impl.eval.StatsCallable - Approximate memory used: 6599MB / 107274MB
[pool-9-thread-1] INFO org.apache.mahout.cf.taste.impl.eval.StatsCallable - Unable to recommend in 53279 cases
[pool-9-thread-12] INFO org.apache.mahout.cf.taste.impl.eval.StatsCallable - Average time per recommendation: 5372ms
[pool-9-thread-12] INFO org.apache.mahout.cf.taste.impl.eval.StatsCallable - Approximate memory used: 5194MB / 107281MB
[pool-9-thread-12] INFO org.apache.mahout.cf.taste.impl.eval.StatsCallable - Unable to recommend in 139869 cases
[pool-9-thread-9] INFO org.apache.mahout.cf.taste.impl.eval.StatsCallable - Average time per recommendation: 3901ms
[pool-9-thread-9] INFO org.apache.mahout.cf.taste.impl.eval.StatsCallable - Approximate memory used: 5311MB / 107278MB
[pool-9-thread-9] INFO org.apache.mahout.cf.taste.impl.eval.StatsCallable - Unable to recommend in 241480 cases
[main] INFO org.apache.mahout.cf.taste.impl.eval.AbstractDifferenceRecommenderEvaluator - Evaluation result: 0.34401597744056733
0.34401597744056733 00h 02m 35s
DEBUG: getProvider() returning javax.mail.Provider[TRANSPORT,smtp,com.sun.mail.smtp.SMTPTransport,Oracle]
DEBUG SMTP: useEhlo true, useAuth true
DEBUG SMTP: useEhlo true, useAuth true
DEBUG SMTP: trying to connect to host "smtp.live.com", port 587, isSSL false
220 BLU436-SMTP118.smtp.hotmail.com Microsoft ESMTP MAIL Service, Version: 8.0.9200.16384 ready at  Fri, 3 Apr 2015 12:13:13 -0700 
DEBUG SMTP: connected to host "smtp.live.com", port: 587

EHLO mandos6.ics.muni.cz
250-BLU436-SMTP118.smtp.hotmail.com Hello [147.251.9.209]
250-TURN
250-SIZE 41943040
250-ETRN
250-PIPELINING
250-DSN
250-ENHANCEDSTATUSCODES
250-8bitmime
250-BINARYMIME
250-CHUNKING
250-VRFY
250-TLS
250-STARTTLS
250 OK
DEBUG SMTP: Found extension "TURN", arg ""
DEBUG SMTP: Found extension "SIZE", arg "41943040"
DEBUG SMTP: Found extension "ETRN", arg ""
DEBUG SMTP: Found extension "PIPELINING", arg ""
DEBUG SMTP: Found extension "DSN", arg ""
DEBUG SMTP: Found extension "ENHANCEDSTATUSCODES", arg ""
DEBUG SMTP: Found extension "8bitmime", arg ""
DEBUG SMTP: Found extension "BINARYMIME", arg ""
DEBUG SMTP: Found extension "CHUNKING", arg ""
DEBUG SMTP: Found extension "VRFY", arg ""
DEBUG SMTP: Found extension "TLS", arg ""
DEBUG SMTP: Found extension "STARTTLS", arg ""
DEBUG SMTP: Found extension "OK", arg ""
STARTTLS
220 2.0.0 SMTP server ready
EHLO mandos6.ics.muni.cz
250-BLU436-SMTP118.smtp.hotmail.com Hello [147.251.9.209]
250-TURN
250-SIZE 41943040
250-ETRN
250-PIPELINING
250-DSN
250-ENHANCEDSTATUSCODES
250-8bitmime
250-BINARYMIME
250-CHUNKING
250-VRFY
250-AUTH LOGIN PLAIN XOAUTH2
250 OK
DEBUG SMTP: Found extension "TURN", arg ""
DEBUG SMTP: Found extension "SIZE", arg "41943040"
DEBUG SMTP: Found extension "ETRN", arg ""
DEBUG SMTP: Found extension "PIPELINING", arg ""
DEBUG SMTP: Found extension "DSN", arg ""
DEBUG SMTP: Found extension "ENHANCEDSTATUSCODES", arg ""
DEBUG SMTP: Found extension "8bitmime", arg ""
DEBUG SMTP: Found extension "BINARYMIME", arg ""
DEBUG SMTP: Found extension "CHUNKING", arg ""
DEBUG SMTP: Found extension "VRFY", arg ""
DEBUG SMTP: Found extension "AUTH", arg "LOGIN PLAIN XOAUTH2"
DEBUG SMTP: Found extension "OK", arg ""
DEBUG SMTP: Attempt to authenticate using mechanisms: LOGIN PLAIN DIGEST-MD5 NTLM 
DEBUG SMTP: AUTH LOGIN command trace suppressed
DEBUG SMTP: AUTH LOGIN succeeded
DEBUG SMTP: use8bit false
MAIL FROM:<matej.lochman@hotmail.com>
250 2.1.0 matej.lochman@hotmail.com....Sender OK
RCPT TO:<matej.lochman@gmail.com>
250 2.1.5 matej.lochman@gmail.com 
DEBUG SMTP: Verified Addresses
DEBUG SMTP:   matej.lochman@gmail.com
DATA
354 Start mail input; end with <CRLF>.<CRLF>
Date: Fri, 3 Apr 2015 21:13:12 +0200 (CEST)
From: matej.lochman@hotmail.com
To: matej.lochman@gmail.com
Message-ID: <914250073.17.1428088392873.JavaMail.lachtan@mandos6.ics.muni.cz>
Subject: Test Fri Apr 03 20:47:43 CEST 2015 euclidean
MIME-Version: 1.0
Content-Type: multipart/mixed; 
	boundary="----=_Part_16_895105444.1428088392871"

------=_Part_16_895105444.1428088392871
Content-Type: text/plain; charset=us-ascii
Content-Transfer-Encoding: 7bit

Test Fri Apr 03 20:47:43 CEST 2015 euclidean
------=_Part_16_895105444.1428088392871
Content-Type: text/plain; charset=us-ascii; name="res/200/euclidean.txt"
Content-Transfer-Encoding: 7bit
Content-Disposition: attachment; filename="res/200/euclidean.txt"

Threshold: 0.9	Score: 0.0		Time: 00h 02m 38s
Threshold: 0.8	Score: 6.113406552573187E-4		Time: 00h 02m 36s
Threshold: 0.7	Score: 0.04550398686672547		Time: 00h 02m 35s
Threshold: 0.6	Score: 0.2904547507044928		Time: 00h 02m 35s
Threshold: 0.4	Score: 0.7235879854032276		Time: 00h 03m 00s
Threshold: 0.2	Score: 0.7894618216364954		Time: 00h 03m 11s
Threshold: 0.0	Score: 0.7894741264591546		Time: 00h 03m 12s
Neighbourhood: 2	Score: 0.3163336638361216		Time: 00h 02m 35s
Neighbourhood: 4	Score: 0.34401597744056733		Time: 00h 02m 35s

------=_Part_16_895105444.1428088392871--
.
250 2.6.0  <914250073.17.1428088392873.JavaMail.lachtan@mandos6.ics.muni.cz> Queued mail for delivery
QUIT
221 2.0.0 BLU436-SMTP118.smtp.hotmail.com Service closing transmission channel
Email sent!
[main] INFO org.apache.mahout.cf.taste.impl.eval.AbstractDifferenceRecommenderEvaluator - Beginning evaluation using 0.8 of FileDataModel[dataFile:/tmp/tempfile1284149126080320292.tmp]
[main] INFO org.apache.mahout.cf.taste.impl.model.GenericDataModel - Processed 2238 users
[main] INFO org.apache.mahout.cf.taste.impl.eval.AbstractDifferenceRecommenderEvaluator - Beginning evaluation of 2238 users
[main] INFO org.apache.mahout.cf.taste.impl.eval.AbstractDifferenceRecommenderEvaluator - Starting timing of 2238 tasks in 64 threads
[pool-10-thread-1] INFO org.apache.mahout.cf.taste.impl.eval.StatsCallable - Average time per recommendation: 5476ms
[pool-10-thread-1] INFO org.apache.mahout.cf.taste.impl.eval.StatsCallable - Approximate memory used: 1104MB / 107285MB
[pool-10-thread-1] INFO org.apache.mahout.cf.taste.impl.eval.StatsCallable - Unable to recommend in 52375 cases
[pool-10-thread-41] INFO org.apache.mahout.cf.taste.impl.eval.StatsCallable - Average time per recommendation: 5363ms
[pool-10-thread-41] INFO org.apache.mahout.cf.taste.impl.eval.StatsCallable - Approximate memory used: 10211MB / 107285MB
[pool-10-thread-41] INFO org.apache.mahout.cf.taste.impl.eval.StatsCallable - Unable to recommend in 137723 cases
[pool-10-thread-35] INFO org.apache.mahout.cf.taste.impl.eval.StatsCallable - Average time per recommendation: 3923ms
[pool-10-thread-35] INFO org.apache.mahout.cf.taste.impl.eval.StatsCallable - Approximate memory used: 10356MB / 107283MB
[pool-10-thread-35] INFO org.apache.mahout.cf.taste.impl.eval.StatsCallable - Unable to recommend in 237491 cases
[main] INFO org.apache.mahout.cf.taste.impl.eval.AbstractDifferenceRecommenderEvaluator - Evaluation result: 0.3697282556810607
0.3697282556810607 00h 02m 35s
DEBUG: getProvider() returning javax.mail.Provider[TRANSPORT,smtp,com.sun.mail.smtp.SMTPTransport,Oracle]
DEBUG SMTP: useEhlo true, useAuth true
DEBUG SMTP: useEhlo true, useAuth true
DEBUG SMTP: trying to connect to host "smtp.live.com", port 587, isSSL false
220 BLU437-SMTP39.smtp.hotmail.com Microsoft ESMTP MAIL Service, Version: 8.0.9200.16384 ready at  Fri, 3 Apr 2015 12:15:51 -0700 
DEBUG SMTP: connected to host "smtp.live.com", port: 587

EHLO mandos6.ics.muni.cz
250-BLU437-SMTP39.smtp.hotmail.com Hello [147.251.9.209]
250-TURN
250-SIZE 41943040
250-ETRN
250-PIPELINING
250-DSN
250-ENHANCEDSTATUSCODES
250-8bitmime
250-BINARYMIME
250-CHUNKING
250-VRFY
250-TLS
250-STARTTLS
250 OK
DEBUG SMTP: Found extension "TURN", arg ""
DEBUG SMTP: Found extension "SIZE", arg "41943040"
DEBUG SMTP: Found extension "ETRN", arg ""
DEBUG SMTP: Found extension "PIPELINING", arg ""
DEBUG SMTP: Found extension "DSN", arg ""
DEBUG SMTP: Found extension "ENHANCEDSTATUSCODES", arg ""
DEBUG SMTP: Found extension "8bitmime", arg ""
DEBUG SMTP: Found extension "BINARYMIME", arg ""
DEBUG SMTP: Found extension "CHUNKING", arg ""
DEBUG SMTP: Found extension "VRFY", arg ""
DEBUG SMTP: Found extension "TLS", arg ""
DEBUG SMTP: Found extension "STARTTLS", arg ""
DEBUG SMTP: Found extension "OK", arg ""
STARTTLS
220 2.0.0 SMTP server ready
EHLO mandos6.ics.muni.cz
250-BLU437-SMTP39.smtp.hotmail.com Hello [147.251.9.209]
250-TURN
250-SIZE 41943040
250-ETRN
250-PIPELINING
250-DSN
250-ENHANCEDSTATUSCODES
250-8bitmime
250-BINARYMIME
250-CHUNKING
250-VRFY
250-AUTH LOGIN PLAIN XOAUTH2
250 OK
DEBUG SMTP: Found extension "TURN", arg ""
DEBUG SMTP: Found extension "SIZE", arg "41943040"
DEBUG SMTP: Found extension "ETRN", arg ""
DEBUG SMTP: Found extension "PIPELINING", arg ""
DEBUG SMTP: Found extension "DSN", arg ""
DEBUG SMTP: Found extension "ENHANCEDSTATUSCODES", arg ""
DEBUG SMTP: Found extension "8bitmime", arg ""
DEBUG SMTP: Found extension "BINARYMIME", arg ""
DEBUG SMTP: Found extension "CHUNKING", arg ""
DEBUG SMTP: Found extension "VRFY", arg ""
DEBUG SMTP: Found extension "AUTH", arg "LOGIN PLAIN XOAUTH2"
DEBUG SMTP: Found extension "OK", arg ""
DEBUG SMTP: Attempt to authenticate using mechanisms: LOGIN PLAIN DIGEST-MD5 NTLM 
DEBUG SMTP: AUTH LOGIN command trace suppressed
DEBUG SMTP: AUTH LOGIN succeeded
DEBUG SMTP: use8bit false
MAIL FROM:<matej.lochman@hotmail.com>
250 2.1.0 matej.lochman@hotmail.com....Sender OK
RCPT TO:<matej.lochman@gmail.com>
250 2.1.5 matej.lochman@gmail.com 
DEBUG SMTP: Verified Addresses
DEBUG SMTP:   matej.lochman@gmail.com
DATA
354 Start mail input; end with <CRLF>.<CRLF>
Date: Fri, 3 Apr 2015 21:15:51 +0200 (CEST)
From: matej.lochman@hotmail.com
To: matej.lochman@gmail.com
Message-ID: <1855693993.19.1428088551280.JavaMail.lachtan@mandos6.ics.muni.cz>
Subject: Test Fri Apr 03 20:47:43 CEST 2015 euclidean
MIME-Version: 1.0
Content-Type: multipart/mixed; 
	boundary="----=_Part_18_320437746.1428088551278"

------=_Part_18_320437746.1428088551278
Content-Type: text/plain; charset=us-ascii
Content-Transfer-Encoding: 7bit

Test Fri Apr 03 20:47:43 CEST 2015 euclidean
------=_Part_18_320437746.1428088551278
Content-Type: text/plain; charset=us-ascii; name="res/200/euclidean.txt"
Content-Transfer-Encoding: 7bit
Content-Disposition: attachment; filename="res/200/euclidean.txt"

Threshold: 0.9	Score: 0.0		Time: 00h 02m 38s
Threshold: 0.8	Score: 6.113406552573187E-4		Time: 00h 02m 36s
Threshold: 0.7	Score: 0.04550398686672547		Time: 00h 02m 35s
Threshold: 0.6	Score: 0.2904547507044928		Time: 00h 02m 35s
Threshold: 0.4	Score: 0.7235879854032276		Time: 00h 03m 00s
Threshold: 0.2	Score: 0.7894618216364954		Time: 00h 03m 11s
Threshold: 0.0	Score: 0.7894741264591546		Time: 00h 03m 12s
Neighbourhood: 2	Score: 0.3163336638361216		Time: 00h 02m 35s
Neighbourhood: 4	Score: 0.34401597744056733		Time: 00h 02m 35s
Neighbourhood: 8	Score: 0.3697282556810607		Time: 00h 02m 35s

------=_Part_18_320437746.1428088551278--
.
250 2.6.0  <1855693993.19.1428088551280.JavaMail.lachtan@mandos6.ics.muni.cz> Queued mail for delivery
QUIT
221 2.0.0 BLU437-SMTP39.smtp.hotmail.com Service closing transmission channel
Email sent!
[main] INFO org.apache.mahout.cf.taste.impl.eval.AbstractDifferenceRecommenderEvaluator - Beginning evaluation using 0.8 of FileDataModel[dataFile:/tmp/tempfile1284149126080320292.tmp]
[main] INFO org.apache.mahout.cf.taste.impl.model.GenericDataModel - Processed 2238 users
[main] INFO org.apache.mahout.cf.taste.impl.eval.AbstractDifferenceRecommenderEvaluator - Beginning evaluation of 2238 users
[main] INFO org.apache.mahout.cf.taste.impl.eval.AbstractDifferenceRecommenderEvaluator - Starting timing of 2238 tasks in 64 threads
[pool-11-thread-1] INFO org.apache.mahout.cf.taste.impl.eval.StatsCallable - Average time per recommendation: 5491ms
[pool-11-thread-1] INFO org.apache.mahout.cf.taste.impl.eval.StatsCallable - Approximate memory used: 6274MB / 107291MB
[pool-11-thread-1] INFO org.apache.mahout.cf.taste.impl.eval.StatsCallable - Unable to recommend in 48905 cases
[pool-11-thread-33] INFO org.apache.mahout.cf.taste.impl.eval.StatsCallable - Average time per recommendation: 5386ms
[pool-11-thread-33] INFO org.apache.mahout.cf.taste.impl.eval.StatsCallable - Approximate memory used: 5066MB / 107287MB
[pool-11-thread-33] INFO org.apache.mahout.cf.taste.impl.eval.StatsCallable - Unable to recommend in 128904 cases
[pool-11-thread-53] INFO org.apache.mahout.cf.taste.impl.eval.StatsCallable - Average time per recommendation: 3918ms
[pool-11-thread-53] INFO org.apache.mahout.cf.taste.impl.eval.StatsCallable - Approximate memory used: 5492MB / 107298MB
[pool-11-thread-53] INFO org.apache.mahout.cf.taste.impl.eval.StatsCallable - Unable to recommend in 223553 cases
[main] INFO org.apache.mahout.cf.taste.impl.eval.AbstractDifferenceRecommenderEvaluator - Evaluation result: 0.4219829316481257
0.4219829316481257 00h 02m 36s
DEBUG: getProvider() returning javax.mail.Provider[TRANSPORT,smtp,com.sun.mail.smtp.SMTPTransport,Oracle]
DEBUG SMTP: useEhlo true, useAuth true
DEBUG SMTP: useEhlo true, useAuth true
DEBUG SMTP: trying to connect to host "smtp.live.com", port 587, isSSL false
220 BLU436-SMTP178.smtp.hotmail.com Microsoft ESMTP MAIL Service, Version: 8.0.9200.16384 ready at  Fri, 3 Apr 2015 12:18:30 -0700 
DEBUG SMTP: connected to host "smtp.live.com", port: 587

EHLO mandos6.ics.muni.cz
250-BLU436-SMTP178.smtp.hotmail.com Hello [147.251.9.209]
250-TURN
250-SIZE 41943040
250-ETRN
250-PIPELINING
250-DSN
250-ENHANCEDSTATUSCODES
250-8bitmime
250-BINARYMIME
250-CHUNKING
250-VRFY
250-TLS
250-STARTTLS
250 OK
DEBUG SMTP: Found extension "TURN", arg ""
DEBUG SMTP: Found extension "SIZE", arg "41943040"
DEBUG SMTP: Found extension "ETRN", arg ""
DEBUG SMTP: Found extension "PIPELINING", arg ""
DEBUG SMTP: Found extension "DSN", arg ""
DEBUG SMTP: Found extension "ENHANCEDSTATUSCODES", arg ""
DEBUG SMTP: Found extension "8bitmime", arg ""
DEBUG SMTP: Found extension "BINARYMIME", arg ""
DEBUG SMTP: Found extension "CHUNKING", arg ""
DEBUG SMTP: Found extension "VRFY", arg ""
DEBUG SMTP: Found extension "TLS", arg ""
DEBUG SMTP: Found extension "STARTTLS", arg ""
DEBUG SMTP: Found extension "OK", arg ""
STARTTLS
220 2.0.0 SMTP server ready
EHLO mandos6.ics.muni.cz
250-BLU436-SMTP178.smtp.hotmail.com Hello [147.251.9.209]
250-TURN
250-SIZE 41943040
250-ETRN
250-PIPELINING
250-DSN
250-ENHANCEDSTATUSCODES
250-8bitmime
250-BINARYMIME
250-CHUNKING
250-VRFY
250-AUTH LOGIN PLAIN XOAUTH2
250 OK
DEBUG SMTP: Found extension "TURN", arg ""
DEBUG SMTP: Found extension "SIZE", arg "41943040"
DEBUG SMTP: Found extension "ETRN", arg ""
DEBUG SMTP: Found extension "PIPELINING", arg ""
DEBUG SMTP: Found extension "DSN", arg ""
DEBUG SMTP: Found extension "ENHANCEDSTATUSCODES", arg ""
DEBUG SMTP: Found extension "8bitmime", arg ""
DEBUG SMTP: Found extension "BINARYMIME", arg ""
DEBUG SMTP: Found extension "CHUNKING", arg ""
DEBUG SMTP: Found extension "VRFY", arg ""
DEBUG SMTP: Found extension "AUTH", arg "LOGIN PLAIN XOAUTH2"
DEBUG SMTP: Found extension "OK", arg ""
DEBUG SMTP: Attempt to authenticate using mechanisms: LOGIN PLAIN DIGEST-MD5 NTLM 
DEBUG SMTP: AUTH LOGIN command trace suppressed
DEBUG SMTP: AUTH LOGIN succeeded
DEBUG SMTP: use8bit false
MAIL FROM:<matej.lochman@hotmail.com>
250 2.1.0 matej.lochman@hotmail.com....Sender OK
RCPT TO:<matej.lochman@gmail.com>
250 2.1.5 matej.lochman@gmail.com 
DEBUG SMTP: Verified Addresses
DEBUG SMTP:   matej.lochman@gmail.com
DATA
354 Start mail input; end with <CRLF>.<CRLF>
Date: Fri, 3 Apr 2015 21:18:30 +0200 (CEST)
From: matej.lochman@hotmail.com
To: matej.lochman@gmail.com
Message-ID: <1348847019.21.1428088710513.JavaMail.lachtan@mandos6.ics.muni.cz>
Subject: Test Fri Apr 03 20:47:43 CEST 2015 euclidean
MIME-Version: 1.0
Content-Type: multipart/mixed; 
	boundary="----=_Part_20_1906711479.1428088710510"

------=_Part_20_1906711479.1428088710510
Content-Type: text/plain; charset=us-ascii
Content-Transfer-Encoding: 7bit

Test Fri Apr 03 20:47:43 CEST 2015 euclidean
------=_Part_20_1906711479.1428088710510
Content-Type: text/plain; charset=us-ascii; name="res/200/euclidean.txt"
Content-Transfer-Encoding: 7bit
Content-Disposition: attachment; filename="res/200/euclidean.txt"

Threshold: 0.9	Score: 0.0		Time: 00h 02m 38s
Threshold: 0.8	Score: 6.113406552573187E-4		Time: 00h 02m 36s
Threshold: 0.7	Score: 0.04550398686672547		Time: 00h 02m 35s
Threshold: 0.6	Score: 0.2904547507044928		Time: 00h 02m 35s
Threshold: 0.4	Score: 0.7235879854032276		Time: 00h 03m 00s
Threshold: 0.2	Score: 0.7894618216364954		Time: 00h 03m 11s
Threshold: 0.0	Score: 0.7894741264591546		Time: 00h 03m 12s
Neighbourhood: 2	Score: 0.3163336638361216		Time: 00h 02m 35s
Neighbourhood: 4	Score: 0.34401597744056733		Time: 00h 02m 35s
Neighbourhood: 8	Score: 0.3697282556810607		Time: 00h 02m 35s
Neighbourhood: 16	Score: 0.4219829316481257		Time: 00h 02m 36s

------=_Part_20_1906711479.1428088710510--
.
250 2.6.0  <1348847019.21.1428088710513.JavaMail.lachtan@mandos6.ics.muni.cz> Queued mail for delivery
QUIT
221 2.0.0 BLU436-SMTP178.smtp.hotmail.com Service closing transmission channel
Email sent!
[main] INFO org.apache.mahout.cf.taste.impl.eval.AbstractDifferenceRecommenderEvaluator - Beginning evaluation using 0.8 of FileDataModel[dataFile:/tmp/tempfile1284149126080320292.tmp]
[main] INFO org.apache.mahout.cf.taste.impl.model.GenericDataModel - Processed 2238 users
[main] INFO org.apache.mahout.cf.taste.impl.eval.AbstractDifferenceRecommenderEvaluator - Beginning evaluation of 2238 users
[main] INFO org.apache.mahout.cf.taste.impl.eval.AbstractDifferenceRecommenderEvaluator - Starting timing of 2238 tasks in 64 threads
[pool-12-thread-1] INFO org.apache.mahout.cf.taste.impl.eval.StatsCallable - Average time per recommendation: 5487ms
[pool-12-thread-1] INFO org.apache.mahout.cf.taste.impl.eval.StatsCallable - Approximate memory used: 1531MB / 107296MB
[pool-12-thread-1] INFO org.apache.mahout.cf.taste.impl.eval.StatsCallable - Unable to recommend in 40787 cases
[pool-12-thread-31] INFO org.apache.mahout.cf.taste.impl.eval.StatsCallable - Average time per recommendation: 5422ms
[pool-12-thread-31] INFO org.apache.mahout.cf.taste.impl.eval.StatsCallable - Approximate memory used: 551MB / 107299MB
[pool-12-thread-31] INFO org.apache.mahout.cf.taste.impl.eval.StatsCallable - Unable to recommend in 108057 cases
[pool-12-thread-2] INFO org.apache.mahout.cf.taste.impl.eval.StatsCallable - Average time per recommendation: 3948ms
[pool-12-thread-2] INFO org.apache.mahout.cf.taste.impl.eval.StatsCallable - Approximate memory used: 1261MB / 107297MB
[pool-12-thread-2] INFO org.apache.mahout.cf.taste.impl.eval.StatsCallable - Unable to recommend in 186379 cases
[main] INFO org.apache.mahout.cf.taste.impl.eval.AbstractDifferenceRecommenderEvaluator - Evaluation result: 0.48507385083027676
0.48507385083027676 00h 02m 37s
DEBUG: getProvider() returning javax.mail.Provider[TRANSPORT,smtp,com.sun.mail.smtp.SMTPTransport,Oracle]
DEBUG SMTP: useEhlo true, useAuth true
DEBUG SMTP: useEhlo true, useAuth true
DEBUG SMTP: trying to connect to host "smtp.live.com", port 587, isSSL false
220 BLU436-SMTP133.smtp.hotmail.com Microsoft ESMTP MAIL Service, Version: 8.0.9200.16384 ready at  Fri, 3 Apr 2015 12:21:11 -0700 
DEBUG SMTP: connected to host "smtp.live.com", port: 587

EHLO mandos6.ics.muni.cz
250-BLU436-SMTP133.smtp.hotmail.com Hello [147.251.9.209]
250-TURN
250-SIZE 41943040
250-ETRN
250-PIPELINING
250-DSN
250-ENHANCEDSTATUSCODES
250-8bitmime
250-BINARYMIME
250-CHUNKING
250-VRFY
250-TLS
250-STARTTLS
250 OK
DEBUG SMTP: Found extension "TURN", arg ""
DEBUG SMTP: Found extension "SIZE", arg "41943040"
DEBUG SMTP: Found extension "ETRN", arg ""
DEBUG SMTP: Found extension "PIPELINING", arg ""
DEBUG SMTP: Found extension "DSN", arg ""
DEBUG SMTP: Found extension "ENHANCEDSTATUSCODES", arg ""
DEBUG SMTP: Found extension "8bitmime", arg ""
DEBUG SMTP: Found extension "BINARYMIME", arg ""
DEBUG SMTP: Found extension "CHUNKING", arg ""
DEBUG SMTP: Found extension "VRFY", arg ""
DEBUG SMTP: Found extension "TLS", arg ""
DEBUG SMTP: Found extension "STARTTLS", arg ""
DEBUG SMTP: Found extension "OK", arg ""
STARTTLS
220 2.0.0 SMTP server ready
EHLO mandos6.ics.muni.cz
250-BLU436-SMTP133.smtp.hotmail.com Hello [147.251.9.209]
250-TURN
250-SIZE 41943040
250-ETRN
250-PIPELINING
250-DSN
250-ENHANCEDSTATUSCODES
250-8bitmime
250-BINARYMIME
250-CHUNKING
250-VRFY
250-AUTH LOGIN PLAIN XOAUTH2
250 OK
DEBUG SMTP: Found extension "TURN", arg ""
DEBUG SMTP: Found extension "SIZE", arg "41943040"
DEBUG SMTP: Found extension "ETRN", arg ""
DEBUG SMTP: Found extension "PIPELINING", arg ""
DEBUG SMTP: Found extension "DSN", arg ""
DEBUG SMTP: Found extension "ENHANCEDSTATUSCODES", arg ""
DEBUG SMTP: Found extension "8bitmime", arg ""
DEBUG SMTP: Found extension "BINARYMIME", arg ""
DEBUG SMTP: Found extension "CHUNKING", arg ""
DEBUG SMTP: Found extension "VRFY", arg ""
DEBUG SMTP: Found extension "AUTH", arg "LOGIN PLAIN XOAUTH2"
DEBUG SMTP: Found extension "OK", arg ""
DEBUG SMTP: Attempt to authenticate using mechanisms: LOGIN PLAIN DIGEST-MD5 NTLM 
DEBUG SMTP: AUTH LOGIN command trace suppressed
DEBUG SMTP: AUTH LOGIN succeeded
DEBUG SMTP: use8bit false
MAIL FROM:<matej.lochman@hotmail.com>
250 2.1.0 matej.lochman@hotmail.com....Sender OK
RCPT TO:<matej.lochman@gmail.com>
250 2.1.5 matej.lochman@gmail.com 
DEBUG SMTP: Verified Addresses
DEBUG SMTP:   matej.lochman@gmail.com
DATA
354 Start mail input; end with <CRLF>.<CRLF>
Date: Fri, 3 Apr 2015 21:21:10 +0200 (CEST)
From: matej.lochman@hotmail.com
To: matej.lochman@gmail.com
Message-ID: <1635345159.23.1428088870973.JavaMail.lachtan@mandos6.ics.muni.cz>
Subject: Test Fri Apr 03 20:47:43 CEST 2015 euclidean
MIME-Version: 1.0
Content-Type: multipart/mixed; 
	boundary="----=_Part_22_1483927110.1428088870970"

------=_Part_22_1483927110.1428088870970
Content-Type: text/plain; charset=us-ascii
Content-Transfer-Encoding: 7bit

Test Fri Apr 03 20:47:43 CEST 2015 euclidean
------=_Part_22_1483927110.1428088870970
Content-Type: text/plain; charset=us-ascii; name="res/200/euclidean.txt"
Content-Transfer-Encoding: 7bit
Content-Disposition: attachment; filename="res/200/euclidean.txt"

Threshold: 0.9	Score: 0.0		Time: 00h 02m 38s
Threshold: 0.8	Score: 6.113406552573187E-4		Time: 00h 02m 36s
Threshold: 0.7	Score: 0.04550398686672547		Time: 00h 02m 35s
Threshold: 0.6	Score: 0.2904547507044928		Time: 00h 02m 35s
Threshold: 0.4	Score: 0.7235879854032276		Time: 00h 03m 00s
Threshold: 0.2	Score: 0.7894618216364954		Time: 00h 03m 11s
Threshold: 0.0	Score: 0.7894741264591546		Time: 00h 03m 12s
Neighbourhood: 2	Score: 0.3163336638361216		Time: 00h 02m 35s
Neighbourhood: 4	Score: 0.34401597744056733		Time: 00h 02m 35s
Neighbourhood: 8	Score: 0.3697282556810607		Time: 00h 02m 35s
Neighbourhood: 16	Score: 0.4219829316481257		Time: 00h 02m 36s
Neighbourhood: 32	Score: 0.48507385083027676		Time: 00h 02m 37s

------=_Part_22_1483927110.1428088870970--
.
250 2.6.0  <1635345159.23.1428088870973.JavaMail.lachtan@mandos6.ics.muni.cz> Queued mail for delivery
QUIT
221 2.0.0 BLU436-SMTP133.smtp.hotmail.com Service closing transmission channel
Email sent!
[main] INFO org.apache.mahout.cf.taste.impl.eval.AbstractDifferenceRecommenderEvaluator - Beginning evaluation using 0.8 of FileDataModel[dataFile:/tmp/tempfile1284149126080320292.tmp]
[main] INFO org.apache.mahout.cf.taste.impl.model.GenericDataModel - Processed 2238 users
[main] INFO org.apache.mahout.cf.taste.impl.eval.AbstractDifferenceRecommenderEvaluator - Beginning evaluation of 2238 users
[main] INFO org.apache.mahout.cf.taste.impl.eval.AbstractDifferenceRecommenderEvaluator - Starting timing of 2238 tasks in 64 threads
[pool-13-thread-1] INFO org.apache.mahout.cf.taste.impl.eval.StatsCallable - Average time per recommendation: 5560ms
[pool-13-thread-1] INFO org.apache.mahout.cf.taste.impl.eval.StatsCallable - Approximate memory used: 8155MB / 107297MB
[pool-13-thread-1] INFO org.apache.mahout.cf.taste.impl.eval.StatsCallable - Unable to recommend in 30030 cases
[pool-13-thread-25] INFO org.apache.mahout.cf.taste.impl.eval.StatsCallable - Average time per recommendation: 5406ms
[pool-13-thread-25] INFO org.apache.mahout.cf.taste.impl.eval.StatsCallable - Approximate memory used: 7687MB / 107298MB
[pool-13-thread-25] INFO org.apache.mahout.cf.taste.impl.eval.StatsCallable - Unable to recommend in 78879 cases
[pool-13-thread-46] INFO org.apache.mahout.cf.taste.impl.eval.StatsCallable - Average time per recommendation: 3942ms
[pool-13-thread-46] INFO org.apache.mahout.cf.taste.impl.eval.StatsCallable - Approximate memory used: 8976MB / 107299MB
[pool-13-thread-46] INFO org.apache.mahout.cf.taste.impl.eval.StatsCallable - Unable to recommend in 134333 cases
[main] INFO org.apache.mahout.cf.taste.impl.eval.AbstractDifferenceRecommenderEvaluator - Evaluation result: 0.5428362300231376
0.5428362300231376 00h 02m 36s
DEBUG: getProvider() returning javax.mail.Provider[TRANSPORT,smtp,com.sun.mail.smtp.SMTPTransport,Oracle]
DEBUG SMTP: useEhlo true, useAuth true
DEBUG SMTP: useEhlo true, useAuth true
DEBUG SMTP: trying to connect to host "smtp.live.com", port 587, isSSL false
220 BLU436-SMTP217.smtp.hotmail.com Microsoft ESMTP MAIL Service, Version: 8.0.9200.16384 ready at  Fri, 3 Apr 2015 12:23:51 -0700 
DEBUG SMTP: connected to host "smtp.live.com", port: 587

EHLO mandos6.ics.muni.cz
250-BLU436-SMTP217.smtp.hotmail.com Hello [147.251.9.209]
250-TURN
250-SIZE 41943040
250-ETRN
250-PIPELINING
250-DSN
250-ENHANCEDSTATUSCODES
250-8bitmime
250-BINARYMIME
250-CHUNKING
250-VRFY
250-TLS
250-STARTTLS
250 OK
DEBUG SMTP: Found extension "TURN", arg ""
DEBUG SMTP: Found extension "SIZE", arg "41943040"
DEBUG SMTP: Found extension "ETRN", arg ""
DEBUG SMTP: Found extension "PIPELINING", arg ""
DEBUG SMTP: Found extension "DSN", arg ""
DEBUG SMTP: Found extension "ENHANCEDSTATUSCODES", arg ""
DEBUG SMTP: Found extension "8bitmime", arg ""
DEBUG SMTP: Found extension "BINARYMIME", arg ""
DEBUG SMTP: Found extension "CHUNKING", arg ""
DEBUG SMTP: Found extension "VRFY", arg ""
DEBUG SMTP: Found extension "TLS", arg ""
DEBUG SMTP: Found extension "STARTTLS", arg ""
DEBUG SMTP: Found extension "OK", arg ""
STARTTLS
220 2.0.0 SMTP server ready
EHLO mandos6.ics.muni.cz
250-BLU436-SMTP217.smtp.hotmail.com Hello [147.251.9.209]
250-TURN
250-SIZE 41943040
250-ETRN
250-PIPELINING
250-DSN
250-ENHANCEDSTATUSCODES
250-8bitmime
250-BINARYMIME
250-CHUNKING
250-VRFY
250-AUTH LOGIN PLAIN XOAUTH2
250 OK
DEBUG SMTP: Found extension "TURN", arg ""
DEBUG SMTP: Found extension "SIZE", arg "41943040"
DEBUG SMTP: Found extension "ETRN", arg ""
DEBUG SMTP: Found extension "PIPELINING", arg ""
DEBUG SMTP: Found extension "DSN", arg ""
DEBUG SMTP: Found extension "ENHANCEDSTATUSCODES", arg ""
DEBUG SMTP: Found extension "8bitmime", arg ""
DEBUG SMTP: Found extension "BINARYMIME", arg ""
DEBUG SMTP: Found extension "CHUNKING", arg ""
DEBUG SMTP: Found extension "VRFY", arg ""
DEBUG SMTP: Found extension "AUTH", arg "LOGIN PLAIN XOAUTH2"
DEBUG SMTP: Found extension "OK", arg ""
DEBUG SMTP: Attempt to authenticate using mechanisms: LOGIN PLAIN DIGEST-MD5 NTLM 
DEBUG SMTP: AUTH LOGIN command trace suppressed
DEBUG SMTP: AUTH LOGIN succeeded
DEBUG SMTP: use8bit false
MAIL FROM:<matej.lochman@hotmail.com>
250 2.1.0 matej.lochman@hotmail.com....Sender OK
RCPT TO:<matej.lochman@gmail.com>
250 2.1.5 matej.lochman@gmail.com 
DEBUG SMTP: Verified Addresses
DEBUG SMTP:   matej.lochman@gmail.com
DATA
354 Start mail input; end with <CRLF>.<CRLF>
Date: Fri, 3 Apr 2015 21:23:51 +0200 (CEST)
From: matej.lochman@hotmail.com
To: matej.lochman@gmail.com
Message-ID: <1349321790.25.1428089031187.JavaMail.lachtan@mandos6.ics.muni.cz>
Subject: Test Fri Apr 03 20:47:43 CEST 2015 euclidean
MIME-Version: 1.0
Content-Type: multipart/mixed; 
	boundary="----=_Part_24_1295444668.1428089031184"

------=_Part_24_1295444668.1428089031184
Content-Type: text/plain; charset=us-ascii
Content-Transfer-Encoding: 7bit

Test Fri Apr 03 20:47:43 CEST 2015 euclidean
------=_Part_24_1295444668.1428089031184
Content-Type: text/plain; charset=us-ascii; name="res/200/euclidean.txt"
Content-Transfer-Encoding: 7bit
Content-Disposition: attachment; filename="res/200/euclidean.txt"

Threshold: 0.9	Score: 0.0		Time: 00h 02m 38s
Threshold: 0.8	Score: 6.113406552573187E-4		Time: 00h 02m 36s
Threshold: 0.7	Score: 0.04550398686672547		Time: 00h 02m 35s
Threshold: 0.6	Score: 0.2904547507044928		Time: 00h 02m 35s
Threshold: 0.4	Score: 0.7235879854032276		Time: 00h 03m 00s
Threshold: 0.2	Score: 0.7894618216364954		Time: 00h 03m 11s
Threshold: 0.0	Score: 0.7894741264591546		Time: 00h 03m 12s
Neighbourhood: 2	Score: 0.3163336638361216		Time: 00h 02m 35s
Neighbourhood: 4	Score: 0.34401597744056733		Time: 00h 02m 35s
Neighbourhood: 8	Score: 0.3697282556810607		Time: 00h 02m 35s
Neighbourhood: 16	Score: 0.4219829316481257		Time: 00h 02m 36s
Neighbourhood: 32	Score: 0.48507385083027676		Time: 00h 02m 37s
Neighbourhood: 64	Score: 0.5428362300231376		Time: 00h 02m 36s

------=_Part_24_1295444668.1428089031184--
.
250 2.6.0  <1349321790.25.1428089031187.JavaMail.lachtan@mandos6.ics.muni.cz> Queued mail for delivery
QUIT
221 2.0.0 BLU436-SMTP217.smtp.hotmail.com Service closing transmission channel
Email sent!
[main] INFO org.apache.mahout.cf.taste.impl.eval.AbstractDifferenceRecommenderEvaluator - Beginning evaluation using 0.8 of FileDataModel[dataFile:/tmp/tempfile1284149126080320292.tmp]
[main] INFO org.apache.mahout.cf.taste.impl.model.GenericDataModel - Processed 2238 users
[main] INFO org.apache.mahout.cf.taste.impl.eval.AbstractDifferenceRecommenderEvaluator - Beginning evaluation of 2238 users
[main] INFO org.apache.mahout.cf.taste.impl.eval.AbstractDifferenceRecommenderEvaluator - Starting timing of 2238 tasks in 64 threads
[pool-14-thread-1] INFO org.apache.mahout.cf.taste.impl.eval.StatsCallable - Average time per recommendation: 5604ms
[pool-14-thread-1] INFO org.apache.mahout.cf.taste.impl.eval.StatsCallable - Approximate memory used: 5852MB / 107298MB
[pool-14-thread-1] INFO org.apache.mahout.cf.taste.impl.eval.StatsCallable - Unable to recommend in 20380 cases
[pool-14-thread-44] INFO org.apache.mahout.cf.taste.impl.eval.StatsCallable - Average time per recommendation: 5461ms
[pool-14-thread-44] INFO org.apache.mahout.cf.taste.impl.eval.StatsCallable - Approximate memory used: 6145MB / 107300MB
[pool-14-thread-44] INFO org.apache.mahout.cf.taste.impl.eval.StatsCallable - Unable to recommend in 52363 cases
[pool-14-thread-35] INFO org.apache.mahout.cf.taste.impl.eval.StatsCallable - Average time per recommendation: 3990ms
[pool-14-thread-35] INFO org.apache.mahout.cf.taste.impl.eval.StatsCallable - Approximate memory used: 8348MB / 107304MB
[pool-14-thread-35] INFO org.apache.mahout.cf.taste.impl.eval.StatsCallable - Unable to recommend in 86372 cases
[main] INFO org.apache.mahout.cf.taste.impl.eval.AbstractDifferenceRecommenderEvaluator - Evaluation result: 0.5946775026614802
0.5946775026614802 00h 02m 38s
DEBUG: getProvider() returning javax.mail.Provider[TRANSPORT,smtp,com.sun.mail.smtp.SMTPTransport,Oracle]
DEBUG SMTP: useEhlo true, useAuth true
DEBUG SMTP: useEhlo true, useAuth true
DEBUG SMTP: trying to connect to host "smtp.live.com", port 587, isSSL false
220 BLU436-SMTP238.smtp.hotmail.com Microsoft ESMTP MAIL Service, Version: 8.0.9200.16384 ready at  Fri, 3 Apr 2015 12:26:32 -0700 
DEBUG SMTP: connected to host "smtp.live.com", port: 587

EHLO mandos6.ics.muni.cz
250-BLU436-SMTP238.smtp.hotmail.com Hello [147.251.9.209]
250-TURN
250-SIZE 41943040
250-ETRN
250-PIPELINING
250-DSN
250-ENHANCEDSTATUSCODES
250-8bitmime
250-BINARYMIME
250-CHUNKING
250-VRFY
250-TLS
250-STARTTLS
250 OK
DEBUG SMTP: Found extension "TURN", arg ""
DEBUG SMTP: Found extension "SIZE", arg "41943040"
DEBUG SMTP: Found extension "ETRN", arg ""
DEBUG SMTP: Found extension "PIPELINING", arg ""
DEBUG SMTP: Found extension "DSN", arg ""
DEBUG SMTP: Found extension "ENHANCEDSTATUSCODES", arg ""
DEBUG SMTP: Found extension "8bitmime", arg ""
DEBUG SMTP: Found extension "BINARYMIME", arg ""
DEBUG SMTP: Found extension "CHUNKING", arg ""
DEBUG SMTP: Found extension "VRFY", arg ""
DEBUG SMTP: Found extension "TLS", arg ""
DEBUG SMTP: Found extension "STARTTLS", arg ""
DEBUG SMTP: Found extension "OK", arg ""
STARTTLS
220 2.0.0 SMTP server ready
EHLO mandos6.ics.muni.cz
250-BLU436-SMTP238.smtp.hotmail.com Hello [147.251.9.209]
250-TURN
250-SIZE 41943040
250-ETRN
250-PIPELINING
250-DSN
250-ENHANCEDSTATUSCODES
250-8bitmime
250-BINARYMIME
250-CHUNKING
250-VRFY
250-AUTH LOGIN PLAIN XOAUTH2
250 OK
DEBUG SMTP: Found extension "TURN", arg ""
DEBUG SMTP: Found extension "SIZE", arg "41943040"
DEBUG SMTP: Found extension "ETRN", arg ""
DEBUG SMTP: Found extension "PIPELINING", arg ""
DEBUG SMTP: Found extension "DSN", arg ""
DEBUG SMTP: Found extension "ENHANCEDSTATUSCODES", arg ""
DEBUG SMTP: Found extension "8bitmime", arg ""
DEBUG SMTP: Found extension "BINARYMIME", arg ""
DEBUG SMTP: Found extension "CHUNKING", arg ""
DEBUG SMTP: Found extension "VRFY", arg ""
DEBUG SMTP: Found extension "AUTH", arg "LOGIN PLAIN XOAUTH2"
DEBUG SMTP: Found extension "OK", arg ""
DEBUG SMTP: Attempt to authenticate using mechanisms: LOGIN PLAIN DIGEST-MD5 NTLM 
DEBUG SMTP: AUTH LOGIN command trace suppressed
DEBUG SMTP: AUTH LOGIN succeeded
DEBUG SMTP: use8bit false
MAIL FROM:<matej.lochman@hotmail.com>
250 2.1.0 matej.lochman@hotmail.com....Sender OK
RCPT TO:<matej.lochman@gmail.com>
250 2.1.5 matej.lochman@gmail.com 
DEBUG SMTP: Verified Addresses
DEBUG SMTP:   matej.lochman@gmail.com
DATA
354 Start mail input; end with <CRLF>.<CRLF>
Date: Fri, 3 Apr 2015 21:26:32 +0200 (CEST)
From: matej.lochman@hotmail.com
To: matej.lochman@gmail.com
Message-ID: <255059556.27.1428089192444.JavaMail.lachtan@mandos6.ics.muni.cz>
Subject: Test Fri Apr 03 20:47:43 CEST 2015 euclidean
MIME-Version: 1.0
Content-Type: multipart/mixed; 
	boundary="----=_Part_26_1029994689.1428089192441"

------=_Part_26_1029994689.1428089192441
Content-Type: text/plain; charset=us-ascii
Content-Transfer-Encoding: 7bit

Test Fri Apr 03 20:47:43 CEST 2015 euclidean
------=_Part_26_1029994689.1428089192441
Content-Type: text/plain; charset=us-ascii; name="res/200/euclidean.txt"
Content-Transfer-Encoding: 7bit
Content-Disposition: attachment; filename="res/200/euclidean.txt"

Threshold: 0.9	Score: 0.0		Time: 00h 02m 38s
Threshold: 0.8	Score: 6.113406552573187E-4		Time: 00h 02m 36s
Threshold: 0.7	Score: 0.04550398686672547		Time: 00h 02m 35s
Threshold: 0.6	Score: 0.2904547507044928		Time: 00h 02m 35s
Threshold: 0.4	Score: 0.7235879854032276		Time: 00h 03m 00s
Threshold: 0.2	Score: 0.7894618216364954		Time: 00h 03m 11s
Threshold: 0.0	Score: 0.7894741264591546		Time: 00h 03m 12s
Neighbourhood: 2	Score: 0.3163336638361216		Time: 00h 02m 35s
Neighbourhood: 4	Score: 0.34401597744056733		Time: 00h 02m 35s
Neighbourhood: 8	Score: 0.3697282556810607		Time: 00h 02m 35s
Neighbourhood: 16	Score: 0.4219829316481257		Time: 00h 02m 36s
Neighbourhood: 32	Score: 0.48507385083027676		Time: 00h 02m 37s
Neighbourhood: 64	Score: 0.5428362300231376		Time: 00h 02m 36s
Neighbourhood: 128	Score: 0.5946775026614802		Time: 00h 02m 38s

------=_Part_26_1029994689.1428089192441--
.
250 2.6.0  <255059556.27.1428089192444.JavaMail.lachtan@mandos6.ics.muni.cz> Queued mail for delivery
QUIT
221 2.0.0 BLU436-SMTP238.smtp.hotmail.com Service closing transmission channel
Email sent!

**********************************************************************************************************

The SCRATCHes have been SUCCESSFULLY cleaned...
