[main] INFO org.apache.mahout.cf.taste.impl.model.file.FileDataModel - Creating FileDataModel for file /tmp/tempfile2884931500326240669.tmp
[main] INFO org.apache.mahout.cf.taste.impl.model.file.FileDataModel - Reading file info...
[main] INFO org.apache.mahout.cf.taste.impl.model.file.FileDataModel - Processed 1000000 lines
[main] INFO org.apache.mahout.cf.taste.impl.model.file.FileDataModel - Read lines: 1223623
[main] INFO org.apache.mahout.cf.taste.impl.model.GenericDataModel - Processed 2238 users
DEBUG: JavaMail version 1.5.0-b01
DEBUG: successfully loaded resource: /META-INF/javamail.default.providers
DEBUG: Tables of loaded providers
DEBUG: Providers Listed By Class Name: {com.sun.mail.smtp.SMTPSSLTransport=javax.mail.Provider[TRANSPORT,smtps,com.sun.mail.smtp.SMTPSSLTransport,Oracle], com.sun.mail.smtp.SMTPTransport=javax.mail.Provider[TRANSPORT,smtp,com.sun.mail.smtp.SMTPTransport,Oracle], com.sun.mail.imap.IMAPSSLStore=javax.mail.Provider[STORE,imaps,com.sun.mail.imap.IMAPSSLStore,Oracle], com.sun.mail.pop3.POP3SSLStore=javax.mail.Provider[STORE,pop3s,com.sun.mail.pop3.POP3SSLStore,Oracle], com.sun.mail.imap.IMAPStore=javax.mail.Provider[STORE,imap,com.sun.mail.imap.IMAPStore,Oracle], com.sun.mail.pop3.POP3Store=javax.mail.Provider[STORE,pop3,com.sun.mail.pop3.POP3Store,Oracle]}
DEBUG: Providers Listed By Protocol: {imaps=javax.mail.Provider[STORE,imaps,com.sun.mail.imap.IMAPSSLStore,Oracle], imap=javax.mail.Provider[STORE,imap,com.sun.mail.imap.IMAPStore,Oracle], smtps=javax.mail.Provider[TRANSPORT,smtps,com.sun.mail.smtp.SMTPSSLTransport,Oracle], pop3=javax.mail.Provider[STORE,pop3,com.sun.mail.pop3.POP3Store,Oracle], pop3s=javax.mail.Provider[STORE,pop3s,com.sun.mail.pop3.POP3SSLStore,Oracle], smtp=javax.mail.Provider[TRANSPORT,smtp,com.sun.mail.smtp.SMTPTransport,Oracle]}
DEBUG: successfully loaded resource: /META-INF/javamail.default.address.map
[main] INFO org.apache.mahout.cf.taste.impl.eval.AbstractDifferenceRecommenderEvaluator - Beginning evaluation using 0.8 of FileDataModel[dataFile:/tmp/tempfile2884931500326240669.tmp]
[main] INFO org.apache.mahout.cf.taste.impl.model.GenericDataModel - Processed 2238 users
[main] INFO org.apache.mahout.cf.taste.impl.eval.AbstractDifferenceRecommenderEvaluator - Beginning evaluation of 2238 users
[main] INFO org.apache.mahout.cf.taste.impl.eval.AbstractDifferenceRecommenderEvaluator - Starting timing of 2238 tasks in 64 threads
[pool-1-thread-1] INFO org.apache.mahout.cf.taste.impl.eval.StatsCallable - Average time per recommendation: 5640ms
[pool-1-thread-1] INFO org.apache.mahout.cf.taste.impl.eval.StatsCallable - Approximate memory used: 5280MB / 106032MB
[pool-1-thread-1] INFO org.apache.mahout.cf.taste.impl.eval.StatsCallable - Unable to recommend in 49757 cases
[pool-1-thread-22] INFO org.apache.mahout.cf.taste.impl.eval.StatsCallable - Average time per recommendation: 5569ms
[pool-1-thread-22] INFO org.apache.mahout.cf.taste.impl.eval.StatsCallable - Approximate memory used: 3192MB / 106032MB
[pool-1-thread-22] INFO org.apache.mahout.cf.taste.impl.eval.StatsCallable - Unable to recommend in 137269 cases
[pool-1-thread-14] INFO org.apache.mahout.cf.taste.impl.eval.StatsCallable - Average time per recommendation: 4026ms
[pool-1-thread-14] INFO org.apache.mahout.cf.taste.impl.eval.StatsCallable - Approximate memory used: 1971MB / 106032MB
[pool-1-thread-14] INFO org.apache.mahout.cf.taste.impl.eval.StatsCallable - Unable to recommend in 232711 cases
[main] INFO org.apache.mahout.cf.taste.impl.eval.AbstractDifferenceRecommenderEvaluator - Evaluation result: 0.5108247189739742
0.5108247189739742 00h 02m 30s
DEBUG: getProvider() returning javax.mail.Provider[TRANSPORT,smtp,com.sun.mail.smtp.SMTPTransport,Oracle]
DEBUG SMTP: useEhlo true, useAuth true
DEBUG SMTP: useEhlo true, useAuth true
DEBUG SMTP: trying to connect to host "smtp.live.com", port 587, isSSL false
220 BLU437-SMTP11.smtp.hotmail.com Microsoft ESMTP MAIL Service, Version: 8.0.9200.16384 ready at  Fri, 3 Apr 2015 11:11:46 -0700 
DEBUG SMTP: connected to host "smtp.live.com", port: 587

EHLO mandos6.ics.muni.cz
250-BLU437-SMTP11.smtp.hotmail.com Hello [147.251.9.209]
250-TURN
250-SIZE 41943040
250-ETRN
250-PIPELINING
250-DSN
250-ENHANCEDSTATUSCODES
250-8bitmime
250-BINARYMIME
250-CHUNKING
250-VRFY
250-TLS
250-STARTTLS
250 OK
DEBUG SMTP: Found extension "TURN", arg ""
DEBUG SMTP: Found extension "SIZE", arg "41943040"
DEBUG SMTP: Found extension "ETRN", arg ""
DEBUG SMTP: Found extension "PIPELINING", arg ""
DEBUG SMTP: Found extension "DSN", arg ""
DEBUG SMTP: Found extension "ENHANCEDSTATUSCODES", arg ""
DEBUG SMTP: Found extension "8bitmime", arg ""
DEBUG SMTP: Found extension "BINARYMIME", arg ""
DEBUG SMTP: Found extension "CHUNKING", arg ""
DEBUG SMTP: Found extension "VRFY", arg ""
DEBUG SMTP: Found extension "TLS", arg ""
DEBUG SMTP: Found extension "STARTTLS", arg ""
DEBUG SMTP: Found extension "OK", arg ""
STARTTLS
220 2.0.0 SMTP server ready
EHLO mandos6.ics.muni.cz
250-BLU437-SMTP11.smtp.hotmail.com Hello [147.251.9.209]
250-TURN
250-SIZE 41943040
250-ETRN
250-PIPELINING
250-DSN
250-ENHANCEDSTATUSCODES
250-8bitmime
250-BINARYMIME
250-CHUNKING
250-VRFY
250-AUTH LOGIN PLAIN XOAUTH2
250 OK
DEBUG SMTP: Found extension "TURN", arg ""
DEBUG SMTP: Found extension "SIZE", arg "41943040"
DEBUG SMTP: Found extension "ETRN", arg ""
DEBUG SMTP: Found extension "PIPELINING", arg ""
DEBUG SMTP: Found extension "DSN", arg ""
DEBUG SMTP: Found extension "ENHANCEDSTATUSCODES", arg ""
DEBUG SMTP: Found extension "8bitmime", arg ""
DEBUG SMTP: Found extension "BINARYMIME", arg ""
DEBUG SMTP: Found extension "CHUNKING", arg ""
DEBUG SMTP: Found extension "VRFY", arg ""
DEBUG SMTP: Found extension "AUTH", arg "LOGIN PLAIN XOAUTH2"
DEBUG SMTP: Found extension "OK", arg ""
DEBUG SMTP: Attempt to authenticate using mechanisms: LOGIN PLAIN DIGEST-MD5 NTLM 
DEBUG SMTP: AUTH LOGIN command trace suppressed
DEBUG SMTP: AUTH LOGIN succeeded
DEBUG SMTP: use8bit false
MAIL FROM:<matej.lochman@hotmail.com>
250 2.1.0 matej.lochman@hotmail.com....Sender OK
RCPT TO:<matej.lochman@gmail.com>
250 2.1.5 matej.lochman@gmail.com 
DEBUG SMTP: Verified Addresses
DEBUG SMTP:   matej.lochman@gmail.com
DATA
354 Start mail input; end with <CRLF>.<CRLF>
Date: Fri, 3 Apr 2015 20:11:45 +0200 (CEST)
From: matej.lochman@hotmail.com
To: matej.lochman@gmail.com
Message-ID: <549392959.1.1428084705890.JavaMail.lachtan@mandos6.ics.muni.cz>
Subject: Test Fri Apr 03 20:09:15 CEST 2015 pearson
MIME-Version: 1.0
Content-Type: multipart/mixed; 
	boundary="----=_Part_0_1024870177.1428084705783"

------=_Part_0_1024870177.1428084705783
Content-Type: text/plain; charset=us-ascii
Content-Transfer-Encoding: 7bit

Test Fri Apr 03 20:09:15 CEST 2015 pearson
------=_Part_0_1024870177.1428084705783
Content-Type: text/plain; charset=us-ascii; name="res/200/pearson.txt"
Content-Transfer-Encoding: 7bit
Content-Disposition: attachment; filename="res/200/pearson.txt"

Threshold: 0.9	Score: 0.5108247189739742		Time: 00h 02m 30s

------=_Part_0_1024870177.1428084705783--
.
250 2.6.0  <549392959.1.1428084705890.JavaMail.lachtan@mandos6.ics.muni.cz> Queued mail for delivery
QUIT
221 2.0.0 BLU437-SMTP11.smtp.hotmail.com Service closing transmission channel
Email sent!
[main] INFO org.apache.mahout.cf.taste.impl.eval.AbstractDifferenceRecommenderEvaluator - Beginning evaluation using 0.8 of FileDataModel[dataFile:/tmp/tempfile2884931500326240669.tmp]
[main] INFO org.apache.mahout.cf.taste.impl.model.GenericDataModel - Processed 2238 users
[main] INFO org.apache.mahout.cf.taste.impl.eval.AbstractDifferenceRecommenderEvaluator - Beginning evaluation of 2238 users
[main] INFO org.apache.mahout.cf.taste.impl.eval.AbstractDifferenceRecommenderEvaluator - Starting timing of 2238 tasks in 64 threads
[pool-2-thread-1] INFO org.apache.mahout.cf.taste.impl.eval.StatsCallable - Average time per recommendation: 5624ms
[pool-2-thread-1] INFO org.apache.mahout.cf.taste.impl.eval.StatsCallable - Approximate memory used: 5090MB / 106032MB
[pool-2-thread-1] INFO org.apache.mahout.cf.taste.impl.eval.StatsCallable - Unable to recommend in 45522 cases
[pool-2-thread-52] INFO org.apache.mahout.cf.taste.impl.eval.StatsCallable - Average time per recommendation: 5571ms
[pool-2-thread-52] INFO org.apache.mahout.cf.taste.impl.eval.StatsCallable - Approximate memory used: 1862MB / 106032MB
[pool-2-thread-52] INFO org.apache.mahout.cf.taste.impl.eval.StatsCallable - Unable to recommend in 123131 cases
[pool-2-thread-13] INFO org.apache.mahout.cf.taste.impl.eval.StatsCallable - Average time per recommendation: 4003ms
[pool-2-thread-13] INFO org.apache.mahout.cf.taste.impl.eval.StatsCallable - Approximate memory used: 7306MB / 106032MB
[pool-2-thread-13] INFO org.apache.mahout.cf.taste.impl.eval.StatsCallable - Unable to recommend in 202246 cases
[main] INFO org.apache.mahout.cf.taste.impl.eval.AbstractDifferenceRecommenderEvaluator - Evaluation result: 0.5549218549597977
0.5549218549597977 00h 02m 30s
DEBUG: getProvider() returning javax.mail.Provider[TRANSPORT,smtp,com.sun.mail.smtp.SMTPTransport,Oracle]
DEBUG SMTP: useEhlo true, useAuth true
DEBUG SMTP: useEhlo true, useAuth true
DEBUG SMTP: trying to connect to host "smtp.live.com", port 587, isSSL false
220 BLU436-SMTP179.smtp.hotmail.com Microsoft ESMTP MAIL Service, Version: 8.0.9200.16384 ready at  Fri, 3 Apr 2015 11:14:22 -0700 
DEBUG SMTP: connected to host "smtp.live.com", port: 587

EHLO mandos6.ics.muni.cz
250-BLU436-SMTP179.smtp.hotmail.com Hello [147.251.9.209]
250-TURN
250-SIZE 41943040
250-ETRN
250-PIPELINING
250-DSN
250-ENHANCEDSTATUSCODES
250-8bitmime
250-BINARYMIME
250-CHUNKING
250-VRFY
250-TLS
250-STARTTLS
250 OK
DEBUG SMTP: Found extension "TURN", arg ""
DEBUG SMTP: Found extension "SIZE", arg "41943040"
DEBUG SMTP: Found extension "ETRN", arg ""
DEBUG SMTP: Found extension "PIPELINING", arg ""
DEBUG SMTP: Found extension "DSN", arg ""
DEBUG SMTP: Found extension "ENHANCEDSTATUSCODES", arg ""
DEBUG SMTP: Found extension "8bitmime", arg ""
DEBUG SMTP: Found extension "BINARYMIME", arg ""
DEBUG SMTP: Found extension "CHUNKING", arg ""
DEBUG SMTP: Found extension "VRFY", arg ""
DEBUG SMTP: Found extension "TLS", arg ""
DEBUG SMTP: Found extension "STARTTLS", arg ""
DEBUG SMTP: Found extension "OK", arg ""
STARTTLS
220 2.0.0 SMTP server ready
EHLO mandos6.ics.muni.cz
250-BLU436-SMTP179.smtp.hotmail.com Hello [147.251.9.209]
250-TURN
250-SIZE 41943040
250-ETRN
250-PIPELINING
250-DSN
250-ENHANCEDSTATUSCODES
250-8bitmime
250-BINARYMIME
250-CHUNKING
250-VRFY
250-AUTH LOGIN PLAIN XOAUTH2
250 OK
DEBUG SMTP: Found extension "TURN", arg ""
DEBUG SMTP: Found extension "SIZE", arg "41943040"
DEBUG SMTP: Found extension "ETRN", arg ""
DEBUG SMTP: Found extension "PIPELINING", arg ""
DEBUG SMTP: Found extension "DSN", arg ""
DEBUG SMTP: Found extension "ENHANCEDSTATUSCODES", arg ""
DEBUG SMTP: Found extension "8bitmime", arg ""
DEBUG SMTP: Found extension "BINARYMIME", arg ""
DEBUG SMTP: Found extension "CHUNKING", arg ""
DEBUG SMTP: Found extension "VRFY", arg ""
DEBUG SMTP: Found extension "AUTH", arg "LOGIN PLAIN XOAUTH2"
DEBUG SMTP: Found extension "OK", arg ""
DEBUG SMTP: Attempt to authenticate using mechanisms: LOGIN PLAIN DIGEST-MD5 NTLM 
DEBUG SMTP: AUTH LOGIN command trace suppressed
DEBUG SMTP: AUTH LOGIN succeeded
DEBUG SMTP: use8bit false
MAIL FROM:<matej.lochman@hotmail.com>
250 2.1.0 matej.lochman@hotmail.com....Sender OK
RCPT TO:<matej.lochman@gmail.com>
250 2.1.5 matej.lochman@gmail.com 
DEBUG SMTP: Verified Addresses
DEBUG SMTP:   matej.lochman@gmail.com
DATA
354 Start mail input; end with <CRLF>.<CRLF>
Date: Fri, 3 Apr 2015 20:14:22 +0200 (CEST)
From: matej.lochman@hotmail.com
To: matej.lochman@gmail.com
Message-ID: <1420022909.3.1428084862100.JavaMail.lachtan@mandos6.ics.muni.cz>
Subject: Test Fri Apr 03 20:09:15 CEST 2015 pearson
MIME-Version: 1.0
Content-Type: multipart/mixed; 
	boundary="----=_Part_2_1039774764.1428084862096"

------=_Part_2_1039774764.1428084862096
Content-Type: text/plain; charset=us-ascii
Content-Transfer-Encoding: 7bit

Test Fri Apr 03 20:09:15 CEST 2015 pearson
------=_Part_2_1039774764.1428084862096
Content-Type: text/plain; charset=us-ascii; name="res/200/pearson.txt"
Content-Transfer-Encoding: 7bit
Content-Disposition: attachment; filename="res/200/pearson.txt"

Threshold: 0.9	Score: 0.5108247189739742		Time: 00h 02m 30s
Threshold: 0.8	Score: 0.5549218549597977		Time: 00h 02m 30s

------=_Part_2_1039774764.1428084862096--
.
250 2.6.0  <1420022909.3.1428084862100.JavaMail.lachtan@mandos6.ics.muni.cz> Queued mail for delivery
QUIT
221 2.0.0 BLU436-SMTP179.smtp.hotmail.com Service closing transmission channel
Email sent!
[main] INFO org.apache.mahout.cf.taste.impl.eval.AbstractDifferenceRecommenderEvaluator - Beginning evaluation using 0.8 of FileDataModel[dataFile:/tmp/tempfile2884931500326240669.tmp]
[main] INFO org.apache.mahout.cf.taste.impl.model.GenericDataModel - Processed 2238 users
[main] INFO org.apache.mahout.cf.taste.impl.eval.AbstractDifferenceRecommenderEvaluator - Beginning evaluation of 2238 users
[main] INFO org.apache.mahout.cf.taste.impl.eval.AbstractDifferenceRecommenderEvaluator - Starting timing of 2238 tasks in 64 threads
[pool-3-thread-1] INFO org.apache.mahout.cf.taste.impl.eval.StatsCallable - Average time per recommendation: 5652ms
[pool-3-thread-1] INFO org.apache.mahout.cf.taste.impl.eval.StatsCallable - Approximate memory used: 2712MB / 106032MB
[pool-3-thread-1] INFO org.apache.mahout.cf.taste.impl.eval.StatsCallable - Unable to recommend in 33592 cases
[pool-3-thread-40] INFO org.apache.mahout.cf.taste.impl.eval.StatsCallable - Average time per recommendation: 5621ms
[pool-3-thread-40] INFO org.apache.mahout.cf.taste.impl.eval.StatsCallable - Approximate memory used: 7705MB / 106032MB
[pool-3-thread-40] INFO org.apache.mahout.cf.taste.impl.eval.StatsCallable - Unable to recommend in 89524 cases
[pool-3-thread-42] INFO org.apache.mahout.cf.taste.impl.eval.StatsCallable - Average time per recommendation: 4004ms
[pool-3-thread-42] INFO org.apache.mahout.cf.taste.impl.eval.StatsCallable - Approximate memory used: 5614MB / 107292MB
[pool-3-thread-42] INFO org.apache.mahout.cf.taste.impl.eval.StatsCallable - Unable to recommend in 141930 cases
[main] INFO org.apache.mahout.cf.taste.impl.eval.AbstractDifferenceRecommenderEvaluator - Evaluation result: 0.6226359561499917
0.6226359561499917 00h 02m 29s
DEBUG: getProvider() returning javax.mail.Provider[TRANSPORT,smtp,com.sun.mail.smtp.SMTPTransport,Oracle]
DEBUG SMTP: useEhlo true, useAuth true
DEBUG SMTP: useEhlo true, useAuth true
DEBUG SMTP: trying to connect to host "smtp.live.com", port 587, isSSL false
220 BLU436-SMTP130.smtp.hotmail.com Microsoft ESMTP MAIL Service, Version: 8.0.9200.16384 ready at  Fri, 3 Apr 2015 11:16:55 -0700 
DEBUG SMTP: connected to host "smtp.live.com", port: 587

EHLO mandos6.ics.muni.cz
250-BLU436-SMTP130.smtp.hotmail.com Hello [147.251.9.209]
250-TURN
250-SIZE 41943040
250-ETRN
250-PIPELINING
250-DSN
250-ENHANCEDSTATUSCODES
250-8bitmime
250-BINARYMIME
250-CHUNKING
250-VRFY
250-TLS
250-STARTTLS
250 OK
DEBUG SMTP: Found extension "TURN", arg ""
DEBUG SMTP: Found extension "SIZE", arg "41943040"
DEBUG SMTP: Found extension "ETRN", arg ""
DEBUG SMTP: Found extension "PIPELINING", arg ""
DEBUG SMTP: Found extension "DSN", arg ""
DEBUG SMTP: Found extension "ENHANCEDSTATUSCODES", arg ""
DEBUG SMTP: Found extension "8bitmime", arg ""
DEBUG SMTP: Found extension "BINARYMIME", arg ""
DEBUG SMTP: Found extension "CHUNKING", arg ""
DEBUG SMTP: Found extension "VRFY", arg ""
DEBUG SMTP: Found extension "TLS", arg ""
DEBUG SMTP: Found extension "STARTTLS", arg ""
DEBUG SMTP: Found extension "OK", arg ""
STARTTLS
220 2.0.0 SMTP server ready
EHLO mandos6.ics.muni.cz
250-BLU436-SMTP130.smtp.hotmail.com Hello [147.251.9.209]
250-TURN
250-SIZE 41943040
250-ETRN
250-PIPELINING
250-DSN
250-ENHANCEDSTATUSCODES
250-8bitmime
250-BINARYMIME
250-CHUNKING
250-VRFY
250-AUTH LOGIN PLAIN XOAUTH2
250 OK
DEBUG SMTP: Found extension "TURN", arg ""
DEBUG SMTP: Found extension "SIZE", arg "41943040"
DEBUG SMTP: Found extension "ETRN", arg ""
DEBUG SMTP: Found extension "PIPELINING", arg ""
DEBUG SMTP: Found extension "DSN", arg ""
DEBUG SMTP: Found extension "ENHANCEDSTATUSCODES", arg ""
DEBUG SMTP: Found extension "8bitmime", arg ""
DEBUG SMTP: Found extension "BINARYMIME", arg ""
DEBUG SMTP: Found extension "CHUNKING", arg ""
DEBUG SMTP: Found extension "VRFY", arg ""
DEBUG SMTP: Found extension "AUTH", arg "LOGIN PLAIN XOAUTH2"
DEBUG SMTP: Found extension "OK", arg ""
DEBUG SMTP: Attempt to authenticate using mechanisms: LOGIN PLAIN DIGEST-MD5 NTLM 
DEBUG SMTP: AUTH LOGIN command trace suppressed
DEBUG SMTP: AUTH LOGIN succeeded
DEBUG SMTP: use8bit false
MAIL FROM:<matej.lochman@hotmail.com>
250 2.1.0 matej.lochman@hotmail.com....Sender OK
RCPT TO:<matej.lochman@gmail.com>
250 2.1.5 matej.lochman@gmail.com 
DEBUG SMTP: Verified Addresses
DEBUG SMTP:   matej.lochman@gmail.com
DATA
354 Start mail input; end with <CRLF>.<CRLF>
Date: Fri, 3 Apr 2015 20:16:55 +0200 (CEST)
From: matej.lochman@hotmail.com
To: matej.lochman@gmail.com
Message-ID: <1231565732.5.1428085015261.JavaMail.lachtan@mandos6.ics.muni.cz>
Subject: Test Fri Apr 03 20:09:15 CEST 2015 pearson
MIME-Version: 1.0
Content-Type: multipart/mixed; 
	boundary="----=_Part_4_23583540.1428085015258"

------=_Part_4_23583540.1428085015258
Content-Type: text/plain; charset=us-ascii
Content-Transfer-Encoding: 7bit

Test Fri Apr 03 20:09:15 CEST 2015 pearson
------=_Part_4_23583540.1428085015258
Content-Type: text/plain; charset=us-ascii; name="res/200/pearson.txt"
Content-Transfer-Encoding: 7bit
Content-Disposition: attachment; filename="res/200/pearson.txt"

Threshold: 0.9	Score: 0.5108247189739742		Time: 00h 02m 30s
Threshold: 0.8	Score: 0.5549218549597977		Time: 00h 02m 30s
Threshold: 0.7	Score: 0.6226359561499917		Time: 00h 02m 29s

------=_Part_4_23583540.1428085015258--
.
250 2.6.0  <1231565732.5.1428085015261.JavaMail.lachtan@mandos6.ics.muni.cz> Queued mail for delivery
QUIT
221 2.0.0 BLU436-SMTP130.smtp.hotmail.com Service closing transmission channel
Email sent!
[main] INFO org.apache.mahout.cf.taste.impl.eval.AbstractDifferenceRecommenderEvaluator - Beginning evaluation using 0.8 of FileDataModel[dataFile:/tmp/tempfile2884931500326240669.tmp]
[main] INFO org.apache.mahout.cf.taste.impl.model.GenericDataModel - Processed 2238 users
[main] INFO org.apache.mahout.cf.taste.impl.eval.AbstractDifferenceRecommenderEvaluator - Beginning evaluation of 2238 users
[main] INFO org.apache.mahout.cf.taste.impl.eval.AbstractDifferenceRecommenderEvaluator - Starting timing of 2238 tasks in 64 threads
[pool-4-thread-1] INFO org.apache.mahout.cf.taste.impl.eval.StatsCallable - Average time per recommendation: 5630ms
[pool-4-thread-1] INFO org.apache.mahout.cf.taste.impl.eval.StatsCallable - Approximate memory used: 9474MB / 107292MB
[pool-4-thread-1] INFO org.apache.mahout.cf.taste.impl.eval.StatsCallable - Unable to recommend in 20635 cases
[pool-4-thread-4] INFO org.apache.mahout.cf.taste.impl.eval.StatsCallable - Average time per recommendation: 5522ms
[pool-4-thread-4] INFO org.apache.mahout.cf.taste.impl.eval.StatsCallable - Approximate memory used: 4620MB / 107250MB
[pool-4-thread-4] INFO org.apache.mahout.cf.taste.impl.eval.StatsCallable - Unable to recommend in 53229 cases
[pool-4-thread-2] INFO org.apache.mahout.cf.taste.impl.eval.StatsCallable - Average time per recommendation: 4020ms
[pool-4-thread-2] INFO org.apache.mahout.cf.taste.impl.eval.StatsCallable - Approximate memory used: 829MB / 107273MB
[pool-4-thread-2] INFO org.apache.mahout.cf.taste.impl.eval.StatsCallable - Unable to recommend in 81155 cases
[main] INFO org.apache.mahout.cf.taste.impl.eval.AbstractDifferenceRecommenderEvaluator - Evaluation result: 0.6693741901145603
0.6693741901145603 00h 02m 30s
DEBUG: getProvider() returning javax.mail.Provider[TRANSPORT,smtp,com.sun.mail.smtp.SMTPTransport,Oracle]
DEBUG SMTP: useEhlo true, useAuth true
DEBUG SMTP: useEhlo true, useAuth true
DEBUG SMTP: trying to connect to host "smtp.live.com", port 587, isSSL false
220 BLU436-SMTP95.smtp.hotmail.com Microsoft ESMTP MAIL Service, Version: 8.0.9200.16384 ready at  Fri, 3 Apr 2015 11:20:00 -0700 
DEBUG SMTP: connected to host "smtp.live.com", port: 587

EHLO mandos6.ics.muni.cz
250-BLU436-SMTP95.smtp.hotmail.com Hello [147.251.9.209]
250-TURN
250-SIZE 41943040
250-ETRN
250-PIPELINING
250-DSN
250-ENHANCEDSTATUSCODES
250-8bitmime
250-BINARYMIME
250-CHUNKING
250-VRFY
250-TLS
250-STARTTLS
250 OK
DEBUG SMTP: Found extension "TURN", arg ""
DEBUG SMTP: Found extension "SIZE", arg "41943040"
DEBUG SMTP: Found extension "ETRN", arg ""
DEBUG SMTP: Found extension "PIPELINING", arg ""
DEBUG SMTP: Found extension "DSN", arg ""
DEBUG SMTP: Found extension "ENHANCEDSTATUSCODES", arg ""
DEBUG SMTP: Found extension "8bitmime", arg ""
DEBUG SMTP: Found extension "BINARYMIME", arg ""
DEBUG SMTP: Found extension "CHUNKING", arg ""
DEBUG SMTP: Found extension "VRFY", arg ""
DEBUG SMTP: Found extension "TLS", arg ""
DEBUG SMTP: Found extension "STARTTLS", arg ""
DEBUG SMTP: Found extension "OK", arg ""
STARTTLS
220 2.0.0 SMTP server ready
EHLO mandos6.ics.muni.cz
250-BLU436-SMTP95.smtp.hotmail.com Hello [147.251.9.209]
250-TURN
250-SIZE 41943040
250-ETRN
250-PIPELINING
250-DSN
250-ENHANCEDSTATUSCODES
250-8bitmime
250-BINARYMIME
250-CHUNKING
250-VRFY
250-AUTH LOGIN PLAIN XOAUTH2
250 OK
DEBUG SMTP: Found extension "TURN", arg ""
DEBUG SMTP: Found extension "SIZE", arg "41943040"
DEBUG SMTP: Found extension "ETRN", arg ""
DEBUG SMTP: Found extension "PIPELINING", arg ""
DEBUG SMTP: Found extension "DSN", arg ""
DEBUG SMTP: Found extension "ENHANCEDSTATUSCODES", arg ""
DEBUG SMTP: Found extension "8bitmime", arg ""
DEBUG SMTP: Found extension "BINARYMIME", arg ""
DEBUG SMTP: Found extension "CHUNKING", arg ""
DEBUG SMTP: Found extension "VRFY", arg ""
DEBUG SMTP: Found extension "AUTH", arg "LOGIN PLAIN XOAUTH2"
DEBUG SMTP: Found extension "OK", arg ""
DEBUG SMTP: Attempt to authenticate using mechanisms: LOGIN PLAIN DIGEST-MD5 NTLM 
DEBUG SMTP: AUTH LOGIN command trace suppressed
DEBUG SMTP: AUTH LOGIN succeeded
DEBUG SMTP: use8bit false
MAIL FROM:<matej.lochman@hotmail.com>
250 2.1.0 matej.lochman@hotmail.com....Sender OK
RCPT TO:<matej.lochman@gmail.com>
250 2.1.5 matej.lochman@gmail.com 
DEBUG SMTP: Verified Addresses
DEBUG SMTP:   matej.lochman@gmail.com
DATA
354 Start mail input; end with <CRLF>.<CRLF>
Date: Fri, 3 Apr 2015 20:19:29 +0200 (CEST)
From: matej.lochman@hotmail.com
To: matej.lochman@gmail.com
Message-ID: <621022229.7.1428085169212.JavaMail.lachtan@mandos6.ics.muni.cz>
Subject: Test Fri Apr 03 20:09:15 CEST 2015 pearson
MIME-Version: 1.0
Content-Type: multipart/mixed; 
	boundary="----=_Part_6_79384088.1428085169209"

------=_Part_6_79384088.1428085169209
Content-Type: text/plain; charset=us-ascii
Content-Transfer-Encoding: 7bit

Test Fri Apr 03 20:09:15 CEST 2015 pearson
------=_Part_6_79384088.1428085169209
Content-Type: text/plain; charset=us-ascii; name="res/200/pearson.txt"
Content-Transfer-Encoding: 7bit
Content-Disposition: attachment; filename="res/200/pearson.txt"

Threshold: 0.9	Score: 0.5108247189739742		Time: 00h 02m 30s
Threshold: 0.8	Score: 0.5549218549597977		Time: 00h 02m 30s
Threshold: 0.7	Score: 0.6226359561499917		Time: 00h 02m 29s
Threshold: 0.6	Score: 0.6693741901145603		Time: 00h 02m 30s

------=_Part_6_79384088.1428085169209--
.
250 2.6.0  <621022229.7.1428085169212.JavaMail.lachtan@mandos6.ics.muni.cz> Queued mail for delivery
QUIT
221 2.0.0 BLU436-SMTP95.smtp.hotmail.com Service closing transmission channel
Email sent!
[main] INFO org.apache.mahout.cf.taste.impl.eval.AbstractDifferenceRecommenderEvaluator - Beginning evaluation using 0.8 of FileDataModel[dataFile:/tmp/tempfile2884931500326240669.tmp]
[main] INFO org.apache.mahout.cf.taste.impl.model.GenericDataModel - Processed 2238 users
[main] INFO org.apache.mahout.cf.taste.impl.eval.AbstractDifferenceRecommenderEvaluator - Beginning evaluation of 2238 users
[main] INFO org.apache.mahout.cf.taste.impl.eval.AbstractDifferenceRecommenderEvaluator - Starting timing of 2238 tasks in 64 threads
[pool-5-thread-1] INFO org.apache.mahout.cf.taste.impl.eval.StatsCallable - Average time per recommendation: 6075ms
[pool-5-thread-1] INFO org.apache.mahout.cf.taste.impl.eval.StatsCallable - Approximate memory used: 6487MB / 107273MB
[pool-5-thread-1] INFO org.apache.mahout.cf.taste.impl.eval.StatsCallable - Unable to recommend in 6734 cases
[pool-5-thread-59] INFO org.apache.mahout.cf.taste.impl.eval.StatsCallable - Average time per recommendation: 6025ms
[pool-5-thread-59] INFO org.apache.mahout.cf.taste.impl.eval.StatsCallable - Approximate memory used: 4907MB / 107221MB
[pool-5-thread-59] INFO org.apache.mahout.cf.taste.impl.eval.StatsCallable - Unable to recommend in 17269 cases
[pool-5-thread-28] INFO org.apache.mahout.cf.taste.impl.eval.StatsCallable - Average time per recommendation: 4537ms
[pool-5-thread-28] INFO org.apache.mahout.cf.taste.impl.eval.StatsCallable - Approximate memory used: 4489MB / 107272MB
[pool-5-thread-28] INFO org.apache.mahout.cf.taste.impl.eval.StatsCallable - Unable to recommend in 25339 cases
[main] INFO org.apache.mahout.cf.taste.impl.eval.AbstractDifferenceRecommenderEvaluator - Evaluation result: 0.7284399697165572
0.7284399697165572 00h 02m 45s
DEBUG: getProvider() returning javax.mail.Provider[TRANSPORT,smtp,com.sun.mail.smtp.SMTPTransport,Oracle]
DEBUG SMTP: useEhlo true, useAuth true
DEBUG SMTP: useEhlo true, useAuth true
DEBUG SMTP: trying to connect to host "smtp.live.com", port 587, isSSL false
220 BLU436-SMTP258.smtp.hotmail.com Microsoft ESMTP MAIL Service, Version: 8.0.9200.16384 ready at  Fri, 3 Apr 2015 11:22:49 -0700 
DEBUG SMTP: connected to host "smtp.live.com", port: 587

EHLO mandos6.ics.muni.cz
250-BLU436-SMTP258.smtp.hotmail.com Hello [147.251.9.209]
250-TURN
250-SIZE 41943040
250-ETRN
250-PIPELINING
250-DSN
250-ENHANCEDSTATUSCODES
250-8bitmime
250-BINARYMIME
250-CHUNKING
250-VRFY
250-TLS
250-STARTTLS
250 OK
DEBUG SMTP: Found extension "TURN", arg ""
DEBUG SMTP: Found extension "SIZE", arg "41943040"
DEBUG SMTP: Found extension "ETRN", arg ""
DEBUG SMTP: Found extension "PIPELINING", arg ""
DEBUG SMTP: Found extension "DSN", arg ""
DEBUG SMTP: Found extension "ENHANCEDSTATUSCODES", arg ""
DEBUG SMTP: Found extension "8bitmime", arg ""
DEBUG SMTP: Found extension "BINARYMIME", arg ""
DEBUG SMTP: Found extension "CHUNKING", arg ""
DEBUG SMTP: Found extension "VRFY", arg ""
DEBUG SMTP: Found extension "TLS", arg ""
DEBUG SMTP: Found extension "STARTTLS", arg ""
DEBUG SMTP: Found extension "OK", arg ""
STARTTLS
220 2.0.0 SMTP server ready
EHLO mandos6.ics.muni.cz
250-BLU436-SMTP258.smtp.hotmail.com Hello [147.251.9.209]
250-TURN
250-SIZE 41943040
250-ETRN
250-PIPELINING
250-DSN
250-ENHANCEDSTATUSCODES
250-8bitmime
250-BINARYMIME
250-CHUNKING
250-VRFY
250-AUTH LOGIN PLAIN XOAUTH2
250 OK
DEBUG SMTP: Found extension "TURN", arg ""
DEBUG SMTP: Found extension "SIZE", arg "41943040"
DEBUG SMTP: Found extension "ETRN", arg ""
DEBUG SMTP: Found extension "PIPELINING", arg ""
DEBUG SMTP: Found extension "DSN", arg ""
DEBUG SMTP: Found extension "ENHANCEDSTATUSCODES", arg ""
DEBUG SMTP: Found extension "8bitmime", arg ""
DEBUG SMTP: Found extension "BINARYMIME", arg ""
DEBUG SMTP: Found extension "CHUNKING", arg ""
DEBUG SMTP: Found extension "VRFY", arg ""
DEBUG SMTP: Found extension "AUTH", arg "LOGIN PLAIN XOAUTH2"
DEBUG SMTP: Found extension "OK", arg ""
DEBUG SMTP: Attempt to authenticate using mechanisms: LOGIN PLAIN DIGEST-MD5 NTLM 
DEBUG SMTP: AUTH LOGIN command trace suppressed
DEBUG SMTP: AUTH LOGIN succeeded
DEBUG SMTP: use8bit false
MAIL FROM:<matej.lochman@hotmail.com>
250 2.1.0 matej.lochman@hotmail.com....Sender OK
RCPT TO:<matej.lochman@gmail.com>
250 2.1.5 matej.lochman@gmail.com 
DEBUG SMTP: Verified Addresses
DEBUG SMTP:   matej.lochman@gmail.com
DATA
354 Start mail input; end with <CRLF>.<CRLF>
Date: Fri, 3 Apr 2015 20:22:49 +0200 (CEST)
From: matej.lochman@hotmail.com
To: matej.lochman@gmail.com
Message-ID: <1631310339.9.1428085369753.JavaMail.lachtan@mandos6.ics.muni.cz>
Subject: Test Fri Apr 03 20:09:15 CEST 2015 pearson
MIME-Version: 1.0
Content-Type: multipart/mixed; 
	boundary="----=_Part_8_902431179.1428085369750"

------=_Part_8_902431179.1428085369750
Content-Type: text/plain; charset=us-ascii
Content-Transfer-Encoding: 7bit

Test Fri Apr 03 20:09:15 CEST 2015 pearson
------=_Part_8_902431179.1428085369750
Content-Type: text/plain; charset=us-ascii; name="res/200/pearson.txt"
Content-Transfer-Encoding: 7bit
Content-Disposition: attachment; filename="res/200/pearson.txt"

Threshold: 0.9	Score: 0.5108247189739742		Time: 00h 02m 30s
Threshold: 0.8	Score: 0.5549218549597977		Time: 00h 02m 30s
Threshold: 0.7	Score: 0.6226359561499917		Time: 00h 02m 29s
Threshold: 0.6	Score: 0.6693741901145603		Time: 00h 02m 30s
Threshold: 0.4	Score: 0.7284399697165572		Time: 00h 02m 45s

------=_Part_8_902431179.1428085369750--
.
250 2.6.0  <1631310339.9.1428085369753.JavaMail.lachtan@mandos6.ics.muni.cz> Queued mail for delivery
QUIT
221 2.0.0 BLU436-SMTP258.smtp.hotmail.com Service closing transmission channel
Email sent!
[main] INFO org.apache.mahout.cf.taste.impl.eval.AbstractDifferenceRecommenderEvaluator - Beginning evaluation using 0.8 of FileDataModel[dataFile:/tmp/tempfile2884931500326240669.tmp]
[main] INFO org.apache.mahout.cf.taste.impl.model.GenericDataModel - Processed 2238 users
[main] INFO org.apache.mahout.cf.taste.impl.eval.AbstractDifferenceRecommenderEvaluator - Beginning evaluation of 2238 users
[main] INFO org.apache.mahout.cf.taste.impl.eval.AbstractDifferenceRecommenderEvaluator - Starting timing of 2238 tasks in 64 threads
[pool-6-thread-1] INFO org.apache.mahout.cf.taste.impl.eval.StatsCallable - Average time per recommendation: 6517ms
[pool-6-thread-1] INFO org.apache.mahout.cf.taste.impl.eval.StatsCallable - Approximate memory used: 1546MB / 107212MB
[pool-6-thread-1] INFO org.apache.mahout.cf.taste.impl.eval.StatsCallable - Unable to recommend in 3343 cases
[pool-6-thread-40] INFO org.apache.mahout.cf.taste.impl.eval.StatsCallable - Average time per recommendation: 6517ms
[pool-6-thread-40] INFO org.apache.mahout.cf.taste.impl.eval.StatsCallable - Approximate memory used: 4226MB / 107261MB
[pool-6-thread-40] INFO org.apache.mahout.cf.taste.impl.eval.StatsCallable - Unable to recommend in 8800 cases
[pool-6-thread-11] INFO org.apache.mahout.cf.taste.impl.eval.StatsCallable - Average time per recommendation: 4994ms
[pool-6-thread-11] INFO org.apache.mahout.cf.taste.impl.eval.StatsCallable - Approximate memory used: 7888MB / 107162MB
[pool-6-thread-11] INFO org.apache.mahout.cf.taste.impl.eval.StatsCallable - Unable to recommend in 12982 cases
[main] INFO org.apache.mahout.cf.taste.impl.eval.AbstractDifferenceRecommenderEvaluator - Evaluation result: 0.7577521443438715
0.7577521443438715 00h 03m 01s
DEBUG: getProvider() returning javax.mail.Provider[TRANSPORT,smtp,com.sun.mail.smtp.SMTPTransport,Oracle]
DEBUG SMTP: useEhlo true, useAuth true
DEBUG SMTP: useEhlo true, useAuth true
DEBUG SMTP: trying to connect to host "smtp.live.com", port 587, isSSL false
220 BLU437-SMTP8.smtp.hotmail.com Microsoft ESMTP MAIL Service, Version: 8.0.9200.16384 ready at  Fri, 3 Apr 2015 11:25:55 -0700 
DEBUG SMTP: connected to host "smtp.live.com", port: 587

EHLO mandos6.ics.muni.cz
250-BLU437-SMTP8.smtp.hotmail.com Hello [147.251.9.209]
250-TURN
250-SIZE 41943040
250-ETRN
250-PIPELINING
250-DSN
250-ENHANCEDSTATUSCODES
250-8bitmime
250-BINARYMIME
250-CHUNKING
250-VRFY
250-TLS
250-STARTTLS
250 OK
DEBUG SMTP: Found extension "TURN", arg ""
DEBUG SMTP: Found extension "SIZE", arg "41943040"
DEBUG SMTP: Found extension "ETRN", arg ""
DEBUG SMTP: Found extension "PIPELINING", arg ""
DEBUG SMTP: Found extension "DSN", arg ""
DEBUG SMTP: Found extension "ENHANCEDSTATUSCODES", arg ""
DEBUG SMTP: Found extension "8bitmime", arg ""
DEBUG SMTP: Found extension "BINARYMIME", arg ""
DEBUG SMTP: Found extension "CHUNKING", arg ""
DEBUG SMTP: Found extension "VRFY", arg ""
DEBUG SMTP: Found extension "TLS", arg ""
DEBUG SMTP: Found extension "STARTTLS", arg ""
DEBUG SMTP: Found extension "OK", arg ""
STARTTLS
220 2.0.0 SMTP server ready
EHLO mandos6.ics.muni.cz
250-BLU437-SMTP8.smtp.hotmail.com Hello [147.251.9.209]
250-TURN
250-SIZE 41943040
250-ETRN
250-PIPELINING
250-DSN
250-ENHANCEDSTATUSCODES
250-8bitmime
250-BINARYMIME
250-CHUNKING
250-VRFY
250-AUTH LOGIN PLAIN XOAUTH2
250 OK
DEBUG SMTP: Found extension "TURN", arg ""
DEBUG SMTP: Found extension "SIZE", arg "41943040"
DEBUG SMTP: Found extension "ETRN", arg ""
DEBUG SMTP: Found extension "PIPELINING", arg ""
DEBUG SMTP: Found extension "DSN", arg ""
DEBUG SMTP: Found extension "ENHANCEDSTATUSCODES", arg ""
DEBUG SMTP: Found extension "8bitmime", arg ""
DEBUG SMTP: Found extension "BINARYMIME", arg ""
DEBUG SMTP: Found extension "CHUNKING", arg ""
DEBUG SMTP: Found extension "VRFY", arg ""
DEBUG SMTP: Found extension "AUTH", arg "LOGIN PLAIN XOAUTH2"
DEBUG SMTP: Found extension "OK", arg ""
DEBUG SMTP: Attempt to authenticate using mechanisms: LOGIN PLAIN DIGEST-MD5 NTLM 
DEBUG SMTP: AUTH LOGIN command trace suppressed
DEBUG SMTP: AUTH LOGIN succeeded
DEBUG SMTP: use8bit false
MAIL FROM:<matej.lochman@hotmail.com>
250 2.1.0 matej.lochman@hotmail.com....Sender OK
RCPT TO:<matej.lochman@gmail.com>
250 2.1.5 matej.lochman@gmail.com 
DEBUG SMTP: Verified Addresses
DEBUG SMTP:   matej.lochman@gmail.com
DATA
354 Start mail input; end with <CRLF>.<CRLF>
Date: Fri, 3 Apr 2015 20:25:55 +0200 (CEST)
From: matej.lochman@hotmail.com
To: matej.lochman@gmail.com
Message-ID: <412057750.11.1428085555230.JavaMail.lachtan@mandos6.ics.muni.cz>
Subject: Test Fri Apr 03 20:09:15 CEST 2015 pearson
MIME-Version: 1.0
Content-Type: multipart/mixed; 
	boundary="----=_Part_10_152202361.1428085555227"

------=_Part_10_152202361.1428085555227
Content-Type: text/plain; charset=us-ascii
Content-Transfer-Encoding: 7bit

Test Fri Apr 03 20:09:15 CEST 2015 pearson
------=_Part_10_152202361.1428085555227
Content-Type: text/plain; charset=us-ascii; name="res/200/pearson.txt"
Content-Transfer-Encoding: 7bit
Content-Disposition: attachment; filename="res/200/pearson.txt"

Threshold: 0.9	Score: 0.5108247189739742		Time: 00h 02m 30s
Threshold: 0.8	Score: 0.5549218549597977		Time: 00h 02m 30s
Threshold: 0.7	Score: 0.6226359561499917		Time: 00h 02m 29s
Threshold: 0.6	Score: 0.6693741901145603		Time: 00h 02m 30s
Threshold: 0.4	Score: 0.7284399697165572		Time: 00h 02m 45s
Threshold: 0.2	Score: 0.7577521443438715		Time: 00h 03m 01s

------=_Part_10_152202361.1428085555227--
.
250 2.6.0  <412057750.11.1428085555230.JavaMail.lachtan@mandos6.ics.muni.cz> Queued mail for delivery
QUIT
221 2.0.0 BLU437-SMTP8.smtp.hotmail.com Service closing transmission channel
Email sent!
[main] INFO org.apache.mahout.cf.taste.impl.eval.AbstractDifferenceRecommenderEvaluator - Beginning evaluation using 0.8 of FileDataModel[dataFile:/tmp/tempfile2884931500326240669.tmp]
[main] INFO org.apache.mahout.cf.taste.impl.model.GenericDataModel - Processed 2238 users
[main] INFO org.apache.mahout.cf.taste.impl.eval.AbstractDifferenceRecommenderEvaluator - Beginning evaluation of 2238 users
[main] INFO org.apache.mahout.cf.taste.impl.eval.AbstractDifferenceRecommenderEvaluator - Starting timing of 2238 tasks in 64 threads
[pool-7-thread-1] INFO org.apache.mahout.cf.taste.impl.eval.StatsCallable - Average time per recommendation: 6734ms
[pool-7-thread-1] INFO org.apache.mahout.cf.taste.impl.eval.StatsCallable - Approximate memory used: 5670MB / 107268MB
[pool-7-thread-1] INFO org.apache.mahout.cf.taste.impl.eval.StatsCallable - Unable to recommend in 2591 cases
[pool-7-thread-56] INFO org.apache.mahout.cf.taste.impl.eval.StatsCallable - Average time per recommendation: 7004ms
[pool-7-thread-56] INFO org.apache.mahout.cf.taste.impl.eval.StatsCallable - Approximate memory used: 294MB / 107264MB
[pool-7-thread-56] INFO org.apache.mahout.cf.taste.impl.eval.StatsCallable - Unable to recommend in 7187 cases
[pool-7-thread-63] INFO org.apache.mahout.cf.taste.impl.eval.StatsCallable - Average time per recommendation: 5220ms
[pool-7-thread-63] INFO org.apache.mahout.cf.taste.impl.eval.StatsCallable - Approximate memory used: 5984MB / 107265MB
[pool-7-thread-63] INFO org.apache.mahout.cf.taste.impl.eval.StatsCallable - Unable to recommend in 10599 cases
[main] INFO org.apache.mahout.cf.taste.impl.eval.AbstractDifferenceRecommenderEvaluator - Evaluation result: 0.7661320929158588
0.7661320929158588 00h 03m 09s
DEBUG: getProvider() returning javax.mail.Provider[TRANSPORT,smtp,com.sun.mail.smtp.SMTPTransport,Oracle]
DEBUG SMTP: useEhlo true, useAuth true
DEBUG SMTP: useEhlo true, useAuth true
DEBUG SMTP: trying to connect to host "smtp.live.com", port 587, isSSL false
220 BLU436-SMTP105.smtp.hotmail.com Microsoft ESMTP MAIL Service, Version: 8.0.9200.16384 ready at  Fri, 3 Apr 2015 11:29:07 -0700 
DEBUG SMTP: connected to host "smtp.live.com", port: 587

EHLO mandos6.ics.muni.cz
250-BLU436-SMTP105.smtp.hotmail.com Hello [147.251.9.209]
250-TURN
250-SIZE 41943040
250-ETRN
250-PIPELINING
250-DSN
250-ENHANCEDSTATUSCODES
250-8bitmime
250-BINARYMIME
250-CHUNKING
250-VRFY
250-TLS
250-STARTTLS
250 OK
DEBUG SMTP: Found extension "TURN", arg ""
DEBUG SMTP: Found extension "SIZE", arg "41943040"
DEBUG SMTP: Found extension "ETRN", arg ""
DEBUG SMTP: Found extension "PIPELINING", arg ""
DEBUG SMTP: Found extension "DSN", arg ""
DEBUG SMTP: Found extension "ENHANCEDSTATUSCODES", arg ""
DEBUG SMTP: Found extension "8bitmime", arg ""
DEBUG SMTP: Found extension "BINARYMIME", arg ""
DEBUG SMTP: Found extension "CHUNKING", arg ""
DEBUG SMTP: Found extension "VRFY", arg ""
DEBUG SMTP: Found extension "TLS", arg ""
DEBUG SMTP: Found extension "STARTTLS", arg ""
DEBUG SMTP: Found extension "OK", arg ""
STARTTLS
220 2.0.0 SMTP server ready
EHLO mandos6.ics.muni.cz
250-BLU436-SMTP105.smtp.hotmail.com Hello [147.251.9.209]
250-TURN
250-SIZE 41943040
250-ETRN
250-PIPELINING
250-DSN
250-ENHANCEDSTATUSCODES
250-8bitmime
250-BINARYMIME
250-CHUNKING
250-VRFY
250-AUTH LOGIN PLAIN XOAUTH2
250 OK
DEBUG SMTP: Found extension "TURN", arg ""
DEBUG SMTP: Found extension "SIZE", arg "41943040"
DEBUG SMTP: Found extension "ETRN", arg ""
DEBUG SMTP: Found extension "PIPELINING", arg ""
DEBUG SMTP: Found extension "DSN", arg ""
DEBUG SMTP: Found extension "ENHANCEDSTATUSCODES", arg ""
DEBUG SMTP: Found extension "8bitmime", arg ""
DEBUG SMTP: Found extension "BINARYMIME", arg ""
DEBUG SMTP: Found extension "CHUNKING", arg ""
DEBUG SMTP: Found extension "VRFY", arg ""
DEBUG SMTP: Found extension "AUTH", arg "LOGIN PLAIN XOAUTH2"
DEBUG SMTP: Found extension "OK", arg ""
DEBUG SMTP: Attempt to authenticate using mechanisms: LOGIN PLAIN DIGEST-MD5 NTLM 
DEBUG SMTP: AUTH LOGIN command trace suppressed
DEBUG SMTP: AUTH LOGIN succeeded
DEBUG SMTP: use8bit false
MAIL FROM:<matej.lochman@hotmail.com>
250 2.1.0 matej.lochman@hotmail.com....Sender OK
RCPT TO:<matej.lochman@gmail.com>
250 2.1.5 matej.lochman@gmail.com 
DEBUG SMTP: Verified Addresses
DEBUG SMTP:   matej.lochman@gmail.com
DATA
354 Start mail input; end with <CRLF>.<CRLF>
Date: Fri, 3 Apr 2015 20:29:07 +0200 (CEST)
From: matej.lochman@hotmail.com
To: matej.lochman@gmail.com
Message-ID: <1389611114.13.1428085747493.JavaMail.lachtan@mandos6.ics.muni.cz>
Subject: Test Fri Apr 03 20:09:15 CEST 2015 pearson
MIME-Version: 1.0
Content-Type: multipart/mixed; 
	boundary="----=_Part_12_113289708.1428085747490"

------=_Part_12_113289708.1428085747490
Content-Type: text/plain; charset=us-ascii
Content-Transfer-Encoding: 7bit

Test Fri Apr 03 20:09:15 CEST 2015 pearson
------=_Part_12_113289708.1428085747490
Content-Type: text/plain; charset=us-ascii; name="res/200/pearson.txt"
Content-Transfer-Encoding: 7bit
Content-Disposition: attachment; filename="res/200/pearson.txt"

Threshold: 0.9	Score: 0.5108247189739742		Time: 00h 02m 30s
Threshold: 0.8	Score: 0.5549218549597977		Time: 00h 02m 30s
Threshold: 0.7	Score: 0.6226359561499917		Time: 00h 02m 29s
Threshold: 0.6	Score: 0.6693741901145603		Time: 00h 02m 30s
Threshold: 0.4	Score: 0.7284399697165572		Time: 00h 02m 45s
Threshold: 0.2	Score: 0.7577521443438715		Time: 00h 03m 01s
Threshold: 0.0	Score: 0.7661320929158588		Time: 00h 03m 09s

------=_Part_12_113289708.1428085747490--
.
250 2.6.0  <1389611114.13.1428085747493.JavaMail.lachtan@mandos6.ics.muni.cz> Queued mail for delivery
QUIT
221 2.0.0 BLU436-SMTP105.smtp.hotmail.com Service closing transmission channel
Email sent!

**********************************************************************************************************

The SCRATCHes have been SUCCESSFULLY cleaned...
[main] INFO org.apache.mahout.cf.taste.impl.model.file.FileDataModel - Creating FileDataModel for file /tmp/tempfile6501186558272990469.tmp
[main] INFO org.apache.mahout.cf.taste.impl.model.file.FileDataModel - Reading file info...
[main] INFO org.apache.mahout.cf.taste.impl.model.file.FileDataModel - Processed 1000000 lines
[main] INFO org.apache.mahout.cf.taste.impl.model.file.FileDataModel - Read lines: 1223623
[main] INFO org.apache.mahout.cf.taste.impl.model.GenericDataModel - Processed 2238 users
DEBUG: JavaMail version 1.5.0-b01
DEBUG: successfully loaded resource: /META-INF/javamail.default.providers
DEBUG: Tables of loaded providers
DEBUG: Providers Listed By Class Name: {com.sun.mail.smtp.SMTPSSLTransport=javax.mail.Provider[TRANSPORT,smtps,com.sun.mail.smtp.SMTPSSLTransport,Oracle], com.sun.mail.smtp.SMTPTransport=javax.mail.Provider[TRANSPORT,smtp,com.sun.mail.smtp.SMTPTransport,Oracle], com.sun.mail.imap.IMAPSSLStore=javax.mail.Provider[STORE,imaps,com.sun.mail.imap.IMAPSSLStore,Oracle], com.sun.mail.pop3.POP3SSLStore=javax.mail.Provider[STORE,pop3s,com.sun.mail.pop3.POP3SSLStore,Oracle], com.sun.mail.imap.IMAPStore=javax.mail.Provider[STORE,imap,com.sun.mail.imap.IMAPStore,Oracle], com.sun.mail.pop3.POP3Store=javax.mail.Provider[STORE,pop3,com.sun.mail.pop3.POP3Store,Oracle]}
DEBUG: Providers Listed By Protocol: {imaps=javax.mail.Provider[STORE,imaps,com.sun.mail.imap.IMAPSSLStore,Oracle], imap=javax.mail.Provider[STORE,imap,com.sun.mail.imap.IMAPStore,Oracle], smtps=javax.mail.Provider[TRANSPORT,smtps,com.sun.mail.smtp.SMTPSSLTransport,Oracle], pop3=javax.mail.Provider[STORE,pop3,com.sun.mail.pop3.POP3Store,Oracle], pop3s=javax.mail.Provider[STORE,pop3s,com.sun.mail.pop3.POP3SSLStore,Oracle], smtp=javax.mail.Provider[TRANSPORT,smtp,com.sun.mail.smtp.SMTPTransport,Oracle]}
DEBUG: successfully loaded resource: /META-INF/javamail.default.address.map
[main] INFO org.apache.mahout.cf.taste.impl.eval.AbstractDifferenceRecommenderEvaluator - Beginning evaluation using 0.8 of FileDataModel[dataFile:/tmp/tempfile6501186558272990469.tmp]
[main] INFO org.apache.mahout.cf.taste.impl.model.GenericDataModel - Processed 2238 users
[main] INFO org.apache.mahout.cf.taste.impl.eval.AbstractDifferenceRecommenderEvaluator - Beginning evaluation of 2238 users
[main] INFO org.apache.mahout.cf.taste.impl.eval.AbstractDifferenceRecommenderEvaluator - Starting timing of 2238 tasks in 64 threads
[pool-1-thread-1] INFO org.apache.mahout.cf.taste.impl.eval.StatsCallable - Average time per recommendation: 5506ms
[pool-1-thread-1] INFO org.apache.mahout.cf.taste.impl.eval.StatsCallable - Approximate memory used: 7998MB / 106032MB
[pool-1-thread-1] INFO org.apache.mahout.cf.taste.impl.eval.StatsCallable - Unable to recommend in 49952 cases
[pool-1-thread-43] INFO org.apache.mahout.cf.taste.impl.eval.StatsCallable - Average time per recommendation: 5375ms
[pool-1-thread-43] INFO org.apache.mahout.cf.taste.impl.eval.StatsCallable - Approximate memory used: 3570MB / 106032MB
[pool-1-thread-43] INFO org.apache.mahout.cf.taste.impl.eval.StatsCallable - Unable to recommend in 141110 cases
[pool-1-thread-35] INFO org.apache.mahout.cf.taste.impl.eval.StatsCallable - Average time per recommendation: 3937ms
[pool-1-thread-35] INFO org.apache.mahout.cf.taste.impl.eval.StatsCallable - Approximate memory used: 6354MB / 106032MB
[pool-1-thread-35] INFO org.apache.mahout.cf.taste.impl.eval.StatsCallable - Unable to recommend in 241807 cases
[main] INFO org.apache.mahout.cf.taste.impl.eval.AbstractDifferenceRecommenderEvaluator - Evaluation result: 0.40718852532537353
0.40718852532537353 00h 02m 26s
DEBUG: getProvider() returning javax.mail.Provider[TRANSPORT,smtp,com.sun.mail.smtp.SMTPTransport,Oracle]
DEBUG SMTP: useEhlo true, useAuth true
DEBUG SMTP: useEhlo true, useAuth true
DEBUG SMTP: trying to connect to host "smtp.live.com", port 587, isSSL false
220 BLU436-SMTP59.smtp.hotmail.com Microsoft ESMTP MAIL Service, Version: 8.0.9200.16384 ready at  Fri, 3 Apr 2015 11:32:30 -0700 
DEBUG SMTP: connected to host "smtp.live.com", port: 587

EHLO mandos6.ics.muni.cz
250-BLU436-SMTP59.smtp.hotmail.com Hello [147.251.9.209]
250-TURN
250-SIZE 41943040
250-ETRN
250-PIPELINING
250-DSN
250-ENHANCEDSTATUSCODES
250-8bitmime
250-BINARYMIME
250-CHUNKING
250-VRFY
250-TLS
250-STARTTLS
250 OK
DEBUG SMTP: Found extension "TURN", arg ""
DEBUG SMTP: Found extension "SIZE", arg "41943040"
DEBUG SMTP: Found extension "ETRN", arg ""
DEBUG SMTP: Found extension "PIPELINING", arg ""
DEBUG SMTP: Found extension "DSN", arg ""
DEBUG SMTP: Found extension "ENHANCEDSTATUSCODES", arg ""
DEBUG SMTP: Found extension "8bitmime", arg ""
DEBUG SMTP: Found extension "BINARYMIME", arg ""
DEBUG SMTP: Found extension "CHUNKING", arg ""
DEBUG SMTP: Found extension "VRFY", arg ""
DEBUG SMTP: Found extension "TLS", arg ""
DEBUG SMTP: Found extension "STARTTLS", arg ""
DEBUG SMTP: Found extension "OK", arg ""
STARTTLS
220 2.0.0 SMTP server ready
EHLO mandos6.ics.muni.cz
250-BLU436-SMTP59.smtp.hotmail.com Hello [147.251.9.209]
250-TURN
250-SIZE 41943040
250-ETRN
250-PIPELINING
250-DSN
250-ENHANCEDSTATUSCODES
250-8bitmime
250-BINARYMIME
250-CHUNKING
250-VRFY
250-AUTH LOGIN PLAIN XOAUTH2
250 OK
DEBUG SMTP: Found extension "TURN", arg ""
DEBUG SMTP: Found extension "SIZE", arg "41943040"
DEBUG SMTP: Found extension "ETRN", arg ""
DEBUG SMTP: Found extension "PIPELINING", arg ""
DEBUG SMTP: Found extension "DSN", arg ""
DEBUG SMTP: Found extension "ENHANCEDSTATUSCODES", arg ""
DEBUG SMTP: Found extension "8bitmime", arg ""
DEBUG SMTP: Found extension "BINARYMIME", arg ""
DEBUG SMTP: Found extension "CHUNKING", arg ""
DEBUG SMTP: Found extension "VRFY", arg ""
DEBUG SMTP: Found extension "AUTH", arg "LOGIN PLAIN XOAUTH2"
DEBUG SMTP: Found extension "OK", arg ""
DEBUG SMTP: Attempt to authenticate using mechanisms: LOGIN PLAIN DIGEST-MD5 NTLM 
DEBUG SMTP: AUTH LOGIN command trace suppressed
DEBUG SMTP: AUTH LOGIN succeeded
DEBUG SMTP: use8bit false
MAIL FROM:<matej.lochman@hotmail.com>
250 2.1.0 matej.lochman@hotmail.com....Sender OK
RCPT TO:<matej.lochman@gmail.com>
250 2.1.5 matej.lochman@gmail.com 
DEBUG SMTP: Verified Addresses
DEBUG SMTP:   matej.lochman@gmail.com
DATA
354 Start mail input; end with <CRLF>.<CRLF>
Date: Fri, 3 Apr 2015 20:32:30 +0200 (CEST)
From: matej.lochman@hotmail.com
To: matej.lochman@gmail.com
Message-ID: <980486635.1.1428085950665.JavaMail.lachtan@mandos6.ics.muni.cz>
Subject: Test Fri Apr 03 20:30:03 CEST 2015 pearson
MIME-Version: 1.0
Content-Type: multipart/mixed; 
	boundary="----=_Part_0_1734541217.1428085950636"

------=_Part_0_1734541217.1428085950636
Content-Type: text/plain; charset=us-ascii
Content-Transfer-Encoding: 7bit

Test Fri Apr 03 20:30:03 CEST 2015 pearson
------=_Part_0_1734541217.1428085950636
Content-Type: text/plain; charset=us-ascii; name="res/200/pearson.txt"
Content-Transfer-Encoding: 7bit
Content-Disposition: attachment; filename="res/200/pearson.txt"

Neighbourhood: 2	Score: 0.40718852532537353		Time: 00h 02m 26s

------=_Part_0_1734541217.1428085950636--
.
250 2.6.0  <980486635.1.1428085950665.JavaMail.lachtan@mandos6.ics.muni.cz> Queued mail for delivery
QUIT
221 2.0.0 BLU436-SMTP59.smtp.hotmail.com Service closing transmission channel
Email sent!
[main] INFO org.apache.mahout.cf.taste.impl.eval.AbstractDifferenceRecommenderEvaluator - Beginning evaluation using 0.8 of FileDataModel[dataFile:/tmp/tempfile6501186558272990469.tmp]
[main] INFO org.apache.mahout.cf.taste.impl.model.GenericDataModel - Processed 2238 users
[main] INFO org.apache.mahout.cf.taste.impl.eval.AbstractDifferenceRecommenderEvaluator - Beginning evaluation of 2238 users
[main] INFO org.apache.mahout.cf.taste.impl.eval.AbstractDifferenceRecommenderEvaluator - Starting timing of 2238 tasks in 64 threads
[pool-2-thread-1] INFO org.apache.mahout.cf.taste.impl.eval.StatsCallable - Average time per recommendation: 5368ms
[pool-2-thread-1] INFO org.apache.mahout.cf.taste.impl.eval.StatsCallable - Approximate memory used: 4099MB / 106032MB
[pool-2-thread-1] INFO org.apache.mahout.cf.taste.impl.eval.StatsCallable - Unable to recommend in 48913 cases
[pool-2-thread-6] INFO org.apache.mahout.cf.taste.impl.eval.StatsCallable - Average time per recommendation: 5378ms
[pool-2-thread-6] INFO org.apache.mahout.cf.taste.impl.eval.StatsCallable - Approximate memory used: 5620MB / 107292MB
[pool-2-thread-6] INFO org.apache.mahout.cf.taste.impl.eval.StatsCallable - Unable to recommend in 140317 cases
[pool-2-thread-7] INFO org.apache.mahout.cf.taste.impl.eval.StatsCallable - Average time per recommendation: 3795ms
[pool-2-thread-7] INFO org.apache.mahout.cf.taste.impl.eval.StatsCallable - Approximate memory used: 5704MB / 107250MB
[pool-2-thread-7] INFO org.apache.mahout.cf.taste.impl.eval.StatsCallable - Unable to recommend in 242093 cases
[main] INFO org.apache.mahout.cf.taste.impl.eval.AbstractDifferenceRecommenderEvaluator - Evaluation result: 0.5098567468054748
0.5098567468054748 00h 02m 23s
DEBUG: getProvider() returning javax.mail.Provider[TRANSPORT,smtp,com.sun.mail.smtp.SMTPTransport,Oracle]
DEBUG SMTP: useEhlo true, useAuth true
DEBUG SMTP: useEhlo true, useAuth true
DEBUG SMTP: trying to connect to host "smtp.live.com", port 587, isSSL false
220 BLU437-SMTP107.smtp.hotmail.com Microsoft ESMTP MAIL Service, Version: 8.0.9200.16384 ready at  Fri, 3 Apr 2015 11:34:58 -0700 
DEBUG SMTP: connected to host "smtp.live.com", port: 587

EHLO mandos6.ics.muni.cz
250-BLU437-SMTP107.smtp.hotmail.com Hello [147.251.9.209]
250-TURN
250-SIZE 41943040
250-ETRN
250-PIPELINING
250-DSN
250-ENHANCEDSTATUSCODES
250-8bitmime
250-BINARYMIME
250-CHUNKING
250-VRFY
250-TLS
250-STARTTLS
250 OK
DEBUG SMTP: Found extension "TURN", arg ""
DEBUG SMTP: Found extension "SIZE", arg "41943040"
DEBUG SMTP: Found extension "ETRN", arg ""
DEBUG SMTP: Found extension "PIPELINING", arg ""
DEBUG SMTP: Found extension "DSN", arg ""
DEBUG SMTP: Found extension "ENHANCEDSTATUSCODES", arg ""
DEBUG SMTP: Found extension "8bitmime", arg ""
DEBUG SMTP: Found extension "BINARYMIME", arg ""
DEBUG SMTP: Found extension "CHUNKING", arg ""
DEBUG SMTP: Found extension "VRFY", arg ""
DEBUG SMTP: Found extension "TLS", arg ""
DEBUG SMTP: Found extension "STARTTLS", arg ""
DEBUG SMTP: Found extension "OK", arg ""
STARTTLS
220 2.0.0 SMTP server ready
EHLO mandos6.ics.muni.cz
250-BLU437-SMTP107.smtp.hotmail.com Hello [147.251.9.209]
250-TURN
250-SIZE 41943040
250-ETRN
250-PIPELINING
250-DSN
250-ENHANCEDSTATUSCODES
250-8bitmime
250-BINARYMIME
250-CHUNKING
250-VRFY
250-AUTH LOGIN PLAIN XOAUTH2
250 OK
DEBUG SMTP: Found extension "TURN", arg ""
DEBUG SMTP: Found extension "SIZE", arg "41943040"
DEBUG SMTP: Found extension "ETRN", arg ""
DEBUG SMTP: Found extension "PIPELINING", arg ""
DEBUG SMTP: Found extension "DSN", arg ""
DEBUG SMTP: Found extension "ENHANCEDSTATUSCODES", arg ""
DEBUG SMTP: Found extension "8bitmime", arg ""
DEBUG SMTP: Found extension "BINARYMIME", arg ""
DEBUG SMTP: Found extension "CHUNKING", arg ""
DEBUG SMTP: Found extension "VRFY", arg ""
DEBUG SMTP: Found extension "AUTH", arg "LOGIN PLAIN XOAUTH2"
DEBUG SMTP: Found extension "OK", arg ""
DEBUG SMTP: Attempt to authenticate using mechanisms: LOGIN PLAIN DIGEST-MD5 NTLM 
DEBUG SMTP: AUTH LOGIN command trace suppressed
DEBUG SMTP: AUTH LOGIN succeeded
DEBUG SMTP: use8bit false
MAIL FROM:<matej.lochman@hotmail.com>
250 2.1.0 matej.lochman@hotmail.com....Sender OK
RCPT TO:<matej.lochman@gmail.com>
250 2.1.5 matej.lochman@gmail.com 
DEBUG SMTP: Verified Addresses
DEBUG SMTP:   matej.lochman@gmail.com
DATA
354 Start mail input; end with <CRLF>.<CRLF>
Date: Fri, 3 Apr 2015 20:34:58 +0200 (CEST)
From: matej.lochman@hotmail.com
To: matej.lochman@gmail.com
Message-ID: <1354951121.3.1428086098412.JavaMail.lachtan@mandos6.ics.muni.cz>
Subject: Test Fri Apr 03 20:30:03 CEST 2015 pearson
MIME-Version: 1.0
Content-Type: multipart/mixed; 
	boundary="----=_Part_2_1987592258.1428086098408"

------=_Part_2_1987592258.1428086098408
Content-Type: text/plain; charset=us-ascii
Content-Transfer-Encoding: 7bit

Test Fri Apr 03 20:30:03 CEST 2015 pearson
------=_Part_2_1987592258.1428086098408
Content-Type: text/plain; charset=us-ascii; name="res/200/pearson.txt"
Content-Transfer-Encoding: 7bit
Content-Disposition: attachment; filename="res/200/pearson.txt"

Neighbourhood: 2	Score: 0.40718852532537353		Time: 00h 02m 26s
Neighbourhood: 4	Score: 0.5098567468054748		Time: 00h 02m 23s

------=_Part_2_1987592258.1428086098408--
.
250 2.6.0  <1354951121.3.1428086098412.JavaMail.lachtan@mandos6.ics.muni.cz> Queued mail for delivery
QUIT
221 2.0.0 BLU437-SMTP107.smtp.hotmail.com Service closing transmission channel
Email sent!
[main] INFO org.apache.mahout.cf.taste.impl.eval.AbstractDifferenceRecommenderEvaluator - Beginning evaluation using 0.8 of FileDataModel[dataFile:/tmp/tempfile6501186558272990469.tmp]
[main] INFO org.apache.mahout.cf.taste.impl.model.GenericDataModel - Processed 2238 users
[main] INFO org.apache.mahout.cf.taste.impl.eval.AbstractDifferenceRecommenderEvaluator - Beginning evaluation of 2238 users
[main] INFO org.apache.mahout.cf.taste.impl.eval.AbstractDifferenceRecommenderEvaluator - Starting timing of 2238 tasks in 64 threads
[pool-3-thread-1] INFO org.apache.mahout.cf.taste.impl.eval.StatsCallable - Average time per recommendation: 5206ms
[pool-3-thread-1] INFO org.apache.mahout.cf.taste.impl.eval.StatsCallable - Approximate memory used: 1208MB / 107275MB
[pool-3-thread-1] INFO org.apache.mahout.cf.taste.impl.eval.StatsCallable - Unable to recommend in 51170 cases
[pool-3-thread-41] INFO org.apache.mahout.cf.taste.impl.eval.StatsCallable - Average time per recommendation: 5184ms
[pool-3-thread-41] INFO org.apache.mahout.cf.taste.impl.eval.StatsCallable - Approximate memory used: 10485MB / 107275MB
[pool-3-thread-41] INFO org.apache.mahout.cf.taste.impl.eval.StatsCallable - Unable to recommend in 138720 cases
[pool-3-thread-50] INFO org.apache.mahout.cf.taste.impl.eval.StatsCallable - Average time per recommendation: 3723ms
[pool-3-thread-50] INFO org.apache.mahout.cf.taste.impl.eval.StatsCallable - Approximate memory used: 260MB / 107261MB
[pool-3-thread-50] INFO org.apache.mahout.cf.taste.impl.eval.StatsCallable - Unable to recommend in 239769 cases
[main] INFO org.apache.mahout.cf.taste.impl.eval.AbstractDifferenceRecommenderEvaluator - Evaluation result: 0.5503080315803286
0.5503080315803286 00h 02m 20s
DEBUG: getProvider() returning javax.mail.Provider[TRANSPORT,smtp,com.sun.mail.smtp.SMTPTransport,Oracle]
DEBUG SMTP: useEhlo true, useAuth true
DEBUG SMTP: useEhlo true, useAuth true
DEBUG SMTP: trying to connect to host "smtp.live.com", port 587, isSSL false
220 BLU436-SMTP9.smtp.hotmail.com Microsoft ESMTP MAIL Service, Version: 8.0.9200.16384 ready at  Fri, 3 Apr 2015 11:37:22 -0700 
DEBUG SMTP: connected to host "smtp.live.com", port: 587

EHLO mandos6.ics.muni.cz
250-BLU436-SMTP9.smtp.hotmail.com Hello [147.251.9.209]
250-TURN
250-SIZE 41943040
250-ETRN
250-PIPELINING
250-DSN
250-ENHANCEDSTATUSCODES
250-8bitmime
250-BINARYMIME
250-CHUNKING
250-VRFY
250-TLS
250-STARTTLS
250 OK
DEBUG SMTP: Found extension "TURN", arg ""
DEBUG SMTP: Found extension "SIZE", arg "41943040"
DEBUG SMTP: Found extension "ETRN", arg ""
DEBUG SMTP: Found extension "PIPELINING", arg ""
DEBUG SMTP: Found extension "DSN", arg ""
DEBUG SMTP: Found extension "ENHANCEDSTATUSCODES", arg ""
DEBUG SMTP: Found extension "8bitmime", arg ""
DEBUG SMTP: Found extension "BINARYMIME", arg ""
DEBUG SMTP: Found extension "CHUNKING", arg ""
DEBUG SMTP: Found extension "VRFY", arg ""
DEBUG SMTP: Found extension "TLS", arg ""
DEBUG SMTP: Found extension "STARTTLS", arg ""
DEBUG SMTP: Found extension "OK", arg ""
STARTTLS
220 2.0.0 SMTP server ready
EHLO mandos6.ics.muni.cz
250-BLU436-SMTP9.smtp.hotmail.com Hello [147.251.9.209]
250-TURN
250-SIZE 41943040
250-ETRN
250-PIPELINING
250-DSN
250-ENHANCEDSTATUSCODES
250-8bitmime
250-BINARYMIME
250-CHUNKING
250-VRFY
250-AUTH LOGIN PLAIN XOAUTH2
250 OK
DEBUG SMTP: Found extension "TURN", arg ""
DEBUG SMTP: Found extension "SIZE", arg "41943040"
DEBUG SMTP: Found extension "ETRN", arg ""
DEBUG SMTP: Found extension "PIPELINING", arg ""
DEBUG SMTP: Found extension "DSN", arg ""
DEBUG SMTP: Found extension "ENHANCEDSTATUSCODES", arg ""
DEBUG SMTP: Found extension "8bitmime", arg ""
DEBUG SMTP: Found extension "BINARYMIME", arg ""
DEBUG SMTP: Found extension "CHUNKING", arg ""
DEBUG SMTP: Found extension "VRFY", arg ""
DEBUG SMTP: Found extension "AUTH", arg "LOGIN PLAIN XOAUTH2"
DEBUG SMTP: Found extension "OK", arg ""
DEBUG SMTP: Attempt to authenticate using mechanisms: LOGIN PLAIN DIGEST-MD5 NTLM 
DEBUG SMTP: AUTH LOGIN command trace suppressed
DEBUG SMTP: AUTH LOGIN succeeded
DEBUG SMTP: use8bit false
MAIL FROM:<matej.lochman@hotmail.com>
250 2.1.0 matej.lochman@hotmail.com....Sender OK
RCPT TO:<matej.lochman@gmail.com>
250 2.1.5 matej.lochman@gmail.com 
DEBUG SMTP: Verified Addresses
DEBUG SMTP:   matej.lochman@gmail.com
DATA
354 Start mail input; end with <CRLF>.<CRLF>
Date: Fri, 3 Apr 2015 20:37:22 +0200 (CEST)
From: matej.lochman@hotmail.com
To: matej.lochman@gmail.com
Message-ID: <892604996.5.1428086242149.JavaMail.lachtan@mandos6.ics.muni.cz>
Subject: Test Fri Apr 03 20:30:03 CEST 2015 pearson
MIME-Version: 1.0
Content-Type: multipart/mixed; 
	boundary="----=_Part_4_1359176305.1428086242146"

------=_Part_4_1359176305.1428086242146
Content-Type: text/plain; charset=us-ascii
Content-Transfer-Encoding: 7bit

Test Fri Apr 03 20:30:03 CEST 2015 pearson
------=_Part_4_1359176305.1428086242146
Content-Type: text/plain; charset=us-ascii; name="res/200/pearson.txt"
Content-Transfer-Encoding: 7bit
Content-Disposition: attachment; filename="res/200/pearson.txt"

Neighbourhood: 2	Score: 0.40718852532537353		Time: 00h 02m 26s
Neighbourhood: 4	Score: 0.5098567468054748		Time: 00h 02m 23s
Neighbourhood: 8	Score: 0.5503080315803286		Time: 00h 02m 20s

------=_Part_4_1359176305.1428086242146--
.
250 2.6.0  <892604996.5.1428086242149.JavaMail.lachtan@mandos6.ics.muni.cz> Queued mail for delivery
QUIT
221 2.0.0 BLU436-SMTP9.smtp.hotmail.com Service closing transmission channel
Email sent!
[main] INFO org.apache.mahout.cf.taste.impl.eval.AbstractDifferenceRecommenderEvaluator - Beginning evaluation using 0.8 of FileDataModel[dataFile:/tmp/tempfile6501186558272990469.tmp]
[main] INFO org.apache.mahout.cf.taste.impl.model.GenericDataModel - Processed 2238 users
[main] INFO org.apache.mahout.cf.taste.impl.eval.AbstractDifferenceRecommenderEvaluator - Beginning evaluation of 2238 users
[main] INFO org.apache.mahout.cf.taste.impl.eval.AbstractDifferenceRecommenderEvaluator - Starting timing of 2238 tasks in 64 threads
[pool-4-thread-1] INFO org.apache.mahout.cf.taste.impl.eval.StatsCallable - Average time per recommendation: 5204ms
[pool-4-thread-1] INFO org.apache.mahout.cf.taste.impl.eval.StatsCallable - Approximate memory used: 6321MB / 107261MB
[pool-4-thread-1] INFO org.apache.mahout.cf.taste.impl.eval.StatsCallable - Unable to recommend in 48239 cases
[pool-4-thread-30] INFO org.apache.mahout.cf.taste.impl.eval.StatsCallable - Average time per recommendation: 5189ms
[pool-4-thread-30] INFO org.apache.mahout.cf.taste.impl.eval.StatsCallable - Approximate memory used: 5399MB / 107268MB
[pool-4-thread-30] INFO org.apache.mahout.cf.taste.impl.eval.StatsCallable - Unable to recommend in 132377 cases
[pool-4-thread-46] INFO org.apache.mahout.cf.taste.impl.eval.StatsCallable - Average time per recommendation: 3728ms
[pool-4-thread-46] INFO org.apache.mahout.cf.taste.impl.eval.StatsCallable - Approximate memory used: 5798MB / 107260MB
[pool-4-thread-46] INFO org.apache.mahout.cf.taste.impl.eval.StatsCallable - Unable to recommend in 229145 cases
[main] INFO org.apache.mahout.cf.taste.impl.eval.AbstractDifferenceRecommenderEvaluator - Evaluation result: 0.5859667859645117
0.5859667859645117 00h 02m 22s
DEBUG: getProvider() returning javax.mail.Provider[TRANSPORT,smtp,com.sun.mail.smtp.SMTPTransport,Oracle]
DEBUG SMTP: useEhlo true, useAuth true
DEBUG SMTP: useEhlo true, useAuth true
DEBUG SMTP: trying to connect to host "smtp.live.com", port 587, isSSL false
220 BLU436-SMTP73.smtp.hotmail.com Microsoft ESMTP MAIL Service, Version: 8.0.9200.16384 ready at  Fri, 3 Apr 2015 11:39:48 -0700 
DEBUG SMTP: connected to host "smtp.live.com", port: 587

EHLO mandos6.ics.muni.cz
250-BLU436-SMTP73.smtp.hotmail.com Hello [147.251.9.209]
250-TURN
250-SIZE 41943040
250-ETRN
250-PIPELINING
250-DSN
250-ENHANCEDSTATUSCODES
250-8bitmime
250-BINARYMIME
250-CHUNKING
250-VRFY
250-TLS
250-STARTTLS
250 OK
DEBUG SMTP: Found extension "TURN", arg ""
DEBUG SMTP: Found extension "SIZE", arg "41943040"
DEBUG SMTP: Found extension "ETRN", arg ""
DEBUG SMTP: Found extension "PIPELINING", arg ""
DEBUG SMTP: Found extension "DSN", arg ""
DEBUG SMTP: Found extension "ENHANCEDSTATUSCODES", arg ""
DEBUG SMTP: Found extension "8bitmime", arg ""
DEBUG SMTP: Found extension "BINARYMIME", arg ""
DEBUG SMTP: Found extension "CHUNKING", arg ""
DEBUG SMTP: Found extension "VRFY", arg ""
DEBUG SMTP: Found extension "TLS", arg ""
DEBUG SMTP: Found extension "STARTTLS", arg ""
DEBUG SMTP: Found extension "OK", arg ""
STARTTLS
220 2.0.0 SMTP server ready
EHLO mandos6.ics.muni.cz
250-BLU436-SMTP73.smtp.hotmail.com Hello [147.251.9.209]
250-TURN
250-SIZE 41943040
250-ETRN
250-PIPELINING
250-DSN
250-ENHANCEDSTATUSCODES
250-8bitmime
250-BINARYMIME
250-CHUNKING
250-VRFY
250-AUTH LOGIN PLAIN XOAUTH2
250 OK
DEBUG SMTP: Found extension "TURN", arg ""
DEBUG SMTP: Found extension "SIZE", arg "41943040"
DEBUG SMTP: Found extension "ETRN", arg ""
DEBUG SMTP: Found extension "PIPELINING", arg ""
DEBUG SMTP: Found extension "DSN", arg ""
DEBUG SMTP: Found extension "ENHANCEDSTATUSCODES", arg ""
DEBUG SMTP: Found extension "8bitmime", arg ""
DEBUG SMTP: Found extension "BINARYMIME", arg ""
DEBUG SMTP: Found extension "CHUNKING", arg ""
DEBUG SMTP: Found extension "VRFY", arg ""
DEBUG SMTP: Found extension "AUTH", arg "LOGIN PLAIN XOAUTH2"
DEBUG SMTP: Found extension "OK", arg ""
DEBUG SMTP: Attempt to authenticate using mechanisms: LOGIN PLAIN DIGEST-MD5 NTLM 
DEBUG SMTP: AUTH LOGIN command trace suppressed
DEBUG SMTP: AUTH LOGIN succeeded
DEBUG SMTP: use8bit false
MAIL FROM:<matej.lochman@hotmail.com>
250 2.1.0 matej.lochman@hotmail.com....Sender OK
RCPT TO:<matej.lochman@gmail.com>
250 2.1.5 matej.lochman@gmail.com 
DEBUG SMTP: Verified Addresses
DEBUG SMTP:   matej.lochman@gmail.com
DATA
354 Start mail input; end with <CRLF>.<CRLF>
Date: Fri, 3 Apr 2015 20:39:48 +0200 (CEST)
From: matej.lochman@hotmail.com
To: matej.lochman@gmail.com
Message-ID: <1494633745.7.1428086388358.JavaMail.lachtan@mandos6.ics.muni.cz>
Subject: Test Fri Apr 03 20:30:03 CEST 2015 pearson
MIME-Version: 1.0
Content-Type: multipart/mixed; 
	boundary="----=_Part_6_1146342026.1428086388355"

------=_Part_6_1146342026.1428086388355
Content-Type: text/plain; charset=us-ascii
Content-Transfer-Encoding: 7bit

Test Fri Apr 03 20:30:03 CEST 2015 pearson
------=_Part_6_1146342026.1428086388355
Content-Type: text/plain; charset=us-ascii; name="res/200/pearson.txt"
Content-Transfer-Encoding: 7bit
Content-Disposition: attachment; filename="res/200/pearson.txt"

Neighbourhood: 2	Score: 0.40718852532537353		Time: 00h 02m 26s
Neighbourhood: 4	Score: 0.5098567468054748		Time: 00h 02m 23s
Neighbourhood: 8	Score: 0.5503080315803286		Time: 00h 02m 20s
Neighbourhood: 16	Score: 0.5859667859645117		Time: 00h 02m 22s

------=_Part_6_1146342026.1428086388355--
.
250 2.6.0  <1494633745.7.1428086388358.JavaMail.lachtan@mandos6.ics.muni.cz> Queued mail for delivery
QUIT
221 2.0.0 BLU436-SMTP73.smtp.hotmail.com Service closing transmission channel
Email sent!
[main] INFO org.apache.mahout.cf.taste.impl.eval.AbstractDifferenceRecommenderEvaluator - Beginning evaluation using 0.8 of FileDataModel[dataFile:/tmp/tempfile6501186558272990469.tmp]
[main] INFO org.apache.mahout.cf.taste.impl.model.GenericDataModel - Processed 2238 users
[main] INFO org.apache.mahout.cf.taste.impl.eval.AbstractDifferenceRecommenderEvaluator - Beginning evaluation of 2238 users
[main] INFO org.apache.mahout.cf.taste.impl.eval.AbstractDifferenceRecommenderEvaluator - Starting timing of 2238 tasks in 64 threads
[pool-5-thread-1] INFO org.apache.mahout.cf.taste.impl.eval.StatsCallable - Average time per recommendation: 5324ms
[pool-5-thread-1] INFO org.apache.mahout.cf.taste.impl.eval.StatsCallable - Approximate memory used: 1826MB / 107264MB
[pool-5-thread-1] INFO org.apache.mahout.cf.taste.impl.eval.StatsCallable - Unable to recommend in 42576 cases
[pool-5-thread-38] INFO org.apache.mahout.cf.taste.impl.eval.StatsCallable - Average time per recommendation: 5200ms
[pool-5-thread-38] INFO org.apache.mahout.cf.taste.impl.eval.StatsCallable - Approximate memory used: 982MB / 107262MB
[pool-5-thread-38] INFO org.apache.mahout.cf.taste.impl.eval.StatsCallable - Unable to recommend in 114274 cases
[pool-5-thread-4] INFO org.apache.mahout.cf.taste.impl.eval.StatsCallable - Average time per recommendation: 3738ms
[pool-5-thread-4] INFO org.apache.mahout.cf.taste.impl.eval.StatsCallable - Approximate memory used: 1730MB / 107157MB
[pool-5-thread-4] INFO org.apache.mahout.cf.taste.impl.eval.StatsCallable - Unable to recommend in 197298 cases
[main] INFO org.apache.mahout.cf.taste.impl.eval.AbstractDifferenceRecommenderEvaluator - Evaluation result: 0.6215845058392693
0.6215845058392693 00h 02m 20s
DEBUG: getProvider() returning javax.mail.Provider[TRANSPORT,smtp,com.sun.mail.smtp.SMTPTransport,Oracle]
DEBUG SMTP: useEhlo true, useAuth true
DEBUG SMTP: useEhlo true, useAuth true
DEBUG SMTP: trying to connect to host "smtp.live.com", port 587, isSSL false
220 BLU436-SMTP133.smtp.hotmail.com Microsoft ESMTP MAIL Service, Version: 8.0.9200.16384 ready at  Fri, 3 Apr 2015 11:42:11 -0700 
DEBUG SMTP: connected to host "smtp.live.com", port: 587

EHLO mandos6.ics.muni.cz
250-BLU436-SMTP133.smtp.hotmail.com Hello [147.251.9.209]
250-TURN
250-SIZE 41943040
250-ETRN
250-PIPELINING
250-DSN
250-ENHANCEDSTATUSCODES
250-8bitmime
250-BINARYMIME
250-CHUNKING
250-VRFY
250-TLS
250-STARTTLS
250 OK
DEBUG SMTP: Found extension "TURN", arg ""
DEBUG SMTP: Found extension "SIZE", arg "41943040"
DEBUG SMTP: Found extension "ETRN", arg ""
DEBUG SMTP: Found extension "PIPELINING", arg ""
DEBUG SMTP: Found extension "DSN", arg ""
DEBUG SMTP: Found extension "ENHANCEDSTATUSCODES", arg ""
DEBUG SMTP: Found extension "8bitmime", arg ""
DEBUG SMTP: Found extension "BINARYMIME", arg ""
DEBUG SMTP: Found extension "CHUNKING", arg ""
DEBUG SMTP: Found extension "VRFY", arg ""
DEBUG SMTP: Found extension "TLS", arg ""
DEBUG SMTP: Found extension "STARTTLS", arg ""
DEBUG SMTP: Found extension "OK", arg ""
STARTTLS
220 2.0.0 SMTP server ready
EHLO mandos6.ics.muni.cz
250-BLU436-SMTP133.smtp.hotmail.com Hello [147.251.9.209]
250-TURN
250-SIZE 41943040
250-ETRN
250-PIPELINING
250-DSN
250-ENHANCEDSTATUSCODES
250-8bitmime
250-BINARYMIME
250-CHUNKING
250-VRFY
250-AUTH LOGIN PLAIN XOAUTH2
250 OK
DEBUG SMTP: Found extension "TURN", arg ""
DEBUG SMTP: Found extension "SIZE", arg "41943040"
DEBUG SMTP: Found extension "ETRN", arg ""
DEBUG SMTP: Found extension "PIPELINING", arg ""
DEBUG SMTP: Found extension "DSN", arg ""
DEBUG SMTP: Found extension "ENHANCEDSTATUSCODES", arg ""
DEBUG SMTP: Found extension "8bitmime", arg ""
DEBUG SMTP: Found extension "BINARYMIME", arg ""
DEBUG SMTP: Found extension "CHUNKING", arg ""
DEBUG SMTP: Found extension "VRFY", arg ""
DEBUG SMTP: Found extension "AUTH", arg "LOGIN PLAIN XOAUTH2"
DEBUG SMTP: Found extension "OK", arg ""
DEBUG SMTP: Attempt to authenticate using mechanisms: LOGIN PLAIN DIGEST-MD5 NTLM 
DEBUG SMTP: AUTH LOGIN command trace suppressed
DEBUG SMTP: AUTH LOGIN succeeded
DEBUG SMTP: use8bit false
MAIL FROM:<matej.lochman@hotmail.com>
250 2.1.0 matej.lochman@hotmail.com....Sender OK
RCPT TO:<matej.lochman@gmail.com>
250 2.1.5 matej.lochman@gmail.com 
DEBUG SMTP: Verified Addresses
DEBUG SMTP:   matej.lochman@gmail.com
DATA
354 Start mail input; end with <CRLF>.<CRLF>
Date: Fri, 3 Apr 2015 20:42:11 +0200 (CEST)
From: matej.lochman@hotmail.com
To: matej.lochman@gmail.com
Message-ID: <2042732747.9.1428086531610.JavaMail.lachtan@mandos6.ics.muni.cz>
Subject: Test Fri Apr 03 20:30:03 CEST 2015 pearson
MIME-Version: 1.0
Content-Type: multipart/mixed; 
	boundary="----=_Part_8_806114689.1428086531607"

------=_Part_8_806114689.1428086531607
Content-Type: text/plain; charset=us-ascii
Content-Transfer-Encoding: 7bit

Test Fri Apr 03 20:30:03 CEST 2015 pearson
------=_Part_8_806114689.1428086531607
Content-Type: text/plain; charset=us-ascii; name="res/200/pearson.txt"
Content-Transfer-Encoding: 7bit
Content-Disposition: attachment; filename="res/200/pearson.txt"

Neighbourhood: 2	Score: 0.40718852532537353		Time: 00h 02m 26s
Neighbourhood: 4	Score: 0.5098567468054748		Time: 00h 02m 23s
Neighbourhood: 8	Score: 0.5503080315803286		Time: 00h 02m 20s
Neighbourhood: 16	Score: 0.5859667859645117		Time: 00h 02m 22s
Neighbourhood: 32	Score: 0.6215845058392693		Time: 00h 02m 20s

------=_Part_8_806114689.1428086531607--
.
250 2.6.0  <2042732747.9.1428086531610.JavaMail.lachtan@mandos6.ics.muni.cz> Queued mail for delivery
QUIT
221 2.0.0 BLU436-SMTP133.smtp.hotmail.com Service closing transmission channel
Email sent!
[main] INFO org.apache.mahout.cf.taste.impl.eval.AbstractDifferenceRecommenderEvaluator - Beginning evaluation using 0.8 of FileDataModel[dataFile:/tmp/tempfile6501186558272990469.tmp]
[main] INFO org.apache.mahout.cf.taste.impl.model.GenericDataModel - Processed 2238 users
[main] INFO org.apache.mahout.cf.taste.impl.eval.AbstractDifferenceRecommenderEvaluator - Beginning evaluation of 2238 users
[main] INFO org.apache.mahout.cf.taste.impl.eval.AbstractDifferenceRecommenderEvaluator - Starting timing of 2238 tasks in 64 threads
[pool-6-thread-1] INFO org.apache.mahout.cf.taste.impl.eval.StatsCallable - Average time per recommendation: 5261ms
[pool-6-thread-1] INFO org.apache.mahout.cf.taste.impl.eval.StatsCallable - Approximate memory used: 8434MB / 107157MB
[pool-6-thread-1] INFO org.apache.mahout.cf.taste.impl.eval.StatsCallable - Unable to recommend in 31451 cases
[pool-6-thread-17] INFO org.apache.mahout.cf.taste.impl.eval.StatsCallable - Average time per recommendation: 5221ms
[pool-6-thread-17] INFO org.apache.mahout.cf.taste.impl.eval.StatsCallable - Approximate memory used: 8156MB / 107270MB
[pool-6-thread-17] INFO org.apache.mahout.cf.taste.impl.eval.StatsCallable - Unable to recommend in 84518 cases
[pool-6-thread-56] INFO org.apache.mahout.cf.taste.impl.eval.StatsCallable - Average time per recommendation: 3753ms
[pool-6-thread-56] INFO org.apache.mahout.cf.taste.impl.eval.StatsCallable - Approximate memory used: 9434MB / 107264MB
[pool-6-thread-56] INFO org.apache.mahout.cf.taste.impl.eval.StatsCallable - Unable to recommend in 142764 cases
[main] INFO org.apache.mahout.cf.taste.impl.eval.AbstractDifferenceRecommenderEvaluator - Evaluation result: 0.6549373389666083
0.6549373389666083 00h 02m 23s
DEBUG: getProvider() returning javax.mail.Provider[TRANSPORT,smtp,com.sun.mail.smtp.SMTPTransport,Oracle]
DEBUG SMTP: useEhlo true, useAuth true
DEBUG SMTP: useEhlo true, useAuth true
DEBUG SMTP: trying to connect to host "smtp.live.com", port 587, isSSL false
220 BLU437-SMTP73.smtp.hotmail.com Microsoft ESMTP MAIL Service, Version: 8.0.9200.16384 ready at  Fri, 3 Apr 2015 11:44:37 -0700 
DEBUG SMTP: connected to host "smtp.live.com", port: 587

EHLO mandos6.ics.muni.cz
250-BLU437-SMTP73.smtp.hotmail.com Hello [147.251.9.209]
250-TURN
250-SIZE 41943040
250-ETRN
250-PIPELINING
250-DSN
250-ENHANCEDSTATUSCODES
250-8bitmime
250-BINARYMIME
250-CHUNKING
250-VRFY
250-TLS
250-STARTTLS
250 OK
DEBUG SMTP: Found extension "TURN", arg ""
DEBUG SMTP: Found extension "SIZE", arg "41943040"
DEBUG SMTP: Found extension "ETRN", arg ""
DEBUG SMTP: Found extension "PIPELINING", arg ""
DEBUG SMTP: Found extension "DSN", arg ""
DEBUG SMTP: Found extension "ENHANCEDSTATUSCODES", arg ""
DEBUG SMTP: Found extension "8bitmime", arg ""
DEBUG SMTP: Found extension "BINARYMIME", arg ""
DEBUG SMTP: Found extension "CHUNKING", arg ""
DEBUG SMTP: Found extension "VRFY", arg ""
DEBUG SMTP: Found extension "TLS", arg ""
DEBUG SMTP: Found extension "STARTTLS", arg ""
DEBUG SMTP: Found extension "OK", arg ""
STARTTLS
220 2.0.0 SMTP server ready
EHLO mandos6.ics.muni.cz
250-BLU437-SMTP73.smtp.hotmail.com Hello [147.251.9.209]
250-TURN
250-SIZE 41943040
250-ETRN
250-PIPELINING
250-DSN
250-ENHANCEDSTATUSCODES
250-8bitmime
250-BINARYMIME
250-CHUNKING
250-VRFY
250-AUTH LOGIN PLAIN XOAUTH2
250 OK
DEBUG SMTP: Found extension "TURN", arg ""
DEBUG SMTP: Found extension "SIZE", arg "41943040"
DEBUG SMTP: Found extension "ETRN", arg ""
DEBUG SMTP: Found extension "PIPELINING", arg ""
DEBUG SMTP: Found extension "DSN", arg ""
DEBUG SMTP: Found extension "ENHANCEDSTATUSCODES", arg ""
DEBUG SMTP: Found extension "8bitmime", arg ""
DEBUG SMTP: Found extension "BINARYMIME", arg ""
DEBUG SMTP: Found extension "CHUNKING", arg ""
DEBUG SMTP: Found extension "VRFY", arg ""
DEBUG SMTP: Found extension "AUTH", arg "LOGIN PLAIN XOAUTH2"
DEBUG SMTP: Found extension "OK", arg ""
DEBUG SMTP: Attempt to authenticate using mechanisms: LOGIN PLAIN DIGEST-MD5 NTLM 
DEBUG SMTP: AUTH LOGIN command trace suppressed
DEBUG SMTP: AUTH LOGIN succeeded
DEBUG SMTP: use8bit false
MAIL FROM:<matej.lochman@hotmail.com>
250 2.1.0 matej.lochman@hotmail.com....Sender OK
RCPT TO:<matej.lochman@gmail.com>
250 2.1.5 matej.lochman@gmail.com 
DEBUG SMTP: Verified Addresses
DEBUG SMTP:   matej.lochman@gmail.com
DATA
354 Start mail input; end with <CRLF>.<CRLF>
Date: Fri, 3 Apr 2015 20:44:37 +0200 (CEST)
From: matej.lochman@hotmail.com
To: matej.lochman@gmail.com
Message-ID: <652242446.11.1428086677932.JavaMail.lachtan@mandos6.ics.muni.cz>
Subject: Test Fri Apr 03 20:30:03 CEST 2015 pearson
MIME-Version: 1.0
Content-Type: multipart/mixed; 
	boundary="----=_Part_10_1379861257.1428086677929"

------=_Part_10_1379861257.1428086677929
Content-Type: text/plain; charset=us-ascii
Content-Transfer-Encoding: 7bit

Test Fri Apr 03 20:30:03 CEST 2015 pearson
------=_Part_10_1379861257.1428086677929
Content-Type: text/plain; charset=us-ascii; name="res/200/pearson.txt"
Content-Transfer-Encoding: 7bit
Content-Disposition: attachment; filename="res/200/pearson.txt"

Neighbourhood: 2	Score: 0.40718852532537353		Time: 00h 02m 26s
Neighbourhood: 4	Score: 0.5098567468054748		Time: 00h 02m 23s
Neighbourhood: 8	Score: 0.5503080315803286		Time: 00h 02m 20s
Neighbourhood: 16	Score: 0.5859667859645117		Time: 00h 02m 22s
Neighbourhood: 32	Score: 0.6215845058392693		Time: 00h 02m 20s
Neighbourhood: 64	Score: 0.6549373389666083		Time: 00h 02m 23s

------=_Part_10_1379861257.1428086677929--
.
250 2.6.0  <652242446.11.1428086677932.JavaMail.lachtan@mandos6.ics.muni.cz> Queued mail for delivery
QUIT
221 2.0.0 BLU437-SMTP73.smtp.hotmail.com Service closing transmission channel
Email sent!
[main] INFO org.apache.mahout.cf.taste.impl.eval.AbstractDifferenceRecommenderEvaluator - Beginning evaluation using 0.8 of FileDataModel[dataFile:/tmp/tempfile6501186558272990469.tmp]
[main] INFO org.apache.mahout.cf.taste.impl.model.GenericDataModel - Processed 2238 users
[main] INFO org.apache.mahout.cf.taste.impl.eval.AbstractDifferenceRecommenderEvaluator - Beginning evaluation of 2238 users
[main] INFO org.apache.mahout.cf.taste.impl.eval.AbstractDifferenceRecommenderEvaluator - Starting timing of 2238 tasks in 64 threads
[pool-7-thread-1] INFO org.apache.mahout.cf.taste.impl.eval.StatsCallable - Average time per recommendation: 5301ms
[pool-7-thread-1] INFO org.apache.mahout.cf.taste.impl.eval.StatsCallable - Approximate memory used: 6108MB / 107276MB
[pool-7-thread-1] INFO org.apache.mahout.cf.taste.impl.eval.StatsCallable - Unable to recommend in 20522 cases
[pool-7-thread-13] INFO org.apache.mahout.cf.taste.impl.eval.StatsCallable - Average time per recommendation: 5256ms
[pool-7-thread-13] INFO org.apache.mahout.cf.taste.impl.eval.StatsCallable - Approximate memory used: 6719MB / 107270MB
[pool-7-thread-13] INFO org.apache.mahout.cf.taste.impl.eval.StatsCallable - Unable to recommend in 55349 cases
[pool-7-thread-56] INFO org.apache.mahout.cf.taste.impl.eval.StatsCallable - Average time per recommendation: 3783ms
[pool-7-thread-56] INFO org.apache.mahout.cf.taste.impl.eval.StatsCallable - Approximate memory used: 8933MB / 107277MB
[pool-7-thread-56] INFO org.apache.mahout.cf.taste.impl.eval.StatsCallable - Unable to recommend in 90145 cases
[main] INFO org.apache.mahout.cf.taste.impl.eval.AbstractDifferenceRecommenderEvaluator - Evaluation result: 0.6789389860433391
0.6789389860433391 00h 02m 22s
DEBUG: getProvider() returning javax.mail.Provider[TRANSPORT,smtp,com.sun.mail.smtp.SMTPTransport,Oracle]
DEBUG SMTP: useEhlo true, useAuth true
DEBUG SMTP: useEhlo true, useAuth true
DEBUG SMTP: trying to connect to host "smtp.live.com", port 587, isSSL false
220 BLU436-SMTP259.smtp.hotmail.com Microsoft ESMTP MAIL Service, Version: 8.0.9200.16384 ready at  Fri, 3 Apr 2015 11:47:03 -0700 
DEBUG SMTP: connected to host "smtp.live.com", port: 587

EHLO mandos6.ics.muni.cz
250-BLU436-SMTP259.smtp.hotmail.com Hello [147.251.9.209]
250-TURN
250-SIZE 41943040
250-ETRN
250-PIPELINING
250-DSN
250-ENHANCEDSTATUSCODES
250-8bitmime
250-BINARYMIME
250-CHUNKING
250-VRFY
250-TLS
250-STARTTLS
250 OK
DEBUG SMTP: Found extension "TURN", arg ""
DEBUG SMTP: Found extension "SIZE", arg "41943040"
DEBUG SMTP: Found extension "ETRN", arg ""
DEBUG SMTP: Found extension "PIPELINING", arg ""
DEBUG SMTP: Found extension "DSN", arg ""
DEBUG SMTP: Found extension "ENHANCEDSTATUSCODES", arg ""
DEBUG SMTP: Found extension "8bitmime", arg ""
DEBUG SMTP: Found extension "BINARYMIME", arg ""
DEBUG SMTP: Found extension "CHUNKING", arg ""
DEBUG SMTP: Found extension "VRFY", arg ""
DEBUG SMTP: Found extension "TLS", arg ""
DEBUG SMTP: Found extension "STARTTLS", arg ""
DEBUG SMTP: Found extension "OK", arg ""
STARTTLS
220 2.0.0 SMTP server ready
EHLO mandos6.ics.muni.cz
250-BLU436-SMTP259.smtp.hotmail.com Hello [147.251.9.209]
250-TURN
250-SIZE 41943040
250-ETRN
250-PIPELINING
250-DSN
250-ENHANCEDSTATUSCODES
250-8bitmime
250-BINARYMIME
250-CHUNKING
250-VRFY
250-AUTH LOGIN PLAIN XOAUTH2
250 OK
DEBUG SMTP: Found extension "TURN", arg ""
DEBUG SMTP: Found extension "SIZE", arg "41943040"
DEBUG SMTP: Found extension "ETRN", arg ""
DEBUG SMTP: Found extension "PIPELINING", arg ""
DEBUG SMTP: Found extension "DSN", arg ""
DEBUG SMTP: Found extension "ENHANCEDSTATUSCODES", arg ""
DEBUG SMTP: Found extension "8bitmime", arg ""
DEBUG SMTP: Found extension "BINARYMIME", arg ""
DEBUG SMTP: Found extension "CHUNKING", arg ""
DEBUG SMTP: Found extension "VRFY", arg ""
DEBUG SMTP: Found extension "AUTH", arg "LOGIN PLAIN XOAUTH2"
DEBUG SMTP: Found extension "OK", arg ""
DEBUG SMTP: Attempt to authenticate using mechanisms: LOGIN PLAIN DIGEST-MD5 NTLM 
DEBUG SMTP: AUTH LOGIN command trace suppressed
DEBUG SMTP: AUTH LOGIN succeeded
DEBUG SMTP: use8bit false
MAIL FROM:<matej.lochman@hotmail.com>
250 2.1.0 matej.lochman@hotmail.com....Sender OK
RCPT TO:<matej.lochman@gmail.com>
250 2.1.5 matej.lochman@gmail.com 
DEBUG SMTP: Verified Addresses
DEBUG SMTP:   matej.lochman@gmail.com
DATA
354 Start mail input; end with <CRLF>.<CRLF>
Date: Fri, 3 Apr 2015 20:47:03 +0200 (CEST)
From: matej.lochman@hotmail.com
To: matej.lochman@gmail.com
Message-ID: <1408985210.13.1428086823625.JavaMail.lachtan@mandos6.ics.muni.cz>
Subject: Test Fri Apr 03 20:30:03 CEST 2015 pearson
MIME-Version: 1.0
Content-Type: multipart/mixed; 
	boundary="----=_Part_12_509515457.1428086823622"

------=_Part_12_509515457.1428086823622
Content-Type: text/plain; charset=us-ascii
Content-Transfer-Encoding: 7bit

Test Fri Apr 03 20:30:03 CEST 2015 pearson
------=_Part_12_509515457.1428086823622
Content-Type: text/plain; charset=us-ascii; name="res/200/pearson.txt"
Content-Transfer-Encoding: 7bit
Content-Disposition: attachment; filename="res/200/pearson.txt"

Neighbourhood: 2	Score: 0.40718852532537353		Time: 00h 02m 26s
Neighbourhood: 4	Score: 0.5098567468054748		Time: 00h 02m 23s
Neighbourhood: 8	Score: 0.5503080315803286		Time: 00h 02m 20s
Neighbourhood: 16	Score: 0.5859667859645117		Time: 00h 02m 22s
Neighbourhood: 32	Score: 0.6215845058392693		Time: 00h 02m 20s
Neighbourhood: 64	Score: 0.6549373389666083		Time: 00h 02m 23s
Neighbourhood: 128	Score: 0.6789389860433391		Time: 00h 02m 22s

------=_Part_12_509515457.1428086823622--
.
250 2.6.0  <1408985210.13.1428086823625.JavaMail.lachtan@mandos6.ics.muni.cz> Queued mail for delivery
QUIT
221 2.0.0 BLU436-SMTP259.smtp.hotmail.com Service closing transmission channel
Email sent!

**********************************************************************************************************

The SCRATCHes have been SUCCESSFULLY cleaned...
