[main] INFO org.apache.mahout.cf.taste.impl.model.file.FileDataModel - Creating FileDataModel for file /tmp/tempfile8102308997704121831.tmp
[main] INFO org.apache.mahout.cf.taste.impl.model.file.FileDataModel - Reading file info...
[main] INFO org.apache.mahout.cf.taste.impl.model.file.FileDataModel - Processed 1000000 lines
[main] INFO org.apache.mahout.cf.taste.impl.model.file.FileDataModel - Read lines: 1794383
[main] INFO org.apache.mahout.cf.taste.impl.model.GenericDataModel - Processed 10000 users
[main] INFO org.apache.mahout.cf.taste.impl.model.GenericDataModel - Processed 10734 users
DEBUG: JavaMail version 1.5.0-b01
DEBUG: successfully loaded resource: /META-INF/javamail.default.providers
DEBUG: Tables of loaded providers
DEBUG: Providers Listed By Class Name: {com.sun.mail.smtp.SMTPSSLTransport=javax.mail.Provider[TRANSPORT,smtps,com.sun.mail.smtp.SMTPSSLTransport,Oracle], com.sun.mail.smtp.SMTPTransport=javax.mail.Provider[TRANSPORT,smtp,com.sun.mail.smtp.SMTPTransport,Oracle], com.sun.mail.imap.IMAPSSLStore=javax.mail.Provider[STORE,imaps,com.sun.mail.imap.IMAPSSLStore,Oracle], com.sun.mail.pop3.POP3SSLStore=javax.mail.Provider[STORE,pop3s,com.sun.mail.pop3.POP3SSLStore,Oracle], com.sun.mail.imap.IMAPStore=javax.mail.Provider[STORE,imap,com.sun.mail.imap.IMAPStore,Oracle], com.sun.mail.pop3.POP3Store=javax.mail.Provider[STORE,pop3,com.sun.mail.pop3.POP3Store,Oracle]}
DEBUG: Providers Listed By Protocol: {imaps=javax.mail.Provider[STORE,imaps,com.sun.mail.imap.IMAPSSLStore,Oracle], imap=javax.mail.Provider[STORE,imap,com.sun.mail.imap.IMAPStore,Oracle], smtps=javax.mail.Provider[TRANSPORT,smtps,com.sun.mail.smtp.SMTPSSLTransport,Oracle], pop3=javax.mail.Provider[STORE,pop3,com.sun.mail.pop3.POP3Store,Oracle], pop3s=javax.mail.Provider[STORE,pop3s,com.sun.mail.pop3.POP3SSLStore,Oracle], smtp=javax.mail.Provider[TRANSPORT,smtp,com.sun.mail.smtp.SMTPTransport,Oracle]}
DEBUG: successfully loaded resource: /META-INF/javamail.default.address.map
[main] INFO org.apache.mahout.cf.taste.impl.eval.AbstractDifferenceRecommenderEvaluator - Beginning evaluation using 0.8 of FileDataModel[dataFile:/tmp/tempfile8102308997704121831.tmp]
[main] INFO org.apache.mahout.cf.taste.impl.model.GenericDataModel - Processed 10000 users
[main] INFO org.apache.mahout.cf.taste.impl.model.GenericDataModel - Processed 10734 users
[main] INFO org.apache.mahout.cf.taste.impl.eval.AbstractDifferenceRecommenderEvaluator - Beginning evaluation of 10724 users
[main] INFO org.apache.mahout.cf.taste.impl.eval.AbstractDifferenceRecommenderEvaluator - Starting timing of 10724 tasks in 64 threads
[pool-1-thread-1] INFO org.apache.mahout.cf.taste.impl.eval.StatsCallable - Average time per recommendation: 13473ms
[pool-1-thread-1] INFO org.apache.mahout.cf.taste.impl.eval.StatsCallable - Approximate memory used: 5742MB / 106032MB
[pool-1-thread-1] INFO org.apache.mahout.cf.taste.impl.eval.StatsCallable - Unable to recommend in 57568 cases
[pool-1-thread-22] INFO org.apache.mahout.cf.taste.impl.eval.StatsCallable - Average time per recommendation: 13265ms
[pool-1-thread-22] INFO org.apache.mahout.cf.taste.impl.eval.StatsCallable - Approximate memory used: 5391MB / 106032MB
[pool-1-thread-22] INFO org.apache.mahout.cf.taste.impl.eval.StatsCallable - Unable to recommend in 105157 cases
[pool-1-thread-4] INFO org.apache.mahout.cf.taste.impl.eval.StatsCallable - Average time per recommendation: 10684ms
[pool-1-thread-4] INFO org.apache.mahout.cf.taste.impl.eval.StatsCallable - Approximate memory used: 5551MB / 107150MB
[pool-1-thread-4] INFO org.apache.mahout.cf.taste.impl.eval.StatsCallable - Unable to recommend in 157716 cases
[pool-1-thread-57] INFO org.apache.mahout.cf.taste.impl.eval.StatsCallable - Average time per recommendation: 8019ms
[pool-1-thread-57] INFO org.apache.mahout.cf.taste.impl.eval.StatsCallable - Approximate memory used: 8418MB / 107209MB
[pool-1-thread-57] INFO org.apache.mahout.cf.taste.impl.eval.StatsCallable - Unable to recommend in 188611 cases
[pool-1-thread-22] INFO org.apache.mahout.cf.taste.impl.eval.StatsCallable - Average time per recommendation: 6690ms
[pool-1-thread-22] INFO org.apache.mahout.cf.taste.impl.eval.StatsCallable - Approximate memory used: 6508MB / 107073MB
[pool-1-thread-22] INFO org.apache.mahout.cf.taste.impl.eval.StatsCallable - Unable to recommend in 204990 cases
[pool-1-thread-45] INFO org.apache.mahout.cf.taste.impl.eval.StatsCallable - Average time per recommendation: 5714ms
[pool-1-thread-45] INFO org.apache.mahout.cf.taste.impl.eval.StatsCallable - Approximate memory used: 3957MB / 107206MB
[pool-1-thread-45] INFO org.apache.mahout.cf.taste.impl.eval.StatsCallable - Unable to recommend in 218417 cases
[pool-1-thread-63] INFO org.apache.mahout.cf.taste.impl.eval.StatsCallable - Average time per recommendation: 4968ms
[pool-1-thread-63] INFO org.apache.mahout.cf.taste.impl.eval.StatsCallable - Approximate memory used: 9876MB / 107206MB
[pool-1-thread-63] INFO org.apache.mahout.cf.taste.impl.eval.StatsCallable - Unable to recommend in 226889 cases
[pool-1-thread-47] INFO org.apache.mahout.cf.taste.impl.eval.StatsCallable - Average time per recommendation: 4363ms
[pool-1-thread-47] INFO org.apache.mahout.cf.taste.impl.eval.StatsCallable - Approximate memory used: 4423MB / 107047MB
[pool-1-thread-47] INFO org.apache.mahout.cf.taste.impl.eval.StatsCallable - Unable to recommend in 232389 cases
[pool-1-thread-52] INFO org.apache.mahout.cf.taste.impl.eval.StatsCallable - Average time per recommendation: 3879ms
[pool-1-thread-52] INFO org.apache.mahout.cf.taste.impl.eval.StatsCallable - Approximate memory used: 8479MB / 107047MB
[pool-1-thread-52] INFO org.apache.mahout.cf.taste.impl.eval.StatsCallable - Unable to recommend in 236685 cases
[pool-1-thread-18] INFO org.apache.mahout.cf.taste.impl.eval.StatsCallable - Average time per recommendation: 3493ms
[pool-1-thread-18] INFO org.apache.mahout.cf.taste.impl.eval.StatsCallable - Approximate memory used: 1259MB / 107208MB
[pool-1-thread-18] INFO org.apache.mahout.cf.taste.impl.eval.StatsCallable - Unable to recommend in 238948 cases
[pool-1-thread-64] INFO org.apache.mahout.cf.taste.impl.eval.StatsCallable - Average time per recommendation: 3175ms
[pool-1-thread-64] INFO org.apache.mahout.cf.taste.impl.eval.StatsCallable - Approximate memory used: 3897MB / 107208MB
[pool-1-thread-64] INFO org.apache.mahout.cf.taste.impl.eval.StatsCallable - Unable to recommend in 240847 cases
[main] INFO org.apache.mahout.cf.taste.impl.eval.AbstractDifferenceRecommenderEvaluator - Evaluation result: 0.0
0.0 00h 11m 04s
DEBUG: getProvider() returning javax.mail.Provider[TRANSPORT,smtp,com.sun.mail.smtp.SMTPTransport,Oracle]
DEBUG SMTP: useEhlo true, useAuth true
DEBUG SMTP: useEhlo true, useAuth true
DEBUG SMTP: trying to connect to host "smtp.live.com", port 587, isSSL false
220 BLU436-SMTP216.smtp.hotmail.com Microsoft ESMTP MAIL Service, Version: 8.0.9200.16384 ready at  Wed, 15 Apr 2015 18:40:05 -0700 
DEBUG SMTP: connected to host "smtp.live.com", port: 587

EHLO mandos6.ics.muni.cz
250-BLU436-SMTP216.smtp.hotmail.com Hello [147.251.9.209]
250-TURN
250-SIZE 41943040
250-ETRN
250-PIPELINING
250-DSN
250-ENHANCEDSTATUSCODES
250-8bitmime
250-BINARYMIME
250-CHUNKING
250-VRFY
250-TLS
250-STARTTLS
250 OK
DEBUG SMTP: Found extension "TURN", arg ""
DEBUG SMTP: Found extension "SIZE", arg "41943040"
DEBUG SMTP: Found extension "ETRN", arg ""
DEBUG SMTP: Found extension "PIPELINING", arg ""
DEBUG SMTP: Found extension "DSN", arg ""
DEBUG SMTP: Found extension "ENHANCEDSTATUSCODES", arg ""
DEBUG SMTP: Found extension "8bitmime", arg ""
DEBUG SMTP: Found extension "BINARYMIME", arg ""
DEBUG SMTP: Found extension "CHUNKING", arg ""
DEBUG SMTP: Found extension "VRFY", arg ""
DEBUG SMTP: Found extension "TLS", arg ""
DEBUG SMTP: Found extension "STARTTLS", arg ""
DEBUG SMTP: Found extension "OK", arg ""
STARTTLS
220 2.0.0 SMTP server ready
EHLO mandos6.ics.muni.cz
250-BLU436-SMTP216.smtp.hotmail.com Hello [147.251.9.209]
250-TURN
250-SIZE 41943040
250-ETRN
250-PIPELINING
250-DSN
250-ENHANCEDSTATUSCODES
250-8bitmime
250-BINARYMIME
250-CHUNKING
250-VRFY
250-AUTH LOGIN PLAIN XOAUTH2
250 OK
DEBUG SMTP: Found extension "TURN", arg ""
DEBUG SMTP: Found extension "SIZE", arg "41943040"
DEBUG SMTP: Found extension "ETRN", arg ""
DEBUG SMTP: Found extension "PIPELINING", arg ""
DEBUG SMTP: Found extension "DSN", arg ""
DEBUG SMTP: Found extension "ENHANCEDSTATUSCODES", arg ""
DEBUG SMTP: Found extension "8bitmime", arg ""
DEBUG SMTP: Found extension "BINARYMIME", arg ""
DEBUG SMTP: Found extension "CHUNKING", arg ""
DEBUG SMTP: Found extension "VRFY", arg ""
DEBUG SMTP: Found extension "AUTH", arg "LOGIN PLAIN XOAUTH2"
DEBUG SMTP: Found extension "OK", arg ""
DEBUG SMTP: Attempt to authenticate using mechanisms: LOGIN PLAIN DIGEST-MD5 NTLM 
DEBUG SMTP: AUTH LOGIN command trace suppressed
DEBUG SMTP: AUTH LOGIN succeeded
DEBUG SMTP: use8bit false
MAIL FROM:<matej.lochman@hotmail.com>
250 2.1.0 matej.lochman@hotmail.com....Sender OK
RCPT TO:<matej.lochman@gmail.com>
250 2.1.5 matej.lochman@gmail.com 
DEBUG SMTP: Verified Addresses
DEBUG SMTP:   matej.lochman@gmail.com
DATA
354 Start mail input; end with <CRLF>.<CRLF>
Date: Thu, 16 Apr 2015 03:40:05 +0200 (CEST)
From: matej.lochman@hotmail.com
To: matej.lochman@gmail.com
Message-ID: <911158124.1.1429148405067.JavaMail.lachtan@mandos6.ics.muni.cz>
Subject: Test Thu Apr 16 03:29:00 CEST 2015 euclidean
MIME-Version: 1.0
Content-Type: multipart/mixed; 
	boundary="----=_Part_0_1739488941.1429148405034"

------=_Part_0_1739488941.1429148405034
Content-Type: text/plain; charset=us-ascii
Content-Transfer-Encoding: 7bit

Test Thu Apr 16 03:29:00 CEST 2015 euclidean
------=_Part_0_1739488941.1429148405034
Content-Type: text/plain; charset=us-ascii; name="res/20/euclidean.txt"
Content-Transfer-Encoding: 7bit
Content-Disposition: attachment; filename="res/20/euclidean.txt"

Threshold: 1.0	Score: 0.0		Time: 00h 11m 04s

------=_Part_0_1739488941.1429148405034--
.
250 2.6.0  <911158124.1.1429148405067.JavaMail.lachtan@mandos6.ics.muni.cz> Queued mail for delivery
QUIT
221 2.0.0 BLU436-SMTP216.smtp.hotmail.com Service closing transmission channel
Email sent!
[main] INFO org.apache.mahout.cf.taste.impl.eval.AbstractDifferenceRecommenderEvaluator - Beginning evaluation using 0.8 of FileDataModel[dataFile:/tmp/tempfile8102308997704121831.tmp]
[main] INFO org.apache.mahout.cf.taste.impl.model.GenericDataModel - Processed 10000 users
[main] INFO org.apache.mahout.cf.taste.impl.model.GenericDataModel - Processed 10734 users
[main] INFO org.apache.mahout.cf.taste.impl.eval.AbstractDifferenceRecommenderEvaluator - Beginning evaluation of 10724 users
[main] INFO org.apache.mahout.cf.taste.impl.eval.AbstractDifferenceRecommenderEvaluator - Starting timing of 10724 tasks in 64 threads
[pool-2-thread-1] INFO org.apache.mahout.cf.taste.impl.eval.StatsCallable - Average time per recommendation: 13431ms
[pool-2-thread-1] INFO org.apache.mahout.cf.taste.impl.eval.StatsCallable - Approximate memory used: 2403MB / 107219MB
[pool-2-thread-1] INFO org.apache.mahout.cf.taste.impl.eval.StatsCallable - Unable to recommend in 57686 cases
[pool-2-thread-31] INFO org.apache.mahout.cf.taste.impl.eval.StatsCallable - Average time per recommendation: 13155ms
[pool-2-thread-31] INFO org.apache.mahout.cf.taste.impl.eval.StatsCallable - Approximate memory used: 6941MB / 107218MB
[pool-2-thread-31] INFO org.apache.mahout.cf.taste.impl.eval.StatsCallable - Unable to recommend in 105140 cases
[pool-2-thread-2] INFO org.apache.mahout.cf.taste.impl.eval.StatsCallable - Average time per recommendation: 10614ms
[pool-2-thread-2] INFO org.apache.mahout.cf.taste.impl.eval.StatsCallable - Approximate memory used: 4412MB / 107221MB
[pool-2-thread-2] INFO org.apache.mahout.cf.taste.impl.eval.StatsCallable - Unable to recommend in 157764 cases
[pool-2-thread-8] INFO org.apache.mahout.cf.taste.impl.eval.StatsCallable - Average time per recommendation: 7991ms
[pool-2-thread-8] INFO org.apache.mahout.cf.taste.impl.eval.StatsCallable - Approximate memory used: 7157MB / 107233MB
[pool-2-thread-8] INFO org.apache.mahout.cf.taste.impl.eval.StatsCallable - Unable to recommend in 188528 cases
[pool-2-thread-28] INFO org.apache.mahout.cf.taste.impl.eval.StatsCallable - Average time per recommendation: 6662ms
[pool-2-thread-28] INFO org.apache.mahout.cf.taste.impl.eval.StatsCallable - Approximate memory used: 5179MB / 107228MB
[pool-2-thread-28] INFO org.apache.mahout.cf.taste.impl.eval.StatsCallable - Unable to recommend in 204967 cases
[pool-2-thread-16] INFO org.apache.mahout.cf.taste.impl.eval.StatsCallable - Average time per recommendation: 5675ms
[pool-2-thread-16] INFO org.apache.mahout.cf.taste.impl.eval.StatsCallable - Approximate memory used: 2814MB / 107244MB
[pool-2-thread-16] INFO org.apache.mahout.cf.taste.impl.eval.StatsCallable - Unable to recommend in 218739 cases
[pool-2-thread-37] INFO org.apache.mahout.cf.taste.impl.eval.StatsCallable - Average time per recommendation: 4957ms
[pool-2-thread-37] INFO org.apache.mahout.cf.taste.impl.eval.StatsCallable - Approximate memory used: 8505MB / 107244MB
[pool-2-thread-37] INFO org.apache.mahout.cf.taste.impl.eval.StatsCallable - Unable to recommend in 226840 cases
[pool-2-thread-37] INFO org.apache.mahout.cf.taste.impl.eval.StatsCallable - Average time per recommendation: 4349ms
[pool-2-thread-37] INFO org.apache.mahout.cf.taste.impl.eval.StatsCallable - Approximate memory used: 3013MB / 107238MB
[pool-2-thread-37] INFO org.apache.mahout.cf.taste.impl.eval.StatsCallable - Unable to recommend in 232376 cases
[pool-2-thread-55] INFO org.apache.mahout.cf.taste.impl.eval.StatsCallable - Average time per recommendation: 3867ms
[pool-2-thread-55] INFO org.apache.mahout.cf.taste.impl.eval.StatsCallable - Approximate memory used: 7012MB / 107238MB
[pool-2-thread-55] INFO org.apache.mahout.cf.taste.impl.eval.StatsCallable - Unable to recommend in 236612 cases
[pool-2-thread-4] INFO org.apache.mahout.cf.taste.impl.eval.StatsCallable - Average time per recommendation: 3471ms
[pool-2-thread-4] INFO org.apache.mahout.cf.taste.impl.eval.StatsCallable - Approximate memory used: 10226MB / 107238MB
[pool-2-thread-4] INFO org.apache.mahout.cf.taste.impl.eval.StatsCallable - Unable to recommend in 238998 cases
[pool-2-thread-18] INFO org.apache.mahout.cf.taste.impl.eval.StatsCallable - Average time per recommendation: 3165ms
[pool-2-thread-18] INFO org.apache.mahout.cf.taste.impl.eval.StatsCallable - Approximate memory used: 2380MB / 107256MB
[pool-2-thread-18] INFO org.apache.mahout.cf.taste.impl.eval.StatsCallable - Unable to recommend in 240812 cases
[main] INFO org.apache.mahout.cf.taste.impl.eval.AbstractDifferenceRecommenderEvaluator - Evaluation result: 4.1419021218932526E-5
4.1419021218932526E-5 00h 11m 00s
DEBUG: getProvider() returning javax.mail.Provider[TRANSPORT,smtp,com.sun.mail.smtp.SMTPTransport,Oracle]
DEBUG SMTP: useEhlo true, useAuth true
DEBUG SMTP: useEhlo true, useAuth true
DEBUG SMTP: trying to connect to host "smtp.live.com", port 587, isSSL false
220 BLU436-SMTP209.smtp.hotmail.com Microsoft ESMTP MAIL Service, Version: 8.0.9200.16384 ready at  Wed, 15 Apr 2015 18:51:10 -0700 
DEBUG SMTP: connected to host "smtp.live.com", port: 587

EHLO mandos6.ics.muni.cz
250-BLU436-SMTP209.smtp.hotmail.com Hello [147.251.9.209]
250-TURN
250-SIZE 41943040
250-ETRN
250-PIPELINING
250-DSN
250-ENHANCEDSTATUSCODES
250-8bitmime
250-BINARYMIME
250-CHUNKING
250-VRFY
250-TLS
250-STARTTLS
250 OK
DEBUG SMTP: Found extension "TURN", arg ""
DEBUG SMTP: Found extension "SIZE", arg "41943040"
DEBUG SMTP: Found extension "ETRN", arg ""
DEBUG SMTP: Found extension "PIPELINING", arg ""
DEBUG SMTP: Found extension "DSN", arg ""
DEBUG SMTP: Found extension "ENHANCEDSTATUSCODES", arg ""
DEBUG SMTP: Found extension "8bitmime", arg ""
DEBUG SMTP: Found extension "BINARYMIME", arg ""
DEBUG SMTP: Found extension "CHUNKING", arg ""
DEBUG SMTP: Found extension "VRFY", arg ""
DEBUG SMTP: Found extension "TLS", arg ""
DEBUG SMTP: Found extension "STARTTLS", arg ""
DEBUG SMTP: Found extension "OK", arg ""
STARTTLS
220 2.0.0 SMTP server ready
EHLO mandos6.ics.muni.cz
250-BLU436-SMTP209.smtp.hotmail.com Hello [147.251.9.209]
250-TURN
250-SIZE 41943040
250-ETRN
250-PIPELINING
250-DSN
250-ENHANCEDSTATUSCODES
250-8bitmime
250-BINARYMIME
250-CHUNKING
250-VRFY
250-AUTH LOGIN PLAIN XOAUTH2
250 OK
DEBUG SMTP: Found extension "TURN", arg ""
DEBUG SMTP: Found extension "SIZE", arg "41943040"
DEBUG SMTP: Found extension "ETRN", arg ""
DEBUG SMTP: Found extension "PIPELINING", arg ""
DEBUG SMTP: Found extension "DSN", arg ""
DEBUG SMTP: Found extension "ENHANCEDSTATUSCODES", arg ""
DEBUG SMTP: Found extension "8bitmime", arg ""
DEBUG SMTP: Found extension "BINARYMIME", arg ""
DEBUG SMTP: Found extension "CHUNKING", arg ""
DEBUG SMTP: Found extension "VRFY", arg ""
DEBUG SMTP: Found extension "AUTH", arg "LOGIN PLAIN XOAUTH2"
DEBUG SMTP: Found extension "OK", arg ""
DEBUG SMTP: Attempt to authenticate using mechanisms: LOGIN PLAIN DIGEST-MD5 NTLM 
DEBUG SMTP: AUTH LOGIN command trace suppressed
DEBUG SMTP: AUTH LOGIN succeeded
DEBUG SMTP: use8bit false
MAIL FROM:<matej.lochman@hotmail.com>
250 2.1.0 matej.lochman@hotmail.com....Sender OK
RCPT TO:<matej.lochman@gmail.com>
250 2.1.5 matej.lochman@gmail.com 
DEBUG SMTP: Verified Addresses
DEBUG SMTP:   matej.lochman@gmail.com
DATA
354 Start mail input; end with <CRLF>.<CRLF>
Date: Thu, 16 Apr 2015 03:51:10 +0200 (CEST)
From: matej.lochman@hotmail.com
To: matej.lochman@gmail.com
Message-ID: <648924468.3.1429149070096.JavaMail.lachtan@mandos6.ics.muni.cz>
Subject: Test Thu Apr 16 03:29:00 CEST 2015 euclidean
MIME-Version: 1.0
Content-Type: multipart/mixed; 
	boundary="----=_Part_2_1703510496.1429149070093"

------=_Part_2_1703510496.1429149070093
Content-Type: text/plain; charset=us-ascii
Content-Transfer-Encoding: 7bit

Test Thu Apr 16 03:29:00 CEST 2015 euclidean
------=_Part_2_1703510496.1429149070093
Content-Type: text/plain; charset=us-ascii; name="res/20/euclidean.txt"
Content-Transfer-Encoding: 7bit
Content-Disposition: attachment; filename="res/20/euclidean.txt"

Threshold: 1.0	Score: 0.0		Time: 00h 11m 04s
Threshold: 0.8	Score: 4.1419021218932526E-5		Time: 00h 11m 00s

------=_Part_2_1703510496.1429149070093--
.
250 2.6.0  <648924468.3.1429149070096.JavaMail.lachtan@mandos6.ics.muni.cz> Queued mail for delivery
QUIT
221 2.0.0 BLU436-SMTP209.smtp.hotmail.com Service closing transmission channel
Email sent!
[main] INFO org.apache.mahout.cf.taste.impl.eval.AbstractDifferenceRecommenderEvaluator - Beginning evaluation using 0.8 of FileDataModel[dataFile:/tmp/tempfile8102308997704121831.tmp]
[main] INFO org.apache.mahout.cf.taste.impl.model.GenericDataModel - Processed 10000 users
[main] INFO org.apache.mahout.cf.taste.impl.model.GenericDataModel - Processed 10734 users
[main] INFO org.apache.mahout.cf.taste.impl.eval.AbstractDifferenceRecommenderEvaluator - Beginning evaluation of 10724 users
[main] INFO org.apache.mahout.cf.taste.impl.eval.AbstractDifferenceRecommenderEvaluator - Starting timing of 10724 tasks in 64 threads
[pool-3-thread-1] INFO org.apache.mahout.cf.taste.impl.eval.StatsCallable - Average time per recommendation: 13483ms
[pool-3-thread-1] INFO org.apache.mahout.cf.taste.impl.eval.StatsCallable - Approximate memory used: 1646MB / 107259MB
[pool-3-thread-1] INFO org.apache.mahout.cf.taste.impl.eval.StatsCallable - Unable to recommend in 45857 cases
[pool-3-thread-28] INFO org.apache.mahout.cf.taste.impl.eval.StatsCallable - Average time per recommendation: 13203ms
[pool-3-thread-28] INFO org.apache.mahout.cf.taste.impl.eval.StatsCallable - Approximate memory used: 6876MB / 107253MB
[pool-3-thread-28] INFO org.apache.mahout.cf.taste.impl.eval.StatsCallable - Unable to recommend in 83385 cases
[pool-3-thread-64] INFO org.apache.mahout.cf.taste.impl.eval.StatsCallable - Average time per recommendation: 10697ms
[pool-3-thread-64] INFO org.apache.mahout.cf.taste.impl.eval.StatsCallable - Approximate memory used: 5230MB / 107264MB
[pool-3-thread-64] INFO org.apache.mahout.cf.taste.impl.eval.StatsCallable - Unable to recommend in 119680 cases
[pool-3-thread-37] INFO org.apache.mahout.cf.taste.impl.eval.StatsCallable - Average time per recommendation: 8041ms
[pool-3-thread-37] INFO org.apache.mahout.cf.taste.impl.eval.StatsCallable - Approximate memory used: 8800MB / 107280MB
[pool-3-thread-37] INFO org.apache.mahout.cf.taste.impl.eval.StatsCallable - Unable to recommend in 139724 cases
[pool-3-thread-21] INFO org.apache.mahout.cf.taste.impl.eval.StatsCallable - Average time per recommendation: 6694ms
[pool-3-thread-21] INFO org.apache.mahout.cf.taste.impl.eval.StatsCallable - Approximate memory used: 7418MB / 107275MB
[pool-3-thread-21] INFO org.apache.mahout.cf.taste.impl.eval.StatsCallable - Unable to recommend in 149712 cases
[pool-3-thread-33] INFO org.apache.mahout.cf.taste.impl.eval.StatsCallable - Average time per recommendation: 5717ms
[pool-3-thread-33] INFO org.apache.mahout.cf.taste.impl.eval.StatsCallable - Approximate memory used: 5360MB / 107291MB
[pool-3-thread-33] INFO org.apache.mahout.cf.taste.impl.eval.StatsCallable - Unable to recommend in 157975 cases
[pool-3-thread-27] INFO org.apache.mahout.cf.taste.impl.eval.StatsCallable - Average time per recommendation: 4995ms
[pool-3-thread-27] INFO org.apache.mahout.cf.taste.impl.eval.StatsCallable - Approximate memory used: 980MB / 107286MB
[pool-3-thread-27] INFO org.apache.mahout.cf.taste.impl.eval.StatsCallable - Unable to recommend in 162816 cases
[pool-3-thread-15] INFO org.apache.mahout.cf.taste.impl.eval.StatsCallable - Average time per recommendation: 4382ms
[pool-3-thread-15] INFO org.apache.mahout.cf.taste.impl.eval.StatsCallable - Approximate memory used: 6213MB / 107286MB
[pool-3-thread-15] INFO org.apache.mahout.cf.taste.impl.eval.StatsCallable - Unable to recommend in 166200 cases
[pool-3-thread-42] INFO org.apache.mahout.cf.taste.impl.eval.StatsCallable - Average time per recommendation: 3894ms
[pool-3-thread-42] INFO org.apache.mahout.cf.taste.impl.eval.StatsCallable - Approximate memory used: 10520MB / 107286MB
[pool-3-thread-42] INFO org.apache.mahout.cf.taste.impl.eval.StatsCallable - Unable to recommend in 169049 cases
[pool-3-thread-5] INFO org.apache.mahout.cf.taste.impl.eval.StatsCallable - Average time per recommendation: 3505ms
[pool-3-thread-5] INFO org.apache.mahout.cf.taste.impl.eval.StatsCallable - Approximate memory used: 3347MB / 107301MB
[pool-3-thread-5] INFO org.apache.mahout.cf.taste.impl.eval.StatsCallable - Unable to recommend in 170548 cases
[pool-3-thread-32] INFO org.apache.mahout.cf.taste.impl.eval.StatsCallable - Average time per recommendation: 3192ms
[pool-3-thread-32] INFO org.apache.mahout.cf.taste.impl.eval.StatsCallable - Approximate memory used: 6036MB / 107301MB
[pool-3-thread-32] INFO org.apache.mahout.cf.taste.impl.eval.StatsCallable - Unable to recommend in 171828 cases
[main] INFO org.apache.mahout.cf.taste.impl.eval.AbstractDifferenceRecommenderEvaluator - Evaluation result: 0.18120035007710197
0.18120035007710197 00h 11m 01s
DEBUG: getProvider() returning javax.mail.Provider[TRANSPORT,smtp,com.sun.mail.smtp.SMTPTransport,Oracle]
DEBUG SMTP: useEhlo true, useAuth true
DEBUG SMTP: useEhlo true, useAuth true
DEBUG SMTP: trying to connect to host "smtp.live.com", port 587, isSSL false
220 BLU436-SMTP181.smtp.hotmail.com Microsoft ESMTP MAIL Service, Version: 8.0.9200.16384 ready at  Wed, 15 Apr 2015 19:02:15 -0700 
DEBUG SMTP: connected to host "smtp.live.com", port: 587

EHLO mandos6.ics.muni.cz
250-BLU436-SMTP181.smtp.hotmail.com Hello [147.251.9.209]
250-TURN
250-SIZE 41943040
250-ETRN
250-PIPELINING
250-DSN
250-ENHANCEDSTATUSCODES
250-8bitmime
250-BINARYMIME
250-CHUNKING
250-VRFY
250-TLS
250-STARTTLS
250 OK
DEBUG SMTP: Found extension "TURN", arg ""
DEBUG SMTP: Found extension "SIZE", arg "41943040"
DEBUG SMTP: Found extension "ETRN", arg ""
DEBUG SMTP: Found extension "PIPELINING", arg ""
DEBUG SMTP: Found extension "DSN", arg ""
DEBUG SMTP: Found extension "ENHANCEDSTATUSCODES", arg ""
DEBUG SMTP: Found extension "8bitmime", arg ""
DEBUG SMTP: Found extension "BINARYMIME", arg ""
DEBUG SMTP: Found extension "CHUNKING", arg ""
DEBUG SMTP: Found extension "VRFY", arg ""
DEBUG SMTP: Found extension "TLS", arg ""
DEBUG SMTP: Found extension "STARTTLS", arg ""
DEBUG SMTP: Found extension "OK", arg ""
STARTTLS
220 2.0.0 SMTP server ready
EHLO mandos6.ics.muni.cz
250-BLU436-SMTP181.smtp.hotmail.com Hello [147.251.9.209]
250-TURN
250-SIZE 41943040
250-ETRN
250-PIPELINING
250-DSN
250-ENHANCEDSTATUSCODES
250-8bitmime
250-BINARYMIME
250-CHUNKING
250-VRFY
250-AUTH LOGIN PLAIN XOAUTH2
250 OK
DEBUG SMTP: Found extension "TURN", arg ""
DEBUG SMTP: Found extension "SIZE", arg "41943040"
DEBUG SMTP: Found extension "ETRN", arg ""
DEBUG SMTP: Found extension "PIPELINING", arg ""
DEBUG SMTP: Found extension "DSN", arg ""
DEBUG SMTP: Found extension "ENHANCEDSTATUSCODES", arg ""
DEBUG SMTP: Found extension "8bitmime", arg ""
DEBUG SMTP: Found extension "BINARYMIME", arg ""
DEBUG SMTP: Found extension "CHUNKING", arg ""
DEBUG SMTP: Found extension "VRFY", arg ""
DEBUG SMTP: Found extension "AUTH", arg "LOGIN PLAIN XOAUTH2"
DEBUG SMTP: Found extension "OK", arg ""
DEBUG SMTP: Attempt to authenticate using mechanisms: LOGIN PLAIN DIGEST-MD5 NTLM 
DEBUG SMTP: AUTH LOGIN command trace suppressed
DEBUG SMTP: AUTH LOGIN succeeded
DEBUG SMTP: use8bit false
MAIL FROM:<matej.lochman@hotmail.com>
250 2.1.0 matej.lochman@hotmail.com....Sender OK
RCPT TO:<matej.lochman@gmail.com>
250 2.1.5 matej.lochman@gmail.com 
DEBUG SMTP: Verified Addresses
DEBUG SMTP:   matej.lochman@gmail.com
DATA
354 Start mail input; end with <CRLF>.<CRLF>
Date: Thu, 16 Apr 2015 04:02:15 +0200 (CEST)
From: matej.lochman@hotmail.com
To: matej.lochman@gmail.com
Message-ID: <64587262.5.1429149735270.JavaMail.lachtan@mandos6.ics.muni.cz>
Subject: Test Thu Apr 16 03:29:00 CEST 2015 euclidean
MIME-Version: 1.0
Content-Type: multipart/mixed; 
	boundary="----=_Part_4_932236882.1429149735267"

------=_Part_4_932236882.1429149735267
Content-Type: text/plain; charset=us-ascii
Content-Transfer-Encoding: 7bit

Test Thu Apr 16 03:29:00 CEST 2015 euclidean
------=_Part_4_932236882.1429149735267
Content-Type: text/plain; charset=us-ascii; name="res/20/euclidean.txt"
Content-Transfer-Encoding: 7bit
Content-Disposition: attachment; filename="res/20/euclidean.txt"

Threshold: 1.0	Score: 0.0		Time: 00h 11m 04s
Threshold: 0.8	Score: 4.1419021218932526E-5		Time: 00h 11m 00s
Threshold: 0.6	Score: 0.18120035007710197		Time: 00h 11m 01s

------=_Part_4_932236882.1429149735267--
.
250 2.6.0  <64587262.5.1429149735270.JavaMail.lachtan@mandos6.ics.muni.cz> Queued mail for delivery
QUIT
221 2.0.0 BLU436-SMTP181.smtp.hotmail.com Service closing transmission channel
Email sent!
[main] INFO org.apache.mahout.cf.taste.impl.eval.AbstractDifferenceRecommenderEvaluator - Beginning evaluation using 0.8 of FileDataModel[dataFile:/tmp/tempfile8102308997704121831.tmp]
[main] INFO org.apache.mahout.cf.taste.impl.model.GenericDataModel - Processed 10000 users
[main] INFO org.apache.mahout.cf.taste.impl.model.GenericDataModel - Processed 10734 users
[main] INFO org.apache.mahout.cf.taste.impl.eval.AbstractDifferenceRecommenderEvaluator - Beginning evaluation of 10724 users
[main] INFO org.apache.mahout.cf.taste.impl.eval.AbstractDifferenceRecommenderEvaluator - Starting timing of 10724 tasks in 64 threads
[pool-4-thread-1] INFO org.apache.mahout.cf.taste.impl.eval.StatsCallable - Average time per recommendation: 15201ms
[pool-4-thread-1] INFO org.apache.mahout.cf.taste.impl.eval.StatsCallable - Approximate memory used: 4850MB / 107304MB
[pool-4-thread-1] INFO org.apache.mahout.cf.taste.impl.eval.StatsCallable - Unable to recommend in 4617 cases
[pool-4-thread-47] INFO org.apache.mahout.cf.taste.impl.eval.StatsCallable - Average time per recommendation: 14868ms
[pool-4-thread-47] INFO org.apache.mahout.cf.taste.impl.eval.StatsCallable - Approximate memory used: 8796MB / 107308MB
[pool-4-thread-47] INFO org.apache.mahout.cf.taste.impl.eval.StatsCallable - Unable to recommend in 9025 cases
[pool-4-thread-14] INFO org.apache.mahout.cf.taste.impl.eval.StatsCallable - Average time per recommendation: 12279ms
[pool-4-thread-14] INFO org.apache.mahout.cf.taste.impl.eval.StatsCallable - Approximate memory used: 7951MB / 107324MB
[pool-4-thread-14] INFO org.apache.mahout.cf.taste.impl.eval.StatsCallable - Unable to recommend in 12339 cases
[pool-4-thread-23] INFO org.apache.mahout.cf.taste.impl.eval.StatsCallable - Average time per recommendation: 9514ms
[pool-4-thread-23] INFO org.apache.mahout.cf.taste.impl.eval.StatsCallable - Approximate memory used: 4471MB / 107338MB
[pool-4-thread-23] INFO org.apache.mahout.cf.taste.impl.eval.StatsCallable - Unable to recommend in 14430 cases
[pool-4-thread-40] INFO org.apache.mahout.cf.taste.impl.eval.StatsCallable - Average time per recommendation: 7996ms
[pool-4-thread-40] INFO org.apache.mahout.cf.taste.impl.eval.StatsCallable - Approximate memory used: 956MB / 107343MB
[pool-4-thread-40] INFO org.apache.mahout.cf.taste.impl.eval.StatsCallable - Unable to recommend in 15463 cases
[pool-4-thread-20] INFO org.apache.mahout.cf.taste.impl.eval.StatsCallable - Average time per recommendation: 6910ms
[pool-4-thread-20] INFO org.apache.mahout.cf.taste.impl.eval.StatsCallable - Approximate memory used: 6019MB / 107341MB
[pool-4-thread-20] INFO org.apache.mahout.cf.taste.impl.eval.StatsCallable - Unable to recommend in 16422 cases
[pool-4-thread-44] INFO org.apache.mahout.cf.taste.impl.eval.StatsCallable - Average time per recommendation: 6057ms
[pool-4-thread-44] INFO org.apache.mahout.cf.taste.impl.eval.StatsCallable - Approximate memory used: 7063MB / 107347MB
[pool-4-thread-44] INFO org.apache.mahout.cf.taste.impl.eval.StatsCallable - Unable to recommend in 17125 cases
[pool-4-thread-32] INFO org.apache.mahout.cf.taste.impl.eval.StatsCallable - Average time per recommendation: 5343ms
[pool-4-thread-32] INFO org.apache.mahout.cf.taste.impl.eval.StatsCallable - Approximate memory used: 5671MB / 107345MB
[pool-4-thread-32] INFO org.apache.mahout.cf.taste.impl.eval.StatsCallable - Unable to recommend in 17659 cases
[pool-4-thread-41] INFO org.apache.mahout.cf.taste.impl.eval.StatsCallable - Average time per recommendation: 4780ms
[pool-4-thread-41] INFO org.apache.mahout.cf.taste.impl.eval.StatsCallable - Approximate memory used: 2068MB / 107350MB
[pool-4-thread-41] INFO org.apache.mahout.cf.taste.impl.eval.StatsCallable - Unable to recommend in 18259 cases
[pool-4-thread-32] INFO org.apache.mahout.cf.taste.impl.eval.StatsCallable - Average time per recommendation: 4322ms
[pool-4-thread-32] INFO org.apache.mahout.cf.taste.impl.eval.StatsCallable - Approximate memory used: 7427MB / 107350MB
[pool-4-thread-32] INFO org.apache.mahout.cf.taste.impl.eval.StatsCallable - Unable to recommend in 18554 cases
[pool-4-thread-30] INFO org.apache.mahout.cf.taste.impl.eval.StatsCallable - Average time per recommendation: 3937ms
[pool-4-thread-30] INFO org.apache.mahout.cf.taste.impl.eval.StatsCallable - Approximate memory used: 1183MB / 107349MB
[pool-4-thread-30] INFO org.apache.mahout.cf.taste.impl.eval.StatsCallable - Unable to recommend in 18861 cases
[main] INFO org.apache.mahout.cf.taste.impl.eval.AbstractDifferenceRecommenderEvaluator - Evaluation result: 0.6601236830362838
0.6601236830362838 00h 11m 52s
DEBUG: getProvider() returning javax.mail.Provider[TRANSPORT,smtp,com.sun.mail.smtp.SMTPTransport,Oracle]
DEBUG SMTP: useEhlo true, useAuth true
DEBUG SMTP: useEhlo true, useAuth true
DEBUG SMTP: trying to connect to host "smtp.live.com", port 587, isSSL false
220 BLU436-SMTP99.smtp.hotmail.com Microsoft ESMTP MAIL Service, Version: 8.0.9200.16384 ready at  Wed, 15 Apr 2015 19:14:12 -0700 
DEBUG SMTP: connected to host "smtp.live.com", port: 587

EHLO mandos6.ics.muni.cz
250-BLU436-SMTP99.smtp.hotmail.com Hello [147.251.9.209]
250-TURN
250-SIZE 41943040
250-ETRN
250-PIPELINING
250-DSN
250-ENHANCEDSTATUSCODES
250-8bitmime
250-BINARYMIME
250-CHUNKING
250-VRFY
250-TLS
250-STARTTLS
250 OK
DEBUG SMTP: Found extension "TURN", arg ""
DEBUG SMTP: Found extension "SIZE", arg "41943040"
DEBUG SMTP: Found extension "ETRN", arg ""
DEBUG SMTP: Found extension "PIPELINING", arg ""
DEBUG SMTP: Found extension "DSN", arg ""
DEBUG SMTP: Found extension "ENHANCEDSTATUSCODES", arg ""
DEBUG SMTP: Found extension "8bitmime", arg ""
DEBUG SMTP: Found extension "BINARYMIME", arg ""
DEBUG SMTP: Found extension "CHUNKING", arg ""
DEBUG SMTP: Found extension "VRFY", arg ""
DEBUG SMTP: Found extension "TLS", arg ""
DEBUG SMTP: Found extension "STARTTLS", arg ""
DEBUG SMTP: Found extension "OK", arg ""
STARTTLS
220 2.0.0 SMTP server ready
EHLO mandos6.ics.muni.cz
250-BLU436-SMTP99.smtp.hotmail.com Hello [147.251.9.209]
250-TURN
250-SIZE 41943040
250-ETRN
250-PIPELINING
250-DSN
250-ENHANCEDSTATUSCODES
250-8bitmime
250-BINARYMIME
250-CHUNKING
250-VRFY
250-AUTH LOGIN PLAIN XOAUTH2
250 OK
DEBUG SMTP: Found extension "TURN", arg ""
DEBUG SMTP: Found extension "SIZE", arg "41943040"
DEBUG SMTP: Found extension "ETRN", arg ""
DEBUG SMTP: Found extension "PIPELINING", arg ""
DEBUG SMTP: Found extension "DSN", arg ""
DEBUG SMTP: Found extension "ENHANCEDSTATUSCODES", arg ""
DEBUG SMTP: Found extension "8bitmime", arg ""
DEBUG SMTP: Found extension "BINARYMIME", arg ""
DEBUG SMTP: Found extension "CHUNKING", arg ""
DEBUG SMTP: Found extension "VRFY", arg ""
DEBUG SMTP: Found extension "AUTH", arg "LOGIN PLAIN XOAUTH2"
DEBUG SMTP: Found extension "OK", arg ""
DEBUG SMTP: Attempt to authenticate using mechanisms: LOGIN PLAIN DIGEST-MD5 NTLM 
DEBUG SMTP: AUTH LOGIN command trace suppressed
DEBUG SMTP: AUTH LOGIN succeeded
DEBUG SMTP: use8bit false
MAIL FROM:<matej.lochman@hotmail.com>
250 2.1.0 matej.lochman@hotmail.com....Sender OK
RCPT TO:<matej.lochman@gmail.com>
250 2.1.5 matej.lochman@gmail.com 
DEBUG SMTP: Verified Addresses
DEBUG SMTP:   matej.lochman@gmail.com
DATA
354 Start mail input; end with <CRLF>.<CRLF>
Date: Thu, 16 Apr 2015 04:14:12 +0200 (CEST)
From: matej.lochman@hotmail.com
To: matej.lochman@gmail.com
Message-ID: <1861613802.7.1429150452271.JavaMail.lachtan@mandos6.ics.muni.cz>
Subject: Test Thu Apr 16 03:29:00 CEST 2015 euclidean
MIME-Version: 1.0
Content-Type: multipart/mixed; 
	boundary="----=_Part_6_2145933360.1429150452267"

------=_Part_6_2145933360.1429150452267
Content-Type: text/plain; charset=us-ascii
Content-Transfer-Encoding: 7bit

Test Thu Apr 16 03:29:00 CEST 2015 euclidean
------=_Part_6_2145933360.1429150452267
Content-Type: text/plain; charset=us-ascii; name="res/20/euclidean.txt"
Content-Transfer-Encoding: 7bit
Content-Disposition: attachment; filename="res/20/euclidean.txt"

Threshold: 1.0	Score: 0.0		Time: 00h 11m 04s
Threshold: 0.8	Score: 4.1419021218932526E-5		Time: 00h 11m 00s
Threshold: 0.6	Score: 0.18120035007710197		Time: 00h 11m 01s
Threshold: 0.4	Score: 0.6601236830362838		Time: 00h 11m 52s

------=_Part_6_2145933360.1429150452267--
.
250 2.6.0  <1861613802.7.1429150452271.JavaMail.lachtan@mandos6.ics.muni.cz> Queued mail for delivery
QUIT
221 2.0.0 BLU436-SMTP99.smtp.hotmail.com Service closing transmission channel
Email sent!
[main] INFO org.apache.mahout.cf.taste.impl.eval.AbstractDifferenceRecommenderEvaluator - Beginning evaluation using 0.8 of FileDataModel[dataFile:/tmp/tempfile8102308997704121831.tmp]
[main] INFO org.apache.mahout.cf.taste.impl.model.GenericDataModel - Processed 10000 users
[main] INFO org.apache.mahout.cf.taste.impl.model.GenericDataModel - Processed 10734 users
[main] INFO org.apache.mahout.cf.taste.impl.eval.AbstractDifferenceRecommenderEvaluator - Beginning evaluation of 10724 users
[main] INFO org.apache.mahout.cf.taste.impl.eval.AbstractDifferenceRecommenderEvaluator - Starting timing of 10724 tasks in 64 threads
[pool-5-thread-1] INFO org.apache.mahout.cf.taste.impl.eval.StatsCallable - Average time per recommendation: 16093ms
[pool-5-thread-1] INFO org.apache.mahout.cf.taste.impl.eval.StatsCallable - Approximate memory used: 3587MB / 107342MB
[pool-5-thread-1] INFO org.apache.mahout.cf.taste.impl.eval.StatsCallable - Unable to recommend in 2706 cases
[pool-5-thread-17] INFO org.apache.mahout.cf.taste.impl.eval.StatsCallable - Average time per recommendation: 15732ms
[pool-5-thread-17] INFO org.apache.mahout.cf.taste.impl.eval.StatsCallable - Approximate memory used: 2610MB / 107347MB
[pool-5-thread-17] INFO org.apache.mahout.cf.taste.impl.eval.StatsCallable - Unable to recommend in 4948 cases
[pool-5-thread-57] INFO org.apache.mahout.cf.taste.impl.eval.StatsCallable - Average time per recommendation: 13139ms
[pool-5-thread-57] INFO org.apache.mahout.cf.taste.impl.eval.StatsCallable - Approximate memory used: 5458MB / 107356MB
[pool-5-thread-57] INFO org.apache.mahout.cf.taste.impl.eval.StatsCallable - Unable to recommend in 6942 cases
[pool-5-thread-13] INFO org.apache.mahout.cf.taste.impl.eval.StatsCallable - Average time per recommendation: 10283ms
[pool-5-thread-13] INFO org.apache.mahout.cf.taste.impl.eval.StatsCallable - Approximate memory used: 10760MB / 107357MB
[pool-5-thread-13] INFO org.apache.mahout.cf.taste.impl.eval.StatsCallable - Unable to recommend in 7975 cases
[pool-5-thread-3] INFO org.apache.mahout.cf.taste.impl.eval.StatsCallable - Average time per recommendation: 8733ms
[pool-5-thread-3] INFO org.apache.mahout.cf.taste.impl.eval.StatsCallable - Approximate memory used: 3707MB / 107360MB
[pool-5-thread-3] INFO org.apache.mahout.cf.taste.impl.eval.StatsCallable - Unable to recommend in 8586 cases
[pool-5-thread-54] INFO org.apache.mahout.cf.taste.impl.eval.StatsCallable - Average time per recommendation: 7434ms
[pool-5-thread-54] INFO org.apache.mahout.cf.taste.impl.eval.StatsCallable - Approximate memory used: 3034MB / 107361MB
[pool-5-thread-54] INFO org.apache.mahout.cf.taste.impl.eval.StatsCallable - Unable to recommend in 9102 cases
[pool-5-thread-15] INFO org.apache.mahout.cf.taste.impl.eval.StatsCallable - Average time per recommendation: 6537ms
[pool-5-thread-15] INFO org.apache.mahout.cf.taste.impl.eval.StatsCallable - Approximate memory used: 7350MB / 107361MB
[pool-5-thread-15] INFO org.apache.mahout.cf.taste.impl.eval.StatsCallable - Unable to recommend in 9407 cases
[pool-5-thread-24] INFO org.apache.mahout.cf.taste.impl.eval.StatsCallable - Average time per recommendation: 5789ms
[pool-5-thread-24] INFO org.apache.mahout.cf.taste.impl.eval.StatsCallable - Approximate memory used: 9279MB / 107362MB
[pool-5-thread-24] INFO org.apache.mahout.cf.taste.impl.eval.StatsCallable - Unable to recommend in 9705 cases
[pool-5-thread-30] INFO org.apache.mahout.cf.taste.impl.eval.StatsCallable - Average time per recommendation: 5212ms
[pool-5-thread-30] INFO org.apache.mahout.cf.taste.impl.eval.StatsCallable - Approximate memory used: 7172MB / 107362MB
[pool-5-thread-30] INFO org.apache.mahout.cf.taste.impl.eval.StatsCallable - Unable to recommend in 10026 cases
[pool-5-thread-47] INFO org.apache.mahout.cf.taste.impl.eval.StatsCallable - Average time per recommendation: 4708ms
[pool-5-thread-47] INFO org.apache.mahout.cf.taste.impl.eval.StatsCallable - Approximate memory used: 3185MB / 107363MB
[pool-5-thread-47] INFO org.apache.mahout.cf.taste.impl.eval.StatsCallable - Unable to recommend in 10198 cases
[pool-5-thread-28] INFO org.apache.mahout.cf.taste.impl.eval.StatsCallable - Average time per recommendation: 4290ms
[pool-5-thread-28] INFO org.apache.mahout.cf.taste.impl.eval.StatsCallable - Approximate memory used: 8543MB / 107363MB
[pool-5-thread-28] INFO org.apache.mahout.cf.taste.impl.eval.StatsCallable - Unable to recommend in 10384 cases
[main] INFO org.apache.mahout.cf.taste.impl.eval.AbstractDifferenceRecommenderEvaluator - Evaluation result: 0.7789111087498429
0.7789111087498429 00h 12m 14s
DEBUG: getProvider() returning javax.mail.Provider[TRANSPORT,smtp,com.sun.mail.smtp.SMTPTransport,Oracle]
DEBUG SMTP: useEhlo true, useAuth true
DEBUG SMTP: useEhlo true, useAuth true
DEBUG SMTP: trying to connect to host "smtp.live.com", port 587, isSSL false
220 BLU437-SMTP11.smtp.hotmail.com Microsoft ESMTP MAIL Service, Version: 8.0.9200.16384 ready at  Wed, 15 Apr 2015 19:26:30 -0700 
DEBUG SMTP: connected to host "smtp.live.com", port: 587

EHLO mandos6.ics.muni.cz
250-BLU437-SMTP11.smtp.hotmail.com Hello [147.251.9.209]
250-TURN
250-SIZE 41943040
250-ETRN
250-PIPELINING
250-DSN
250-ENHANCEDSTATUSCODES
250-8bitmime
250-BINARYMIME
250-CHUNKING
250-VRFY
250-TLS
250-STARTTLS
250 OK
DEBUG SMTP: Found extension "TURN", arg ""
DEBUG SMTP: Found extension "SIZE", arg "41943040"
DEBUG SMTP: Found extension "ETRN", arg ""
DEBUG SMTP: Found extension "PIPELINING", arg ""
DEBUG SMTP: Found extension "DSN", arg ""
DEBUG SMTP: Found extension "ENHANCEDSTATUSCODES", arg ""
DEBUG SMTP: Found extension "8bitmime", arg ""
DEBUG SMTP: Found extension "BINARYMIME", arg ""
DEBUG SMTP: Found extension "CHUNKING", arg ""
DEBUG SMTP: Found extension "VRFY", arg ""
DEBUG SMTP: Found extension "TLS", arg ""
DEBUG SMTP: Found extension "STARTTLS", arg ""
DEBUG SMTP: Found extension "OK", arg ""
STARTTLS
220 2.0.0 SMTP server ready
EHLO mandos6.ics.muni.cz
250-BLU437-SMTP11.smtp.hotmail.com Hello [147.251.9.209]
250-TURN
250-SIZE 41943040
250-ETRN
250-PIPELINING
250-DSN
250-ENHANCEDSTATUSCODES
250-8bitmime
250-BINARYMIME
250-CHUNKING
250-VRFY
250-AUTH LOGIN PLAIN XOAUTH2
250 OK
DEBUG SMTP: Found extension "TURN", arg ""
DEBUG SMTP: Found extension "SIZE", arg "41943040"
DEBUG SMTP: Found extension "ETRN", arg ""
DEBUG SMTP: Found extension "PIPELINING", arg ""
DEBUG SMTP: Found extension "DSN", arg ""
DEBUG SMTP: Found extension "ENHANCEDSTATUSCODES", arg ""
DEBUG SMTP: Found extension "8bitmime", arg ""
DEBUG SMTP: Found extension "BINARYMIME", arg ""
DEBUG SMTP: Found extension "CHUNKING", arg ""
DEBUG SMTP: Found extension "VRFY", arg ""
DEBUG SMTP: Found extension "AUTH", arg "LOGIN PLAIN XOAUTH2"
DEBUG SMTP: Found extension "OK", arg ""
DEBUG SMTP: Attempt to authenticate using mechanisms: LOGIN PLAIN DIGEST-MD5 NTLM 
DEBUG SMTP: AUTH LOGIN command trace suppressed
DEBUG SMTP: AUTH LOGIN succeeded
DEBUG SMTP: use8bit false
MAIL FROM:<matej.lochman@hotmail.com>
250 2.1.0 matej.lochman@hotmail.com....Sender OK
RCPT TO:<matej.lochman@gmail.com>
250 2.1.5 matej.lochman@gmail.com 
DEBUG SMTP: Verified Addresses
DEBUG SMTP:   matej.lochman@gmail.com
DATA
354 Start mail input; end with <CRLF>.<CRLF>
Date: Thu, 16 Apr 2015 04:26:30 +0200 (CEST)
From: matej.lochman@hotmail.com
To: matej.lochman@gmail.com
Message-ID: <1733638283.9.1429151190792.JavaMail.lachtan@mandos6.ics.muni.cz>
Subject: Test Thu Apr 16 03:29:00 CEST 2015 euclidean
MIME-Version: 1.0
Content-Type: multipart/mixed; 
	boundary="----=_Part_8_1565452240.1429151190789"

------=_Part_8_1565452240.1429151190789
Content-Type: text/plain; charset=us-ascii
Content-Transfer-Encoding: 7bit

Test Thu Apr 16 03:29:00 CEST 2015 euclidean
------=_Part_8_1565452240.1429151190789
Content-Type: text/plain; charset=us-ascii; name="res/20/euclidean.txt"
Content-Transfer-Encoding: 7bit
Content-Disposition: attachment; filename="res/20/euclidean.txt"

Threshold: 1.0	Score: 0.0		Time: 00h 11m 04s
Threshold: 0.8	Score: 4.1419021218932526E-5		Time: 00h 11m 00s
Threshold: 0.6	Score: 0.18120035007710197		Time: 00h 11m 01s
Threshold: 0.4	Score: 0.6601236830362838		Time: 00h 11m 52s
Threshold: 0.2	Score: 0.7789111087498429		Time: 00h 12m 14s

------=_Part_8_1565452240.1429151190789--
.
250 2.6.0  <1733638283.9.1429151190792.JavaMail.lachtan@mandos6.ics.muni.cz> Queued mail for delivery
QUIT
221 2.0.0 BLU437-SMTP11.smtp.hotmail.com Service closing transmission channel
Email sent!
[main] INFO org.apache.mahout.cf.taste.impl.eval.AbstractDifferenceRecommenderEvaluator - Beginning evaluation using 0.8 of FileDataModel[dataFile:/tmp/tempfile8102308997704121831.tmp]
[main] INFO org.apache.mahout.cf.taste.impl.model.GenericDataModel - Processed 10000 users
[main] INFO org.apache.mahout.cf.taste.impl.model.GenericDataModel - Processed 10734 users
[main] INFO org.apache.mahout.cf.taste.impl.eval.AbstractDifferenceRecommenderEvaluator - Beginning evaluation of 10724 users
[main] INFO org.apache.mahout.cf.taste.impl.eval.AbstractDifferenceRecommenderEvaluator - Starting timing of 10724 tasks in 64 threads
[pool-6-thread-1] INFO org.apache.mahout.cf.taste.impl.eval.StatsCallable - Average time per recommendation: 16620ms
[pool-6-thread-1] INFO org.apache.mahout.cf.taste.impl.eval.StatsCallable - Approximate memory used: 2035MB / 107348MB
[pool-6-thread-1] INFO org.apache.mahout.cf.taste.impl.eval.StatsCallable - Unable to recommend in 2813 cases
[pool-6-thread-22] INFO org.apache.mahout.cf.taste.impl.eval.StatsCallable - Average time per recommendation: 16030ms
[pool-6-thread-22] INFO org.apache.mahout.cf.taste.impl.eval.StatsCallable - Approximate memory used: 9074MB / 107353MB
[pool-6-thread-22] INFO org.apache.mahout.cf.taste.impl.eval.StatsCallable - Unable to recommend in 4926 cases
[pool-6-thread-16] INFO org.apache.mahout.cf.taste.impl.eval.StatsCallable - Average time per recommendation: 13271ms
[pool-6-thread-16] INFO org.apache.mahout.cf.taste.impl.eval.StatsCallable - Approximate memory used: 2320MB / 107358MB
[pool-6-thread-16] INFO org.apache.mahout.cf.taste.impl.eval.StatsCallable - Unable to recommend in 6934 cases
[pool-6-thread-49] INFO org.apache.mahout.cf.taste.impl.eval.StatsCallable - Average time per recommendation: 10143ms
[pool-6-thread-49] INFO org.apache.mahout.cf.taste.impl.eval.StatsCallable - Approximate memory used: 826MB / 107361MB
[pool-6-thread-49] INFO org.apache.mahout.cf.taste.impl.eval.StatsCallable - Unable to recommend in 8077 cases
[pool-6-thread-63] INFO org.apache.mahout.cf.taste.impl.eval.StatsCallable - Average time per recommendation: 8846ms
[pool-6-thread-63] INFO org.apache.mahout.cf.taste.impl.eval.StatsCallable - Approximate memory used: 10922MB / 107360MB
[pool-6-thread-63] INFO org.apache.mahout.cf.taste.impl.eval.StatsCallable - Unable to recommend in 8568 cases
[pool-6-thread-23] INFO org.apache.mahout.cf.taste.impl.eval.StatsCallable - Average time per recommendation: 7504ms
[pool-6-thread-23] INFO org.apache.mahout.cf.taste.impl.eval.StatsCallable - Approximate memory used: 10773MB / 107361MB
[pool-6-thread-23] INFO org.apache.mahout.cf.taste.impl.eval.StatsCallable - Unable to recommend in 9104 cases
[pool-6-thread-54] INFO org.apache.mahout.cf.taste.impl.eval.StatsCallable - Average time per recommendation: 6599ms
[pool-6-thread-54] INFO org.apache.mahout.cf.taste.impl.eval.StatsCallable - Approximate memory used: 4655MB / 107362MB
[pool-6-thread-54] INFO org.apache.mahout.cf.taste.impl.eval.StatsCallable - Unable to recommend in 9418 cases
[pool-6-thread-54] INFO org.apache.mahout.cf.taste.impl.eval.StatsCallable - Average time per recommendation: 5831ms
[pool-6-thread-54] INFO org.apache.mahout.cf.taste.impl.eval.StatsCallable - Approximate memory used: 5870MB / 107363MB
[pool-6-thread-54] INFO org.apache.mahout.cf.taste.impl.eval.StatsCallable - Unable to recommend in 9691 cases
[pool-6-thread-15] INFO org.apache.mahout.cf.taste.impl.eval.StatsCallable - Average time per recommendation: 5212ms
[pool-6-thread-15] INFO org.apache.mahout.cf.taste.impl.eval.StatsCallable - Approximate memory used: 4482MB / 107363MB
[pool-6-thread-15] INFO org.apache.mahout.cf.taste.impl.eval.StatsCallable - Unable to recommend in 10025 cases
[pool-6-thread-22] INFO org.apache.mahout.cf.taste.impl.eval.StatsCallable - Average time per recommendation: 4714ms
[pool-6-thread-22] INFO org.apache.mahout.cf.taste.impl.eval.StatsCallable - Approximate memory used: 11113MB / 107363MB
[pool-6-thread-22] INFO org.apache.mahout.cf.taste.impl.eval.StatsCallable - Unable to recommend in 10192 cases
[pool-6-thread-44] INFO org.apache.mahout.cf.taste.impl.eval.StatsCallable - Average time per recommendation: 4278ms
[pool-6-thread-44] INFO org.apache.mahout.cf.taste.impl.eval.StatsCallable - Approximate memory used: 6077MB / 107364MB
[pool-6-thread-44] INFO org.apache.mahout.cf.taste.impl.eval.StatsCallable - Unable to recommend in 10385 cases
[main] INFO org.apache.mahout.cf.taste.impl.eval.AbstractDifferenceRecommenderEvaluator - Evaluation result: 0.7797582832039947
0.7797582832039947 00h 12m 16s
DEBUG: getProvider() returning javax.mail.Provider[TRANSPORT,smtp,com.sun.mail.smtp.SMTPTransport,Oracle]
DEBUG SMTP: useEhlo true, useAuth true
DEBUG SMTP: useEhlo true, useAuth true
DEBUG SMTP: trying to connect to host "smtp.live.com", port 587, isSSL false
220 BLU436-SMTP57.smtp.hotmail.com Microsoft ESMTP MAIL Service, Version: 8.0.9200.16384 ready at  Wed, 15 Apr 2015 19:38:51 -0700 
DEBUG SMTP: connected to host "smtp.live.com", port: 587

EHLO mandos6.ics.muni.cz
250-BLU436-SMTP57.smtp.hotmail.com Hello [147.251.9.209]
250-TURN
250-SIZE 41943040
250-ETRN
250-PIPELINING
250-DSN
250-ENHANCEDSTATUSCODES
250-8bitmime
250-BINARYMIME
250-CHUNKING
250-VRFY
250-TLS
250-STARTTLS
250 OK
DEBUG SMTP: Found extension "TURN", arg ""
DEBUG SMTP: Found extension "SIZE", arg "41943040"
DEBUG SMTP: Found extension "ETRN", arg ""
DEBUG SMTP: Found extension "PIPELINING", arg ""
DEBUG SMTP: Found extension "DSN", arg ""
DEBUG SMTP: Found extension "ENHANCEDSTATUSCODES", arg ""
DEBUG SMTP: Found extension "8bitmime", arg ""
DEBUG SMTP: Found extension "BINARYMIME", arg ""
DEBUG SMTP: Found extension "CHUNKING", arg ""
DEBUG SMTP: Found extension "VRFY", arg ""
DEBUG SMTP: Found extension "TLS", arg ""
DEBUG SMTP: Found extension "STARTTLS", arg ""
DEBUG SMTP: Found extension "OK", arg ""
STARTTLS
220 2.0.0 SMTP server ready
EHLO mandos6.ics.muni.cz
250-BLU436-SMTP57.smtp.hotmail.com Hello [147.251.9.209]
250-TURN
250-SIZE 41943040
250-ETRN
250-PIPELINING
250-DSN
250-ENHANCEDSTATUSCODES
250-8bitmime
250-BINARYMIME
250-CHUNKING
250-VRFY
250-AUTH LOGIN PLAIN XOAUTH2
250 OK
DEBUG SMTP: Found extension "TURN", arg ""
DEBUG SMTP: Found extension "SIZE", arg "41943040"
DEBUG SMTP: Found extension "ETRN", arg ""
DEBUG SMTP: Found extension "PIPELINING", arg ""
DEBUG SMTP: Found extension "DSN", arg ""
DEBUG SMTP: Found extension "ENHANCEDSTATUSCODES", arg ""
DEBUG SMTP: Found extension "8bitmime", arg ""
DEBUG SMTP: Found extension "BINARYMIME", arg ""
DEBUG SMTP: Found extension "CHUNKING", arg ""
DEBUG SMTP: Found extension "VRFY", arg ""
DEBUG SMTP: Found extension "AUTH", arg "LOGIN PLAIN XOAUTH2"
DEBUG SMTP: Found extension "OK", arg ""
DEBUG SMTP: Attempt to authenticate using mechanisms: LOGIN PLAIN DIGEST-MD5 NTLM 
DEBUG SMTP: AUTH LOGIN command trace suppressed
DEBUG SMTP: AUTH LOGIN succeeded
DEBUG SMTP: use8bit false
MAIL FROM:<matej.lochman@hotmail.com>
250 2.1.0 matej.lochman@hotmail.com....Sender OK
RCPT TO:<matej.lochman@gmail.com>
250 2.1.5 matej.lochman@gmail.com 
DEBUG SMTP: Verified Addresses
DEBUG SMTP:   matej.lochman@gmail.com
DATA
354 Start mail input; end with <CRLF>.<CRLF>
Date: Thu, 16 Apr 2015 04:38:51 +0200 (CEST)
From: matej.lochman@hotmail.com
To: matej.lochman@gmail.com
Message-ID: <1453090927.11.1429151931509.JavaMail.lachtan@mandos6.ics.muni.cz>
Subject: Test Thu Apr 16 03:29:00 CEST 2015 euclidean
MIME-Version: 1.0
Content-Type: multipart/mixed; 
	boundary="----=_Part_10_1953354888.1429151931506"

------=_Part_10_1953354888.1429151931506
Content-Type: text/plain; charset=us-ascii
Content-Transfer-Encoding: 7bit

Test Thu Apr 16 03:29:00 CEST 2015 euclidean
------=_Part_10_1953354888.1429151931506
Content-Type: text/plain; charset=us-ascii; name="res/20/euclidean.txt"
Content-Transfer-Encoding: 7bit
Content-Disposition: attachment; filename="res/20/euclidean.txt"

Threshold: 1.0	Score: 0.0		Time: 00h 11m 04s
Threshold: 0.8	Score: 4.1419021218932526E-5		Time: 00h 11m 00s
Threshold: 0.6	Score: 0.18120035007710197		Time: 00h 11m 01s
Threshold: 0.4	Score: 0.6601236830362838		Time: 00h 11m 52s
Threshold: 0.2	Score: 0.7789111087498429		Time: 00h 12m 14s
Threshold: 0.0	Score: 0.7797582832039947		Time: 00h 12m 16s

------=_Part_10_1953354888.1429151931506--
.
250 2.6.0  <1453090927.11.1429151931509.JavaMail.lachtan@mandos6.ics.muni.cz> Queued mail for delivery
QUIT
221 2.0.0 BLU436-SMTP57.smtp.hotmail.com Service closing transmission channel
Email sent!
[main] INFO org.apache.mahout.cf.taste.impl.eval.AbstractDifferenceRecommenderEvaluator - Beginning evaluation using 0.8 of FileDataModel[dataFile:/tmp/tempfile8102308997704121831.tmp]
[main] INFO org.apache.mahout.cf.taste.impl.model.GenericDataModel - Processed 10000 users
[main] INFO org.apache.mahout.cf.taste.impl.model.GenericDataModel - Processed 10734 users
[main] INFO org.apache.mahout.cf.taste.impl.eval.AbstractDifferenceRecommenderEvaluator - Beginning evaluation of 10724 users
[main] INFO org.apache.mahout.cf.taste.impl.eval.AbstractDifferenceRecommenderEvaluator - Starting timing of 10724 tasks in 64 threads
[pool-7-thread-1] INFO org.apache.mahout.cf.taste.impl.eval.StatsCallable - Average time per recommendation: 16483ms
[pool-7-thread-1] INFO org.apache.mahout.cf.taste.impl.eval.StatsCallable - Approximate memory used: 9258MB / 107346MB
[pool-7-thread-1] INFO org.apache.mahout.cf.taste.impl.eval.StatsCallable - Unable to recommend in 2763 cases
[pool-7-thread-50] INFO org.apache.mahout.cf.taste.impl.eval.StatsCallable - Average time per recommendation: 15940ms
[pool-7-thread-50] INFO org.apache.mahout.cf.taste.impl.eval.StatsCallable - Approximate memory used: 8168MB / 107354MB
[pool-7-thread-50] INFO org.apache.mahout.cf.taste.impl.eval.StatsCallable - Unable to recommend in 4965 cases
[pool-7-thread-41] INFO org.apache.mahout.cf.taste.impl.eval.StatsCallable - Average time per recommendation: 13433ms
[pool-7-thread-41] INFO org.apache.mahout.cf.taste.impl.eval.StatsCallable - Approximate memory used: 10285MB / 107356MB
[pool-7-thread-41] INFO org.apache.mahout.cf.taste.impl.eval.StatsCallable - Unable to recommend in 6946 cases
[pool-7-thread-44] INFO org.apache.mahout.cf.taste.impl.eval.StatsCallable - Average time per recommendation: 10160ms
[pool-7-thread-44] INFO org.apache.mahout.cf.taste.impl.eval.StatsCallable - Approximate memory used: 9564MB / 107359MB
[pool-7-thread-44] INFO org.apache.mahout.cf.taste.impl.eval.StatsCallable - Unable to recommend in 8126 cases
[pool-7-thread-32] INFO org.apache.mahout.cf.taste.impl.eval.StatsCallable - Average time per recommendation: 8889ms
[pool-7-thread-32] INFO org.apache.mahout.cf.taste.impl.eval.StatsCallable - Approximate memory used: 8161MB / 107360MB
[pool-7-thread-32] INFO org.apache.mahout.cf.taste.impl.eval.StatsCallable - Unable to recommend in 8569 cases
[pool-7-thread-23] INFO org.apache.mahout.cf.taste.impl.eval.StatsCallable - Average time per recommendation: 7556ms
[pool-7-thread-23] INFO org.apache.mahout.cf.taste.impl.eval.StatsCallable - Approximate memory used: 7789MB / 107362MB
[pool-7-thread-23] INFO org.apache.mahout.cf.taste.impl.eval.StatsCallable - Unable to recommend in 9092 cases
[pool-7-thread-9] INFO org.apache.mahout.cf.taste.impl.eval.StatsCallable - Average time per recommendation: 6640ms
[pool-7-thread-9] INFO org.apache.mahout.cf.taste.impl.eval.StatsCallable - Approximate memory used: 1674MB / 107362MB
[pool-7-thread-9] INFO org.apache.mahout.cf.taste.impl.eval.StatsCallable - Unable to recommend in 9405 cases
[pool-7-thread-53] INFO org.apache.mahout.cf.taste.impl.eval.StatsCallable - Average time per recommendation: 5863ms
[pool-7-thread-53] INFO org.apache.mahout.cf.taste.impl.eval.StatsCallable - Approximate memory used: 3102MB / 107363MB
[pool-7-thread-53] INFO org.apache.mahout.cf.taste.impl.eval.StatsCallable - Unable to recommend in 9678 cases
[pool-7-thread-49] INFO org.apache.mahout.cf.taste.impl.eval.StatsCallable - Average time per recommendation: 5250ms
[pool-7-thread-49] INFO org.apache.mahout.cf.taste.impl.eval.StatsCallable - Approximate memory used: 1556MB / 107363MB
[pool-7-thread-49] INFO org.apache.mahout.cf.taste.impl.eval.StatsCallable - Unable to recommend in 10006 cases
[pool-7-thread-34] INFO org.apache.mahout.cf.taste.impl.eval.StatsCallable - Average time per recommendation: 4720ms
[pool-7-thread-34] INFO org.apache.mahout.cf.taste.impl.eval.StatsCallable - Approximate memory used: 8617MB / 107363MB
[pool-7-thread-34] INFO org.apache.mahout.cf.taste.impl.eval.StatsCallable - Unable to recommend in 10196 cases
[pool-7-thread-57] INFO org.apache.mahout.cf.taste.impl.eval.StatsCallable - Average time per recommendation: 4270ms
[pool-7-thread-57] INFO org.apache.mahout.cf.taste.impl.eval.StatsCallable - Approximate memory used: 3661MB / 107364MB
[pool-7-thread-57] INFO org.apache.mahout.cf.taste.impl.eval.StatsCallable - Unable to recommend in 10378 cases
[main] INFO org.apache.mahout.cf.taste.impl.eval.AbstractDifferenceRecommenderEvaluator - Evaluation result: 0.7797582832039988
0.7797582832039988 00h 12m 57s
DEBUG: getProvider() returning javax.mail.Provider[TRANSPORT,smtp,com.sun.mail.smtp.SMTPTransport,Oracle]
DEBUG SMTP: useEhlo true, useAuth true
DEBUG SMTP: useEhlo true, useAuth true
DEBUG SMTP: trying to connect to host "smtp.live.com", port 587, isSSL false
220 BLU436-SMTP207.smtp.hotmail.com Microsoft ESMTP MAIL Service, Version: 8.0.9200.16384 ready at  Wed, 15 Apr 2015 19:51:52 -0700 
DEBUG SMTP: connected to host "smtp.live.com", port: 587

EHLO mandos6.ics.muni.cz
250-BLU436-SMTP207.smtp.hotmail.com Hello [147.251.9.209]
250-TURN
250-SIZE 41943040
250-ETRN
250-PIPELINING
250-DSN
250-ENHANCEDSTATUSCODES
250-8bitmime
250-BINARYMIME
250-CHUNKING
250-VRFY
250-TLS
250-STARTTLS
250 OK
DEBUG SMTP: Found extension "TURN", arg ""
DEBUG SMTP: Found extension "SIZE", arg "41943040"
DEBUG SMTP: Found extension "ETRN", arg ""
DEBUG SMTP: Found extension "PIPELINING", arg ""
DEBUG SMTP: Found extension "DSN", arg ""
DEBUG SMTP: Found extension "ENHANCEDSTATUSCODES", arg ""
DEBUG SMTP: Found extension "8bitmime", arg ""
DEBUG SMTP: Found extension "BINARYMIME", arg ""
DEBUG SMTP: Found extension "CHUNKING", arg ""
DEBUG SMTP: Found extension "VRFY", arg ""
DEBUG SMTP: Found extension "TLS", arg ""
DEBUG SMTP: Found extension "STARTTLS", arg ""
DEBUG SMTP: Found extension "OK", arg ""
STARTTLS
220 2.0.0 SMTP server ready
EHLO mandos6.ics.muni.cz
250-BLU436-SMTP207.smtp.hotmail.com Hello [147.251.9.209]
250-TURN
250-SIZE 41943040
250-ETRN
250-PIPELINING
250-DSN
250-ENHANCEDSTATUSCODES
250-8bitmime
250-BINARYMIME
250-CHUNKING
250-VRFY
250-AUTH LOGIN PLAIN XOAUTH2
250 OK
DEBUG SMTP: Found extension "TURN", arg ""
DEBUG SMTP: Found extension "SIZE", arg "41943040"
DEBUG SMTP: Found extension "ETRN", arg ""
DEBUG SMTP: Found extension "PIPELINING", arg ""
DEBUG SMTP: Found extension "DSN", arg ""
DEBUG SMTP: Found extension "ENHANCEDSTATUSCODES", arg ""
DEBUG SMTP: Found extension "8bitmime", arg ""
DEBUG SMTP: Found extension "BINARYMIME", arg ""
DEBUG SMTP: Found extension "CHUNKING", arg ""
DEBUG SMTP: Found extension "VRFY", arg ""
DEBUG SMTP: Found extension "AUTH", arg "LOGIN PLAIN XOAUTH2"
DEBUG SMTP: Found extension "OK", arg ""
DEBUG SMTP: Attempt to authenticate using mechanisms: LOGIN PLAIN DIGEST-MD5 NTLM 
DEBUG SMTP: AUTH LOGIN command trace suppressed
DEBUG SMTP: AUTH LOGIN succeeded
DEBUG SMTP: use8bit false
MAIL FROM:<matej.lochman@hotmail.com>
250 2.1.0 matej.lochman@hotmail.com....Sender OK
RCPT TO:<matej.lochman@gmail.com>
250 2.1.5 matej.lochman@gmail.com 
DEBUG SMTP: Verified Addresses
DEBUG SMTP:   matej.lochman@gmail.com
DATA
354 Start mail input; end with <CRLF>.<CRLF>
Date: Thu, 16 Apr 2015 04:51:52 +0200 (CEST)
From: matej.lochman@hotmail.com
To: matej.lochman@gmail.com
Message-ID: <1261939102.13.1429152712320.JavaMail.lachtan@mandos6.ics.muni.cz>
Subject: Test Thu Apr 16 03:29:00 CEST 2015 euclidean
MIME-Version: 1.0
Content-Type: multipart/mixed; 
	boundary="----=_Part_12_1779444232.1429152712316"

------=_Part_12_1779444232.1429152712316
Content-Type: text/plain; charset=us-ascii
Content-Transfer-Encoding: 7bit

Test Thu Apr 16 03:29:00 CEST 2015 euclidean
------=_Part_12_1779444232.1429152712316
Content-Type: text/plain; charset=us-ascii; name="res/20/euclidean.txt"
Content-Transfer-Encoding: 7bit
Content-Disposition: attachment; filename="res/20/euclidean.txt"

Threshold: 1.0	Score: 0.0		Time: 00h 11m 04s
Threshold: 0.8	Score: 4.1419021218932526E-5		Time: 00h 11m 00s
Threshold: 0.6	Score: 0.18120035007710197		Time: 00h 11m 01s
Threshold: 0.4	Score: 0.6601236830362838		Time: 00h 11m 52s
Threshold: 0.2	Score: 0.7789111087498429		Time: 00h 12m 14s
Threshold: 0.0	Score: 0.7797582832039947		Time: 00h 12m 16s
Threshold: -0.2	Score: 0.7797582832039988		Time: 00h 12m 57s

------=_Part_12_1779444232.1429152712316--
.
250 2.6.0  <1261939102.13.1429152712320.JavaMail.lachtan@mandos6.ics.muni.cz> Queued mail for delivery
QUIT
221 2.0.0 BLU436-SMTP207.smtp.hotmail.com Service closing transmission channel
Email sent!
[main] INFO org.apache.mahout.cf.taste.impl.eval.AbstractDifferenceRecommenderEvaluator - Beginning evaluation using 0.8 of FileDataModel[dataFile:/tmp/tempfile8102308997704121831.tmp]
[main] INFO org.apache.mahout.cf.taste.impl.model.GenericDataModel - Processed 10000 users
[main] INFO org.apache.mahout.cf.taste.impl.model.GenericDataModel - Processed 10734 users
[main] INFO org.apache.mahout.cf.taste.impl.eval.AbstractDifferenceRecommenderEvaluator - Beginning evaluation of 10724 users
[main] INFO org.apache.mahout.cf.taste.impl.eval.AbstractDifferenceRecommenderEvaluator - Starting timing of 10724 tasks in 64 threads
[pool-8-thread-1] INFO org.apache.mahout.cf.taste.impl.eval.StatsCallable - Average time per recommendation: 16443ms
[pool-8-thread-1] INFO org.apache.mahout.cf.taste.impl.eval.StatsCallable - Approximate memory used: 6176MB / 107347MB
[pool-8-thread-1] INFO org.apache.mahout.cf.taste.impl.eval.StatsCallable - Unable to recommend in 2736 cases
[pool-8-thread-60] INFO org.apache.mahout.cf.taste.impl.eval.StatsCallable - Average time per recommendation: 15959ms
[pool-8-thread-60] INFO org.apache.mahout.cf.taste.impl.eval.StatsCallable - Approximate memory used: 3489MB / 107354MB
[pool-8-thread-60] INFO org.apache.mahout.cf.taste.impl.eval.StatsCallable - Unable to recommend in 4917 cases
[pool-8-thread-63] INFO org.apache.mahout.cf.taste.impl.eval.StatsCallable - Average time per recommendation: 13042ms
[pool-8-thread-63] INFO org.apache.mahout.cf.taste.impl.eval.StatsCallable - Approximate memory used: 7829MB / 107357MB
[pool-8-thread-63] INFO org.apache.mahout.cf.taste.impl.eval.StatsCallable - Unable to recommend in 6941 cases
[pool-8-thread-57] INFO org.apache.mahout.cf.taste.impl.eval.StatsCallable - Average time per recommendation: 10122ms
[pool-8-thread-57] INFO org.apache.mahout.cf.taste.impl.eval.StatsCallable - Approximate memory used: 2239MB / 107359MB
[pool-8-thread-57] INFO org.apache.mahout.cf.taste.impl.eval.StatsCallable - Unable to recommend in 7977 cases
[pool-8-thread-57] INFO org.apache.mahout.cf.taste.impl.eval.StatsCallable - Average time per recommendation: 8780ms
[pool-8-thread-57] INFO org.apache.mahout.cf.taste.impl.eval.StatsCallable - Approximate memory used: 5426MB / 107361MB
[pool-8-thread-57] INFO org.apache.mahout.cf.taste.impl.eval.StatsCallable - Unable to recommend in 8570 cases
[pool-8-thread-42] INFO org.apache.mahout.cf.taste.impl.eval.StatsCallable - Average time per recommendation: 7430ms
[pool-8-thread-42] INFO org.apache.mahout.cf.taste.impl.eval.StatsCallable - Approximate memory used: 5953MB / 107362MB
[pool-8-thread-42] INFO org.apache.mahout.cf.taste.impl.eval.StatsCallable - Unable to recommend in 9111 cases
[pool-8-thread-12] INFO org.apache.mahout.cf.taste.impl.eval.StatsCallable - Average time per recommendation: 6563ms
[pool-8-thread-12] INFO org.apache.mahout.cf.taste.impl.eval.StatsCallable - Approximate memory used: 9759MB / 107363MB
[pool-8-thread-12] INFO org.apache.mahout.cf.taste.impl.eval.StatsCallable - Unable to recommend in 9410 cases
[pool-8-thread-26] INFO org.apache.mahout.cf.taste.impl.eval.StatsCallable - Average time per recommendation: 5850ms
[pool-8-thread-26] INFO org.apache.mahout.cf.taste.impl.eval.StatsCallable - Approximate memory used: 11202MB / 107362MB
[pool-8-thread-26] INFO org.apache.mahout.cf.taste.impl.eval.StatsCallable - Unable to recommend in 9690 cases
[pool-8-thread-2] INFO org.apache.mahout.cf.taste.impl.eval.StatsCallable - Average time per recommendation: 5229ms
[pool-8-thread-2] INFO org.apache.mahout.cf.taste.impl.eval.StatsCallable - Approximate memory used: 9710MB / 107363MB
[pool-8-thread-2] INFO org.apache.mahout.cf.taste.impl.eval.StatsCallable - Unable to recommend in 10024 cases
[pool-8-thread-31] INFO org.apache.mahout.cf.taste.impl.eval.StatsCallable - Average time per recommendation: 4720ms
[pool-8-thread-31] INFO org.apache.mahout.cf.taste.impl.eval.StatsCallable - Approximate memory used: 5789MB / 107363MB
[pool-8-thread-31] INFO org.apache.mahout.cf.taste.impl.eval.StatsCallable - Unable to recommend in 10198 cases
[pool-8-thread-21] INFO org.apache.mahout.cf.taste.impl.eval.StatsCallable - Average time per recommendation: 4258ms
[pool-8-thread-21] INFO org.apache.mahout.cf.taste.impl.eval.StatsCallable - Approximate memory used: 943MB / 107364MB
[pool-8-thread-21] INFO org.apache.mahout.cf.taste.impl.eval.StatsCallable - Unable to recommend in 10394 cases
[main] INFO org.apache.mahout.cf.taste.impl.eval.AbstractDifferenceRecommenderEvaluator - Evaluation result: 0.7797582832040036
0.7797582832040036 00h 12m 17s
DEBUG: getProvider() returning javax.mail.Provider[TRANSPORT,smtp,com.sun.mail.smtp.SMTPTransport,Oracle]
DEBUG SMTP: useEhlo true, useAuth true
DEBUG SMTP: useEhlo true, useAuth true
DEBUG SMTP: trying to connect to host "smtp.live.com", port 587, isSSL false
220 BLU436-SMTP54.smtp.hotmail.com Microsoft ESMTP MAIL Service, Version: 8.0.9200.16384 ready at  Wed, 15 Apr 2015 20:04:15 -0700 
DEBUG SMTP: connected to host "smtp.live.com", port: 587

EHLO mandos6.ics.muni.cz
250-BLU436-SMTP54.smtp.hotmail.com Hello [147.251.9.209]
250-TURN
250-SIZE 41943040
250-ETRN
250-PIPELINING
250-DSN
250-ENHANCEDSTATUSCODES
250-8bitmime
250-BINARYMIME
250-CHUNKING
250-VRFY
250-TLS
250-STARTTLS
250 OK
DEBUG SMTP: Found extension "TURN", arg ""
DEBUG SMTP: Found extension "SIZE", arg "41943040"
DEBUG SMTP: Found extension "ETRN", arg ""
DEBUG SMTP: Found extension "PIPELINING", arg ""
DEBUG SMTP: Found extension "DSN", arg ""
DEBUG SMTP: Found extension "ENHANCEDSTATUSCODES", arg ""
DEBUG SMTP: Found extension "8bitmime", arg ""
DEBUG SMTP: Found extension "BINARYMIME", arg ""
DEBUG SMTP: Found extension "CHUNKING", arg ""
DEBUG SMTP: Found extension "VRFY", arg ""
DEBUG SMTP: Found extension "TLS", arg ""
DEBUG SMTP: Found extension "STARTTLS", arg ""
DEBUG SMTP: Found extension "OK", arg ""
STARTTLS
220 2.0.0 SMTP server ready
EHLO mandos6.ics.muni.cz
250-BLU436-SMTP54.smtp.hotmail.com Hello [147.251.9.209]
250-TURN
250-SIZE 41943040
250-ETRN
250-PIPELINING
250-DSN
250-ENHANCEDSTATUSCODES
250-8bitmime
250-BINARYMIME
250-CHUNKING
250-VRFY
250-AUTH LOGIN PLAIN XOAUTH2
250 OK
DEBUG SMTP: Found extension "TURN", arg ""
DEBUG SMTP: Found extension "SIZE", arg "41943040"
DEBUG SMTP: Found extension "ETRN", arg ""
DEBUG SMTP: Found extension "PIPELINING", arg ""
DEBUG SMTP: Found extension "DSN", arg ""
DEBUG SMTP: Found extension "ENHANCEDSTATUSCODES", arg ""
DEBUG SMTP: Found extension "8bitmime", arg ""
DEBUG SMTP: Found extension "BINARYMIME", arg ""
DEBUG SMTP: Found extension "CHUNKING", arg ""
DEBUG SMTP: Found extension "VRFY", arg ""
DEBUG SMTP: Found extension "AUTH", arg "LOGIN PLAIN XOAUTH2"
DEBUG SMTP: Found extension "OK", arg ""
DEBUG SMTP: Attempt to authenticate using mechanisms: LOGIN PLAIN DIGEST-MD5 NTLM 
DEBUG SMTP: AUTH LOGIN command trace suppressed
DEBUG SMTP: AUTH LOGIN succeeded
DEBUG SMTP: use8bit false
MAIL FROM:<matej.lochman@hotmail.com>
250 2.1.0 matej.lochman@hotmail.com....Sender OK
RCPT TO:<matej.lochman@gmail.com>
250 2.1.5 matej.lochman@gmail.com 
DEBUG SMTP: Verified Addresses
DEBUG SMTP:   matej.lochman@gmail.com
DATA
354 Start mail input; end with <CRLF>.<CRLF>
Date: Thu, 16 Apr 2015 05:04:15 +0200 (CEST)
From: matej.lochman@hotmail.com
To: matej.lochman@gmail.com
Message-ID: <327173663.15.1429153455029.JavaMail.lachtan@mandos6.ics.muni.cz>
Subject: Test Thu Apr 16 03:29:00 CEST 2015 euclidean
MIME-Version: 1.0
Content-Type: multipart/mixed; 
	boundary="----=_Part_14_2064578327.1429153455026"

------=_Part_14_2064578327.1429153455026
Content-Type: text/plain; charset=us-ascii
Content-Transfer-Encoding: 7bit

Test Thu Apr 16 03:29:00 CEST 2015 euclidean
------=_Part_14_2064578327.1429153455026
Content-Type: text/plain; charset=us-ascii; name="res/20/euclidean.txt"
Content-Transfer-Encoding: 7bit
Content-Disposition: attachment; filename="res/20/euclidean.txt"

Threshold: 1.0	Score: 0.0		Time: 00h 11m 04s
Threshold: 0.8	Score: 4.1419021218932526E-5		Time: 00h 11m 00s
Threshold: 0.6	Score: 0.18120035007710197		Time: 00h 11m 01s
Threshold: 0.4	Score: 0.6601236830362838		Time: 00h 11m 52s
Threshold: 0.2	Score: 0.7789111087498429		Time: 00h 12m 14s
Threshold: 0.0	Score: 0.7797582832039947		Time: 00h 12m 16s
Threshold: -0.2	Score: 0.7797582832039988		Time: 00h 12m 57s
Threshold: -0.4	Score: 0.7797582832040036		Time: 00h 12m 17s

------=_Part_14_2064578327.1429153455026--
.
250 2.6.0  <327173663.15.1429153455029.JavaMail.lachtan@mandos6.ics.muni.cz> Queued mail for delivery
QUIT
221 2.0.0 BLU436-SMTP54.smtp.hotmail.com Service closing transmission channel
Email sent!
[main] INFO org.apache.mahout.cf.taste.impl.eval.AbstractDifferenceRecommenderEvaluator - Beginning evaluation using 0.8 of FileDataModel[dataFile:/tmp/tempfile8102308997704121831.tmp]
[main] INFO org.apache.mahout.cf.taste.impl.model.GenericDataModel - Processed 10000 users
[main] INFO org.apache.mahout.cf.taste.impl.model.GenericDataModel - Processed 10734 users
[main] INFO org.apache.mahout.cf.taste.impl.eval.AbstractDifferenceRecommenderEvaluator - Beginning evaluation of 10724 users
[main] INFO org.apache.mahout.cf.taste.impl.eval.AbstractDifferenceRecommenderEvaluator - Starting timing of 10724 tasks in 64 threads
[pool-9-thread-1] INFO org.apache.mahout.cf.taste.impl.eval.StatsCallable - Average time per recommendation: 16198ms
[pool-9-thread-1] INFO org.apache.mahout.cf.taste.impl.eval.StatsCallable - Approximate memory used: 3185MB / 107346MB
[pool-9-thread-1] INFO org.apache.mahout.cf.taste.impl.eval.StatsCallable - Unable to recommend in 2708 cases
[pool-9-thread-46] INFO org.apache.mahout.cf.taste.impl.eval.StatsCallable - Average time per recommendation: 15835ms
[pool-9-thread-46] INFO org.apache.mahout.cf.taste.impl.eval.StatsCallable - Approximate memory used: 1582MB / 107354MB
[pool-9-thread-46] INFO org.apache.mahout.cf.taste.impl.eval.StatsCallable - Unable to recommend in 4936 cases
[pool-9-thread-29] INFO org.apache.mahout.cf.taste.impl.eval.StatsCallable - Average time per recommendation: 12975ms
[pool-9-thread-29] INFO org.apache.mahout.cf.taste.impl.eval.StatsCallable - Approximate memory used: 5085MB / 107356MB
[pool-9-thread-29] INFO org.apache.mahout.cf.taste.impl.eval.StatsCallable - Unable to recommend in 6930 cases
[pool-9-thread-45] INFO org.apache.mahout.cf.taste.impl.eval.StatsCallable - Average time per recommendation: 10247ms
[pool-9-thread-45] INFO org.apache.mahout.cf.taste.impl.eval.StatsCallable - Approximate memory used: 10545MB / 107360MB
[pool-9-thread-45] INFO org.apache.mahout.cf.taste.impl.eval.StatsCallable - Unable to recommend in 7988 cases
[pool-9-thread-53] INFO org.apache.mahout.cf.taste.impl.eval.StatsCallable - Average time per recommendation: 8725ms
[pool-9-thread-53] INFO org.apache.mahout.cf.taste.impl.eval.StatsCallable - Approximate memory used: 2680MB / 107360MB
[pool-9-thread-53] INFO org.apache.mahout.cf.taste.impl.eval.StatsCallable - Unable to recommend in 8567 cases
[pool-9-thread-31] INFO org.apache.mahout.cf.taste.impl.eval.StatsCallable - Average time per recommendation: 7433ms
[pool-9-thread-31] INFO org.apache.mahout.cf.taste.impl.eval.StatsCallable - Approximate memory used: 2070MB / 107361MB
[pool-9-thread-31] INFO org.apache.mahout.cf.taste.impl.eval.StatsCallable - Unable to recommend in 9086 cases
[pool-9-thread-60] INFO org.apache.mahout.cf.taste.impl.eval.StatsCallable - Average time per recommendation: 6535ms
[pool-9-thread-60] INFO org.apache.mahout.cf.taste.impl.eval.StatsCallable - Approximate memory used: 6896MB / 107363MB
[pool-9-thread-60] INFO org.apache.mahout.cf.taste.impl.eval.StatsCallable - Unable to recommend in 9409 cases
[pool-9-thread-51] INFO org.apache.mahout.cf.taste.impl.eval.StatsCallable - Average time per recommendation: 5768ms
[pool-9-thread-51] INFO org.apache.mahout.cf.taste.impl.eval.StatsCallable - Approximate memory used: 8164MB / 107362MB
[pool-9-thread-51] INFO org.apache.mahout.cf.taste.impl.eval.StatsCallable - Unable to recommend in 9687 cases
[pool-9-thread-24] INFO org.apache.mahout.cf.taste.impl.eval.StatsCallable - Average time per recommendation: 5154ms
[pool-9-thread-24] INFO org.apache.mahout.cf.taste.impl.eval.StatsCallable - Approximate memory used: 6781MB / 107363MB
[pool-9-thread-24] INFO org.apache.mahout.cf.taste.impl.eval.StatsCallable - Unable to recommend in 10022 cases
[pool-9-thread-53] INFO org.apache.mahout.cf.taste.impl.eval.StatsCallable - Average time per recommendation: 4660ms
[pool-9-thread-53] INFO org.apache.mahout.cf.taste.impl.eval.StatsCallable - Approximate memory used: 2819MB / 107363MB
[pool-9-thread-53] INFO org.apache.mahout.cf.taste.impl.eval.StatsCallable - Unable to recommend in 10191 cases
[pool-9-thread-53] INFO org.apache.mahout.cf.taste.impl.eval.StatsCallable - Average time per recommendation: 4248ms
[pool-9-thread-53] INFO org.apache.mahout.cf.taste.impl.eval.StatsCallable - Approximate memory used: 8194MB / 107363MB
[pool-9-thread-53] INFO org.apache.mahout.cf.taste.impl.eval.StatsCallable - Unable to recommend in 10377 cases
[main] INFO org.apache.mahout.cf.taste.impl.eval.AbstractDifferenceRecommenderEvaluator - Evaluation result: 0.7797582832039888
0.7797582832039888 00h 12m 16s
DEBUG: getProvider() returning javax.mail.Provider[TRANSPORT,smtp,com.sun.mail.smtp.SMTPTransport,Oracle]
DEBUG SMTP: useEhlo true, useAuth true
DEBUG SMTP: useEhlo true, useAuth true
DEBUG SMTP: trying to connect to host "smtp.live.com", port 587, isSSL false
220 BLU436-SMTP181.smtp.hotmail.com Microsoft ESMTP MAIL Service, Version: 8.0.9200.16384 ready at  Wed, 15 Apr 2015 20:16:35 -0700 
DEBUG SMTP: connected to host "smtp.live.com", port: 587

EHLO mandos6.ics.muni.cz
250-BLU436-SMTP181.smtp.hotmail.com Hello [147.251.9.209]
250-TURN
250-SIZE 41943040
250-ETRN
250-PIPELINING
250-DSN
250-ENHANCEDSTATUSCODES
250-8bitmime
250-BINARYMIME
250-CHUNKING
250-VRFY
250-TLS
250-STARTTLS
250 OK
DEBUG SMTP: Found extension "TURN", arg ""
DEBUG SMTP: Found extension "SIZE", arg "41943040"
DEBUG SMTP: Found extension "ETRN", arg ""
DEBUG SMTP: Found extension "PIPELINING", arg ""
DEBUG SMTP: Found extension "DSN", arg ""
DEBUG SMTP: Found extension "ENHANCEDSTATUSCODES", arg ""
DEBUG SMTP: Found extension "8bitmime", arg ""
DEBUG SMTP: Found extension "BINARYMIME", arg ""
DEBUG SMTP: Found extension "CHUNKING", arg ""
DEBUG SMTP: Found extension "VRFY", arg ""
DEBUG SMTP: Found extension "TLS", arg ""
DEBUG SMTP: Found extension "STARTTLS", arg ""
DEBUG SMTP: Found extension "OK", arg ""
STARTTLS
220 2.0.0 SMTP server ready
EHLO mandos6.ics.muni.cz
250-BLU436-SMTP181.smtp.hotmail.com Hello [147.251.9.209]
250-TURN
250-SIZE 41943040
250-ETRN
250-PIPELINING
250-DSN
250-ENHANCEDSTATUSCODES
250-8bitmime
250-BINARYMIME
250-CHUNKING
250-VRFY
250-AUTH LOGIN PLAIN XOAUTH2
250 OK
DEBUG SMTP: Found extension "TURN", arg ""
DEBUG SMTP: Found extension "SIZE", arg "41943040"
DEBUG SMTP: Found extension "ETRN", arg ""
DEBUG SMTP: Found extension "PIPELINING", arg ""
DEBUG SMTP: Found extension "DSN", arg ""
DEBUG SMTP: Found extension "ENHANCEDSTATUSCODES", arg ""
DEBUG SMTP: Found extension "8bitmime", arg ""
DEBUG SMTP: Found extension "BINARYMIME", arg ""
DEBUG SMTP: Found extension "CHUNKING", arg ""
DEBUG SMTP: Found extension "VRFY", arg ""
DEBUG SMTP: Found extension "AUTH", arg "LOGIN PLAIN XOAUTH2"
DEBUG SMTP: Found extension "OK", arg ""
DEBUG SMTP: Attempt to authenticate using mechanisms: LOGIN PLAIN DIGEST-MD5 NTLM 
DEBUG SMTP: AUTH LOGIN command trace suppressed
DEBUG SMTP: AUTH LOGIN succeeded
DEBUG SMTP: use8bit false
MAIL FROM:<matej.lochman@hotmail.com>
250 2.1.0 matej.lochman@hotmail.com....Sender OK
RCPT TO:<matej.lochman@gmail.com>
250 2.1.5 matej.lochman@gmail.com 
DEBUG SMTP: Verified Addresses
DEBUG SMTP:   matej.lochman@gmail.com
DATA
354 Start mail input; end with <CRLF>.<CRLF>
Date: Thu, 16 Apr 2015 05:16:34 +0200 (CEST)
From: matej.lochman@hotmail.com
To: matej.lochman@gmail.com
Message-ID: <407856172.17.1429154194968.JavaMail.lachtan@mandos6.ics.muni.cz>
Subject: Test Thu Apr 16 03:29:00 CEST 2015 euclidean
MIME-Version: 1.0
Content-Type: multipart/mixed; 
	boundary="----=_Part_16_1754477647.1429154194965"

------=_Part_16_1754477647.1429154194965
Content-Type: text/plain; charset=us-ascii
Content-Transfer-Encoding: 7bit

Test Thu Apr 16 03:29:00 CEST 2015 euclidean
------=_Part_16_1754477647.1429154194965
Content-Type: text/plain; charset=us-ascii; name="res/20/euclidean.txt"
Content-Transfer-Encoding: 7bit
Content-Disposition: attachment; filename="res/20/euclidean.txt"

Threshold: 1.0	Score: 0.0		Time: 00h 11m 04s
Threshold: 0.8	Score: 4.1419021218932526E-5		Time: 00h 11m 00s
Threshold: 0.6	Score: 0.18120035007710197		Time: 00h 11m 01s
Threshold: 0.4	Score: 0.6601236830362838		Time: 00h 11m 52s
Threshold: 0.2	Score: 0.7789111087498429		Time: 00h 12m 14s
Threshold: 0.0	Score: 0.7797582832039947		Time: 00h 12m 16s
Threshold: -0.2	Score: 0.7797582832039988		Time: 00h 12m 57s
Threshold: -0.4	Score: 0.7797582832040036		Time: 00h 12m 17s
Threshold: -0.6	Score: 0.7797582832039888		Time: 00h 12m 16s

------=_Part_16_1754477647.1429154194965--
.
250 2.6.0  <407856172.17.1429154194968.JavaMail.lachtan@mandos6.ics.muni.cz> Queued mail for delivery
QUIT
221 2.0.0 BLU436-SMTP181.smtp.hotmail.com Service closing transmission channel
Email sent!
[main] INFO org.apache.mahout.cf.taste.impl.eval.AbstractDifferenceRecommenderEvaluator - Beginning evaluation using 0.8 of FileDataModel[dataFile:/tmp/tempfile8102308997704121831.tmp]
[main] INFO org.apache.mahout.cf.taste.impl.model.GenericDataModel - Processed 10000 users
[main] INFO org.apache.mahout.cf.taste.impl.model.GenericDataModel - Processed 10734 users
[main] INFO org.apache.mahout.cf.taste.impl.eval.AbstractDifferenceRecommenderEvaluator - Beginning evaluation of 10724 users
[main] INFO org.apache.mahout.cf.taste.impl.eval.AbstractDifferenceRecommenderEvaluator - Starting timing of 10724 tasks in 64 threads
[pool-10-thread-1] INFO org.apache.mahout.cf.taste.impl.eval.StatsCallable - Average time per recommendation: 16013ms
[pool-10-thread-1] INFO org.apache.mahout.cf.taste.impl.eval.StatsCallable - Approximate memory used: 1335MB / 107323MB
[pool-10-thread-1] INFO org.apache.mahout.cf.taste.impl.eval.StatsCallable - Unable to recommend in 2750 cases
[pool-10-thread-24] INFO org.apache.mahout.cf.taste.impl.eval.StatsCallable - Average time per recommendation: 15891ms
[pool-10-thread-24] INFO org.apache.mahout.cf.taste.impl.eval.StatsCallable - Approximate memory used: 10775MB / 107331MB
[pool-10-thread-24] INFO org.apache.mahout.cf.taste.impl.eval.StatsCallable - Unable to recommend in 4953 cases
[pool-10-thread-55] INFO org.apache.mahout.cf.taste.impl.eval.StatsCallable - Average time per recommendation: 13179ms
[pool-10-thread-55] INFO org.apache.mahout.cf.taste.impl.eval.StatsCallable - Approximate memory used: 2966MB / 107342MB
[pool-10-thread-55] INFO org.apache.mahout.cf.taste.impl.eval.StatsCallable - Unable to recommend in 6943 cases
[pool-10-thread-45] INFO org.apache.mahout.cf.taste.impl.eval.StatsCallable - Average time per recommendation: 10258ms
[pool-10-thread-45] INFO org.apache.mahout.cf.taste.impl.eval.StatsCallable - Approximate memory used: 9644MB / 107349MB
[pool-10-thread-45] INFO org.apache.mahout.cf.taste.impl.eval.StatsCallable - Unable to recommend in 8034 cases
[pool-10-thread-2] INFO org.apache.mahout.cf.taste.impl.eval.StatsCallable - Average time per recommendation: 8764ms
[pool-10-thread-2] INFO org.apache.mahout.cf.taste.impl.eval.StatsCallable - Approximate memory used: 2416MB / 107351MB
[pool-10-thread-2] INFO org.apache.mahout.cf.taste.impl.eval.StatsCallable - Unable to recommend in 8599 cases
[pool-10-thread-12] INFO org.apache.mahout.cf.taste.impl.eval.StatsCallable - Average time per recommendation: 7498ms
[pool-10-thread-12] INFO org.apache.mahout.cf.taste.impl.eval.StatsCallable - Approximate memory used: 11211MB / 107354MB
[pool-10-thread-12] INFO org.apache.mahout.cf.taste.impl.eval.StatsCallable - Unable to recommend in 9095 cases
[pool-10-thread-35] INFO org.apache.mahout.cf.taste.impl.eval.StatsCallable - Average time per recommendation: 6598ms
[pool-10-thread-35] INFO org.apache.mahout.cf.taste.impl.eval.StatsCallable - Approximate memory used: 5266MB / 107356MB
[pool-10-thread-35] INFO org.apache.mahout.cf.taste.impl.eval.StatsCallable - Unable to recommend in 9415 cases
[pool-10-thread-32] INFO org.apache.mahout.cf.taste.impl.eval.StatsCallable - Average time per recommendation: 5823ms
[pool-10-thread-32] INFO org.apache.mahout.cf.taste.impl.eval.StatsCallable - Approximate memory used: 6636MB / 107355MB
[pool-10-thread-32] INFO org.apache.mahout.cf.taste.impl.eval.StatsCallable - Unable to recommend in 9691 cases
[pool-10-thread-35] INFO org.apache.mahout.cf.taste.impl.eval.StatsCallable - Average time per recommendation: 5218ms
[pool-10-thread-35] INFO org.apache.mahout.cf.taste.impl.eval.StatsCallable - Approximate memory used: 5131MB / 107358MB
[pool-10-thread-35] INFO org.apache.mahout.cf.taste.impl.eval.StatsCallable - Unable to recommend in 10022 cases
[pool-10-thread-38] INFO org.apache.mahout.cf.taste.impl.eval.StatsCallable - Average time per recommendation: 4699ms
[pool-10-thread-38] INFO org.apache.mahout.cf.taste.impl.eval.StatsCallable - Approximate memory used: 1420MB / 107357MB
[pool-10-thread-38] INFO org.apache.mahout.cf.taste.impl.eval.StatsCallable - Unable to recommend in 10205 cases
[pool-10-thread-63] INFO org.apache.mahout.cf.taste.impl.eval.StatsCallable - Average time per recommendation: 4340ms
[pool-10-thread-63] INFO org.apache.mahout.cf.taste.impl.eval.StatsCallable - Approximate memory used: 6630MB / 107357MB
[pool-10-thread-63] INFO org.apache.mahout.cf.taste.impl.eval.StatsCallable - Unable to recommend in 10384 cases
[main] INFO org.apache.mahout.cf.taste.impl.eval.AbstractDifferenceRecommenderEvaluator - Evaluation result: 0.7797582832039799
0.7797582832039799 00h 12m 14s
DEBUG: getProvider() returning javax.mail.Provider[TRANSPORT,smtp,com.sun.mail.smtp.SMTPTransport,Oracle]
DEBUG SMTP: useEhlo true, useAuth true
DEBUG SMTP: useEhlo true, useAuth true
DEBUG SMTP: trying to connect to host "smtp.live.com", port 587, isSSL false
220 BLU436-SMTP163.smtp.hotmail.com Microsoft ESMTP MAIL Service, Version: 8.0.9200.16384 ready at  Wed, 15 Apr 2015 20:28:53 -0700 
DEBUG SMTP: connected to host "smtp.live.com", port: 587

EHLO mandos6.ics.muni.cz
250-BLU436-SMTP163.smtp.hotmail.com Hello [147.251.9.209]
250-TURN
250-SIZE 41943040
250-ETRN
250-PIPELINING
250-DSN
250-ENHANCEDSTATUSCODES
250-8bitmime
250-BINARYMIME
250-CHUNKING
250-VRFY
250-TLS
250-STARTTLS
250 OK
DEBUG SMTP: Found extension "TURN", arg ""
DEBUG SMTP: Found extension "SIZE", arg "41943040"
DEBUG SMTP: Found extension "ETRN", arg ""
DEBUG SMTP: Found extension "PIPELINING", arg ""
DEBUG SMTP: Found extension "DSN", arg ""
DEBUG SMTP: Found extension "ENHANCEDSTATUSCODES", arg ""
DEBUG SMTP: Found extension "8bitmime", arg ""
DEBUG SMTP: Found extension "BINARYMIME", arg ""
DEBUG SMTP: Found extension "CHUNKING", arg ""
DEBUG SMTP: Found extension "VRFY", arg ""
DEBUG SMTP: Found extension "TLS", arg ""
DEBUG SMTP: Found extension "STARTTLS", arg ""
DEBUG SMTP: Found extension "OK", arg ""
STARTTLS
220 2.0.0 SMTP server ready
EHLO mandos6.ics.muni.cz
250-BLU436-SMTP163.smtp.hotmail.com Hello [147.251.9.209]
250-TURN
250-SIZE 41943040
250-ETRN
250-PIPELINING
250-DSN
250-ENHANCEDSTATUSCODES
250-8bitmime
250-BINARYMIME
250-CHUNKING
250-VRFY
250-AUTH LOGIN PLAIN XOAUTH2
250 OK
DEBUG SMTP: Found extension "TURN", arg ""
DEBUG SMTP: Found extension "SIZE", arg "41943040"
DEBUG SMTP: Found extension "ETRN", arg ""
DEBUG SMTP: Found extension "PIPELINING", arg ""
DEBUG SMTP: Found extension "DSN", arg ""
DEBUG SMTP: Found extension "ENHANCEDSTATUSCODES", arg ""
DEBUG SMTP: Found extension "8bitmime", arg ""
DEBUG SMTP: Found extension "BINARYMIME", arg ""
DEBUG SMTP: Found extension "CHUNKING", arg ""
DEBUG SMTP: Found extension "VRFY", arg ""
DEBUG SMTP: Found extension "AUTH", arg "LOGIN PLAIN XOAUTH2"
DEBUG SMTP: Found extension "OK", arg ""
DEBUG SMTP: Attempt to authenticate using mechanisms: LOGIN PLAIN DIGEST-MD5 NTLM 
DEBUG SMTP: AUTH LOGIN command trace suppressed
DEBUG SMTP: AUTH LOGIN succeeded
DEBUG SMTP: use8bit false
MAIL FROM:<matej.lochman@hotmail.com>
250 2.1.0 matej.lochman@hotmail.com....Sender OK
RCPT TO:<matej.lochman@gmail.com>
250 2.1.5 matej.lochman@gmail.com 
DEBUG SMTP: Verified Addresses
DEBUG SMTP:   matej.lochman@gmail.com
DATA
354 Start mail input; end with <CRLF>.<CRLF>
Date: Thu, 16 Apr 2015 05:28:53 +0200 (CEST)
From: matej.lochman@hotmail.com
To: matej.lochman@gmail.com
Message-ID: <1646545810.19.1429154933215.JavaMail.lachtan@mandos6.ics.muni.cz>
Subject: Test Thu Apr 16 03:29:00 CEST 2015 euclidean
MIME-Version: 1.0
Content-Type: multipart/mixed; 
	boundary="----=_Part_18_183452465.1429154933211"

------=_Part_18_183452465.1429154933211
Content-Type: text/plain; charset=us-ascii
Content-Transfer-Encoding: 7bit

Test Thu Apr 16 03:29:00 CEST 2015 euclidean
------=_Part_18_183452465.1429154933211
Content-Type: text/plain; charset=us-ascii; name="res/20/euclidean.txt"
Content-Transfer-Encoding: 7bit
Content-Disposition: attachment; filename="res/20/euclidean.txt"

Threshold: 1.0	Score: 0.0		Time: 00h 11m 04s
Threshold: 0.8	Score: 4.1419021218932526E-5		Time: 00h 11m 00s
Threshold: 0.6	Score: 0.18120035007710197		Time: 00h 11m 01s
Threshold: 0.4	Score: 0.6601236830362838		Time: 00h 11m 52s
Threshold: 0.2	Score: 0.7789111087498429		Time: 00h 12m 14s
Threshold: 0.0	Score: 0.7797582832039947		Time: 00h 12m 16s
Threshold: -0.2	Score: 0.7797582832039988		Time: 00h 12m 57s
Threshold: -0.4	Score: 0.7797582832040036		Time: 00h 12m 17s
Threshold: -0.6	Score: 0.7797582832039888		Time: 00h 12m 16s
Threshold: -0.8	Score: 0.7797582832039799		Time: 00h 12m 14s

------=_Part_18_183452465.1429154933211--
.
250 2.6.0  <1646545810.19.1429154933215.JavaMail.lachtan@mandos6.ics.muni.cz> Queued mail for delivery
QUIT
221 2.0.0 BLU436-SMTP163.smtp.hotmail.com Service closing transmission channel
Email sent!
[main] INFO org.apache.mahout.cf.taste.impl.eval.AbstractDifferenceRecommenderEvaluator - Beginning evaluation using 0.8 of FileDataModel[dataFile:/tmp/tempfile8102308997704121831.tmp]
[main] INFO org.apache.mahout.cf.taste.impl.model.GenericDataModel - Processed 10000 users
[main] INFO org.apache.mahout.cf.taste.impl.model.GenericDataModel - Processed 10734 users
[main] INFO org.apache.mahout.cf.taste.impl.eval.AbstractDifferenceRecommenderEvaluator - Beginning evaluation of 10724 users
[main] INFO org.apache.mahout.cf.taste.impl.eval.AbstractDifferenceRecommenderEvaluator - Starting timing of 10724 tasks in 64 threads
[pool-11-thread-1] INFO org.apache.mahout.cf.taste.impl.eval.StatsCallable - Average time per recommendation: 16115ms
[pool-11-thread-1] INFO org.apache.mahout.cf.taste.impl.eval.StatsCallable - Approximate memory used: 9662MB / 107345MB
[pool-11-thread-1] INFO org.apache.mahout.cf.taste.impl.eval.StatsCallable - Unable to recommend in 2731 cases
[pool-11-thread-32] INFO org.apache.mahout.cf.taste.impl.eval.StatsCallable - Average time per recommendation: 15751ms
[pool-11-thread-32] INFO org.apache.mahout.cf.taste.impl.eval.StatsCallable - Approximate memory used: 6941MB / 107349MB
[pool-11-thread-32] INFO org.apache.mahout.cf.taste.impl.eval.StatsCallable - Unable to recommend in 4918 cases
[pool-11-thread-44] INFO org.apache.mahout.cf.taste.impl.eval.StatsCallable - Average time per recommendation: 13003ms
[pool-11-thread-44] INFO org.apache.mahout.cf.taste.impl.eval.StatsCallable - Approximate memory used: 10881MB / 107356MB
[pool-11-thread-44] INFO org.apache.mahout.cf.taste.impl.eval.StatsCallable - Unable to recommend in 6935 cases
[pool-11-thread-20] INFO org.apache.mahout.cf.taste.impl.eval.StatsCallable - Average time per recommendation: 10099ms
[pool-11-thread-20] INFO org.apache.mahout.cf.taste.impl.eval.StatsCallable - Approximate memory used: 6364MB / 107359MB
[pool-11-thread-20] INFO org.apache.mahout.cf.taste.impl.eval.StatsCallable - Unable to recommend in 7984 cases
[pool-11-thread-16] INFO org.apache.mahout.cf.taste.impl.eval.StatsCallable - Average time per recommendation: 8515ms
[pool-11-thread-16] INFO org.apache.mahout.cf.taste.impl.eval.StatsCallable - Approximate memory used: 9121MB / 107361MB
[pool-11-thread-16] INFO org.apache.mahout.cf.taste.impl.eval.StatsCallable - Unable to recommend in 8570 cases
[pool-11-thread-34] INFO org.apache.mahout.cf.taste.impl.eval.StatsCallable - Average time per recommendation: 7346ms
[pool-11-thread-34] INFO org.apache.mahout.cf.taste.impl.eval.StatsCallable - Approximate memory used: 8402MB / 107362MB
[pool-11-thread-34] INFO org.apache.mahout.cf.taste.impl.eval.StatsCallable - Unable to recommend in 9085 cases
[pool-11-thread-34] INFO org.apache.mahout.cf.taste.impl.eval.StatsCallable - Average time per recommendation: 6452ms
[pool-11-thread-34] INFO org.apache.mahout.cf.taste.impl.eval.StatsCallable - Approximate memory used: 2530MB / 107363MB
[pool-11-thread-34] INFO org.apache.mahout.cf.taste.impl.eval.StatsCallable - Unable to recommend in 9408 cases
[pool-11-thread-45] INFO org.apache.mahout.cf.taste.impl.eval.StatsCallable - Average time per recommendation: 5687ms
[pool-11-thread-45] INFO org.apache.mahout.cf.taste.impl.eval.StatsCallable - Approximate memory used: 4076MB / 107362MB
[pool-11-thread-45] INFO org.apache.mahout.cf.taste.impl.eval.StatsCallable - Unable to recommend in 9687 cases
[pool-11-thread-57] INFO org.apache.mahout.cf.taste.impl.eval.StatsCallable - Average time per recommendation: 5094ms
[pool-11-thread-57] INFO org.apache.mahout.cf.taste.impl.eval.StatsCallable - Approximate memory used: 2376MB / 107363MB
[pool-11-thread-57] INFO org.apache.mahout.cf.taste.impl.eval.StatsCallable - Unable to recommend in 10017 cases
[pool-11-thread-33] INFO org.apache.mahout.cf.taste.impl.eval.StatsCallable - Average time per recommendation: 4609ms
[pool-11-thread-33] INFO org.apache.mahout.cf.taste.impl.eval.StatsCallable - Approximate memory used: 9033MB / 107363MB
[pool-11-thread-33] INFO org.apache.mahout.cf.taste.impl.eval.StatsCallable - Unable to recommend in 10185 cases
[pool-11-thread-57] INFO org.apache.mahout.cf.taste.impl.eval.StatsCallable - Average time per recommendation: 4192ms
[pool-11-thread-57] INFO org.apache.mahout.cf.taste.impl.eval.StatsCallable - Approximate memory used: 3922MB / 107363MB
[pool-11-thread-57] INFO org.apache.mahout.cf.taste.impl.eval.StatsCallable - Unable to recommend in 10379 cases
[main] INFO org.apache.mahout.cf.taste.impl.eval.AbstractDifferenceRecommenderEvaluator - Evaluation result: 0.7797582832040008
0.7797582832040008 00h 12m 10s
DEBUG: getProvider() returning javax.mail.Provider[TRANSPORT,smtp,com.sun.mail.smtp.SMTPTransport,Oracle]
DEBUG SMTP: useEhlo true, useAuth true
DEBUG SMTP: useEhlo true, useAuth true
DEBUG SMTP: trying to connect to host "smtp.live.com", port 587, isSSL false
220 BLU436-SMTP3.smtp.hotmail.com Microsoft ESMTP MAIL Service, Version: 8.0.9200.16384 ready at  Wed, 15 Apr 2015 20:41:07 -0700 
DEBUG SMTP: connected to host "smtp.live.com", port: 587

EHLO mandos6.ics.muni.cz
250-BLU436-SMTP3.smtp.hotmail.com Hello [147.251.9.209]
250-TURN
250-SIZE 41943040
250-ETRN
250-PIPELINING
250-DSN
250-ENHANCEDSTATUSCODES
250-8bitmime
250-BINARYMIME
250-CHUNKING
250-VRFY
250-TLS
250-STARTTLS
250 OK
DEBUG SMTP: Found extension "TURN", arg ""
DEBUG SMTP: Found extension "SIZE", arg "41943040"
DEBUG SMTP: Found extension "ETRN", arg ""
DEBUG SMTP: Found extension "PIPELINING", arg ""
DEBUG SMTP: Found extension "DSN", arg ""
DEBUG SMTP: Found extension "ENHANCEDSTATUSCODES", arg ""
DEBUG SMTP: Found extension "8bitmime", arg ""
DEBUG SMTP: Found extension "BINARYMIME", arg ""
DEBUG SMTP: Found extension "CHUNKING", arg ""
DEBUG SMTP: Found extension "VRFY", arg ""
DEBUG SMTP: Found extension "TLS", arg ""
DEBUG SMTP: Found extension "STARTTLS", arg ""
DEBUG SMTP: Found extension "OK", arg ""
STARTTLS
220 2.0.0 SMTP server ready
EHLO mandos6.ics.muni.cz
250-BLU436-SMTP3.smtp.hotmail.com Hello [147.251.9.209]
250-TURN
250-SIZE 41943040
250-ETRN
250-PIPELINING
250-DSN
250-ENHANCEDSTATUSCODES
250-8bitmime
250-BINARYMIME
250-CHUNKING
250-VRFY
250-AUTH LOGIN PLAIN XOAUTH2
250 OK
DEBUG SMTP: Found extension "TURN", arg ""
DEBUG SMTP: Found extension "SIZE", arg "41943040"
DEBUG SMTP: Found extension "ETRN", arg ""
DEBUG SMTP: Found extension "PIPELINING", arg ""
DEBUG SMTP: Found extension "DSN", arg ""
DEBUG SMTP: Found extension "ENHANCEDSTATUSCODES", arg ""
DEBUG SMTP: Found extension "8bitmime", arg ""
DEBUG SMTP: Found extension "BINARYMIME", arg ""
DEBUG SMTP: Found extension "CHUNKING", arg ""
DEBUG SMTP: Found extension "VRFY", arg ""
DEBUG SMTP: Found extension "AUTH", arg "LOGIN PLAIN XOAUTH2"
DEBUG SMTP: Found extension "OK", arg ""
DEBUG SMTP: Attempt to authenticate using mechanisms: LOGIN PLAIN DIGEST-MD5 NTLM 
DEBUG SMTP: AUTH LOGIN command trace suppressed
DEBUG SMTP: AUTH LOGIN succeeded
DEBUG SMTP: use8bit false
MAIL FROM:<matej.lochman@hotmail.com>
250 2.1.0 matej.lochman@hotmail.com....Sender OK
RCPT TO:<matej.lochman@gmail.com>
250 2.1.5 matej.lochman@gmail.com 
DEBUG SMTP: Verified Addresses
DEBUG SMTP:   matej.lochman@gmail.com
DATA
354 Start mail input; end with <CRLF>.<CRLF>
Date: Thu, 16 Apr 2015 05:41:07 +0200 (CEST)
From: matej.lochman@hotmail.com
To: matej.lochman@gmail.com
Message-ID: <1754119457.21.1429155667410.JavaMail.lachtan@mandos6.ics.muni.cz>
Subject: Test Thu Apr 16 03:29:00 CEST 2015 euclidean
MIME-Version: 1.0
Content-Type: multipart/mixed; 
	boundary="----=_Part_20_644208912.1429155667407"

------=_Part_20_644208912.1429155667407
Content-Type: text/plain; charset=us-ascii
Content-Transfer-Encoding: 7bit

Test Thu Apr 16 03:29:00 CEST 2015 euclidean
------=_Part_20_644208912.1429155667407
Content-Type: text/plain; charset=us-ascii; name="res/20/euclidean.txt"
Content-Transfer-Encoding: 7bit
Content-Disposition: attachment; filename="res/20/euclidean.txt"

Threshold: 1.0	Score: 0.0		Time: 00h 11m 04s
Threshold: 0.8	Score: 4.1419021218932526E-5		Time: 00h 11m 00s
Threshold: 0.6	Score: 0.18120035007710197		Time: 00h 11m 01s
Threshold: 0.4	Score: 0.6601236830362838		Time: 00h 11m 52s
Threshold: 0.2	Score: 0.7789111087498429		Time: 00h 12m 14s
Threshold: 0.0	Score: 0.7797582832039947		Time: 00h 12m 16s
Threshold: -0.2	Score: 0.7797582832039988		Time: 00h 12m 57s
Threshold: -0.4	Score: 0.7797582832040036		Time: 00h 12m 17s
Threshold: -0.6	Score: 0.7797582832039888		Time: 00h 12m 16s
Threshold: -0.8	Score: 0.7797582832039799		Time: 00h 12m 14s
Threshold: -1.0	Score: 0.7797582832040008		Time: 00h 12m 10s

------=_Part_20_644208912.1429155667407--
.
250 2.6.0  <1754119457.21.1429155667410.JavaMail.lachtan@mandos6.ics.muni.cz> Queued mail for delivery
QUIT
221 2.0.0 BLU436-SMTP3.smtp.hotmail.com Service closing transmission channel
Email sent!

**********************************************************************************************************

The SCRATCHes have been SUCCESSFULLY cleaned...
