[main] INFO org.apache.mahout.cf.taste.impl.model.file.FileDataModel - Creating FileDataModel for file /tmp/tempfile3944236199922221379.tmp
[main] INFO org.apache.mahout.cf.taste.impl.model.file.FileDataModel - Reading file info...
[main] INFO org.apache.mahout.cf.taste.impl.model.file.FileDataModel - Processed 1000000 lines
[main] INFO org.apache.mahout.cf.taste.impl.model.file.FileDataModel - Read lines: 1794383
[main] INFO org.apache.mahout.cf.taste.impl.model.GenericDataModel - Processed 10000 users
[main] INFO org.apache.mahout.cf.taste.impl.model.GenericDataModel - Processed 10734 users
DEBUG: JavaMail version 1.5.0-b01
DEBUG: successfully loaded resource: /META-INF/javamail.default.providers
DEBUG: Tables of loaded providers
DEBUG: Providers Listed By Class Name: {com.sun.mail.smtp.SMTPSSLTransport=javax.mail.Provider[TRANSPORT,smtps,com.sun.mail.smtp.SMTPSSLTransport,Oracle], com.sun.mail.smtp.SMTPTransport=javax.mail.Provider[TRANSPORT,smtp,com.sun.mail.smtp.SMTPTransport,Oracle], com.sun.mail.imap.IMAPSSLStore=javax.mail.Provider[STORE,imaps,com.sun.mail.imap.IMAPSSLStore,Oracle], com.sun.mail.pop3.POP3SSLStore=javax.mail.Provider[STORE,pop3s,com.sun.mail.pop3.POP3SSLStore,Oracle], com.sun.mail.imap.IMAPStore=javax.mail.Provider[STORE,imap,com.sun.mail.imap.IMAPStore,Oracle], com.sun.mail.pop3.POP3Store=javax.mail.Provider[STORE,pop3,com.sun.mail.pop3.POP3Store,Oracle]}
DEBUG: Providers Listed By Protocol: {imaps=javax.mail.Provider[STORE,imaps,com.sun.mail.imap.IMAPSSLStore,Oracle], imap=javax.mail.Provider[STORE,imap,com.sun.mail.imap.IMAPStore,Oracle], smtps=javax.mail.Provider[TRANSPORT,smtps,com.sun.mail.smtp.SMTPSSLTransport,Oracle], pop3=javax.mail.Provider[STORE,pop3,com.sun.mail.pop3.POP3Store,Oracle], pop3s=javax.mail.Provider[STORE,pop3s,com.sun.mail.pop3.POP3SSLStore,Oracle], smtp=javax.mail.Provider[TRANSPORT,smtp,com.sun.mail.smtp.SMTPTransport,Oracle]}
DEBUG: successfully loaded resource: /META-INF/javamail.default.address.map
[main] INFO org.apache.mahout.cf.taste.impl.eval.AbstractDifferenceRecommenderEvaluator - Beginning evaluation using 0.8 of FileDataModel[dataFile:/tmp/tempfile3944236199922221379.tmp]
[main] INFO org.apache.mahout.cf.taste.impl.model.GenericDataModel - Processed 10000 users
[main] INFO org.apache.mahout.cf.taste.impl.model.GenericDataModel - Processed 10734 users
[main] INFO org.apache.mahout.cf.taste.impl.eval.AbstractDifferenceRecommenderEvaluator - Beginning evaluation of 10724 users
[main] INFO org.apache.mahout.cf.taste.impl.eval.AbstractDifferenceRecommenderEvaluator - Starting timing of 10724 tasks in 32 threads
[pool-1-thread-1] INFO org.apache.mahout.cf.taste.impl.eval.StatsCallable - Average time per recommendation: 9135ms
[pool-1-thread-1] INFO org.apache.mahout.cf.taste.impl.eval.StatsCallable - Approximate memory used: 461MB / 4257MB
[pool-1-thread-1] INFO org.apache.mahout.cf.taste.impl.eval.StatsCallable - Unable to recommend in 26705 cases
[pool-1-thread-30] INFO org.apache.mahout.cf.taste.impl.eval.StatsCallable - Average time per recommendation: 9561ms
[pool-1-thread-30] INFO org.apache.mahout.cf.taste.impl.eval.StatsCallable - Approximate memory used: 509MB / 4294MB
[pool-1-thread-30] INFO org.apache.mahout.cf.taste.impl.eval.StatsCallable - Unable to recommend in 107067 cases
[pool-1-thread-8] INFO org.apache.mahout.cf.taste.impl.eval.StatsCallable - Average time per recommendation: 7182ms
[pool-1-thread-8] INFO org.apache.mahout.cf.taste.impl.eval.StatsCallable - Approximate memory used: 488MB / 4294MB
[pool-1-thread-8] INFO org.apache.mahout.cf.taste.impl.eval.StatsCallable - Unable to recommend in 160908 cases
[pool-1-thread-14] INFO org.apache.mahout.cf.taste.impl.eval.StatsCallable - Average time per recommendation: 5315ms
[pool-1-thread-14] INFO org.apache.mahout.cf.taste.impl.eval.StatsCallable - Approximate memory used: 215MB / 4294MB
[pool-1-thread-14] INFO org.apache.mahout.cf.taste.impl.eval.StatsCallable - Unable to recommend in 189793 cases
[pool-1-thread-4] INFO org.apache.mahout.cf.taste.impl.eval.StatsCallable - Average time per recommendation: 4339ms
[pool-1-thread-4] INFO org.apache.mahout.cf.taste.impl.eval.StatsCallable - Approximate memory used: 293MB / 4294MB
[pool-1-thread-4] INFO org.apache.mahout.cf.taste.impl.eval.StatsCallable - Unable to recommend in 206412 cases
[pool-1-thread-11] INFO org.apache.mahout.cf.taste.impl.eval.StatsCallable - Average time per recommendation: 3615ms
[pool-1-thread-11] INFO org.apache.mahout.cf.taste.impl.eval.StatsCallable - Approximate memory used: 295MB / 4294MB
[pool-1-thread-11] INFO org.apache.mahout.cf.taste.impl.eval.StatsCallable - Unable to recommend in 219336 cases
[pool-1-thread-11] INFO org.apache.mahout.cf.taste.impl.eval.StatsCallable - Average time per recommendation: 3114ms
[pool-1-thread-11] INFO org.apache.mahout.cf.taste.impl.eval.StatsCallable - Approximate memory used: 305MB / 4294MB
[pool-1-thread-11] INFO org.apache.mahout.cf.taste.impl.eval.StatsCallable - Unable to recommend in 227774 cases
[pool-1-thread-17] INFO org.apache.mahout.cf.taste.impl.eval.StatsCallable - Average time per recommendation: 2716ms
[pool-1-thread-17] INFO org.apache.mahout.cf.taste.impl.eval.StatsCallable - Approximate memory used: 501MB / 4294MB
[pool-1-thread-17] INFO org.apache.mahout.cf.taste.impl.eval.StatsCallable - Unable to recommend in 233197 cases
[pool-1-thread-2] INFO org.apache.mahout.cf.taste.impl.eval.StatsCallable - Average time per recommendation: 2409ms
[pool-1-thread-2] INFO org.apache.mahout.cf.taste.impl.eval.StatsCallable - Approximate memory used: 188MB / 4294MB
[pool-1-thread-2] INFO org.apache.mahout.cf.taste.impl.eval.StatsCallable - Unable to recommend in 237288 cases
[pool-1-thread-27] INFO org.apache.mahout.cf.taste.impl.eval.StatsCallable - Average time per recommendation: 2161ms
[pool-1-thread-27] INFO org.apache.mahout.cf.taste.impl.eval.StatsCallable - Approximate memory used: 300MB / 4294MB
[pool-1-thread-27] INFO org.apache.mahout.cf.taste.impl.eval.StatsCallable - Unable to recommend in 239527 cases
[pool-1-thread-15] INFO org.apache.mahout.cf.taste.impl.eval.StatsCallable - Average time per recommendation: 1955ms
[pool-1-thread-15] INFO org.apache.mahout.cf.taste.impl.eval.StatsCallable - Approximate memory used: 395MB / 4294MB
[pool-1-thread-15] INFO org.apache.mahout.cf.taste.impl.eval.StatsCallable - Unable to recommend in 241391 cases
[main] INFO org.apache.mahout.cf.taste.impl.eval.AbstractDifferenceRecommenderEvaluator - Evaluation result: 0.0
0.0 00h 10m 13s
DEBUG: getProvider() returning javax.mail.Provider[TRANSPORT,smtp,com.sun.mail.smtp.SMTPTransport,Oracle]
DEBUG SMTP: useEhlo true, useAuth true
DEBUG SMTP: useEhlo true, useAuth true
DEBUG SMTP: trying to connect to host "smtp.live.com", port 587, isSSL false
220 BLU436-SMTP71.smtp.hotmail.com Microsoft ESMTP MAIL Service, Version: 8.0.9200.16384 ready at  Wed, 1 Apr 2015 07:51:34 -0700 
DEBUG SMTP: connected to host "smtp.live.com", port: 587

EHLO luna11.fzu.cz
250-BLU436-SMTP71.smtp.hotmail.com Hello [147.231.11.11]
250-TURN
250-SIZE 41943040
250-ETRN
250-PIPELINING
250-DSN
250-ENHANCEDSTATUSCODES
250-8bitmime
250-BINARYMIME
250-CHUNKING
250-VRFY
250-TLS
250-STARTTLS
250 OK
DEBUG SMTP: Found extension "TURN", arg ""
DEBUG SMTP: Found extension "SIZE", arg "41943040"
DEBUG SMTP: Found extension "ETRN", arg ""
DEBUG SMTP: Found extension "PIPELINING", arg ""
DEBUG SMTP: Found extension "DSN", arg ""
DEBUG SMTP: Found extension "ENHANCEDSTATUSCODES", arg ""
DEBUG SMTP: Found extension "8bitmime", arg ""
DEBUG SMTP: Found extension "BINARYMIME", arg ""
DEBUG SMTP: Found extension "CHUNKING", arg ""
DEBUG SMTP: Found extension "VRFY", arg ""
DEBUG SMTP: Found extension "TLS", arg ""
DEBUG SMTP: Found extension "STARTTLS", arg ""
DEBUG SMTP: Found extension "OK", arg ""
STARTTLS
220 2.0.0 SMTP server ready
EHLO luna11.fzu.cz
250-BLU436-SMTP71.smtp.hotmail.com Hello [147.231.11.11]
250-TURN
250-SIZE 41943040
250-ETRN
250-PIPELINING
250-DSN
250-ENHANCEDSTATUSCODES
250-8bitmime
250-BINARYMIME
250-CHUNKING
250-VRFY
250-AUTH LOGIN PLAIN XOAUTH2
250 OK
DEBUG SMTP: Found extension "TURN", arg ""
DEBUG SMTP: Found extension "SIZE", arg "41943040"
DEBUG SMTP: Found extension "ETRN", arg ""
DEBUG SMTP: Found extension "PIPELINING", arg ""
DEBUG SMTP: Found extension "DSN", arg ""
DEBUG SMTP: Found extension "ENHANCEDSTATUSCODES", arg ""
DEBUG SMTP: Found extension "8bitmime", arg ""
DEBUG SMTP: Found extension "BINARYMIME", arg ""
DEBUG SMTP: Found extension "CHUNKING", arg ""
DEBUG SMTP: Found extension "VRFY", arg ""
DEBUG SMTP: Found extension "AUTH", arg "LOGIN PLAIN XOAUTH2"
DEBUG SMTP: Found extension "OK", arg ""
DEBUG SMTP: Attempt to authenticate using mechanisms: LOGIN PLAIN DIGEST-MD5 NTLM 
DEBUG SMTP: AUTH LOGIN command trace suppressed
DEBUG SMTP: AUTH LOGIN succeeded
DEBUG SMTP: use8bit false
MAIL FROM:<matej.lochman@hotmail.com>
250 2.1.0 matej.lochman@hotmail.com....Sender OK
RCPT TO:<matej.lochman@gmail.com>
250 2.1.5 matej.lochman@gmail.com 
DEBUG SMTP: Verified Addresses
DEBUG SMTP:   matej.lochman@gmail.com
DATA
354 Start mail input; end with <CRLF>.<CRLF>
Date: Wed, 1 Apr 2015 16:51:34 +0200 (CEST)
From: matej.lochman@hotmail.com
To: matej.lochman@gmail.com
Message-ID: <41735707.1.1427899894589.JavaMail.lachtan@luna11.fzu.cz>
Subject: Test Wed Apr 01 16:41:20 CEST 2015 euclidean
MIME-Version: 1.0
Content-Type: multipart/mixed; 
	boundary="----=_Part_0_2019024776.1427899894557"

------=_Part_0_2019024776.1427899894557
Content-Type: text/plain; charset=us-ascii
Content-Transfer-Encoding: 7bit

Test Wed Apr 01 16:41:20 CEST 2015 euclidean
------=_Part_0_2019024776.1427899894557
Content-Type: text/plain; charset=us-ascii; name="logs/euclidean.txt"
Content-Transfer-Encoding: 7bit
Content-Disposition: attachment; filename="logs/euclidean.txt"

Threshold: 0.9	Score: 0.0		Time: 00h 10m 13s

------=_Part_0_2019024776.1427899894557--
.
250 2.6.0  <41735707.1.1427899894589.JavaMail.lachtan@luna11.fzu.cz> Queued mail for delivery
QUIT
221 2.0.0 BLU436-SMTP71.smtp.hotmail.com Service closing transmission channel
Email sent!
[main] INFO org.apache.mahout.cf.taste.impl.eval.AbstractDifferenceRecommenderEvaluator - Beginning evaluation using 0.8 of FileDataModel[dataFile:/tmp/tempfile3944236199922221379.tmp]
[main] INFO org.apache.mahout.cf.taste.impl.model.GenericDataModel - Processed 10000 users
[main] INFO org.apache.mahout.cf.taste.impl.model.GenericDataModel - Processed 10734 users
[main] INFO org.apache.mahout.cf.taste.impl.eval.AbstractDifferenceRecommenderEvaluator - Beginning evaluation of 10724 users
[main] INFO org.apache.mahout.cf.taste.impl.eval.AbstractDifferenceRecommenderEvaluator - Starting timing of 10724 tasks in 32 threads
[pool-2-thread-1] INFO org.apache.mahout.cf.taste.impl.eval.StatsCallable - Average time per recommendation: 9434ms
[pool-2-thread-1] INFO org.apache.mahout.cf.taste.impl.eval.StatsCallable - Approximate memory used: 324MB / 4287MB
[pool-2-thread-1] INFO org.apache.mahout.cf.taste.impl.eval.StatsCallable - Unable to recommend in 26984 cases
[pool-2-thread-17] INFO org.apache.mahout.cf.taste.impl.eval.StatsCallable - Average time per recommendation: 9569ms
[pool-2-thread-17] INFO org.apache.mahout.cf.taste.impl.eval.StatsCallable - Approximate memory used: 298MB / 4294MB
[pool-2-thread-17] INFO org.apache.mahout.cf.taste.impl.eval.StatsCallable - Unable to recommend in 107003 cases
[pool-2-thread-32] INFO org.apache.mahout.cf.taste.impl.eval.StatsCallable - Average time per recommendation: 7194ms
[pool-2-thread-32] INFO org.apache.mahout.cf.taste.impl.eval.StatsCallable - Approximate memory used: 269MB / 4294MB
[pool-2-thread-32] INFO org.apache.mahout.cf.taste.impl.eval.StatsCallable - Unable to recommend in 160858 cases
[pool-2-thread-12] INFO org.apache.mahout.cf.taste.impl.eval.StatsCallable - Average time per recommendation: 5324ms
[pool-2-thread-12] INFO org.apache.mahout.cf.taste.impl.eval.StatsCallable - Approximate memory used: 399MB / 4294MB
[pool-2-thread-12] INFO org.apache.mahout.cf.taste.impl.eval.StatsCallable - Unable to recommend in 189690 cases
[pool-2-thread-32] INFO org.apache.mahout.cf.taste.impl.eval.StatsCallable - Average time per recommendation: 4347ms
[pool-2-thread-32] INFO org.apache.mahout.cf.taste.impl.eval.StatsCallable - Approximate memory used: 519MB / 4294MB
[pool-2-thread-32] INFO org.apache.mahout.cf.taste.impl.eval.StatsCallable - Unable to recommend in 206402 cases
[pool-2-thread-32] INFO org.apache.mahout.cf.taste.impl.eval.StatsCallable - Average time per recommendation: 3619ms
[pool-2-thread-32] INFO org.apache.mahout.cf.taste.impl.eval.StatsCallable - Approximate memory used: 515MB / 4294MB
[pool-2-thread-32] INFO org.apache.mahout.cf.taste.impl.eval.StatsCallable - Unable to recommend in 219308 cases
[pool-2-thread-2] INFO org.apache.mahout.cf.taste.impl.eval.StatsCallable - Average time per recommendation: 3118ms
[pool-2-thread-2] INFO org.apache.mahout.cf.taste.impl.eval.StatsCallable - Approximate memory used: 519MB / 4294MB
[pool-2-thread-2] INFO org.apache.mahout.cf.taste.impl.eval.StatsCallable - Unable to recommend in 227738 cases
[pool-2-thread-13] INFO org.apache.mahout.cf.taste.impl.eval.StatsCallable - Average time per recommendation: 2719ms
[pool-2-thread-13] INFO org.apache.mahout.cf.taste.impl.eval.StatsCallable - Approximate memory used: 288MB / 4294MB
[pool-2-thread-13] INFO org.apache.mahout.cf.taste.impl.eval.StatsCallable - Unable to recommend in 233162 cases
[pool-2-thread-29] INFO org.apache.mahout.cf.taste.impl.eval.StatsCallable - Average time per recommendation: 2412ms
[pool-2-thread-29] INFO org.apache.mahout.cf.taste.impl.eval.StatsCallable - Approximate memory used: 400MB / 4294MB
[pool-2-thread-29] INFO org.apache.mahout.cf.taste.impl.eval.StatsCallable - Unable to recommend in 237253 cases
[pool-2-thread-2] INFO org.apache.mahout.cf.taste.impl.eval.StatsCallable - Average time per recommendation: 2164ms
[pool-2-thread-2] INFO org.apache.mahout.cf.taste.impl.eval.StatsCallable - Approximate memory used: 512MB / 4294MB
[pool-2-thread-2] INFO org.apache.mahout.cf.taste.impl.eval.StatsCallable - Unable to recommend in 239491 cases
[pool-2-thread-2] INFO org.apache.mahout.cf.taste.impl.eval.StatsCallable - Average time per recommendation: 1954ms
[pool-2-thread-2] INFO org.apache.mahout.cf.taste.impl.eval.StatsCallable - Approximate memory used: 223MB / 4294MB
[pool-2-thread-2] INFO org.apache.mahout.cf.taste.impl.eval.StatsCallable - Unable to recommend in 241375 cases
[main] INFO org.apache.mahout.cf.taste.impl.eval.AbstractDifferenceRecommenderEvaluator - Evaluation result: 4.141902121893241E-5
4.141902121893241E-5 00h 10m 14s
DEBUG: getProvider() returning javax.mail.Provider[TRANSPORT,smtp,com.sun.mail.smtp.SMTPTransport,Oracle]
DEBUG SMTP: useEhlo true, useAuth true
DEBUG SMTP: useEhlo true, useAuth true
DEBUG SMTP: trying to connect to host "smtp.live.com", port 587, isSSL false
220 BLU436-SMTP231.smtp.hotmail.com Microsoft ESMTP MAIL Service, Version: 8.0.9200.16384 ready at  Wed, 1 Apr 2015 08:01:53 -0700 
DEBUG SMTP: connected to host "smtp.live.com", port: 587

EHLO luna11.fzu.cz
250-BLU436-SMTP231.smtp.hotmail.com Hello [147.231.11.11]
250-TURN
250-SIZE 41943040
250-ETRN
250-PIPELINING
250-DSN
250-ENHANCEDSTATUSCODES
250-8bitmime
250-BINARYMIME
250-CHUNKING
250-VRFY
250-TLS
250-STARTTLS
250 OK
DEBUG SMTP: Found extension "TURN", arg ""
DEBUG SMTP: Found extension "SIZE", arg "41943040"
DEBUG SMTP: Found extension "ETRN", arg ""
DEBUG SMTP: Found extension "PIPELINING", arg ""
DEBUG SMTP: Found extension "DSN", arg ""
DEBUG SMTP: Found extension "ENHANCEDSTATUSCODES", arg ""
DEBUG SMTP: Found extension "8bitmime", arg ""
DEBUG SMTP: Found extension "BINARYMIME", arg ""
DEBUG SMTP: Found extension "CHUNKING", arg ""
DEBUG SMTP: Found extension "VRFY", arg ""
DEBUG SMTP: Found extension "TLS", arg ""
DEBUG SMTP: Found extension "STARTTLS", arg ""
DEBUG SMTP: Found extension "OK", arg ""
STARTTLS
220 2.0.0 SMTP server ready
EHLO luna11.fzu.cz
250-BLU436-SMTP231.smtp.hotmail.com Hello [147.231.11.11]
250-TURN
250-SIZE 41943040
250-ETRN
250-PIPELINING
250-DSN
250-ENHANCEDSTATUSCODES
250-8bitmime
250-BINARYMIME
250-CHUNKING
250-VRFY
250-AUTH LOGIN PLAIN XOAUTH2
250 OK
DEBUG SMTP: Found extension "TURN", arg ""
DEBUG SMTP: Found extension "SIZE", arg "41943040"
DEBUG SMTP: Found extension "ETRN", arg ""
DEBUG SMTP: Found extension "PIPELINING", arg ""
DEBUG SMTP: Found extension "DSN", arg ""
DEBUG SMTP: Found extension "ENHANCEDSTATUSCODES", arg ""
DEBUG SMTP: Found extension "8bitmime", arg ""
DEBUG SMTP: Found extension "BINARYMIME", arg ""
DEBUG SMTP: Found extension "CHUNKING", arg ""
DEBUG SMTP: Found extension "VRFY", arg ""
DEBUG SMTP: Found extension "AUTH", arg "LOGIN PLAIN XOAUTH2"
DEBUG SMTP: Found extension "OK", arg ""
DEBUG SMTP: Attempt to authenticate using mechanisms: LOGIN PLAIN DIGEST-MD5 NTLM 
DEBUG SMTP: AUTH LOGIN command trace suppressed
DEBUG SMTP: AUTH LOGIN succeeded
DEBUG SMTP: use8bit false
MAIL FROM:<matej.lochman@hotmail.com>
250 2.1.0 matej.lochman@hotmail.com....Sender OK
RCPT TO:<matej.lochman@gmail.com>
250 2.1.5 matej.lochman@gmail.com 
DEBUG SMTP: Verified Addresses
DEBUG SMTP:   matej.lochman@gmail.com
DATA
354 Start mail input; end with <CRLF>.<CRLF>
Date: Wed, 1 Apr 2015 17:01:53 +0200 (CEST)
From: matej.lochman@hotmail.com
To: matej.lochman@gmail.com
Message-ID: <227446399.3.1427900513451.JavaMail.lachtan@luna11.fzu.cz>
Subject: Test Wed Apr 01 16:41:20 CEST 2015 euclidean
MIME-Version: 1.0
Content-Type: multipart/mixed; 
	boundary="----=_Part_2_369661310.1427900513449"

------=_Part_2_369661310.1427900513449
Content-Type: text/plain; charset=us-ascii
Content-Transfer-Encoding: 7bit

Test Wed Apr 01 16:41:20 CEST 2015 euclidean
------=_Part_2_369661310.1427900513449
Content-Type: text/plain; charset=us-ascii; name="logs/euclidean.txt"
Content-Transfer-Encoding: 7bit
Content-Disposition: attachment; filename="logs/euclidean.txt"

Threshold: 0.9	Score: 0.0		Time: 00h 10m 13s
Threshold: 0.8	Score: 4.141902121893241E-5		Time: 00h 10m 14s

------=_Part_2_369661310.1427900513449--
.
250 2.6.0  <227446399.3.1427900513451.JavaMail.lachtan@luna11.fzu.cz> Queued mail for delivery
QUIT
221 2.0.0 BLU436-SMTP231.smtp.hotmail.com Service closing transmission channel
Email sent!
[main] INFO org.apache.mahout.cf.taste.impl.eval.AbstractDifferenceRecommenderEvaluator - Beginning evaluation using 0.8 of FileDataModel[dataFile:/tmp/tempfile3944236199922221379.tmp]
[main] INFO org.apache.mahout.cf.taste.impl.model.GenericDataModel - Processed 10000 users
[main] INFO org.apache.mahout.cf.taste.impl.model.GenericDataModel - Processed 10734 users
[main] INFO org.apache.mahout.cf.taste.impl.eval.AbstractDifferenceRecommenderEvaluator - Beginning evaluation of 10724 users
[main] INFO org.apache.mahout.cf.taste.impl.eval.AbstractDifferenceRecommenderEvaluator - Starting timing of 10724 tasks in 32 threads
[pool-3-thread-1] INFO org.apache.mahout.cf.taste.impl.eval.StatsCallable - Average time per recommendation: 9487ms
[pool-3-thread-1] INFO org.apache.mahout.cf.taste.impl.eval.StatsCallable - Approximate memory used: 472MB / 4286MB
[pool-3-thread-1] INFO org.apache.mahout.cf.taste.impl.eval.StatsCallable - Unable to recommend in 26097 cases
[pool-3-thread-24] INFO org.apache.mahout.cf.taste.impl.eval.StatsCallable - Average time per recommendation: 9562ms
[pool-3-thread-24] INFO org.apache.mahout.cf.taste.impl.eval.StatsCallable - Approximate memory used: 616MB / 4294MB
[pool-3-thread-24] INFO org.apache.mahout.cf.taste.impl.eval.StatsCallable - Unable to recommend in 104883 cases
[pool-3-thread-19] INFO org.apache.mahout.cf.taste.impl.eval.StatsCallable - Average time per recommendation: 7186ms
[pool-3-thread-19] INFO org.apache.mahout.cf.taste.impl.eval.StatsCallable - Approximate memory used: 636MB / 4294MB
[pool-3-thread-19] INFO org.apache.mahout.cf.taste.impl.eval.StatsCallable - Unable to recommend in 156610 cases
[pool-3-thread-30] INFO org.apache.mahout.cf.taste.impl.eval.StatsCallable - Average time per recommendation: 5322ms
[pool-3-thread-30] INFO org.apache.mahout.cf.taste.impl.eval.StatsCallable - Approximate memory used: 405MB / 4294MB
[pool-3-thread-30] INFO org.apache.mahout.cf.taste.impl.eval.StatsCallable - Unable to recommend in 184174 cases
[pool-3-thread-18] INFO org.apache.mahout.cf.taste.impl.eval.StatsCallable - Average time per recommendation: 4343ms
[pool-3-thread-18] INFO org.apache.mahout.cf.taste.impl.eval.StatsCallable - Approximate memory used: 542MB / 4294MB
[pool-3-thread-18] INFO org.apache.mahout.cf.taste.impl.eval.StatsCallable - Unable to recommend in 199958 cases
[pool-3-thread-24] INFO org.apache.mahout.cf.taste.impl.eval.StatsCallable - Average time per recommendation: 3617ms
[pool-3-thread-24] INFO org.apache.mahout.cf.taste.impl.eval.StatsCallable - Approximate memory used: 573MB / 4294MB
[pool-3-thread-24] INFO org.apache.mahout.cf.taste.impl.eval.StatsCallable - Unable to recommend in 212160 cases
[pool-3-thread-1] INFO org.apache.mahout.cf.taste.impl.eval.StatsCallable - Average time per recommendation: 3117ms
[pool-3-thread-1] INFO org.apache.mahout.cf.taste.impl.eval.StatsCallable - Approximate memory used: 595MB / 4294MB
[pool-3-thread-1] INFO org.apache.mahout.cf.taste.impl.eval.StatsCallable - Unable to recommend in 220098 cases
[pool-3-thread-23] INFO org.apache.mahout.cf.taste.impl.eval.StatsCallable - Average time per recommendation: 2718ms
[pool-3-thread-23] INFO org.apache.mahout.cf.taste.impl.eval.StatsCallable - Approximate memory used: 389MB / 4294MB
[pool-3-thread-23] INFO org.apache.mahout.cf.taste.impl.eval.StatsCallable - Unable to recommend in 225243 cases
[pool-3-thread-12] INFO org.apache.mahout.cf.taste.impl.eval.StatsCallable - Average time per recommendation: 2411ms
[pool-3-thread-12] INFO org.apache.mahout.cf.taste.impl.eval.StatsCallable - Approximate memory used: 513MB / 4294MB
[pool-3-thread-12] INFO org.apache.mahout.cf.taste.impl.eval.StatsCallable - Unable to recommend in 229177 cases
[pool-3-thread-20] INFO org.apache.mahout.cf.taste.impl.eval.StatsCallable - Average time per recommendation: 2163ms
[pool-3-thread-20] INFO org.apache.mahout.cf.taste.impl.eval.StatsCallable - Approximate memory used: 627MB / 4294MB
[pool-3-thread-20] INFO org.apache.mahout.cf.taste.impl.eval.StatsCallable - Unable to recommend in 231322 cases
[pool-3-thread-7] INFO org.apache.mahout.cf.taste.impl.eval.StatsCallable - Average time per recommendation: 1957ms
[pool-3-thread-7] INFO org.apache.mahout.cf.taste.impl.eval.StatsCallable - Approximate memory used: 308MB / 4294MB
[pool-3-thread-7] INFO org.apache.mahout.cf.taste.impl.eval.StatsCallable - Unable to recommend in 233128 cases
[main] INFO org.apache.mahout.cf.taste.impl.eval.AbstractDifferenceRecommenderEvaluator - Evaluation result: 0.019900292436539235
0.019900292436539235 00h 10m 14s
DEBUG: getProvider() returning javax.mail.Provider[TRANSPORT,smtp,com.sun.mail.smtp.SMTPTransport,Oracle]
DEBUG SMTP: useEhlo true, useAuth true
DEBUG SMTP: useEhlo true, useAuth true
DEBUG SMTP: trying to connect to host "smtp.live.com", port 587, isSSL false
220 BLU436-SMTP231.smtp.hotmail.com Microsoft ESMTP MAIL Service, Version: 8.0.9200.16384 ready at  Wed, 1 Apr 2015 08:12:11 -0700 
DEBUG SMTP: connected to host "smtp.live.com", port: 587

EHLO luna11.fzu.cz
250-BLU436-SMTP231.smtp.hotmail.com Hello [147.231.11.11]
250-TURN
250-SIZE 41943040
250-ETRN
250-PIPELINING
250-DSN
250-ENHANCEDSTATUSCODES
250-8bitmime
250-BINARYMIME
250-CHUNKING
250-VRFY
250-TLS
250-STARTTLS
250 OK
DEBUG SMTP: Found extension "TURN", arg ""
DEBUG SMTP: Found extension "SIZE", arg "41943040"
DEBUG SMTP: Found extension "ETRN", arg ""
DEBUG SMTP: Found extension "PIPELINING", arg ""
DEBUG SMTP: Found extension "DSN", arg ""
DEBUG SMTP: Found extension "ENHANCEDSTATUSCODES", arg ""
DEBUG SMTP: Found extension "8bitmime", arg ""
DEBUG SMTP: Found extension "BINARYMIME", arg ""
DEBUG SMTP: Found extension "CHUNKING", arg ""
DEBUG SMTP: Found extension "VRFY", arg ""
DEBUG SMTP: Found extension "TLS", arg ""
DEBUG SMTP: Found extension "STARTTLS", arg ""
DEBUG SMTP: Found extension "OK", arg ""
STARTTLS
220 2.0.0 SMTP server ready
EHLO luna11.fzu.cz
250-BLU436-SMTP231.smtp.hotmail.com Hello [147.231.11.11]
250-TURN
250-SIZE 41943040
250-ETRN
250-PIPELINING
250-DSN
250-ENHANCEDSTATUSCODES
250-8bitmime
250-BINARYMIME
250-CHUNKING
250-VRFY
250-AUTH LOGIN PLAIN XOAUTH2
250 OK
DEBUG SMTP: Found extension "TURN", arg ""
DEBUG SMTP: Found extension "SIZE", arg "41943040"
DEBUG SMTP: Found extension "ETRN", arg ""
DEBUG SMTP: Found extension "PIPELINING", arg ""
DEBUG SMTP: Found extension "DSN", arg ""
DEBUG SMTP: Found extension "ENHANCEDSTATUSCODES", arg ""
DEBUG SMTP: Found extension "8bitmime", arg ""
DEBUG SMTP: Found extension "BINARYMIME", arg ""
DEBUG SMTP: Found extension "CHUNKING", arg ""
DEBUG SMTP: Found extension "VRFY", arg ""
DEBUG SMTP: Found extension "AUTH", arg "LOGIN PLAIN XOAUTH2"
DEBUG SMTP: Found extension "OK", arg ""
DEBUG SMTP: Attempt to authenticate using mechanisms: LOGIN PLAIN DIGEST-MD5 NTLM 
DEBUG SMTP: AUTH LOGIN command trace suppressed
DEBUG SMTP: AUTH LOGIN succeeded
DEBUG SMTP: use8bit false
MAIL FROM:<matej.lochman@hotmail.com>
250 2.1.0 matej.lochman@hotmail.com....Sender OK
RCPT TO:<matej.lochman@gmail.com>
250 2.1.5 matej.lochman@gmail.com 
DEBUG SMTP: Verified Addresses
DEBUG SMTP:   matej.lochman@gmail.com
DATA
354 Start mail input; end with <CRLF>.<CRLF>
Date: Wed, 1 Apr 2015 17:12:11 +0200 (CEST)
From: matej.lochman@hotmail.com
To: matej.lochman@gmail.com
Message-ID: <445735023.5.1427901131516.JavaMail.lachtan@luna11.fzu.cz>
Subject: Test Wed Apr 01 16:41:20 CEST 2015 euclidean
MIME-Version: 1.0
Content-Type: multipart/mixed; 
	boundary="----=_Part_4_1214766036.1427901131515"

------=_Part_4_1214766036.1427901131515
Content-Type: text/plain; charset=us-ascii
Content-Transfer-Encoding: 7bit

Test Wed Apr 01 16:41:20 CEST 2015 euclidean
------=_Part_4_1214766036.1427901131515
Content-Type: text/plain; charset=us-ascii; name="logs/euclidean.txt"
Content-Transfer-Encoding: 7bit
Content-Disposition: attachment; filename="logs/euclidean.txt"

Threshold: 0.9	Score: 0.0		Time: 00h 10m 13s
Threshold: 0.8	Score: 4.141902121893241E-5		Time: 00h 10m 14s
Threshold: 0.7	Score: 0.019900292436539235		Time: 00h 10m 14s

------=_Part_4_1214766036.1427901131515--
.
250 2.6.0  <445735023.5.1427901131516.JavaMail.lachtan@luna11.fzu.cz> Queued mail for delivery
QUIT
221 2.0.0 BLU436-SMTP231.smtp.hotmail.com Service closing transmission channel
Email sent!
[main] INFO org.apache.mahout.cf.taste.impl.eval.AbstractDifferenceRecommenderEvaluator - Beginning evaluation using 0.8 of FileDataModel[dataFile:/tmp/tempfile3944236199922221379.tmp]
[main] INFO org.apache.mahout.cf.taste.impl.model.GenericDataModel - Processed 10000 users
[main] INFO org.apache.mahout.cf.taste.impl.model.GenericDataModel - Processed 10734 users
[main] INFO org.apache.mahout.cf.taste.impl.eval.AbstractDifferenceRecommenderEvaluator - Beginning evaluation of 10724 users
[main] INFO org.apache.mahout.cf.taste.impl.eval.AbstractDifferenceRecommenderEvaluator - Starting timing of 10724 tasks in 32 threads
[pool-4-thread-1] INFO org.apache.mahout.cf.taste.impl.eval.StatsCallable - Average time per recommendation: 9590ms
[pool-4-thread-1] INFO org.apache.mahout.cf.taste.impl.eval.StatsCallable - Approximate memory used: 659MB / 4288MB
[pool-4-thread-1] INFO org.apache.mahout.cf.taste.impl.eval.StatsCallable - Unable to recommend in 20820 cases
[pool-4-thread-6] INFO org.apache.mahout.cf.taste.impl.eval.StatsCallable - Average time per recommendation: 9581ms
[pool-4-thread-6] INFO org.apache.mahout.cf.taste.impl.eval.StatsCallable - Approximate memory used: 579MB / 4294MB
[pool-4-thread-6] INFO org.apache.mahout.cf.taste.impl.eval.StatsCallable - Unable to recommend in 85858 cases
[pool-4-thread-22] INFO org.apache.mahout.cf.taste.impl.eval.StatsCallable - Average time per recommendation: 7207ms
[pool-4-thread-22] INFO org.apache.mahout.cf.taste.impl.eval.StatsCallable - Approximate memory used: 392MB / 4294MB
[pool-4-thread-22] INFO org.apache.mahout.cf.taste.impl.eval.StatsCallable - Unable to recommend in 122500 cases
[pool-4-thread-22] INFO org.apache.mahout.cf.taste.impl.eval.StatsCallable - Average time per recommendation: 5333ms
[pool-4-thread-22] INFO org.apache.mahout.cf.taste.impl.eval.StatsCallable - Approximate memory used: 495MB / 4294MB
[pool-4-thread-22] INFO org.apache.mahout.cf.taste.impl.eval.StatsCallable - Unable to recommend in 140950 cases
[pool-4-thread-15] INFO org.apache.mahout.cf.taste.impl.eval.StatsCallable - Average time per recommendation: 4354ms
[pool-4-thread-15] INFO org.apache.mahout.cf.taste.impl.eval.StatsCallable - Approximate memory used: 359MB / 4294MB
[pool-4-thread-15] INFO org.apache.mahout.cf.taste.impl.eval.StatsCallable - Unable to recommend in 150854 cases
[pool-4-thread-21] INFO org.apache.mahout.cf.taste.impl.eval.StatsCallable - Average time per recommendation: 3627ms
[pool-4-thread-21] INFO org.apache.mahout.cf.taste.impl.eval.StatsCallable - Approximate memory used: 456MB / 4294MB
[pool-4-thread-21] INFO org.apache.mahout.cf.taste.impl.eval.StatsCallable - Unable to recommend in 158683 cases
[pool-4-thread-16] INFO org.apache.mahout.cf.taste.impl.eval.StatsCallable - Average time per recommendation: 3126ms
[pool-4-thread-16] INFO org.apache.mahout.cf.taste.impl.eval.StatsCallable - Approximate memory used: 430MB / 4294MB
[pool-4-thread-16] INFO org.apache.mahout.cf.taste.impl.eval.StatsCallable - Unable to recommend in 163678 cases
[pool-4-thread-18] INFO org.apache.mahout.cf.taste.impl.eval.StatsCallable - Average time per recommendation: 2728ms
[pool-4-thread-18] INFO org.apache.mahout.cf.taste.impl.eval.StatsCallable - Approximate memory used: 504MB / 4294MB
[pool-4-thread-18] INFO org.apache.mahout.cf.taste.impl.eval.StatsCallable - Unable to recommend in 166890 cases
[pool-4-thread-25] INFO org.apache.mahout.cf.taste.impl.eval.StatsCallable - Average time per recommendation: 2419ms
[pool-4-thread-25] INFO org.apache.mahout.cf.taste.impl.eval.StatsCallable - Approximate memory used: 404MB / 4294MB
[pool-4-thread-25] INFO org.apache.mahout.cf.taste.impl.eval.StatsCallable - Unable to recommend in 169619 cases
[pool-4-thread-1] INFO org.apache.mahout.cf.taste.impl.eval.StatsCallable - Average time per recommendation: 2171ms
[pool-4-thread-1] INFO org.apache.mahout.cf.taste.impl.eval.StatsCallable - Approximate memory used: 690MB / 4294MB
[pool-4-thread-1] INFO org.apache.mahout.cf.taste.impl.eval.StatsCallable - Unable to recommend in 171054 cases
[pool-4-thread-12] INFO org.apache.mahout.cf.taste.impl.eval.StatsCallable - Average time per recommendation: 1964ms
[pool-4-thread-12] INFO org.apache.mahout.cf.taste.impl.eval.StatsCallable - Approximate memory used: 498MB / 4294MB
[pool-4-thread-12] INFO org.apache.mahout.cf.taste.impl.eval.StatsCallable - Unable to recommend in 172357 cases
[main] INFO org.apache.mahout.cf.taste.impl.eval.AbstractDifferenceRecommenderEvaluator - Evaluation result: 0.18120035007710428
0.18120035007710428 00h 10m 16s
DEBUG: getProvider() returning javax.mail.Provider[TRANSPORT,smtp,com.sun.mail.smtp.SMTPTransport,Oracle]
DEBUG SMTP: useEhlo true, useAuth true
DEBUG SMTP: useEhlo true, useAuth true
DEBUG SMTP: trying to connect to host "smtp.live.com", port 587, isSSL false
220 BLU437-SMTP93.smtp.hotmail.com Microsoft ESMTP MAIL Service, Version: 8.0.9200.16384 ready at  Wed, 1 Apr 2015 08:22:31 -0700 
DEBUG SMTP: connected to host "smtp.live.com", port: 587

EHLO luna11.fzu.cz
250-BLU437-SMTP93.smtp.hotmail.com Hello [147.231.11.11]
250-TURN
250-SIZE 41943040
250-ETRN
250-PIPELINING
250-DSN
250-ENHANCEDSTATUSCODES
250-8bitmime
250-BINARYMIME
250-CHUNKING
250-VRFY
250-TLS
250-STARTTLS
250 OK
DEBUG SMTP: Found extension "TURN", arg ""
DEBUG SMTP: Found extension "SIZE", arg "41943040"
DEBUG SMTP: Found extension "ETRN", arg ""
DEBUG SMTP: Found extension "PIPELINING", arg ""
DEBUG SMTP: Found extension "DSN", arg ""
DEBUG SMTP: Found extension "ENHANCEDSTATUSCODES", arg ""
DEBUG SMTP: Found extension "8bitmime", arg ""
DEBUG SMTP: Found extension "BINARYMIME", arg ""
DEBUG SMTP: Found extension "CHUNKING", arg ""
DEBUG SMTP: Found extension "VRFY", arg ""
DEBUG SMTP: Found extension "TLS", arg ""
DEBUG SMTP: Found extension "STARTTLS", arg ""
DEBUG SMTP: Found extension "OK", arg ""
STARTTLS
220 2.0.0 SMTP server ready
EHLO luna11.fzu.cz
250-BLU437-SMTP93.smtp.hotmail.com Hello [147.231.11.11]
250-TURN
250-SIZE 41943040
250-ETRN
250-PIPELINING
250-DSN
250-ENHANCEDSTATUSCODES
250-8bitmime
250-BINARYMIME
250-CHUNKING
250-VRFY
250-AUTH LOGIN PLAIN XOAUTH2
250 OK
DEBUG SMTP: Found extension "TURN", arg ""
DEBUG SMTP: Found extension "SIZE", arg "41943040"
DEBUG SMTP: Found extension "ETRN", arg ""
DEBUG SMTP: Found extension "PIPELINING", arg ""
DEBUG SMTP: Found extension "DSN", arg ""
DEBUG SMTP: Found extension "ENHANCEDSTATUSCODES", arg ""
DEBUG SMTP: Found extension "8bitmime", arg ""
DEBUG SMTP: Found extension "BINARYMIME", arg ""
DEBUG SMTP: Found extension "CHUNKING", arg ""
DEBUG SMTP: Found extension "VRFY", arg ""
DEBUG SMTP: Found extension "AUTH", arg "LOGIN PLAIN XOAUTH2"
DEBUG SMTP: Found extension "OK", arg ""
DEBUG SMTP: Attempt to authenticate using mechanisms: LOGIN PLAIN DIGEST-MD5 NTLM 
DEBUG SMTP: AUTH LOGIN command trace suppressed
DEBUG SMTP: AUTH LOGIN succeeded
DEBUG SMTP: use8bit false
MAIL FROM:<matej.lochman@hotmail.com>
250 2.1.0 matej.lochman@hotmail.com....Sender OK
RCPT TO:<matej.lochman@gmail.com>
250 2.1.5 matej.lochman@gmail.com 
DEBUG SMTP: Verified Addresses
DEBUG SMTP:   matej.lochman@gmail.com
DATA
354 Start mail input; end with <CRLF>.<CRLF>
Date: Wed, 1 Apr 2015 17:22:31 +0200 (CEST)
From: matej.lochman@hotmail.com
To: matej.lochman@gmail.com
Message-ID: <693864953.7.1427901751765.JavaMail.lachtan@luna11.fzu.cz>
Subject: Test Wed Apr 01 16:41:20 CEST 2015 euclidean
MIME-Version: 1.0
Content-Type: multipart/mixed; 
	boundary="----=_Part_6_989516703.1427901751763"

------=_Part_6_989516703.1427901751763
Content-Type: text/plain; charset=us-ascii
Content-Transfer-Encoding: 7bit

Test Wed Apr 01 16:41:20 CEST 2015 euclidean
------=_Part_6_989516703.1427901751763
Content-Type: text/plain; charset=us-ascii; name="logs/euclidean.txt"
Content-Transfer-Encoding: 7bit
Content-Disposition: attachment; filename="logs/euclidean.txt"

Threshold: 0.9	Score: 0.0		Time: 00h 10m 13s
Threshold: 0.8	Score: 4.141902121893241E-5		Time: 00h 10m 14s
Threshold: 0.7	Score: 0.019900292436539235		Time: 00h 10m 14s
Threshold: 0.6	Score: 0.18120035007710428		Time: 00h 10m 16s

------=_Part_6_989516703.1427901751763--
.
250 2.6.0  <693864953.7.1427901751765.JavaMail.lachtan@luna11.fzu.cz> Queued mail for delivery
QUIT
221 2.0.0 BLU437-SMTP93.smtp.hotmail.com Service closing transmission channel
Email sent!
[main] INFO org.apache.mahout.cf.taste.impl.eval.AbstractDifferenceRecommenderEvaluator - Beginning evaluation using 0.8 of FileDataModel[dataFile:/tmp/tempfile3944236199922221379.tmp]
[main] INFO org.apache.mahout.cf.taste.impl.model.GenericDataModel - Processed 10000 users
[main] INFO org.apache.mahout.cf.taste.impl.model.GenericDataModel - Processed 10734 users
[main] INFO org.apache.mahout.cf.taste.impl.eval.AbstractDifferenceRecommenderEvaluator - Beginning evaluation of 10724 users
[main] INFO org.apache.mahout.cf.taste.impl.eval.AbstractDifferenceRecommenderEvaluator - Starting timing of 10724 tasks in 32 threads
[pool-5-thread-1] INFO org.apache.mahout.cf.taste.impl.eval.StatsCallable - Average time per recommendation: 9973ms
[pool-5-thread-1] INFO org.apache.mahout.cf.taste.impl.eval.StatsCallable - Approximate memory used: 616MB / 4292MB
[pool-5-thread-1] INFO org.apache.mahout.cf.taste.impl.eval.StatsCallable - Unable to recommend in 1836 cases
[pool-5-thread-31] INFO org.apache.mahout.cf.taste.impl.eval.StatsCallable - Average time per recommendation: 10145ms
[pool-5-thread-31] INFO org.apache.mahout.cf.taste.impl.eval.StatsCallable - Approximate memory used: 618MB / 4292MB
[pool-5-thread-31] INFO org.apache.mahout.cf.taste.impl.eval.StatsCallable - Unable to recommend in 9438 cases
[pool-5-thread-1] INFO org.apache.mahout.cf.taste.impl.eval.StatsCallable - Average time per recommendation: 7649ms
[pool-5-thread-1] INFO org.apache.mahout.cf.taste.impl.eval.StatsCallable - Approximate memory used: 768MB / 4292MB
[pool-5-thread-1] INFO org.apache.mahout.cf.taste.impl.eval.StatsCallable - Unable to recommend in 12573 cases
[pool-5-thread-11] INFO org.apache.mahout.cf.taste.impl.eval.StatsCallable - Average time per recommendation: 5679ms
[pool-5-thread-11] INFO org.apache.mahout.cf.taste.impl.eval.StatsCallable - Approximate memory used: 478MB / 4293MB
[pool-5-thread-11] INFO org.apache.mahout.cf.taste.impl.eval.StatsCallable - Unable to recommend in 14504 cases
[pool-5-thread-23] INFO org.apache.mahout.cf.taste.impl.eval.StatsCallable - Average time per recommendation: 4649ms
[pool-5-thread-23] INFO org.apache.mahout.cf.taste.impl.eval.StatsCallable - Approximate memory used: 694MB / 4292MB
[pool-5-thread-23] INFO org.apache.mahout.cf.taste.impl.eval.StatsCallable - Unable to recommend in 15540 cases
[pool-5-thread-2] INFO org.apache.mahout.cf.taste.impl.eval.StatsCallable - Average time per recommendation: 3885ms
[pool-5-thread-2] INFO org.apache.mahout.cf.taste.impl.eval.StatsCallable - Approximate memory used: 621MB / 4292MB
[pool-5-thread-2] INFO org.apache.mahout.cf.taste.impl.eval.StatsCallable - Unable to recommend in 16498 cases
[pool-5-thread-1] INFO org.apache.mahout.cf.taste.impl.eval.StatsCallable - Average time per recommendation: 3351ms
[pool-5-thread-1] INFO org.apache.mahout.cf.taste.impl.eval.StatsCallable - Approximate memory used: 620MB / 4293MB
[pool-5-thread-1] INFO org.apache.mahout.cf.taste.impl.eval.StatsCallable - Unable to recommend in 17186 cases
[pool-5-thread-11] INFO org.apache.mahout.cf.taste.impl.eval.StatsCallable - Average time per recommendation: 2927ms
[pool-5-thread-11] INFO org.apache.mahout.cf.taste.impl.eval.StatsCallable - Approximate memory used: 675MB / 4293MB
[pool-5-thread-11] INFO org.apache.mahout.cf.taste.impl.eval.StatsCallable - Unable to recommend in 17710 cases
[pool-5-thread-12] INFO org.apache.mahout.cf.taste.impl.eval.StatsCallable - Average time per recommendation: 2598ms
[pool-5-thread-12] INFO org.apache.mahout.cf.taste.impl.eval.StatsCallable - Approximate memory used: 666MB / 4293MB
[pool-5-thread-12] INFO org.apache.mahout.cf.taste.impl.eval.StatsCallable - Unable to recommend in 18312 cases
[pool-5-thread-20] INFO org.apache.mahout.cf.taste.impl.eval.StatsCallable - Average time per recommendation: 2332ms
[pool-5-thread-20] INFO org.apache.mahout.cf.taste.impl.eval.StatsCallable - Approximate memory used: 830MB / 4293MB
[pool-5-thread-20] INFO org.apache.mahout.cf.taste.impl.eval.StatsCallable - Unable to recommend in 18594 cases
[pool-5-thread-21] INFO org.apache.mahout.cf.taste.impl.eval.StatsCallable - Average time per recommendation: 2112ms
[pool-5-thread-21] INFO org.apache.mahout.cf.taste.impl.eval.StatsCallable - Approximate memory used: 805MB / 4293MB
[pool-5-thread-21] INFO org.apache.mahout.cf.taste.impl.eval.StatsCallable - Unable to recommend in 18897 cases
[main] INFO org.apache.mahout.cf.taste.impl.eval.AbstractDifferenceRecommenderEvaluator - Evaluation result: 0.6601236830363331
0.6601236830363331 00h 11m 03s
DEBUG: getProvider() returning javax.mail.Provider[TRANSPORT,smtp,com.sun.mail.smtp.SMTPTransport,Oracle]
DEBUG SMTP: useEhlo true, useAuth true
DEBUG SMTP: useEhlo true, useAuth true
DEBUG SMTP: trying to connect to host "smtp.live.com", port 587, isSSL false
220 BLU436-SMTP150.smtp.hotmail.com Microsoft ESMTP MAIL Service, Version: 8.0.9200.16384 ready at  Wed, 1 Apr 2015 08:33:38 -0700 
DEBUG SMTP: connected to host "smtp.live.com", port: 587

EHLO luna11.fzu.cz
250-BLU436-SMTP150.smtp.hotmail.com Hello [147.231.11.11]
250-TURN
250-SIZE 41943040
250-ETRN
250-PIPELINING
250-DSN
250-ENHANCEDSTATUSCODES
250-8bitmime
250-BINARYMIME
250-CHUNKING
250-VRFY
250-TLS
250-STARTTLS
250 OK
DEBUG SMTP: Found extension "TURN", arg ""
DEBUG SMTP: Found extension "SIZE", arg "41943040"
DEBUG SMTP: Found extension "ETRN", arg ""
DEBUG SMTP: Found extension "PIPELINING", arg ""
DEBUG SMTP: Found extension "DSN", arg ""
DEBUG SMTP: Found extension "ENHANCEDSTATUSCODES", arg ""
DEBUG SMTP: Found extension "8bitmime", arg ""
DEBUG SMTP: Found extension "BINARYMIME", arg ""
DEBUG SMTP: Found extension "CHUNKING", arg ""
DEBUG SMTP: Found extension "VRFY", arg ""
DEBUG SMTP: Found extension "TLS", arg ""
DEBUG SMTP: Found extension "STARTTLS", arg ""
DEBUG SMTP: Found extension "OK", arg ""
STARTTLS
220 2.0.0 SMTP server ready
EHLO luna11.fzu.cz
250-BLU436-SMTP150.smtp.hotmail.com Hello [147.231.11.11]
250-TURN
250-SIZE 41943040
250-ETRN
250-PIPELINING
250-DSN
250-ENHANCEDSTATUSCODES
250-8bitmime
250-BINARYMIME
250-CHUNKING
250-VRFY
250-AUTH LOGIN PLAIN XOAUTH2
250 OK
DEBUG SMTP: Found extension "TURN", arg ""
DEBUG SMTP: Found extension "SIZE", arg "41943040"
DEBUG SMTP: Found extension "ETRN", arg ""
DEBUG SMTP: Found extension "PIPELINING", arg ""
DEBUG SMTP: Found extension "DSN", arg ""
DEBUG SMTP: Found extension "ENHANCEDSTATUSCODES", arg ""
DEBUG SMTP: Found extension "8bitmime", arg ""
DEBUG SMTP: Found extension "BINARYMIME", arg ""
DEBUG SMTP: Found extension "CHUNKING", arg ""
DEBUG SMTP: Found extension "VRFY", arg ""
DEBUG SMTP: Found extension "AUTH", arg "LOGIN PLAIN XOAUTH2"
DEBUG SMTP: Found extension "OK", arg ""
DEBUG SMTP: Attempt to authenticate using mechanisms: LOGIN PLAIN DIGEST-MD5 NTLM 
DEBUG SMTP: AUTH LOGIN command trace suppressed
DEBUG SMTP: AUTH LOGIN succeeded
DEBUG SMTP: use8bit false
MAIL FROM:<matej.lochman@hotmail.com>
250 2.1.0 matej.lochman@hotmail.com....Sender OK
RCPT TO:<matej.lochman@gmail.com>
250 2.1.5 matej.lochman@gmail.com 
DEBUG SMTP: Verified Addresses
DEBUG SMTP:   matej.lochman@gmail.com
DATA
354 Start mail input; end with <CRLF>.<CRLF>
Date: Wed, 1 Apr 2015 17:33:38 +0200 (CEST)
From: matej.lochman@hotmail.com
To: matej.lochman@gmail.com
Message-ID: <1004027984.9.1427902418828.JavaMail.lachtan@luna11.fzu.cz>
Subject: Test Wed Apr 01 16:41:20 CEST 2015 euclidean
MIME-Version: 1.0
Content-Type: multipart/mixed; 
	boundary="----=_Part_8_1088431590.1427902418827"

------=_Part_8_1088431590.1427902418827
Content-Type: text/plain; charset=us-ascii
Content-Transfer-Encoding: 7bit

Test Wed Apr 01 16:41:20 CEST 2015 euclidean
------=_Part_8_1088431590.1427902418827
Content-Type: text/plain; charset=us-ascii; name="logs/euclidean.txt"
Content-Transfer-Encoding: 7bit
Content-Disposition: attachment; filename="logs/euclidean.txt"

Threshold: 0.9	Score: 0.0		Time: 00h 10m 13s
Threshold: 0.8	Score: 4.141902121893241E-5		Time: 00h 10m 14s
Threshold: 0.7	Score: 0.019900292436539235		Time: 00h 10m 14s
Threshold: 0.6	Score: 0.18120035007710428		Time: 00h 10m 16s
Threshold: 0.4	Score: 0.6601236830363331		Time: 00h 11m 03s

------=_Part_8_1088431590.1427902418827--
.
250 2.6.0  <1004027984.9.1427902418828.JavaMail.lachtan@luna11.fzu.cz> Queued mail for delivery
QUIT
221 2.0.0 BLU436-SMTP150.smtp.hotmail.com Service closing transmission channel
Email sent!
[main] INFO org.apache.mahout.cf.taste.impl.eval.AbstractDifferenceRecommenderEvaluator - Beginning evaluation using 0.8 of FileDataModel[dataFile:/tmp/tempfile3944236199922221379.tmp]
[main] INFO org.apache.mahout.cf.taste.impl.model.GenericDataModel - Processed 10000 users
[main] INFO org.apache.mahout.cf.taste.impl.model.GenericDataModel - Processed 10734 users
[main] INFO org.apache.mahout.cf.taste.impl.eval.AbstractDifferenceRecommenderEvaluator - Beginning evaluation of 10724 users
[main] INFO org.apache.mahout.cf.taste.impl.eval.AbstractDifferenceRecommenderEvaluator - Starting timing of 10724 tasks in 32 threads
[pool-6-thread-1] INFO org.apache.mahout.cf.taste.impl.eval.StatsCallable - Average time per recommendation: 10135ms
[pool-6-thread-1] INFO org.apache.mahout.cf.taste.impl.eval.StatsCallable - Approximate memory used: 722MB / 4291MB
[pool-6-thread-1] INFO org.apache.mahout.cf.taste.impl.eval.StatsCallable - Unable to recommend in 1273 cases
[pool-6-thread-6] INFO org.apache.mahout.cf.taste.impl.eval.StatsCallable - Average time per recommendation: 10342ms
[pool-6-thread-6] INFO org.apache.mahout.cf.taste.impl.eval.StatsCallable - Approximate memory used: 477MB / 4291MB
[pool-6-thread-6] INFO org.apache.mahout.cf.taste.impl.eval.StatsCallable - Unable to recommend in 5202 cases
[pool-6-thread-4] INFO org.apache.mahout.cf.taste.impl.eval.StatsCallable - Average time per recommendation: 7829ms
[pool-6-thread-4] INFO org.apache.mahout.cf.taste.impl.eval.StatsCallable - Approximate memory used: 868MB / 4290MB
[pool-6-thread-4] INFO org.apache.mahout.cf.taste.impl.eval.StatsCallable - Unable to recommend in 7093 cases
[pool-6-thread-18] INFO org.apache.mahout.cf.taste.impl.eval.StatsCallable - Average time per recommendation: 5808ms
[pool-6-thread-18] INFO org.apache.mahout.cf.taste.impl.eval.StatsCallable - Approximate memory used: 746MB / 4292MB
[pool-6-thread-18] INFO org.apache.mahout.cf.taste.impl.eval.StatsCallable - Unable to recommend in 8060 cases
[pool-6-thread-13] INFO org.apache.mahout.cf.taste.impl.eval.StatsCallable - Average time per recommendation: 4767ms
[pool-6-thread-13] INFO org.apache.mahout.cf.taste.impl.eval.StatsCallable - Approximate memory used: 643MB / 4291MB
[pool-6-thread-13] INFO org.apache.mahout.cf.taste.impl.eval.StatsCallable - Unable to recommend in 8621 cases
[pool-6-thread-22] INFO org.apache.mahout.cf.taste.impl.eval.StatsCallable - Average time per recommendation: 3985ms
[pool-6-thread-22] INFO org.apache.mahout.cf.taste.impl.eval.StatsCallable - Approximate memory used: 806MB / 4291MB
[pool-6-thread-22] INFO org.apache.mahout.cf.taste.impl.eval.StatsCallable - Unable to recommend in 9128 cases
[pool-6-thread-12] INFO org.apache.mahout.cf.taste.impl.eval.StatsCallable - Average time per recommendation: 3442ms
[pool-6-thread-12] INFO org.apache.mahout.cf.taste.impl.eval.StatsCallable - Approximate memory used: 675MB / 4292MB
[pool-6-thread-12] INFO org.apache.mahout.cf.taste.impl.eval.StatsCallable - Unable to recommend in 9459 cases
[pool-6-thread-26] INFO org.apache.mahout.cf.taste.impl.eval.StatsCallable - Average time per recommendation: 3009ms
[pool-6-thread-26] INFO org.apache.mahout.cf.taste.impl.eval.StatsCallable - Approximate memory used: 724MB / 4292MB
[pool-6-thread-26] INFO org.apache.mahout.cf.taste.impl.eval.StatsCallable - Unable to recommend in 9720 cases
[pool-6-thread-2] INFO org.apache.mahout.cf.taste.impl.eval.StatsCallable - Average time per recommendation: 2673ms
[pool-6-thread-2] INFO org.apache.mahout.cf.taste.impl.eval.StatsCallable - Approximate memory used: 610MB / 4292MB
[pool-6-thread-2] INFO org.apache.mahout.cf.taste.impl.eval.StatsCallable - Unable to recommend in 10051 cases
[pool-6-thread-21] INFO org.apache.mahout.cf.taste.impl.eval.StatsCallable - Average time per recommendation: 2401ms
[pool-6-thread-21] INFO org.apache.mahout.cf.taste.impl.eval.StatsCallable - Approximate memory used: 752MB / 4292MB
[pool-6-thread-21] INFO org.apache.mahout.cf.taste.impl.eval.StatsCallable - Unable to recommend in 10214 cases
[pool-6-thread-9] INFO org.apache.mahout.cf.taste.impl.eval.StatsCallable - Average time per recommendation: 2175ms
[pool-6-thread-9] INFO org.apache.mahout.cf.taste.impl.eval.StatsCallable - Approximate memory used: 901MB / 4292MB
[pool-6-thread-9] INFO org.apache.mahout.cf.taste.impl.eval.StatsCallable - Unable to recommend in 10406 cases
[main] INFO org.apache.mahout.cf.taste.impl.eval.AbstractDifferenceRecommenderEvaluator - Evaluation result: 0.7789111087498558
0.7789111087498558 00h 11m 22s
DEBUG: getProvider() returning javax.mail.Provider[TRANSPORT,smtp,com.sun.mail.smtp.SMTPTransport,Oracle]
DEBUG SMTP: useEhlo true, useAuth true
DEBUG SMTP: useEhlo true, useAuth true
DEBUG SMTP: trying to connect to host "smtp.live.com", port 587, isSSL false
220 BLU436-SMTP44.smtp.hotmail.com Microsoft ESMTP MAIL Service, Version: 8.0.9200.16384 ready at  Wed, 1 Apr 2015 08:45:05 -0700 
DEBUG SMTP: connected to host "smtp.live.com", port: 587

EHLO luna11.fzu.cz
250-BLU436-SMTP44.smtp.hotmail.com Hello [147.231.11.11]
250-TURN
250-SIZE 41943040
250-ETRN
250-PIPELINING
250-DSN
250-ENHANCEDSTATUSCODES
250-8bitmime
250-BINARYMIME
250-CHUNKING
250-VRFY
250-TLS
250-STARTTLS
250 OK
DEBUG SMTP: Found extension "TURN", arg ""
DEBUG SMTP: Found extension "SIZE", arg "41943040"
DEBUG SMTP: Found extension "ETRN", arg ""
DEBUG SMTP: Found extension "PIPELINING", arg ""
DEBUG SMTP: Found extension "DSN", arg ""
DEBUG SMTP: Found extension "ENHANCEDSTATUSCODES", arg ""
DEBUG SMTP: Found extension "8bitmime", arg ""
DEBUG SMTP: Found extension "BINARYMIME", arg ""
DEBUG SMTP: Found extension "CHUNKING", arg ""
DEBUG SMTP: Found extension "VRFY", arg ""
DEBUG SMTP: Found extension "TLS", arg ""
DEBUG SMTP: Found extension "STARTTLS", arg ""
DEBUG SMTP: Found extension "OK", arg ""
STARTTLS
220 2.0.0 SMTP server ready
EHLO luna11.fzu.cz
250-BLU436-SMTP44.smtp.hotmail.com Hello [147.231.11.11]
250-TURN
250-SIZE 41943040
250-ETRN
250-PIPELINING
250-DSN
250-ENHANCEDSTATUSCODES
250-8bitmime
250-BINARYMIME
250-CHUNKING
250-VRFY
250-AUTH LOGIN PLAIN XOAUTH2
250 OK
DEBUG SMTP: Found extension "TURN", arg ""
DEBUG SMTP: Found extension "SIZE", arg "41943040"
DEBUG SMTP: Found extension "ETRN", arg ""
DEBUG SMTP: Found extension "PIPELINING", arg ""
DEBUG SMTP: Found extension "DSN", arg ""
DEBUG SMTP: Found extension "ENHANCEDSTATUSCODES", arg ""
DEBUG SMTP: Found extension "8bitmime", arg ""
DEBUG SMTP: Found extension "BINARYMIME", arg ""
DEBUG SMTP: Found extension "CHUNKING", arg ""
DEBUG SMTP: Found extension "VRFY", arg ""
DEBUG SMTP: Found extension "AUTH", arg "LOGIN PLAIN XOAUTH2"
DEBUG SMTP: Found extension "OK", arg ""
DEBUG SMTP: Attempt to authenticate using mechanisms: LOGIN PLAIN DIGEST-MD5 NTLM 
DEBUG SMTP: AUTH LOGIN command trace suppressed
DEBUG SMTP: AUTH LOGIN succeeded
DEBUG SMTP: use8bit false
MAIL FROM:<matej.lochman@hotmail.com>
250 2.1.0 matej.lochman@hotmail.com....Sender OK
RCPT TO:<matej.lochman@gmail.com>
250 2.1.5 matej.lochman@gmail.com 
DEBUG SMTP: Verified Addresses
DEBUG SMTP:   matej.lochman@gmail.com
DATA
354 Start mail input; end with <CRLF>.<CRLF>
Date: Wed, 1 Apr 2015 17:45:05 +0200 (CEST)
From: matej.lochman@hotmail.com
To: matej.lochman@gmail.com
Message-ID: <1552759821.11.1427903105235.JavaMail.lachtan@luna11.fzu.cz>
Subject: Test Wed Apr 01 16:41:20 CEST 2015 euclidean
MIME-Version: 1.0
Content-Type: multipart/mixed; 
	boundary="----=_Part_10_266116125.1427903105234"

------=_Part_10_266116125.1427903105234
Content-Type: text/plain; charset=us-ascii
Content-Transfer-Encoding: 7bit

Test Wed Apr 01 16:41:20 CEST 2015 euclidean
------=_Part_10_266116125.1427903105234
Content-Type: text/plain; charset=us-ascii; name="logs/euclidean.txt"
Content-Transfer-Encoding: 7bit
Content-Disposition: attachment; filename="logs/euclidean.txt"

Threshold: 0.9	Score: 0.0		Time: 00h 10m 13s
Threshold: 0.8	Score: 4.141902121893241E-5		Time: 00h 10m 14s
Threshold: 0.7	Score: 0.019900292436539235		Time: 00h 10m 14s
Threshold: 0.6	Score: 0.18120035007710428		Time: 00h 10m 16s
Threshold: 0.4	Score: 0.6601236830363331		Time: 00h 11m 03s
Threshold: 0.2	Score: 0.7789111087498558		Time: 00h 11m 22s

------=_Part_10_266116125.1427903105234--
.
250 2.6.0  <1552759821.11.1427903105235.JavaMail.lachtan@luna11.fzu.cz> Queued mail for delivery
QUIT
221 2.0.0 BLU436-SMTP44.smtp.hotmail.com Service closing transmission channel
Email sent!
[main] INFO org.apache.mahout.cf.taste.impl.eval.AbstractDifferenceRecommenderEvaluator - Beginning evaluation using 0.8 of FileDataModel[dataFile:/tmp/tempfile3944236199922221379.tmp]
[main] INFO org.apache.mahout.cf.taste.impl.model.GenericDataModel - Processed 10000 users
[main] INFO org.apache.mahout.cf.taste.impl.model.GenericDataModel - Processed 10734 users
[main] INFO org.apache.mahout.cf.taste.impl.eval.AbstractDifferenceRecommenderEvaluator - Beginning evaluation of 10724 users
[main] INFO org.apache.mahout.cf.taste.impl.eval.AbstractDifferenceRecommenderEvaluator - Starting timing of 10724 tasks in 32 threads
[pool-7-thread-1] INFO org.apache.mahout.cf.taste.impl.eval.StatsCallable - Average time per recommendation: 10145ms
[pool-7-thread-1] INFO org.apache.mahout.cf.taste.impl.eval.StatsCallable - Approximate memory used: 827MB / 4291MB
[pool-7-thread-1] INFO org.apache.mahout.cf.taste.impl.eval.StatsCallable - Unable to recommend in 1287 cases
[pool-7-thread-5] INFO org.apache.mahout.cf.taste.impl.eval.StatsCallable - Average time per recommendation: 10352ms
[pool-7-thread-5] INFO org.apache.mahout.cf.taste.impl.eval.StatsCallable - Approximate memory used: 665MB / 4291MB
[pool-7-thread-5] INFO org.apache.mahout.cf.taste.impl.eval.StatsCallable - Unable to recommend in 5198 cases
[pool-7-thread-30] INFO org.apache.mahout.cf.taste.impl.eval.StatsCallable - Average time per recommendation: 7832ms
[pool-7-thread-30] INFO org.apache.mahout.cf.taste.impl.eval.StatsCallable - Approximate memory used: 646MB / 4292MB
[pool-7-thread-30] INFO org.apache.mahout.cf.taste.impl.eval.StatsCallable - Unable to recommend in 7091 cases
[pool-7-thread-29] INFO org.apache.mahout.cf.taste.impl.eval.StatsCallable - Average time per recommendation: 5827ms
[pool-7-thread-29] INFO org.apache.mahout.cf.taste.impl.eval.StatsCallable - Approximate memory used: 961MB / 4292MB
[pool-7-thread-29] INFO org.apache.mahout.cf.taste.impl.eval.StatsCallable - Unable to recommend in 8054 cases
[pool-7-thread-17] INFO org.apache.mahout.cf.taste.impl.eval.StatsCallable - Average time per recommendation: 4776ms
[pool-7-thread-17] INFO org.apache.mahout.cf.taste.impl.eval.StatsCallable - Approximate memory used: 984MB / 4292MB
[pool-7-thread-17] INFO org.apache.mahout.cf.taste.impl.eval.StatsCallable - Unable to recommend in 8618 cases
[pool-7-thread-22] INFO org.apache.mahout.cf.taste.impl.eval.StatsCallable - Average time per recommendation: 3994ms
[pool-7-thread-22] INFO org.apache.mahout.cf.taste.impl.eval.StatsCallable - Approximate memory used: 758MB / 4292MB
[pool-7-thread-22] INFO org.apache.mahout.cf.taste.impl.eval.StatsCallable - Unable to recommend in 9122 cases
[pool-7-thread-32] INFO org.apache.mahout.cf.taste.impl.eval.StatsCallable - Average time per recommendation: 3449ms
[pool-7-thread-32] INFO org.apache.mahout.cf.taste.impl.eval.StatsCallable - Approximate memory used: 685MB / 4292MB
[pool-7-thread-32] INFO org.apache.mahout.cf.taste.impl.eval.StatsCallable - Unable to recommend in 9456 cases
[pool-7-thread-2] INFO org.apache.mahout.cf.taste.impl.eval.StatsCallable - Average time per recommendation: 3014ms
[pool-7-thread-2] INFO org.apache.mahout.cf.taste.impl.eval.StatsCallable - Approximate memory used: 808MB / 4292MB
[pool-7-thread-2] INFO org.apache.mahout.cf.taste.impl.eval.StatsCallable - Unable to recommend in 9718 cases
[pool-7-thread-5] INFO org.apache.mahout.cf.taste.impl.eval.StatsCallable - Average time per recommendation: 2678ms
[pool-7-thread-5] INFO org.apache.mahout.cf.taste.impl.eval.StatsCallable - Approximate memory used: 749MB / 4292MB
[pool-7-thread-5] INFO org.apache.mahout.cf.taste.impl.eval.StatsCallable - Unable to recommend in 10046 cases
[pool-7-thread-24] INFO org.apache.mahout.cf.taste.impl.eval.StatsCallable - Average time per recommendation: 2405ms
[pool-7-thread-24] INFO org.apache.mahout.cf.taste.impl.eval.StatsCallable - Approximate memory used: 928MB / 4292MB
[pool-7-thread-24] INFO org.apache.mahout.cf.taste.impl.eval.StatsCallable - Unable to recommend in 10209 cases
[pool-7-thread-6] INFO org.apache.mahout.cf.taste.impl.eval.StatsCallable - Average time per recommendation: 2178ms
[pool-7-thread-6] INFO org.apache.mahout.cf.taste.impl.eval.StatsCallable - Approximate memory used: 682MB / 4292MB
[pool-7-thread-6] INFO org.apache.mahout.cf.taste.impl.eval.StatsCallable - Unable to recommend in 10399 cases
[main] INFO org.apache.mahout.cf.taste.impl.eval.AbstractDifferenceRecommenderEvaluator - Evaluation result: 0.779758283204011
0.779758283204011 00h 11m 24s
DEBUG: getProvider() returning javax.mail.Provider[TRANSPORT,smtp,com.sun.mail.smtp.SMTPTransport,Oracle]
DEBUG SMTP: useEhlo true, useAuth true
DEBUG SMTP: useEhlo true, useAuth true
DEBUG SMTP: trying to connect to host "smtp.live.com", port 587, isSSL false
220 BLU437-SMTP75.smtp.hotmail.com Microsoft ESMTP MAIL Service, Version: 8.0.9200.16384 ready at  Wed, 1 Apr 2015 08:56:33 -0700 
DEBUG SMTP: connected to host "smtp.live.com", port: 587

EHLO luna11.fzu.cz
250-BLU437-SMTP75.smtp.hotmail.com Hello [147.231.11.11]
250-TURN
250-SIZE 41943040
250-ETRN
250-PIPELINING
250-DSN
250-ENHANCEDSTATUSCODES
250-8bitmime
250-BINARYMIME
250-CHUNKING
250-VRFY
250-TLS
250-STARTTLS
250 OK
DEBUG SMTP: Found extension "TURN", arg ""
DEBUG SMTP: Found extension "SIZE", arg "41943040"
DEBUG SMTP: Found extension "ETRN", arg ""
DEBUG SMTP: Found extension "PIPELINING", arg ""
DEBUG SMTP: Found extension "DSN", arg ""
DEBUG SMTP: Found extension "ENHANCEDSTATUSCODES", arg ""
DEBUG SMTP: Found extension "8bitmime", arg ""
DEBUG SMTP: Found extension "BINARYMIME", arg ""
DEBUG SMTP: Found extension "CHUNKING", arg ""
DEBUG SMTP: Found extension "VRFY", arg ""
DEBUG SMTP: Found extension "TLS", arg ""
DEBUG SMTP: Found extension "STARTTLS", arg ""
DEBUG SMTP: Found extension "OK", arg ""
STARTTLS
220 2.0.0 SMTP server ready
EHLO luna11.fzu.cz
250-BLU437-SMTP75.smtp.hotmail.com Hello [147.231.11.11]
250-TURN
250-SIZE 41943040
250-ETRN
250-PIPELINING
250-DSN
250-ENHANCEDSTATUSCODES
250-8bitmime
250-BINARYMIME
250-CHUNKING
250-VRFY
250-AUTH LOGIN PLAIN XOAUTH2
250 OK
DEBUG SMTP: Found extension "TURN", arg ""
DEBUG SMTP: Found extension "SIZE", arg "41943040"
DEBUG SMTP: Found extension "ETRN", arg ""
DEBUG SMTP: Found extension "PIPELINING", arg ""
DEBUG SMTP: Found extension "DSN", arg ""
DEBUG SMTP: Found extension "ENHANCEDSTATUSCODES", arg ""
DEBUG SMTP: Found extension "8bitmime", arg ""
DEBUG SMTP: Found extension "BINARYMIME", arg ""
DEBUG SMTP: Found extension "CHUNKING", arg ""
DEBUG SMTP: Found extension "VRFY", arg ""
DEBUG SMTP: Found extension "AUTH", arg "LOGIN PLAIN XOAUTH2"
DEBUG SMTP: Found extension "OK", arg ""
DEBUG SMTP: Attempt to authenticate using mechanisms: LOGIN PLAIN DIGEST-MD5 NTLM 
DEBUG SMTP: AUTH LOGIN command trace suppressed
DEBUG SMTP: AUTH LOGIN succeeded
DEBUG SMTP: use8bit false
MAIL FROM:<matej.lochman@hotmail.com>
250 2.1.0 matej.lochman@hotmail.com....Sender OK
RCPT TO:<matej.lochman@gmail.com>
250 2.1.5 matej.lochman@gmail.com 
DEBUG SMTP: Verified Addresses
DEBUG SMTP:   matej.lochman@gmail.com
DATA
354 Start mail input; end with <CRLF>.<CRLF>
Date: Wed, 1 Apr 2015 17:56:32 +0200 (CEST)
From: matej.lochman@hotmail.com
To: matej.lochman@gmail.com
Message-ID: <1552827482.13.1427903792913.JavaMail.lachtan@luna11.fzu.cz>
Subject: Test Wed Apr 01 16:41:20 CEST 2015 euclidean
MIME-Version: 1.0
Content-Type: multipart/mixed; 
	boundary="----=_Part_12_2052385028.1427903792912"

------=_Part_12_2052385028.1427903792912
Content-Type: text/plain; charset=us-ascii
Content-Transfer-Encoding: 7bit

Test Wed Apr 01 16:41:20 CEST 2015 euclidean
------=_Part_12_2052385028.1427903792912
Content-Type: text/plain; charset=us-ascii; name="logs/euclidean.txt"
Content-Transfer-Encoding: 7bit
Content-Disposition: attachment; filename="logs/euclidean.txt"

Threshold: 0.9	Score: 0.0		Time: 00h 10m 13s
Threshold: 0.8	Score: 4.141902121893241E-5		Time: 00h 10m 14s
Threshold: 0.7	Score: 0.019900292436539235		Time: 00h 10m 14s
Threshold: 0.6	Score: 0.18120035007710428		Time: 00h 10m 16s
Threshold: 0.4	Score: 0.6601236830363331		Time: 00h 11m 03s
Threshold: 0.2	Score: 0.7789111087498558		Time: 00h 11m 22s
Threshold: 0.0	Score: 0.779758283204011		Time: 00h 11m 24s

------=_Part_12_2052385028.1427903792912--
.
250 2.6.0  <1552827482.13.1427903792913.JavaMail.lachtan@luna11.fzu.cz> Queued mail for delivery
QUIT
221 2.0.0 BLU437-SMTP75.smtp.hotmail.com Service closing transmission channel
Email sent!
[main] INFO org.apache.mahout.cf.taste.impl.eval.AbstractDifferenceRecommenderEvaluator - Beginning evaluation using 0.8 of FileDataModel[dataFile:/tmp/tempfile3944236199922221379.tmp]
[main] INFO org.apache.mahout.cf.taste.impl.model.GenericDataModel - Processed 10000 users
[main] INFO org.apache.mahout.cf.taste.impl.model.GenericDataModel - Processed 10734 users
[main] INFO org.apache.mahout.cf.taste.impl.eval.AbstractDifferenceRecommenderEvaluator - Beginning evaluation of 10724 users
[main] INFO org.apache.mahout.cf.taste.impl.eval.AbstractDifferenceRecommenderEvaluator - Starting timing of 10724 tasks in 32 threads
[pool-8-thread-1] INFO org.apache.mahout.cf.taste.impl.eval.StatsCallable - Average time per recommendation: 9658ms
[pool-8-thread-1] INFO org.apache.mahout.cf.taste.impl.eval.StatsCallable - Approximate memory used: 1053MB / 4292MB
[pool-8-thread-1] INFO org.apache.mahout.cf.taste.impl.eval.StatsCallable - Unable to recommend in 30452 cases
[pool-8-thread-19] INFO org.apache.mahout.cf.taste.impl.eval.StatsCallable - Average time per recommendation: 9558ms
[pool-8-thread-19] INFO org.apache.mahout.cf.taste.impl.eval.StatsCallable - Approximate memory used: 999MB / 4294MB
[pool-8-thread-19] INFO org.apache.mahout.cf.taste.impl.eval.StatsCallable - Unable to recommend in 120970 cases
[pool-8-thread-3] INFO org.apache.mahout.cf.taste.impl.eval.StatsCallable - Average time per recommendation: 7198ms
[pool-8-thread-3] INFO org.apache.mahout.cf.taste.impl.eval.StatsCallable - Approximate memory used: 691MB / 4294MB
[pool-8-thread-3] INFO org.apache.mahout.cf.taste.impl.eval.StatsCallable - Unable to recommend in 188590 cases
[pool-8-thread-25] INFO org.apache.mahout.cf.taste.impl.eval.StatsCallable - Average time per recommendation: 5312ms
[pool-8-thread-25] INFO org.apache.mahout.cf.taste.impl.eval.StatsCallable - Approximate memory used: 1007MB / 4294MB
[pool-8-thread-25] INFO org.apache.mahout.cf.taste.impl.eval.StatsCallable - Unable to recommend in 232466 cases
[pool-8-thread-4] INFO org.apache.mahout.cf.taste.impl.eval.StatsCallable - Average time per recommendation: 4335ms
[pool-8-thread-4] INFO org.apache.mahout.cf.taste.impl.eval.StatsCallable - Approximate memory used: 801MB / 4294MB
[pool-8-thread-4] INFO org.apache.mahout.cf.taste.impl.eval.StatsCallable - Unable to recommend in 262009 cases
[pool-8-thread-31] INFO org.apache.mahout.cf.taste.impl.eval.StatsCallable - Average time per recommendation: 3610ms
[pool-8-thread-31] INFO org.apache.mahout.cf.taste.impl.eval.StatsCallable - Approximate memory used: 862MB / 4294MB
[pool-8-thread-31] INFO org.apache.mahout.cf.taste.impl.eval.StatsCallable - Unable to recommend in 287916 cases
[pool-8-thread-11] INFO org.apache.mahout.cf.taste.impl.eval.StatsCallable - Average time per recommendation: 3109ms
[pool-8-thread-11] INFO org.apache.mahout.cf.taste.impl.eval.StatsCallable - Approximate memory used: 853MB / 4294MB
[pool-8-thread-11] INFO org.apache.mahout.cf.taste.impl.eval.StatsCallable - Unable to recommend in 307863 cases
[pool-8-thread-8] INFO org.apache.mahout.cf.taste.impl.eval.StatsCallable - Average time per recommendation: 2711ms
[pool-8-thread-8] INFO org.apache.mahout.cf.taste.impl.eval.StatsCallable - Approximate memory used: 934MB / 4294MB
[pool-8-thread-8] INFO org.apache.mahout.cf.taste.impl.eval.StatsCallable - Unable to recommend in 323823 cases
[pool-8-thread-3] INFO org.apache.mahout.cf.taste.impl.eval.StatsCallable - Average time per recommendation: 2404ms
[pool-8-thread-3] INFO org.apache.mahout.cf.taste.impl.eval.StatsCallable - Approximate memory used: 666MB / 4294MB
[pool-8-thread-3] INFO org.apache.mahout.cf.taste.impl.eval.StatsCallable - Unable to recommend in 336593 cases
[pool-8-thread-12] INFO org.apache.mahout.cf.taste.impl.eval.StatsCallable - Average time per recommendation: 2156ms
[pool-8-thread-12] INFO org.apache.mahout.cf.taste.impl.eval.StatsCallable - Approximate memory used: 1011MB / 4294MB
[pool-8-thread-12] INFO org.apache.mahout.cf.taste.impl.eval.StatsCallable - Unable to recommend in 346408 cases
[pool-8-thread-13] INFO org.apache.mahout.cf.taste.impl.eval.StatsCallable - Average time per recommendation: 1951ms
[pool-8-thread-13] INFO org.apache.mahout.cf.taste.impl.eval.StatsCallable - Approximate memory used: 1068MB / 4294MB
[pool-8-thread-13] INFO org.apache.mahout.cf.taste.impl.eval.StatsCallable - Unable to recommend in 354821 cases
[main] INFO org.apache.mahout.cf.taste.impl.eval.AbstractDifferenceRecommenderEvaluator - Evaluation result: 0.0
0.0 00h 10m 12s
DEBUG: getProvider() returning javax.mail.Provider[TRANSPORT,smtp,com.sun.mail.smtp.SMTPTransport,Oracle]
DEBUG SMTP: useEhlo true, useAuth true
DEBUG SMTP: useEhlo true, useAuth true
DEBUG SMTP: trying to connect to host "smtp.live.com", port 587, isSSL false
220 BLU436-SMTP89.smtp.hotmail.com Microsoft ESMTP MAIL Service, Version: 8.0.9200.16384 ready at  Wed, 1 Apr 2015 09:06:48 -0700 
DEBUG SMTP: connected to host "smtp.live.com", port: 587

EHLO luna11.fzu.cz
250-BLU436-SMTP89.smtp.hotmail.com Hello [147.231.11.11]
250-TURN
250-SIZE 41943040
250-ETRN
250-PIPELINING
250-DSN
250-ENHANCEDSTATUSCODES
250-8bitmime
250-BINARYMIME
250-CHUNKING
250-VRFY
250-TLS
250-STARTTLS
250 OK
DEBUG SMTP: Found extension "TURN", arg ""
DEBUG SMTP: Found extension "SIZE", arg "41943040"
DEBUG SMTP: Found extension "ETRN", arg ""
DEBUG SMTP: Found extension "PIPELINING", arg ""
DEBUG SMTP: Found extension "DSN", arg ""
DEBUG SMTP: Found extension "ENHANCEDSTATUSCODES", arg ""
DEBUG SMTP: Found extension "8bitmime", arg ""
DEBUG SMTP: Found extension "BINARYMIME", arg ""
DEBUG SMTP: Found extension "CHUNKING", arg ""
DEBUG SMTP: Found extension "VRFY", arg ""
DEBUG SMTP: Found extension "TLS", arg ""
DEBUG SMTP: Found extension "STARTTLS", arg ""
DEBUG SMTP: Found extension "OK", arg ""
STARTTLS
220 2.0.0 SMTP server ready
EHLO luna11.fzu.cz
250-BLU436-SMTP89.smtp.hotmail.com Hello [147.231.11.11]
250-TURN
250-SIZE 41943040
250-ETRN
250-PIPELINING
250-DSN
250-ENHANCEDSTATUSCODES
250-8bitmime
250-BINARYMIME
250-CHUNKING
250-VRFY
250-AUTH LOGIN PLAIN XOAUTH2
250 OK
DEBUG SMTP: Found extension "TURN", arg ""
DEBUG SMTP: Found extension "SIZE", arg "41943040"
DEBUG SMTP: Found extension "ETRN", arg ""
DEBUG SMTP: Found extension "PIPELINING", arg ""
DEBUG SMTP: Found extension "DSN", arg ""
DEBUG SMTP: Found extension "ENHANCEDSTATUSCODES", arg ""
DEBUG SMTP: Found extension "8bitmime", arg ""
DEBUG SMTP: Found extension "BINARYMIME", arg ""
DEBUG SMTP: Found extension "CHUNKING", arg ""
DEBUG SMTP: Found extension "VRFY", arg ""
DEBUG SMTP: Found extension "AUTH", arg "LOGIN PLAIN XOAUTH2"
DEBUG SMTP: Found extension "OK", arg ""
DEBUG SMTP: Attempt to authenticate using mechanisms: LOGIN PLAIN DIGEST-MD5 NTLM 
DEBUG SMTP: AUTH LOGIN command trace suppressed
DEBUG SMTP: AUTH LOGIN succeeded
DEBUG SMTP: use8bit false
MAIL FROM:<matej.lochman@hotmail.com>
250 2.1.0 matej.lochman@hotmail.com....Sender OK
RCPT TO:<matej.lochman@gmail.com>
250 2.1.5 matej.lochman@gmail.com 
DEBUG SMTP: Verified Addresses
DEBUG SMTP:   matej.lochman@gmail.com
DATA
354 Start mail input; end with <CRLF>.<CRLF>
Date: Wed, 1 Apr 2015 18:06:48 +0200 (CEST)
From: matej.lochman@hotmail.com
To: matej.lochman@gmail.com
Message-ID: <1567531334.15.1427904408613.JavaMail.lachtan@luna11.fzu.cz>
Subject: Test Wed Apr 01 16:41:20 CEST 2015 euclidean
MIME-Version: 1.0
Content-Type: multipart/mixed; 
	boundary="----=_Part_14_5715286.1427904408612"

------=_Part_14_5715286.1427904408612
Content-Type: text/plain; charset=us-ascii
Content-Transfer-Encoding: 7bit

Test Wed Apr 01 16:41:20 CEST 2015 euclidean
------=_Part_14_5715286.1427904408612
Content-Type: text/plain; charset=us-ascii; name="logs/euclidean.txt"
Content-Transfer-Encoding: 7bit
Content-Disposition: attachment; filename="logs/euclidean.txt"

Threshold: 0.9	Score: 0.0		Time: 00h 10m 13s
Threshold: 0.8	Score: 4.141902121893241E-5		Time: 00h 10m 14s
Threshold: 0.7	Score: 0.019900292436539235		Time: 00h 10m 14s
Threshold: 0.6	Score: 0.18120035007710428		Time: 00h 10m 16s
Threshold: 0.4	Score: 0.6601236830363331		Time: 00h 11m 03s
Threshold: 0.2	Score: 0.7789111087498558		Time: 00h 11m 22s
Threshold: 0.0	Score: 0.779758283204011		Time: 00h 11m 24s
Neighbourhood: 2	Score: 0.0		Time: 00h 10m 12s

------=_Part_14_5715286.1427904408612--
.
250 2.6.0  <1567531334.15.1427904408613.JavaMail.lachtan@luna11.fzu.cz> Queued mail for delivery
QUIT
221 2.0.0 BLU436-SMTP89.smtp.hotmail.com Service closing transmission channel
Email sent!
[main] INFO org.apache.mahout.cf.taste.impl.eval.AbstractDifferenceRecommenderEvaluator - Beginning evaluation using 0.8 of FileDataModel[dataFile:/tmp/tempfile3944236199922221379.tmp]
[main] INFO org.apache.mahout.cf.taste.impl.model.GenericDataModel - Processed 10000 users
[main] INFO org.apache.mahout.cf.taste.impl.model.GenericDataModel - Processed 10734 users
[main] INFO org.apache.mahout.cf.taste.impl.eval.AbstractDifferenceRecommenderEvaluator - Beginning evaluation of 10724 users
[main] INFO org.apache.mahout.cf.taste.impl.eval.AbstractDifferenceRecommenderEvaluator - Starting timing of 10724 tasks in 32 threads
[pool-9-thread-1] INFO org.apache.mahout.cf.taste.impl.eval.StatsCallable - Average time per recommendation: 9531ms
[pool-9-thread-1] INFO org.apache.mahout.cf.taste.impl.eval.StatsCallable - Approximate memory used: 713MB / 4293MB
[pool-9-thread-1] INFO org.apache.mahout.cf.taste.impl.eval.StatsCallable - Unable to recommend in 29814 cases
[pool-9-thread-24] INFO org.apache.mahout.cf.taste.impl.eval.StatsCallable - Average time per recommendation: 9567ms
[pool-9-thread-24] INFO org.apache.mahout.cf.taste.impl.eval.StatsCallable - Approximate memory used: 928MB / 4294MB
[pool-9-thread-24] INFO org.apache.mahout.cf.taste.impl.eval.StatsCallable - Unable to recommend in 120723 cases
[pool-9-thread-17] INFO org.apache.mahout.cf.taste.impl.eval.StatsCallable - Average time per recommendation: 7187ms
[pool-9-thread-17] INFO org.apache.mahout.cf.taste.impl.eval.StatsCallable - Approximate memory used: 762MB / 4294MB
[pool-9-thread-17] INFO org.apache.mahout.cf.taste.impl.eval.StatsCallable - Unable to recommend in 188494 cases
[pool-9-thread-6] INFO org.apache.mahout.cf.taste.impl.eval.StatsCallable - Average time per recommendation: 5312ms
[pool-9-thread-6] INFO org.apache.mahout.cf.taste.impl.eval.StatsCallable - Approximate memory used: 1070MB / 4294MB
[pool-9-thread-6] INFO org.apache.mahout.cf.taste.impl.eval.StatsCallable - Unable to recommend in 232267 cases
[pool-9-thread-30] INFO org.apache.mahout.cf.taste.impl.eval.StatsCallable - Average time per recommendation: 4334ms
[pool-9-thread-30] INFO org.apache.mahout.cf.taste.impl.eval.StatsCallable - Approximate memory used: 911MB / 4294MB
[pool-9-thread-30] INFO org.apache.mahout.cf.taste.impl.eval.StatsCallable - Unable to recommend in 261837 cases
[pool-9-thread-7] INFO org.apache.mahout.cf.taste.impl.eval.StatsCallable - Average time per recommendation: 3609ms
[pool-9-thread-7] INFO org.apache.mahout.cf.taste.impl.eval.StatsCallable - Approximate memory used: 988MB / 4294MB
[pool-9-thread-7] INFO org.apache.mahout.cf.taste.impl.eval.StatsCallable - Unable to recommend in 287695 cases
[pool-9-thread-30] INFO org.apache.mahout.cf.taste.impl.eval.StatsCallable - Average time per recommendation: 3109ms
[pool-9-thread-30] INFO org.apache.mahout.cf.taste.impl.eval.StatsCallable - Approximate memory used: 975MB / 4294MB
[pool-9-thread-30] INFO org.apache.mahout.cf.taste.impl.eval.StatsCallable - Unable to recommend in 307574 cases
[pool-9-thread-16] INFO org.apache.mahout.cf.taste.impl.eval.StatsCallable - Average time per recommendation: 2711ms
[pool-9-thread-16] INFO org.apache.mahout.cf.taste.impl.eval.StatsCallable - Approximate memory used: 1069MB / 4294MB
[pool-9-thread-16] INFO org.apache.mahout.cf.taste.impl.eval.StatsCallable - Unable to recommend in 323471 cases
[pool-9-thread-10] INFO org.apache.mahout.cf.taste.impl.eval.StatsCallable - Average time per recommendation: 2404ms
[pool-9-thread-10] INFO org.apache.mahout.cf.taste.impl.eval.StatsCallable - Approximate memory used: 809MB / 4294MB
[pool-9-thread-10] INFO org.apache.mahout.cf.taste.impl.eval.StatsCallable - Unable to recommend in 336202 cases
[pool-9-thread-22] INFO org.apache.mahout.cf.taste.impl.eval.StatsCallable - Average time per recommendation: 2156ms
[pool-9-thread-22] INFO org.apache.mahout.cf.taste.impl.eval.StatsCallable - Approximate memory used: 730MB / 4294MB
[pool-9-thread-22] INFO org.apache.mahout.cf.taste.impl.eval.StatsCallable - Unable to recommend in 345929 cases
[pool-9-thread-2] INFO org.apache.mahout.cf.taste.impl.eval.StatsCallable - Average time per recommendation: 1951ms
[pool-9-thread-2] INFO org.apache.mahout.cf.taste.impl.eval.StatsCallable - Approximate memory used: 797MB / 4294MB
[pool-9-thread-2] INFO org.apache.mahout.cf.taste.impl.eval.StatsCallable - Unable to recommend in 354270 cases
[main] INFO org.apache.mahout.cf.taste.impl.eval.AbstractDifferenceRecommenderEvaluator - Evaluation result: 0.0
0.0 00h 10m 12s
DEBUG: getProvider() returning javax.mail.Provider[TRANSPORT,smtp,com.sun.mail.smtp.SMTPTransport,Oracle]
DEBUG SMTP: useEhlo true, useAuth true
DEBUG SMTP: useEhlo true, useAuth true
DEBUG SMTP: trying to connect to host "smtp.live.com", port 587, isSSL false
220 BLU437-SMTP27.smtp.hotmail.com Microsoft ESMTP MAIL Service, Version: 8.0.9200.16384 ready at  Wed, 1 Apr 2015 09:17:04 -0700 
DEBUG SMTP: connected to host "smtp.live.com", port: 587

EHLO luna11.fzu.cz
250-BLU437-SMTP27.smtp.hotmail.com Hello [147.231.11.11]
250-TURN
250-SIZE 41943040
250-ETRN
250-PIPELINING
250-DSN
250-ENHANCEDSTATUSCODES
250-8bitmime
250-BINARYMIME
250-CHUNKING
250-VRFY
250-TLS
250-STARTTLS
250 OK
DEBUG SMTP: Found extension "TURN", arg ""
DEBUG SMTP: Found extension "SIZE", arg "41943040"
DEBUG SMTP: Found extension "ETRN", arg ""
DEBUG SMTP: Found extension "PIPELINING", arg ""
DEBUG SMTP: Found extension "DSN", arg ""
DEBUG SMTP: Found extension "ENHANCEDSTATUSCODES", arg ""
DEBUG SMTP: Found extension "8bitmime", arg ""
DEBUG SMTP: Found extension "BINARYMIME", arg ""
DEBUG SMTP: Found extension "CHUNKING", arg ""
DEBUG SMTP: Found extension "VRFY", arg ""
DEBUG SMTP: Found extension "TLS", arg ""
DEBUG SMTP: Found extension "STARTTLS", arg ""
DEBUG SMTP: Found extension "OK", arg ""
STARTTLS
220 2.0.0 SMTP server ready
EHLO luna11.fzu.cz
250-BLU437-SMTP27.smtp.hotmail.com Hello [147.231.11.11]
250-TURN
250-SIZE 41943040
250-ETRN
250-PIPELINING
250-DSN
250-ENHANCEDSTATUSCODES
250-8bitmime
250-BINARYMIME
250-CHUNKING
250-VRFY
250-AUTH LOGIN PLAIN XOAUTH2
250 OK
DEBUG SMTP: Found extension "TURN", arg ""
DEBUG SMTP: Found extension "SIZE", arg "41943040"
DEBUG SMTP: Found extension "ETRN", arg ""
DEBUG SMTP: Found extension "PIPELINING", arg ""
DEBUG SMTP: Found extension "DSN", arg ""
DEBUG SMTP: Found extension "ENHANCEDSTATUSCODES", arg ""
DEBUG SMTP: Found extension "8bitmime", arg ""
DEBUG SMTP: Found extension "BINARYMIME", arg ""
DEBUG SMTP: Found extension "CHUNKING", arg ""
DEBUG SMTP: Found extension "VRFY", arg ""
DEBUG SMTP: Found extension "AUTH", arg "LOGIN PLAIN XOAUTH2"
DEBUG SMTP: Found extension "OK", arg ""
DEBUG SMTP: Attempt to authenticate using mechanisms: LOGIN PLAIN DIGEST-MD5 NTLM 
DEBUG SMTP: AUTH LOGIN command trace suppressed
DEBUG SMTP: AUTH LOGIN succeeded
DEBUG SMTP: use8bit false
MAIL FROM:<matej.lochman@hotmail.com>
250 2.1.0 matej.lochman@hotmail.com....Sender OK
RCPT TO:<matej.lochman@gmail.com>
250 2.1.5 matej.lochman@gmail.com 
DEBUG SMTP: Verified Addresses
DEBUG SMTP:   matej.lochman@gmail.com
DATA
354 Start mail input; end with <CRLF>.<CRLF>
Date: Wed, 1 Apr 2015 18:17:04 +0200 (CEST)
From: matej.lochman@hotmail.com
To: matej.lochman@gmail.com
Message-ID: <448513548.17.1427905024354.JavaMail.lachtan@luna11.fzu.cz>
Subject: Test Wed Apr 01 16:41:20 CEST 2015 euclidean
MIME-Version: 1.0
Content-Type: multipart/mixed; 
	boundary="----=_Part_16_1297818761.1427905024353"

------=_Part_16_1297818761.1427905024353
Content-Type: text/plain; charset=us-ascii
Content-Transfer-Encoding: 7bit

Test Wed Apr 01 16:41:20 CEST 2015 euclidean
------=_Part_16_1297818761.1427905024353
Content-Type: text/plain; charset=us-ascii; name="logs/euclidean.txt"
Content-Transfer-Encoding: 7bit
Content-Disposition: attachment; filename="logs/euclidean.txt"

Threshold: 0.9	Score: 0.0		Time: 00h 10m 13s
Threshold: 0.8	Score: 4.141902121893241E-5		Time: 00h 10m 14s
Threshold: 0.7	Score: 0.019900292436539235		Time: 00h 10m 14s
Threshold: 0.6	Score: 0.18120035007710428		Time: 00h 10m 16s
Threshold: 0.4	Score: 0.6601236830363331		Time: 00h 11m 03s
Threshold: 0.2	Score: 0.7789111087498558		Time: 00h 11m 22s
Threshold: 0.0	Score: 0.779758283204011		Time: 00h 11m 24s
Neighbourhood: 2	Score: 0.0		Time: 00h 10m 12s
Neighbourhood: 4	Score: 0.0		Time: 00h 10m 12s

------=_Part_16_1297818761.1427905024353--
.
250 2.6.0  <448513548.17.1427905024354.JavaMail.lachtan@luna11.fzu.cz> Queued mail for delivery
QUIT
221 2.0.0 BLU437-SMTP27.smtp.hotmail.com Service closing transmission channel
Email sent!
[main] INFO org.apache.mahout.cf.taste.impl.eval.AbstractDifferenceRecommenderEvaluator - Beginning evaluation using 0.8 of FileDataModel[dataFile:/tmp/tempfile3944236199922221379.tmp]
[main] INFO org.apache.mahout.cf.taste.impl.model.GenericDataModel - Processed 10000 users
[main] INFO org.apache.mahout.cf.taste.impl.model.GenericDataModel - Processed 10734 users
[main] INFO org.apache.mahout.cf.taste.impl.eval.AbstractDifferenceRecommenderEvaluator - Beginning evaluation of 10724 users
[main] INFO org.apache.mahout.cf.taste.impl.eval.AbstractDifferenceRecommenderEvaluator - Starting timing of 10724 tasks in 32 threads
[pool-10-thread-1] INFO org.apache.mahout.cf.taste.impl.eval.StatsCallable - Average time per recommendation: 9523ms
[pool-10-thread-1] INFO org.apache.mahout.cf.taste.impl.eval.StatsCallable - Approximate memory used: 944MB / 4293MB
[pool-10-thread-1] INFO org.apache.mahout.cf.taste.impl.eval.StatsCallable - Unable to recommend in 29858 cases
[pool-10-thread-9] INFO org.apache.mahout.cf.taste.impl.eval.StatsCallable - Average time per recommendation: 9568ms
[pool-10-thread-9] INFO org.apache.mahout.cf.taste.impl.eval.StatsCallable - Approximate memory used: 850MB / 4294MB
[pool-10-thread-9] INFO org.apache.mahout.cf.taste.impl.eval.StatsCallable - Unable to recommend in 120755 cases
[pool-10-thread-3] INFO org.apache.mahout.cf.taste.impl.eval.StatsCallable - Average time per recommendation: 7204ms
[pool-10-thread-3] INFO org.apache.mahout.cf.taste.impl.eval.StatsCallable - Approximate memory used: 1067MB / 4294MB
[pool-10-thread-3] INFO org.apache.mahout.cf.taste.impl.eval.StatsCallable - Unable to recommend in 188236 cases
[pool-10-thread-19] INFO org.apache.mahout.cf.taste.impl.eval.StatsCallable - Average time per recommendation: 5321ms
[pool-10-thread-19] INFO org.apache.mahout.cf.taste.impl.eval.StatsCallable - Approximate memory used: 1015MB / 4294MB
[pool-10-thread-19] INFO org.apache.mahout.cf.taste.impl.eval.StatsCallable - Unable to recommend in 231903 cases
[pool-10-thread-13] INFO org.apache.mahout.cf.taste.impl.eval.StatsCallable - Average time per recommendation: 4341ms
[pool-10-thread-13] INFO org.apache.mahout.cf.taste.impl.eval.StatsCallable - Approximate memory used: 867MB / 4294MB
[pool-10-thread-13] INFO org.apache.mahout.cf.taste.impl.eval.StatsCallable - Unable to recommend in 261294 cases
[pool-10-thread-19] INFO org.apache.mahout.cf.taste.impl.eval.StatsCallable - Average time per recommendation: 3615ms
[pool-10-thread-19] INFO org.apache.mahout.cf.taste.impl.eval.StatsCallable - Approximate memory used: 967MB / 4294MB
[pool-10-thread-19] INFO org.apache.mahout.cf.taste.impl.eval.StatsCallable - Unable to recommend in 286988 cases
[pool-10-thread-16] INFO org.apache.mahout.cf.taste.impl.eval.StatsCallable - Average time per recommendation: 3114ms
[pool-10-thread-16] INFO org.apache.mahout.cf.taste.impl.eval.StatsCallable - Approximate memory used: 962MB / 4294MB
[pool-10-thread-16] INFO org.apache.mahout.cf.taste.impl.eval.StatsCallable - Unable to recommend in 306664 cases
[pool-10-thread-18] INFO org.apache.mahout.cf.taste.impl.eval.StatsCallable - Average time per recommendation: 2715ms
[pool-10-thread-18] INFO org.apache.mahout.cf.taste.impl.eval.StatsCallable - Approximate memory used: 1074MB / 4294MB
[pool-10-thread-18] INFO org.apache.mahout.cf.taste.impl.eval.StatsCallable - Unable to recommend in 322373 cases
[pool-10-thread-3] INFO org.apache.mahout.cf.taste.impl.eval.StatsCallable - Average time per recommendation: 2408ms
[pool-10-thread-3] INFO org.apache.mahout.cf.taste.impl.eval.StatsCallable - Approximate memory used: 805MB / 4294MB
[pool-10-thread-3] INFO org.apache.mahout.cf.taste.impl.eval.StatsCallable - Unable to recommend in 334840 cases
[pool-10-thread-29] INFO org.apache.mahout.cf.taste.impl.eval.StatsCallable - Average time per recommendation: 2158ms
[pool-10-thread-29] INFO org.apache.mahout.cf.taste.impl.eval.StatsCallable - Approximate memory used: 1183MB / 4294MB
[pool-10-thread-29] INFO org.apache.mahout.cf.taste.impl.eval.StatsCallable - Unable to recommend in 344406 cases
[pool-10-thread-15] INFO org.apache.mahout.cf.taste.impl.eval.StatsCallable - Average time per recommendation: 1953ms
[pool-10-thread-15] INFO org.apache.mahout.cf.taste.impl.eval.StatsCallable - Approximate memory used: 805MB / 4294MB
[pool-10-thread-15] INFO org.apache.mahout.cf.taste.impl.eval.StatsCallable - Unable to recommend in 352482 cases
[main] INFO org.apache.mahout.cf.taste.impl.eval.AbstractDifferenceRecommenderEvaluator - Evaluation result: 0.0
0.0 00h 10m 13s
DEBUG: getProvider() returning javax.mail.Provider[TRANSPORT,smtp,com.sun.mail.smtp.SMTPTransport,Oracle]
DEBUG SMTP: useEhlo true, useAuth true
DEBUG SMTP: useEhlo true, useAuth true
DEBUG SMTP: trying to connect to host "smtp.live.com", port 587, isSSL false
220 BLU436-SMTP9.smtp.hotmail.com Microsoft ESMTP MAIL Service, Version: 8.0.9200.16384 ready at  Wed, 1 Apr 2015 09:27:21 -0700 
DEBUG SMTP: connected to host "smtp.live.com", port: 587

EHLO luna11.fzu.cz
250-BLU436-SMTP9.smtp.hotmail.com Hello [147.231.11.11]
250-TURN
250-SIZE 41943040
250-ETRN
250-PIPELINING
250-DSN
250-ENHANCEDSTATUSCODES
250-8bitmime
250-BINARYMIME
250-CHUNKING
250-VRFY
250-TLS
250-STARTTLS
250 OK
DEBUG SMTP: Found extension "TURN", arg ""
DEBUG SMTP: Found extension "SIZE", arg "41943040"
DEBUG SMTP: Found extension "ETRN", arg ""
DEBUG SMTP: Found extension "PIPELINING", arg ""
DEBUG SMTP: Found extension "DSN", arg ""
DEBUG SMTP: Found extension "ENHANCEDSTATUSCODES", arg ""
DEBUG SMTP: Found extension "8bitmime", arg ""
DEBUG SMTP: Found extension "BINARYMIME", arg ""
DEBUG SMTP: Found extension "CHUNKING", arg ""
DEBUG SMTP: Found extension "VRFY", arg ""
DEBUG SMTP: Found extension "TLS", arg ""
DEBUG SMTP: Found extension "STARTTLS", arg ""
DEBUG SMTP: Found extension "OK", arg ""
STARTTLS
220 2.0.0 SMTP server ready
EHLO luna11.fzu.cz
250-BLU436-SMTP9.smtp.hotmail.com Hello [147.231.11.11]
250-TURN
250-SIZE 41943040
250-ETRN
250-PIPELINING
250-DSN
250-ENHANCEDSTATUSCODES
250-8bitmime
250-BINARYMIME
250-CHUNKING
250-VRFY
250-AUTH LOGIN PLAIN XOAUTH2
250 OK
DEBUG SMTP: Found extension "TURN", arg ""
DEBUG SMTP: Found extension "SIZE", arg "41943040"
DEBUG SMTP: Found extension "ETRN", arg ""
DEBUG SMTP: Found extension "PIPELINING", arg ""
DEBUG SMTP: Found extension "DSN", arg ""
DEBUG SMTP: Found extension "ENHANCEDSTATUSCODES", arg ""
DEBUG SMTP: Found extension "8bitmime", arg ""
DEBUG SMTP: Found extension "BINARYMIME", arg ""
DEBUG SMTP: Found extension "CHUNKING", arg ""
DEBUG SMTP: Found extension "VRFY", arg ""
DEBUG SMTP: Found extension "AUTH", arg "LOGIN PLAIN XOAUTH2"
DEBUG SMTP: Found extension "OK", arg ""
DEBUG SMTP: Attempt to authenticate using mechanisms: LOGIN PLAIN DIGEST-MD5 NTLM 
DEBUG SMTP: AUTH LOGIN command trace suppressed
DEBUG SMTP: AUTH LOGIN succeeded
DEBUG SMTP: use8bit false
MAIL FROM:<matej.lochman@hotmail.com>
250 2.1.0 matej.lochman@hotmail.com....Sender OK
RCPT TO:<matej.lochman@gmail.com>
250 2.1.5 matej.lochman@gmail.com 
DEBUG SMTP: Verified Addresses
DEBUG SMTP:   matej.lochman@gmail.com
DATA
354 Start mail input; end with <CRLF>.<CRLF>
Date: Wed, 1 Apr 2015 18:27:21 +0200 (CEST)
From: matej.lochman@hotmail.com
To: matej.lochman@gmail.com
Message-ID: <1692412268.19.1427905641074.JavaMail.lachtan@luna11.fzu.cz>
Subject: Test Wed Apr 01 16:41:20 CEST 2015 euclidean
MIME-Version: 1.0
Content-Type: multipart/mixed; 
	boundary="----=_Part_18_1477541847.1427905641073"

------=_Part_18_1477541847.1427905641073
Content-Type: text/plain; charset=us-ascii
Content-Transfer-Encoding: 7bit

Test Wed Apr 01 16:41:20 CEST 2015 euclidean
------=_Part_18_1477541847.1427905641073
Content-Type: text/plain; charset=us-ascii; name="logs/euclidean.txt"
Content-Transfer-Encoding: 7bit
Content-Disposition: attachment; filename="logs/euclidean.txt"

Threshold: 0.9	Score: 0.0		Time: 00h 10m 13s
Threshold: 0.8	Score: 4.141902121893241E-5		Time: 00h 10m 14s
Threshold: 0.7	Score: 0.019900292436539235		Time: 00h 10m 14s
Threshold: 0.6	Score: 0.18120035007710428		Time: 00h 10m 16s
Threshold: 0.4	Score: 0.6601236830363331		Time: 00h 11m 03s
Threshold: 0.2	Score: 0.7789111087498558		Time: 00h 11m 22s
Threshold: 0.0	Score: 0.779758283204011		Time: 00h 11m 24s
Neighbourhood: 2	Score: 0.0		Time: 00h 10m 12s
Neighbourhood: 4	Score: 0.0		Time: 00h 10m 12s
Neighbourhood: 8	Score: 0.0		Time: 00h 10m 13s

------=_Part_18_1477541847.1427905641073--
.
250 2.6.0  <1692412268.19.1427905641074.JavaMail.lachtan@luna11.fzu.cz> Queued mail for delivery
QUIT
221 2.0.0 BLU436-SMTP9.smtp.hotmail.com Service closing transmission channel
Email sent!
[main] INFO org.apache.mahout.cf.taste.impl.eval.AbstractDifferenceRecommenderEvaluator - Beginning evaluation using 0.8 of FileDataModel[dataFile:/tmp/tempfile3944236199922221379.tmp]
[main] INFO org.apache.mahout.cf.taste.impl.model.GenericDataModel - Processed 10000 users
[main] INFO org.apache.mahout.cf.taste.impl.model.GenericDataModel - Processed 10734 users
[main] INFO org.apache.mahout.cf.taste.impl.eval.AbstractDifferenceRecommenderEvaluator - Beginning evaluation of 10724 users
[main] INFO org.apache.mahout.cf.taste.impl.eval.AbstractDifferenceRecommenderEvaluator - Starting timing of 10724 tasks in 32 threads
[pool-11-thread-1] INFO org.apache.mahout.cf.taste.impl.eval.StatsCallable - Average time per recommendation: 9573ms
[pool-11-thread-1] INFO org.apache.mahout.cf.taste.impl.eval.StatsCallable - Approximate memory used: 1018MB / 4292MB
[pool-11-thread-1] INFO org.apache.mahout.cf.taste.impl.eval.StatsCallable - Unable to recommend in 29793 cases
[pool-11-thread-3] INFO org.apache.mahout.cf.taste.impl.eval.StatsCallable - Average time per recommendation: 9557ms
[pool-11-thread-3] INFO org.apache.mahout.cf.taste.impl.eval.StatsCallable - Approximate memory used: 1106MB / 4294MB
[pool-11-thread-3] INFO org.apache.mahout.cf.taste.impl.eval.StatsCallable - Unable to recommend in 120448 cases
[pool-11-thread-5] INFO org.apache.mahout.cf.taste.impl.eval.StatsCallable - Average time per recommendation: 7184ms
[pool-11-thread-5] INFO org.apache.mahout.cf.taste.impl.eval.StatsCallable - Approximate memory used: 1067MB / 4294MB
[pool-11-thread-5] INFO org.apache.mahout.cf.taste.impl.eval.StatsCallable - Unable to recommend in 187693 cases
[pool-11-thread-1] INFO org.apache.mahout.cf.taste.impl.eval.StatsCallable - Average time per recommendation: 5288ms
[pool-11-thread-1] INFO org.apache.mahout.cf.taste.impl.eval.StatsCallable - Approximate memory used: 1272MB / 4294MB
[pool-11-thread-1] INFO org.apache.mahout.cf.taste.impl.eval.StatsCallable - Unable to recommend in 231282 cases
[pool-11-thread-19] INFO org.apache.mahout.cf.taste.impl.eval.StatsCallable - Average time per recommendation: 4339ms
[pool-11-thread-19] INFO org.apache.mahout.cf.taste.impl.eval.StatsCallable - Approximate memory used: 926MB / 4294MB
[pool-11-thread-19] INFO org.apache.mahout.cf.taste.impl.eval.StatsCallable - Unable to recommend in 259811 cases
[pool-11-thread-11] INFO org.apache.mahout.cf.taste.impl.eval.StatsCallable - Average time per recommendation: 3614ms
[pool-11-thread-11] INFO org.apache.mahout.cf.taste.impl.eval.StatsCallable - Approximate memory used: 1049MB / 4294MB
[pool-11-thread-11] INFO org.apache.mahout.cf.taste.impl.eval.StatsCallable - Unable to recommend in 285032 cases
[pool-11-thread-1] INFO org.apache.mahout.cf.taste.impl.eval.StatsCallable - Average time per recommendation: 3113ms
[pool-11-thread-1] INFO org.apache.mahout.cf.taste.impl.eval.StatsCallable - Approximate memory used: 1090MB / 4294MB
[pool-11-thread-1] INFO org.apache.mahout.cf.taste.impl.eval.StatsCallable - Unable to recommend in 304291 cases
[pool-11-thread-5] INFO org.apache.mahout.cf.taste.impl.eval.StatsCallable - Average time per recommendation: 2714ms
[pool-11-thread-5] INFO org.apache.mahout.cf.taste.impl.eval.StatsCallable - Approximate memory used: 1218MB / 4294MB
[pool-11-thread-5] INFO org.apache.mahout.cf.taste.impl.eval.StatsCallable - Unable to recommend in 319496 cases
[pool-11-thread-32] INFO org.apache.mahout.cf.taste.impl.eval.StatsCallable - Average time per recommendation: 2406ms
[pool-11-thread-32] INFO org.apache.mahout.cf.taste.impl.eval.StatsCallable - Approximate memory used: 979MB / 4294MB
[pool-11-thread-32] INFO org.apache.mahout.cf.taste.impl.eval.StatsCallable - Unable to recommend in 331522 cases
[pool-11-thread-10] INFO org.apache.mahout.cf.taste.impl.eval.StatsCallable - Average time per recommendation: 2159ms
[pool-11-thread-10] INFO org.apache.mahout.cf.taste.impl.eval.StatsCallable - Approximate memory used: 920MB / 4294MB
[pool-11-thread-10] INFO org.apache.mahout.cf.taste.impl.eval.StatsCallable - Unable to recommend in 340529 cases
[pool-11-thread-21] INFO org.apache.mahout.cf.taste.impl.eval.StatsCallable - Average time per recommendation: 1953ms
[pool-11-thread-21] INFO org.apache.mahout.cf.taste.impl.eval.StatsCallable - Approximate memory used: 990MB / 4294MB
[pool-11-thread-21] INFO org.apache.mahout.cf.taste.impl.eval.StatsCallable - Unable to recommend in 348137 cases
[main] INFO org.apache.mahout.cf.taste.impl.eval.AbstractDifferenceRecommenderEvaluator - Evaluation result: 6.449331754240504E-5
6.449331754240504E-5 00h 10m 12s
DEBUG: getProvider() returning javax.mail.Provider[TRANSPORT,smtp,com.sun.mail.smtp.SMTPTransport,Oracle]
DEBUG SMTP: useEhlo true, useAuth true
DEBUG SMTP: useEhlo true, useAuth true
DEBUG SMTP: trying to connect to host "smtp.live.com", port 587, isSSL false
220 BLU436-SMTP108.smtp.hotmail.com Microsoft ESMTP MAIL Service, Version: 8.0.9200.16384 ready at  Wed, 1 Apr 2015 09:37:37 -0700 
DEBUG SMTP: connected to host "smtp.live.com", port: 587

EHLO luna11.fzu.cz
250-BLU436-SMTP108.smtp.hotmail.com Hello [147.231.11.11]
250-TURN
250-SIZE 41943040
250-ETRN
250-PIPELINING
250-DSN
250-ENHANCEDSTATUSCODES
250-8bitmime
250-BINARYMIME
250-CHUNKING
250-VRFY
250-TLS
250-STARTTLS
250 OK
DEBUG SMTP: Found extension "TURN", arg ""
DEBUG SMTP: Found extension "SIZE", arg "41943040"
DEBUG SMTP: Found extension "ETRN", arg ""
DEBUG SMTP: Found extension "PIPELINING", arg ""
DEBUG SMTP: Found extension "DSN", arg ""
DEBUG SMTP: Found extension "ENHANCEDSTATUSCODES", arg ""
DEBUG SMTP: Found extension "8bitmime", arg ""
DEBUG SMTP: Found extension "BINARYMIME", arg ""
DEBUG SMTP: Found extension "CHUNKING", arg ""
DEBUG SMTP: Found extension "VRFY", arg ""
DEBUG SMTP: Found extension "TLS", arg ""
DEBUG SMTP: Found extension "STARTTLS", arg ""
DEBUG SMTP: Found extension "OK", arg ""
STARTTLS
220 2.0.0 SMTP server ready
EHLO luna11.fzu.cz
250-BLU436-SMTP108.smtp.hotmail.com Hello [147.231.11.11]
250-TURN
250-SIZE 41943040
250-ETRN
250-PIPELINING
250-DSN
250-ENHANCEDSTATUSCODES
250-8bitmime
250-BINARYMIME
250-CHUNKING
250-VRFY
250-AUTH LOGIN PLAIN XOAUTH2
250 OK
DEBUG SMTP: Found extension "TURN", arg ""
DEBUG SMTP: Found extension "SIZE", arg "41943040"
DEBUG SMTP: Found extension "ETRN", arg ""
DEBUG SMTP: Found extension "PIPELINING", arg ""
DEBUG SMTP: Found extension "DSN", arg ""
DEBUG SMTP: Found extension "ENHANCEDSTATUSCODES", arg ""
DEBUG SMTP: Found extension "8bitmime", arg ""
DEBUG SMTP: Found extension "BINARYMIME", arg ""
DEBUG SMTP: Found extension "CHUNKING", arg ""
DEBUG SMTP: Found extension "VRFY", arg ""
DEBUG SMTP: Found extension "AUTH", arg "LOGIN PLAIN XOAUTH2"
DEBUG SMTP: Found extension "OK", arg ""
DEBUG SMTP: Attempt to authenticate using mechanisms: LOGIN PLAIN DIGEST-MD5 NTLM 
DEBUG SMTP: AUTH LOGIN command trace suppressed
DEBUG SMTP: AUTH LOGIN succeeded
DEBUG SMTP: use8bit false
MAIL FROM:<matej.lochman@hotmail.com>
250 2.1.0 matej.lochman@hotmail.com....Sender OK
RCPT TO:<matej.lochman@gmail.com>
250 2.1.5 matej.lochman@gmail.com 
DEBUG SMTP: Verified Addresses
DEBUG SMTP:   matej.lochman@gmail.com
DATA
354 Start mail input; end with <CRLF>.<CRLF>
Date: Wed, 1 Apr 2015 18:37:37 +0200 (CEST)
From: matej.lochman@hotmail.com
To: matej.lochman@gmail.com
Message-ID: <852176287.21.1427906257377.JavaMail.lachtan@luna11.fzu.cz>
Subject: Test Wed Apr 01 16:41:20 CEST 2015 euclidean
MIME-Version: 1.0
Content-Type: multipart/mixed; 
	boundary="----=_Part_20_473578067.1427906257375"

------=_Part_20_473578067.1427906257375
Content-Type: text/plain; charset=us-ascii
Content-Transfer-Encoding: 7bit

Test Wed Apr 01 16:41:20 CEST 2015 euclidean
------=_Part_20_473578067.1427906257375
Content-Type: text/plain; charset=us-ascii; name="logs/euclidean.txt"
Content-Transfer-Encoding: 7bit
Content-Disposition: attachment; filename="logs/euclidean.txt"

Threshold: 0.9	Score: 0.0		Time: 00h 10m 13s
Threshold: 0.8	Score: 4.141902121893241E-5		Time: 00h 10m 14s
Threshold: 0.7	Score: 0.019900292436539235		Time: 00h 10m 14s
Threshold: 0.6	Score: 0.18120035007710428		Time: 00h 10m 16s
Threshold: 0.4	Score: 0.6601236830363331		Time: 00h 11m 03s
Threshold: 0.2	Score: 0.7789111087498558		Time: 00h 11m 22s
Threshold: 0.0	Score: 0.779758283204011		Time: 00h 11m 24s
Neighbourhood: 2	Score: 0.0		Time: 00h 10m 12s
Neighbourhood: 4	Score: 0.0		Time: 00h 10m 12s
Neighbourhood: 8	Score: 0.0		Time: 00h 10m 13s
Neighbourhood: 16	Score: 6.449331754240504E-5		Time: 00h 10m 12s

------=_Part_20_473578067.1427906257375--
.
250 2.6.0  <852176287.21.1427906257377.JavaMail.lachtan@luna11.fzu.cz> Queued mail for delivery
QUIT
221 2.0.0 BLU436-SMTP108.smtp.hotmail.com Service closing transmission channel
Email sent!
[main] INFO org.apache.mahout.cf.taste.impl.eval.AbstractDifferenceRecommenderEvaluator - Beginning evaluation using 0.8 of FileDataModel[dataFile:/tmp/tempfile3944236199922221379.tmp]
[main] INFO org.apache.mahout.cf.taste.impl.model.GenericDataModel - Processed 10000 users
[main] INFO org.apache.mahout.cf.taste.impl.model.GenericDataModel - Processed 10734 users
[main] INFO org.apache.mahout.cf.taste.impl.eval.AbstractDifferenceRecommenderEvaluator - Beginning evaluation of 10724 users
[main] INFO org.apache.mahout.cf.taste.impl.eval.AbstractDifferenceRecommenderEvaluator - Starting timing of 10724 tasks in 32 threads
[pool-12-thread-1] INFO org.apache.mahout.cf.taste.impl.eval.StatsCallable - Average time per recommendation: 9205ms
[pool-12-thread-1] INFO org.apache.mahout.cf.taste.impl.eval.StatsCallable - Approximate memory used: 1338MB / 4292MB
[pool-12-thread-1] INFO org.apache.mahout.cf.taste.impl.eval.StatsCallable - Unable to recommend in 29618 cases
=>> PBS: job killed: walltime 7237 exceeded limit 7200

**********************************************************************************************************

The SCRATCHes have been SUCCESSFULLY cleaned...
cp: cannot stat `logs': No such file or directory

**********************************************************************************************************

WARNING: The CLEAN_SCRATCH is set to false -- scratch directories have NOT BEEN cleaned!
Please, copy the data manually from the host luna11.fzu.cz and CLEAN the scratches.
